# JRE version: Java(TM) SE Runtime Environment (8.0_201-b09) (build 1.8.0_201-b09)
# Java VM: Java HotSpot(TM) 64-Bit Server VM (25.201-b09 mixed mode linux-amd64 compressed oops)
Heap:
 PSYoungGen      total 1752064K, used 1181316K [0x0000000719b80000, 0x000000079ff00000, 0x00000007c0000000)
  eden space 1398272K, 84% used [0x0000000719b80000,0x0000000761d212a0,0x000000076f100000)
  from space 353792K, 0% used [0x0000000784380000,0x0000000784380000,0x0000000799d00000)
  to   space 346624K, 0% used [0x000000076f100000,0x000000076f100000,0x0000000784380000)
 ParOldGen       total 977920K, used 405188K [0x00000005cd200000, 0x0000000608d00000, 0x0000000719b80000)
  object space 977920K, 41% used [0x00000005cd200000,0x00000005e5db12a0,0x0000000608d00000)
 Metaspace       used 14962K, capacity 15139K, committed 15360K, reserved 1062912K
  class space    used 1416K, capacity 1482K, committed 1536K, reserved 1048576K
GC Heap History (10 events):
Event: 13,285 GC heap before
{Heap before GC invocations=12 (full 0):
 PSYoungGen      total 933888K, used 824064K [0x0000000719b80000, 0x0000000777680000, 0x00000007c0000000)
  eden space 822784K, 100% used [0x0000000719b80000,0x000000074bf00000,0x000000074bf00000)
  from space 111104K, 1% used [0x000000074bf00000,0x000000074c040000,0x0000000752b80000)
  to   space 109056K, 0% used [0x0000000770c00000,0x0000000770c00000,0x0000000777680000)
 ParOldGen       total 341504K, used 198138K [0x00000005cd200000, 0x00000005e1f80000, 0x0000000719b80000)
  object space 341504K, 58% used [0x00000005cd200000,0x00000005d937e858,0x00000005e1f80000)
 Metaspace       used 14731K, capacity 14907K, committed 15104K, reserved 1062912K
  class space    used 1388K, capacity 1450K, committed 1536K, reserved 1048576K
Event: 14,213 GC heap after
Heap after GC invocations=12 (full 0):
 PSYoungGen      total 1245184K, used 109048K [0x0000000719b80000, 0x000000078d780000, 0x00000007c0000000)
  eden space 1136128K, 0% used [0x0000000719b80000,0x0000000719b80000,0x000000075f100000)
  from space 109056K, 99% used [0x0000000770c00000,0x000000077767e1b8,0x0000000777680000)
  to   space 289792K, 0% used [0x000000075f100000,0x000000075f100000,0x0000000770c00000)
 ParOldGen       total 629248K, used 629156K [0x00000005cd200000, 0x00000005f3880000, 0x0000000719b80000)
  object space 629248K, 99% used [0x00000005cd200000,0x00000005f3869230,0x00000005f3880000)
 Metaspace       used 14731K, capacity 14907K, committed 15104K, reserved 1062912K
  class space    used 1388K, capacity 1450K, committed 1536K, reserved 1048576K
}
Event: 14,213 GC heap before
{Heap before GC invocations=13 (full 1):
 PSYoungGen      total 1245184K, used 109048K [0x0000000719b80000, 0x000000078d780000, 0x00000007c0000000)
  eden space 1136128K, 0% used [0x0000000719b80000,0x0000000719b80000,0x000000075f100000)
  from space 109056K, 99% used [0x0000000770c00000,0x000000077767e1b8,0x0000000777680000)
  to   space 289792K, 0% used [0x000000075f100000,0x000000075f100000,0x0000000770c00000)
 ParOldGen       total 629248K, used 629156K [0x00000005cd200000, 0x00000005f3880000, 0x0000000719b80000)
  object space 629248K, 99% used [0x00000005cd200000,0x00000005f3869230,0x00000005f3880000)
 Metaspace       used 14731K, capacity 14907K, committed 15104K, reserved 1062912K
  class space    used 1388K, capacity 1450K, committed 1536K, reserved 1048576K
Event: 15,545 GC heap after
Heap after GC invocations=13 (full 1):
 PSYoungGen      total 1245184K, used 18205K [0x0000000719b80000, 0x000000078d780000, 0x00000007c0000000)
  eden space 1136128K, 0% used [0x0000000719b80000,0x0000000719b80000,0x000000075f100000)
  from space 109056K, 16% used [0x0000000770c00000,0x0000000771dc7650,0x0000000777680000)
  to   space 289792K, 0% used [0x000000075f100000,0x000000075f100000,0x0000000770c00000)
 ParOldGen       total 1060864K, used 628426K [0x00000005cd200000, 0x000000060de00000, 0x0000000719b80000)
  object space 1060864K, 59% used [0x00000005cd200000,0x00000005f37b2aa8,0x000000060de00000)
 Metaspace       used 14731K, capacity 14907K, committed 15104K, reserved 1062912K
  class space    used 1388K, capacity 1450K, committed 1536K, reserved 1048576K
}
Event: 22,840 GC heap before
{Heap before GC invocations=14 (full 1):
 PSYoungGen      total 1245184K, used 1154333K [0x0000000719b80000, 0x000000078d780000, 0x00000007c0000000)
  eden space 1136128K, 100% used [0x0000000719b80000,0x000000075f100000,0x000000075f100000)
  from space 109056K, 16% used [0x0000000770c00000,0x0000000771dc7650,0x0000000777680000)
  to   space 289792K, 0% used [0x000000075f100000,0x000000075f100000,0x0000000770c00000)
 ParOldGen       total 1060864K, used 628426K [0x00000005cd200000, 0x000000060de00000, 0x0000000719b80000)
  object space 1060864K, 59% used [0x00000005cd200000,0x00000005f37b2aa8,0x000000060de00000)
 Metaspace       used 14962K, capacity 15139K, committed 15360K, reserved 1062912K
  class space    used 1416K, capacity 1482K, committed 1536K, reserved 1048576K
Event: 23,252 GC heap after
Heap after GC invocations=14 (full 1):
 PSYoungGen      total 1425920K, used 289783K [0x0000000719b80000, 0x0000000799d00000, 0x00000007c0000000)
  eden space 1136128K, 0% used [0x0000000719b80000,0x0000000719b80000,0x000000075f100000)
  from space 289792K, 99% used [0x000000075f100000,0x0000000770bfdda0,0x0000000770c00000)
  to   space 353792K, 0% used [0x0000000784380000,0x0000000784380000,0x0000000799d00000)
 ParOldGen       total 1060864K, used 650882K [0x00000005cd200000, 0x000000060de00000, 0x0000000719b80000)
  object space 1060864K, 61% used [0x00000005cd200000,0x00000005f4da0ba8,0x000000060de00000)
 Metaspace       used 14962K, capacity 15139K, committed 15360K, reserved 1062912K
  class space    used 1416K, capacity 1482K, committed 1536K, reserved 1048576K
}
Event: 23,593 GC heap before
{Heap before GC invocations=15 (full 1):
 PSYoungGen      total 1425920K, used 1425911K [0x0000000719b80000, 0x0000000799d00000, 0x00000007c0000000)
  eden space 1136128K, 100% used [0x0000000719b80000,0x000000075f100000,0x000000075f100000)
  from space 289792K, 99% used [0x000000075f100000,0x0000000770bfdda0,0x0000000770c00000)
  to   space 353792K, 0% used [0x0000000784380000,0x0000000784380000,0x0000000799d00000)
 ParOldGen       total 1060864K, used 650882K [0x00000005cd200000, 0x000000060de00000, 0x0000000719b80000)
  object space 1060864K, 61% used [0x00000005cd200000,0x00000005f4da0ba8,0x000000060de00000)
 Metaspace       used 14962K, capacity 15139K, committed 15360K, reserved 1062912K
  class space    used 1416K, capacity 1482K, committed 1536K, reserved 1048576K
Event: 23,707 GC heap after
Heap after GC invocations=15 (full 1):
 PSYoungGen      total 1752064K, used 1568K [0x0000000719b80000, 0x000000079ff00000, 0x00000007c0000000)
  eden space 1398272K, 0% used [0x0000000719b80000,0x0000000719b80000,0x000000076f100000)
  from space 353792K, 0% used [0x0000000784380000,0x0000000784508000,0x0000000799d00000)
  to   space 346624K, 0% used [0x000000076f100000,0x000000076f100000,0x0000000784380000)
 ParOldGen       total 1060864K, used 932076K [0x00000005cd200000, 0x000000060de00000, 0x0000000719b80000)
  object space 1060864K, 87% used [0x00000005cd200000,0x000000060603b0a0,0x000000060de00000)
 Metaspace       used 14962K, capacity 15139K, committed 15360K, reserved 1062912K
  class space    used 1416K, capacity 1482K, committed 1536K, reserved 1048576K
}
Event: 23,707 GC heap before
{Heap before GC invocations=16 (full 2):
 PSYoungGen      total 1752064K, used 1568K [0x0000000719b80000, 0x000000079ff00000, 0x00000007c0000000)
  eden space 1398272K, 0% used [0x0000000719b80000,0x0000000719b80000,0x000000076f100000)
  from space 353792K, 0% used [0x0000000784380000,0x0000000784508000,0x0000000799d00000)
  to   space 346624K, 0% used [0x000000076f100000,0x000000076f100000,0x0000000784380000)
 ParOldGen       total 1060864K, used 932076K [0x00000005cd200000, 0x000000060de00000, 0x0000000719b80000)
  object space 1060864K, 87% used [0x00000005cd200000,0x000000060603b0a0,0x000000060de00000)
 Metaspace       used 14962K, capacity 15139K, committed 15360K, reserved 1062912K
  class space    used 1416K, capacity 1482K, committed 1536K, reserved 1048576K
Event: 24,109 GC heap after
Heap after GC invocations=16 (full 2):
 PSYoungGen      total 1752064K, used 0K [0x0000000719b80000, 0x000000079ff00000, 0x00000007c0000000)
  eden space 1398272K, 0% used [0x0000000719b80000,0x0000000719b80000,0x000000076f100000)
  from space 353792K, 0% used [0x0000000784380000,0x0000000784380000,0x0000000799d00000)
  to   space 346624K, 0% used [0x000000076f100000,0x000000076f100000,0x0000000784380000)
 ParOldGen       total 977920K, used 405188K [0x00000005cd200000, 0x0000000608d00000, 0x0000000719b80000)
  object space 977920K, 41% used [0x00000005cd200000,0x00000005e5db12a0,0x0000000608d00000)
 Metaspace       used 14962K, capacity 15139K, committed 15360K, reserved 1062912K
  class space    used 1416K, capacity 1482K, committed 1536K, reserved 1048576K
}

