# JRE version: Java(TM) SE Runtime Environment (8.0_201-b09) (build 1.8.0_201-b09)
# Java VM: Java HotSpot(TM) 64-Bit Server VM (25.201-b09 mixed mode linux-amd64 compressed oops)
Heap:
 PSYoungGen      total 1825280K, used 1252338K [0x0000000719b80000, 0x00000007c0000000, 0x00000007c0000000)
  eden space 933376K, 38% used [0x0000000719b80000,0x000000072fbb4188,0x0000000752b00000)
  from space 891904K, 99% used [0x0000000752b00000,0x00000007891c8780,0x0000000789200000)
  to   space 899072K, 0% used [0x0000000789200000,0x0000000789200000,0x00000007c0000000)
 ParOldGen       total 3571200K, used 2287477K [0x00000005cd200000, 0x00000006a7180000, 0x0000000719b80000)
  object space 3571200K, 64% used [0x00000005cd200000,0x0000000658bdd758,0x00000006a7180000)
 Metaspace       used 15112K, capacity 15291K, committed 15616K, reserved 1062912K
  class space    used 1442K, capacity 1514K, committed 1536K, reserved 1048576K
GC Heap History (10 events):
Event: 104,575 GC heap before
{Heap before GC invocations=116 (full 1):
 PSYoungGen      total 2720256K, used 2720160K [0x0000000719b80000, 0x00000007c0000000, 0x00000007c0000000)
  eden space 2716160K, 100% used [0x0000000719b80000,0x00000007bf800000,0x00000007bf800000)
  from space 4096K, 97% used [0x00000007bfc00000,0x00000007bffe8000,0x00000007c0000000)
  to   space 4096K, 0% used [0x00000007bf800000,0x00000007bf800000,0x00000007bfc00000)
 ParOldGen       total 519168K, used 432901K [0x00000005cd200000, 0x00000005ecd00000, 0x0000000719b80000)
  object space 519168K, 83% used [0x00000005cd200000,0x00000005e78c1670,0x00000005ecd00000)
 Metaspace       used 14764K, capacity 14939K, committed 15104K, reserved 1062912K
  class space    used 1413K, capacity 1482K, committed 1536K, reserved 1048576K
Event: 104,606 GC heap after
Heap after GC invocations=116 (full 1):
 PSYoungGen      total 2720256K, used 4081K [0x0000000719b80000, 0x00000007c0000000, 0x00000007c0000000)
  eden space 2716160K, 0% used [0x0000000719b80000,0x0000000719b80000,0x00000007bf800000)
  from space 4096K, 99% used [0x00000007bf800000,0x00000007bfbfc630,0x00000007bfc00000)
  to   space 4096K, 0% used [0x00000007bfc00000,0x00000007bfc00000,0x00000007c0000000)
 ParOldGen       total 655360K, used 654044K [0x00000005cd200000, 0x00000005f5200000, 0x0000000719b80000)
  object space 655360K, 99% used [0x00000005cd200000,0x00000005f50b70e8,0x00000005f5200000)
 Metaspace       used 14764K, capacity 14939K, committed 15104K, reserved 1062912K
  class space    used 1413K, capacity 1482K, committed 1536K, reserved 1048576K
}
Event: 104,606 GC heap before
{Heap before GC invocations=117 (full 2):
 PSYoungGen      total 2720256K, used 4081K [0x0000000719b80000, 0x00000007c0000000, 0x00000007c0000000)
  eden space 2716160K, 0% used [0x0000000719b80000,0x0000000719b80000,0x00000007bf800000)
  from space 4096K, 99% used [0x00000007bf800000,0x00000007bfbfc630,0x00000007bfc00000)
  to   space 4096K, 0% used [0x00000007bfc00000,0x00000007bfc00000,0x00000007c0000000)
 ParOldGen       total 655360K, used 654044K [0x00000005cd200000, 0x00000005f5200000, 0x0000000719b80000)
  object space 655360K, 99% used [0x00000005cd200000,0x00000005f50b70e8,0x00000005f5200000)
 Metaspace       used 14764K, capacity 14939K, committed 15104K, reserved 1062912K
  class space    used 1413K, capacity 1482K, committed 1536K, reserved 1048576K
Event: 104,964 GC heap after
Heap after GC invocations=117 (full 2):
 PSYoungGen      total 2720256K, used 0K [0x0000000719b80000, 0x00000007c0000000, 0x00000007c0000000)
  eden space 2716160K, 0% used [0x0000000719b80000,0x0000000719b80000,0x00000007bf800000)
  from space 4096K, 0% used [0x00000007bf800000,0x00000007bf800000,0x00000007bfc00000)
  to   space 4096K, 0% used [0x00000007bfc00000,0x00000007bfc00000,0x00000007c0000000)
 ParOldGen       total 935936K, used 563349K [0x00000005cd200000, 0x0000000606400000, 0x0000000719b80000)
  object space 935936K, 60% used [0x00000005cd200000,0x00000005ef825688,0x0000000606400000)
 Metaspace       used 14764K, capacity 14939K, committed 15104K, reserved 1062912K
  class space    used 1413K, capacity 1482K, committed 1536K, reserved 1048576K
}
Event: 123,537 GC heap before
{Heap before GC invocations=118 (full 2):
 PSYoungGen      total 2720256K, used 2716160K [0x0000000719b80000, 0x00000007c0000000, 0x00000007c0000000)
  eden space 2716160K, 100% used [0x0000000719b80000,0x00000007bf800000,0x00000007bf800000)
  from space 4096K, 0% used [0x00000007bf800000,0x00000007bf800000,0x00000007bfc00000)
  to   space 4096K, 0% used [0x00000007bfc00000,0x00000007bfc00000,0x00000007c0000000)
 ParOldGen       total 935936K, used 563349K [0x00000005cd200000, 0x0000000606400000, 0x0000000719b80000)
  object space 935936K, 60% used [0x00000005cd200000,0x00000005ef825688,0x0000000606400000)
 Metaspace       used 15094K, capacity 15291K, committed 15616K, reserved 1062912K
  class space    used 1441K, capacity 1514K, committed 1536K, reserved 1048576K
Event: 129,481 GC heap after
Heap after GC invocations=118 (full 2):
 PSYoungGen      total 937472K, used 4064K [0x0000000719b80000, 0x00000007c0000000, 0x00000007c0000000)
  eden space 933376K, 0% used [0x0000000719b80000,0x0000000719b80000,0x0000000752b00000)
  from space 4096K, 99% used [0x00000007bfc00000,0x00000007bfff8050,0x00000007c0000000)
  to   space 895488K, 0% used [0x0000000752b00000,0x0000000752b00000,0x0000000789580000)
 ParOldGen       total 2788864K, used 2788442K [0x00000005cd200000, 0x0000000677580000, 0x0000000719b80000)
  object space 2788864K, 99% used [0x00000005cd200000,0x0000000677516ae0,0x0000000677580000)
 Metaspace       used 15094K, capacity 15291K, committed 15616K, reserved 1062912K
  class space    used 1441K, capacity 1514K, committed 1536K, reserved 1048576K
}
Event: 129,482 GC heap before
{Heap before GC invocations=119 (full 3):
 PSYoungGen      total 937472K, used 4064K [0x0000000719b80000, 0x00000007c0000000, 0x00000007c0000000)
  eden space 933376K, 0% used [0x0000000719b80000,0x0000000719b80000,0x0000000752b00000)
  from space 4096K, 99% used [0x00000007bfc00000,0x00000007bfff8050,0x00000007c0000000)
  to   space 895488K, 0% used [0x0000000752b00000,0x0000000752b00000,0x0000000789580000)
 ParOldGen       total 2788864K, used 2788442K [0x00000005cd200000, 0x0000000677580000, 0x0000000719b80000)
  object space 2788864K, 99% used [0x00000005cd200000,0x0000000677516ae0,0x0000000677580000)
 Metaspace       used 15094K, capacity 15291K, committed 15616K, reserved 1062912K
  class space    used 1441K, capacity 1514K, committed 1536K, reserved 1048576K
Event: 137,258 GC heap after
Heap after GC invocations=119 (full 3):
 PSYoungGen      total 937472K, used 0K [0x0000000719b80000, 0x00000007c0000000, 0x00000007c0000000)
  eden space 933376K, 0% used [0x0000000719b80000,0x0000000719b80000,0x0000000752b00000)
  from space 4096K, 0% used [0x00000007bfc00000,0x00000007bfc00000,0x00000007c0000000)
  to   space 895488K, 0% used [0x0000000752b00000,0x0000000752b00000,0x0000000789580000)
 ParOldGen       total 3571200K, used 2287477K [0x00000005cd200000, 0x00000006a7180000, 0x0000000719b80000)
  object space 3571200K, 64% used [0x00000005cd200000,0x0000000658bdd758,0x00000006a7180000)
 Metaspace       used 15094K, capacity 15291K, committed 15616K, reserved 1062912K
  class space    used 1441K, capacity 1514K, committed 1536K, reserved 1048576K
}
Event: 144,396 GC heap before
{Heap before GC invocations=120 (full 3):
 PSYoungGen      total 937472K, used 933376K [0x0000000719b80000, 0x00000007c0000000, 0x00000007c0000000)
  eden space 933376K, 100% used [0x0000000719b80000,0x0000000752b00000,0x0000000752b00000)
  from space 4096K, 0% used [0x00000007bfc00000,0x00000007bfc00000,0x00000007c0000000)
  to   space 895488K, 0% used [0x0000000752b00000,0x0000000752b00000,0x0000000789580000)
 ParOldGen       total 3571200K, used 2287477K [0x00000005cd200000, 0x00000006a7180000, 0x0000000719b80000)
  object space 3571200K, 64% used [0x00000005cd200000,0x0000000658bdd758,0x00000006a7180000)
 Metaspace       used 15111K, capacity 15291K, committed 15616K, reserved 1062912K
  class space    used 1442K, capacity 1514K, committed 1536K, reserved 1048576K
Event: 145,606 GC heap after
Heap after GC invocations=120 (full 3):
 PSYoungGen      total 1825280K, used 891681K [0x0000000719b80000, 0x00000007c0000000, 0x00000007c0000000)
  eden space 933376K, 0% used [0x0000000719b80000,0x0000000719b80000,0x0000000752b00000)
  from space 891904K, 99% used [0x0000000752b00000,0x00000007891c8780,0x0000000789200000)
  to   space 899072K, 0% used [0x0000000789200000,0x0000000789200000,0x00000007c0000000)
 ParOldGen       total 3571200K, used 2287477K [0x00000005cd200000, 0x00000006a7180000, 0x0000000719b80000)
  object space 3571200K, 64% used [0x00000005cd200000,0x0000000658bdd758,0x00000006a7180000)
 Metaspace       used 15111K, capacity 15291K, committed 15616K, reserved 1062912K
  class space    used 1442K, capacity 1514K, committed 1536K, reserved 1048576K
}

