# JRE version: Java(TM) SE Runtime Environment (8.0_201-b09) (build 1.8.0_201-b09)
# Java VM: Java HotSpot(TM) 64-Bit Server VM (25.201-b09 mixed mode linux-amd64 compressed oops)
Heap:
 PSYoungGen      total 8171520K, used 1509996K [0x00000005cc000000, 0x00000007c0000000, 0x00000007c0000000)
  eden space 8167424K, 18% used [0x00000005cc000000,0x000000062829b238,0x00000007be800000)
  from space 4096K, 0% used [0x00000007bfc00000,0x00000007bfc00000,0x00000007c0000000)
  to   space 12288K, 0% used [0x00000007be800000,0x00000007be800000,0x00000007bf400000)
 ParOldGen       total 4317184K, used 4316698K [0x00000001e4000000, 0x00000002eb800000, 0x00000005cc000000)
  object space 4317184K, 99% used [0x00000001e4000000,0x00000002eb7868c8,0x00000002eb800000)
 Metaspace       used 21601K, capacity 21871K, committed 22400K, reserved 1069056K
  class space    used 1971K, capacity 2054K, committed 2176K, reserved 1048576K
GC Heap History (10 events):
Event: 923,753 GC heap after
Heap after GC invocations=1076 (full 19):
 PSYoungGen      total 8186368K, used 2552K [0x00000005cc000000, 0x00000007c0000000, 0x00000007c0000000)
  eden space 8183808K, 0% used [0x00000005cc000000,0x00000005cc000000,0x00000007bf800000)
  from space 2560K, 99% used [0x00000007bfd80000,0x00000007bfffe3b0,0x00000007c0000000)
  to   space 4096K, 0% used [0x00000007bf800000,0x00000007bf800000,0x00000007bfc00000)
 ParOldGen       total 3781120K, used 2953276K [0x00000001e4000000, 0x00000002cac80000, 0x00000005cc000000)
  object space 3781120K, 78% used [0x00000001e4000000,0x000000029840f188,0x00000002cac80000)
 Metaspace       used 21555K, capacity 21871K, committed 22400K, reserved 1069056K
  class space    used 1970K, capacity 2054K, committed 2176K, reserved 1048576K
}
Event: 924,267 GC heap before
{Heap before GC invocations=1077 (full 19):
 PSYoungGen      total 8186368K, used 8186360K [0x00000005cc000000, 0x00000007c0000000, 0x00000007c0000000)
  eden space 8183808K, 100% used [0x00000005cc000000,0x00000007bf800000,0x00000007bf800000)
  from space 2560K, 99% used [0x00000007bfd80000,0x00000007bfffe3b0,0x00000007c0000000)
  to   space 4096K, 0% used [0x00000007bf800000,0x00000007bf800000,0x00000007bfc00000)
 ParOldGen       total 3781120K, used 2953276K [0x00000001e4000000, 0x00000002cac80000, 0x00000005cc000000)
  object space 3781120K, 78% used [0x00000001e4000000,0x000000029840f188,0x00000002cac80000)
 Metaspace       used 21555K, capacity 21871K, committed 22400K, reserved 1069056K
  class space    used 1970K, capacity 2054K, committed 2176K, reserved 1048576K
Event: 924,271 GC heap after
Heap after GC invocations=1077 (full 19):
 PSYoungGen      total 8187904K, used 736K [0x00000005cc000000, 0x00000007c0000000, 0x00000007c0000000)
  eden space 8183808K, 0% used [0x00000005cc000000,0x00000005cc000000,0x00000007bf800000)
  from space 4096K, 17% used [0x00000007bf800000,0x00000007bf8b8000,0x00000007bfc00000)
  to   space 4096K, 0% used [0x00000007bfc00000,0x00000007bfc00000,0x00000007c0000000)
 ParOldGen       total 3781120K, used 2955581K [0x00000001e4000000, 0x00000002cac80000, 0x00000005cc000000)
  object space 3781120K, 78% used [0x00000001e4000000,0x000000029864f538,0x00000002cac80000)
 Metaspace       used 21555K, capacity 21871K, committed 22400K, reserved 1069056K
  class space    used 1970K, capacity 2054K, committed 2176K, reserved 1048576K
}
Event: 928,738 GC heap before
{Heap before GC invocations=1078 (full 19):
 PSYoungGen      total 8187904K, used 5723884K [0x00000005cc000000, 0x00000007c0000000, 0x00000007c0000000)
  eden space 8183808K, 69% used [0x00000005cc000000,0x00000007295032d8,0x00000007bf800000)
  from space 4096K, 17% used [0x00000007bf800000,0x00000007bf8b8000,0x00000007bfc00000)
  to   space 4096K, 0% used [0x00000007bfc00000,0x00000007bfc00000,0x00000007c0000000)
 ParOldGen       total 3781120K, used 2955581K [0x00000001e4000000, 0x00000002cac80000, 0x00000005cc000000)
  object space 3781120K, 78% used [0x00000001e4000000,0x000000029864f538,0x00000002cac80000)
 Metaspace       used 21583K, capacity 21871K, committed 22400K, reserved 1069056K
  class space    used 1971K, capacity 2054K, committed 2176K, reserved 1048576K
Event: 928,746 GC heap after
Heap after GC invocations=1078 (full 19):
 PSYoungGen      total 8171520K, used 4064K [0x00000005cc000000, 0x00000007c0000000, 0x00000007c0000000)
  eden space 8167424K, 0% used [0x00000005cc000000,0x00000005cc000000,0x00000007be800000)
  from space 4096K, 99% used [0x00000007bfc00000,0x00000007bfff80a0,0x00000007c0000000)
  to   space 12288K, 0% used [0x00000007be800000,0x00000007be800000,0x00000007bf400000)
 ParOldGen       total 3781120K, used 2975855K [0x00000001e4000000, 0x00000002cac80000, 0x00000005cc000000)
  object space 3781120K, 78% used [0x00000001e4000000,0x0000000299a1bf98,0x00000002cac80000)
 Metaspace       used 21583K, capacity 21871K, committed 22400K, reserved 1069056K
  class space    used 1971K, capacity 2054K, committed 2176K, reserved 1048576K
}
Event: 928,746 GC heap before
{Heap before GC invocations=1079 (full 20):
 PSYoungGen      total 8171520K, used 4064K [0x00000005cc000000, 0x00000007c0000000, 0x00000007c0000000)
  eden space 8167424K, 0% used [0x00000005cc000000,0x00000005cc000000,0x00000007be800000)
  from space 4096K, 99% used [0x00000007bfc00000,0x00000007bfff80a0,0x00000007c0000000)
  to   space 12288K, 0% used [0x00000007be800000,0x00000007be800000,0x00000007bf400000)
 ParOldGen       total 3781120K, used 2975855K [0x00000001e4000000, 0x00000002cac80000, 0x00000005cc000000)
  object space 3781120K, 78% used [0x00000001e4000000,0x0000000299a1bf98,0x00000002cac80000)
 Metaspace       used 21583K, capacity 21871K, committed 22400K, reserved 1069056K
  class space    used 1971K, capacity 2054K, committed 2176K, reserved 1048576K
Event: 928,952 GC heap after
Heap after GC invocations=1079 (full 20):
 PSYoungGen      total 8171520K, used 0K [0x00000005cc000000, 0x00000007c0000000, 0x00000007c0000000)
  eden space 8167424K, 0% used [0x00000005cc000000,0x00000005cc000000,0x00000007be800000)
  from space 4096K, 0% used [0x00000007bfc00000,0x00000007bfc00000,0x00000007c0000000)
  to   space 12288K, 0% used [0x00000007be800000,0x00000007be800000,0x00000007bf400000)
 ParOldGen       total 3781120K, used 2251180K [0x00000001e4000000, 0x00000002cac80000, 0x00000005cc000000)
  object space 3781120K, 59% used [0x00000001e4000000,0x000000026d66b2d8,0x00000002cac80000)
 Metaspace       used 21583K, capacity 21871K, committed 22400K, reserved 1069056K
  class space    used 1971K, capacity 2054K, committed 2176K, reserved 1048576K
}
Event: 956,069 GC heap before
{Heap before GC invocations=1080 (full 20):
 PSYoungGen      total 8171520K, used 8167424K [0x00000005cc000000, 0x00000007c0000000, 0x00000007c0000000)
  eden space 8167424K, 100% used [0x00000005cc000000,0x00000007be800000,0x00000007be800000)
  from space 4096K, 0% used [0x00000007bfc00000,0x00000007bfc00000,0x00000007c0000000)
  to   space 12288K, 0% used [0x00000007be800000,0x00000007be800000,0x00000007bf400000)
 ParOldGen       total 3781120K, used 2251180K [0x00000001e4000000, 0x00000002cac80000, 0x00000005cc000000)
  object space 3781120K, 59% used [0x00000001e4000000,0x000000026d66b2d8,0x00000002cac80000)
 Metaspace       used 21601K, capacity 21871K, committed 22400K, reserved 1069056K
  class space    used 1971K, capacity 2054K, committed 2176K, reserved 1048576K
Event: 958,500 GC heap after
Heap after GC invocations=1080 (full 20):
 PSYoungGen      total 8171520K, used 8167424K [0x00000005cc000000, 0x00000007c0000000, 0x00000007c0000000)
  eden space 8167424K, 100% used [0x00000005cc000000,0x00000007be800000,0x00000007be800000)
  from space 4096K, 0% used [0x00000007bfc00000,0x00000007bfc00000,0x00000007c0000000)
  to   space 12288K, 99% used [0x00000007be800000,0x00000007bf3f80b0,0x00000007bf400000)
 ParOldGen       total 4317184K, used 4315931K [0x00000001e4000000, 0x00000002eb800000, 0x00000005cc000000)
  object space 4317184K, 99% used [0x00000001e4000000,0x00000002eb6c6f70,0x00000002eb800000)
 Metaspace       used 21601K, capacity 21871K, committed 22400K, reserved 1069056K
  class space    used 1971K, capacity 2054K, committed 2176K, reserved 1048576K
}
Event: 958,501 GC heap before
{Heap before GC invocations=1081 (full 21):
 PSYoungGen      total 8171520K, used 8167424K [0x00000005cc000000, 0x00000007c0000000, 0x00000007c0000000)
  eden space 8167424K, 100% used [0x00000005cc000000,0x00000007be800000,0x00000007be800000)
  from space 4096K, 0% used [0x00000007bfc00000,0x00000007bfc00000,0x00000007c0000000)
  to   space 12288K, 99% used [0x00000007be800000,0x00000007bf3f80b0,0x00000007bf400000)
 ParOldGen       total 4317184K, used 4315931K [0x00000001e4000000, 0x00000002eb800000, 0x00000005cc000000)
  object space 4317184K, 99% used [0x00000001e4000000,0x00000002eb6c6f70,0x00000002eb800000)
 Metaspace       used 21601K, capacity 21871K, committed 22400K, reserved 1069056K
  class space    used 1971K, capacity 2054K, committed 2176K, reserved 1048576K

