# JRE version: Java(TM) SE Runtime Environment (8.0_201-b09) (build 1.8.0_201-b09)
# Java VM: Java HotSpot(TM) 64-Bit Server VM (25.201-b09 mixed mode linux-amd64 compressed oops)
Heap:
 PSYoungGen      total 5916672K, used 1554303K [0x00000005a2580000, 0x00000007c0000000, 0x00000007c0000000)
  eden space 2958848K, 0% used [0x00000005a2580000,0x00000005a2580000,0x0000000656f00000)
  from space 2957824K, 52% used [0x0000000656f00000,0x00000006b5cdfd90,0x000000070b780000)
  to   space 2957824K, 0% used [0x000000070b780000,0x000000070b780000,0x00000007c0000000)
 ParOldGen       total 10601472K, used 10601099K [0x0000000167000000, 0x00000003ee100000, 0x00000005a2580000)
  object space 10601472K, 99% used [0x0000000167000000,0x00000003ee0a2e48,0x00000003ee100000)
 Metaspace       used 16802K, capacity 17009K, committed 17280K, reserved 1064960K
  class space    used 1556K, capacity 1640K, committed 1664K, reserved 1048576K
GC Heap History (10 events):
Event: 204,938 GC heap after
Heap after GC invocations=71 (full 14):
 PSYoungGen      total 5916672K, used 2414592K [0x00000005a2580000, 0x00000007c0000000, 0x00000007c0000000)
  eden space 2958848K, 0% used [0x00000005a2580000,0x00000005a2580000,0x0000000656f00000)
  from space 2957824K, 81% used [0x0000000656f00000,0x00000006ea500000,0x000000070b780000)
  to   space 2957824K, 0% used [0x000000070b780000,0x000000070b780000,0x00000007c0000000)
 ParOldGen       total 10601472K, used 5494115K [0x0000000167000000, 0x00000003ee100000, 0x00000005a2580000)
  object space 10601472K, 51% used [0x0000000167000000,0x00000002b6558ff8,0x00000003ee100000)
 Metaspace       used 16802K, capacity 17009K, committed 17280K, reserved 1064960K
  class space    used 1556K, capacity 1640K, committed 1664K, reserved 1048576K
}
Event: 205,986 GC heap before
{Heap before GC invocations=72 (full 14):
 PSYoungGen      total 5916672K, used 5373440K [0x00000005a2580000, 0x00000007c0000000, 0x00000007c0000000)
  eden space 2958848K, 100% used [0x00000005a2580000,0x0000000656f00000,0x0000000656f00000)
  from space 2957824K, 81% used [0x0000000656f00000,0x00000006ea500000,0x000000070b780000)
  to   space 2957824K, 0% used [0x000000070b780000,0x000000070b780000,0x00000007c0000000)
 ParOldGen       total 10601472K, used 5494115K [0x0000000167000000, 0x00000003ee100000, 0x00000005a2580000)
  object space 10601472K, 51% used [0x0000000167000000,0x00000002b6558ff8,0x00000003ee100000)
 Metaspace       used 16802K, capacity 17009K, committed 17280K, reserved 1064960K
  class space    used 1556K, capacity 1640K, committed 1664K, reserved 1048576K
Event: 208,876 GC heap after
Heap after GC invocations=72 (full 14):
 PSYoungGen      total 5916672K, used 2294720K [0x00000005a2580000, 0x00000007c0000000, 0x00000007c0000000)
  eden space 2958848K, 0% used [0x00000005a2580000,0x00000005a2580000,0x0000000656f00000)
  from space 2957824K, 77% used [0x000000070b780000,0x0000000797870000,0x00000007c0000000)
  to   space 2957824K, 0% used [0x0000000656f00000,0x0000000656f00000,0x000000070b780000)
 ParOldGen       total 10601472K, used 5848267K [0x0000000167000000, 0x00000003ee100000, 0x00000005a2580000)
  object space 10601472K, 55% used [0x0000000167000000,0x00000002cbf32ff8,0x00000003ee100000)
 Metaspace       used 16802K, capacity 17009K, committed 17280K, reserved 1064960K
  class space    used 1556K, capacity 1640K, committed 1664K, reserved 1048576K
}
Event: 209,969 GC heap before
{Heap before GC invocations=73 (full 14):
 PSYoungGen      total 5916672K, used 5253568K [0x00000005a2580000, 0x00000007c0000000, 0x00000007c0000000)
  eden space 2958848K, 100% used [0x00000005a2580000,0x0000000656f00000,0x0000000656f00000)
  from space 2957824K, 77% used [0x000000070b780000,0x0000000797870000,0x00000007c0000000)
  to   space 2957824K, 0% used [0x0000000656f00000,0x0000000656f00000,0x000000070b780000)
 ParOldGen       total 10601472K, used 5848267K [0x0000000167000000, 0x00000003ee100000, 0x00000005a2580000)
  object space 10601472K, 55% used [0x0000000167000000,0x00000002cbf32ff8,0x00000003ee100000)
 Metaspace       used 16802K, capacity 17009K, committed 17280K, reserved 1064960K
  class space    used 1556K, capacity 1640K, committed 1664K, reserved 1048576K
Event: 212,294 GC heap after
Heap after GC invocations=73 (full 14):
 PSYoungGen      total 5916672K, used 1928128K [0x00000005a2580000, 0x00000007c0000000, 0x00000007c0000000)
  eden space 2958848K, 0% used [0x00000005a2580000,0x00000005a2580000,0x0000000656f00000)
  from space 2957824K, 65% used [0x0000000656f00000,0x00000006cc9f0000,0x000000070b780000)
  to   space 2957824K, 0% used [0x000000070b780000,0x000000070b780000,0x00000007c0000000)
 ParOldGen       total 10601472K, used 6449699K [0x0000000167000000, 0x00000003ee100000, 0x00000005a2580000)
  object space 10601472K, 60% used [0x0000000167000000,0x00000002f0a88ff8,0x00000003ee100000)
 Metaspace       used 16802K, capacity 17009K, committed 17280K, reserved 1064960K
  class space    used 1556K, capacity 1640K, committed 1664K, reserved 1048576K
}
Event: 213,401 GC heap before
{Heap before GC invocations=74 (full 14):
 PSYoungGen      total 5916672K, used 4885788K [0x00000005a2580000, 0x00000007c0000000, 0x00000007c0000000)
  eden space 2958848K, 99% used [0x00000005a2580000,0x0000000656dd71a0,0x0000000656f00000)
  from space 2957824K, 65% used [0x0000000656f00000,0x00000006cc9f0000,0x000000070b780000)
  to   space 2957824K, 0% used [0x000000070b780000,0x000000070b780000,0x00000007c0000000)
 ParOldGen       total 10601472K, used 6449699K [0x0000000167000000, 0x00000003ee100000, 0x00000005a2580000)
  object space 10601472K, 60% used [0x0000000167000000,0x00000002f0a88ff8,0x00000003ee100000)
 Metaspace       used 16802K, capacity 17009K, committed 17280K, reserved 1064960K
  class space    used 1556K, capacity 1640K, committed 1664K, reserved 1048576K
Event: 214,854 GC heap after
Heap after GC invocations=74 (full 14):
 PSYoungGen      total 5916672K, used 2957800K [0x00000005a2580000, 0x00000007c0000000, 0x00000007c0000000)
  eden space 2958848K, 0% used [0x00000005a2580000,0x00000005a2580000,0x0000000656f00000)
  from space 2957824K, 99% used [0x000000070b780000,0x00000007bfffa010,0x00000007c0000000)
  to   space 2957824K, 0% used [0x0000000656f00000,0x0000000656f00000,0x000000070b780000)
 ParOldGen       total 10601472K, used 7119611K [0x0000000167000000, 0x00000003ee100000, 0x00000005a2580000)
  object space 10601472K, 67% used [0x0000000167000000,0x00000003198beff8,0x00000003ee100000)
 Metaspace       used 16802K, capacity 17009K, committed 17280K, reserved 1064960K
  class space    used 1556K, capacity 1640K, committed 1664K, reserved 1048576K
}
Event: 216,274 GC heap before
{Heap before GC invocations=75 (full 14):
 PSYoungGen      total 5916672K, used 5916648K [0x00000005a2580000, 0x00000007c0000000, 0x00000007c0000000)
  eden space 2958848K, 100% used [0x00000005a2580000,0x0000000656f00000,0x0000000656f00000)
  from space 2957824K, 99% used [0x000000070b780000,0x00000007bfffa010,0x00000007c0000000)
  to   space 2957824K, 0% used [0x0000000656f00000,0x0000000656f00000,0x000000070b780000)
 ParOldGen       total 10601472K, used 7119611K [0x0000000167000000, 0x00000003ee100000, 0x00000005a2580000)
  object space 10601472K, 67% used [0x0000000167000000,0x00000003198beff8,0x00000003ee100000)
 Metaspace       used 16802K, capacity 17009K, committed 17280K, reserved 1064960K
  class space    used 1556K, capacity 1640K, committed 1664K, reserved 1048576K
Event: 217,942 GC heap after
Heap after GC invocations=75 (full 14):
 PSYoungGen      total 5916672K, used 2957805K [0x00000005a2580000, 0x00000007c0000000, 0x00000007c0000000)
  eden space 2958848K, 0% used [0x00000005a2580000,0x00000005a2580000,0x0000000656f00000)
  from space 2957824K, 99% used [0x0000000656f00000,0x000000070b77b620,0x000000070b780000)
  to   space 2957824K, 0% used [0x000000070b780000,0x000000070b780000,0x00000007c0000000)
 ParOldGen       total 10601472K, used 9783347K [0x0000000167000000, 0x00000003ee100000, 0x00000005a2580000)
  object space 10601472K, 92% used [0x0000000167000000,0x00000003bc20cff8,0x00000003ee100000)
 Metaspace       used 16802K, capacity 17009K, committed 17280K, reserved 1064960K
  class space    used 1556K, capacity 1640K, committed 1664K, reserved 1048576K
}
Event: 217,976 GC heap before
{Heap before GC invocations=76 (full 15):
 PSYoungGen      total 5916672K, used 2957805K [0x00000005a2580000, 0x00000007c0000000, 0x00000007c0000000)
  eden space 2958848K, 0% used [0x00000005a2580000,0x00000005a2580000,0x0000000656f00000)
  from space 2957824K, 99% used [0x0000000656f00000,0x000000070b77b620,0x000000070b780000)
  to   space 2957824K, 0% used [0x000000070b780000,0x000000070b780000,0x00000007c0000000)
 ParOldGen       total 10601472K, used 9783347K [0x0000000167000000, 0x00000003ee100000, 0x00000005a2580000)
  object space 10601472K, 92% used [0x0000000167000000,0x00000003bc20cff8,0x00000003ee100000)
 Metaspace       used 16802K, capacity 17009K, committed 17280K, reserved 1064960K
  class space    used 1556K, capacity 1640K, committed 1664K, reserved 1048576K

