# JRE version: Java(TM) SE Runtime Environment (8.0_201-b09) (build 1.8.0_201-b09)
# Java VM: Java HotSpot(TM) 64-Bit Server VM (25.201-b09 mixed mode linux-amd64 compressed oops)
Heap:
 PSYoungGen      total 2931712K, used 947456K [0x00000005a2580000, 0x0000000699b80000, 0x00000007c0000000)
  eden space 1850880K, 0% used [0x00000005a2580000,0x00000005a2580000,0x0000000613500000)
  from space 1080832K, 87% used [0x0000000613500000,0x000000064d240000,0x0000000655480000)
  to   space 1032192K, 0% used [0x0000000655480000,0x0000000655480000,0x0000000694480000)
 ParOldGen       total 5727232K, used 5340035K [0x0000000167000000, 0x00000002c4900000, 0x00000005a2580000)
  object space 5727232K, 93% used [0x0000000167000000,0x00000002acee0cd8,0x00000002c4900000)
 Metaspace       used 15534K, capacity 15729K, committed 16128K, reserved 1064960K
  class space    used 1450K, capacity 1512K, committed 1536K, reserved 1048576K
GC Heap History (10 events):
Event: 44,301 GC heap after
Heap after GC invocations=24 (full 7):
 PSYoungGen      total 2192896K, used 219900K [0x00000005a2580000, 0x0000000674d80000, 0x00000007c0000000)
  eden space 1274880K, 0% used [0x00000005a2580000,0x00000005a2580000,0x00000005f0280000)
  from space 918016K, 23% used [0x00000005f0280000,0x00000005fd93f2a8,0x0000000628300000)
  to   space 947712K, 0% used [0x000000063b000000,0x000000063b000000,0x0000000674d80000)
 ParOldGen       total 4688384K, used 3767934K [0x0000000167000000, 0x0000000285280000, 0x00000005a2580000)
  object space 4688384K, 80% used [0x0000000167000000,0x000000024cf9fbe0,0x0000000285280000)
 Metaspace       used 15530K, capacity 15729K, committed 16128K, reserved 1064960K
  class space    used 1450K, capacity 1512K, committed 1536K, reserved 1048576K
}
Event: 45,983 GC heap before
{Heap before GC invocations=25 (full 7):
 PSYoungGen      total 2192896K, used 1494780K [0x00000005a2580000, 0x0000000674d80000, 0x00000007c0000000)
  eden space 1274880K, 100% used [0x00000005a2580000,0x00000005f0280000,0x00000005f0280000)
  from space 918016K, 23% used [0x00000005f0280000,0x00000005fd93f2a8,0x0000000628300000)
  to   space 947712K, 0% used [0x000000063b000000,0x000000063b000000,0x0000000674d80000)
 ParOldGen       total 4688384K, used 3767934K [0x0000000167000000, 0x0000000285280000, 0x00000005a2580000)
  object space 4688384K, 80% used [0x0000000167000000,0x000000024cf9fbe0,0x0000000285280000)
 Metaspace       used 15530K, capacity 15729K, committed 16128K, reserved 1064960K
  class space    used 1450K, capacity 1512K, committed 1536K, reserved 1048576K
Event: 47,779 GC heap after
Heap after GC invocations=25 (full 7):
 PSYoungGen      total 2480128K, used 650592K [0x00000005a2580000, 0x0000000677380000, 0x00000007c0000000)
  eden space 1532416K, 0% used [0x00000005a2580000,0x00000005a2580000,0x00000005ffe00000)
  from space 947712K, 68% used [0x000000063b000000,0x0000000662b58000,0x0000000674d80000)
  to   space 968704K, 0% used [0x00000005ffe00000,0x00000005ffe00000,0x000000063b000000)
 ParOldGen       total 4688384K, used 3914406K [0x0000000167000000, 0x0000000285280000, 0x00000005a2580000)
  object space 4688384K, 83% used [0x0000000167000000,0x0000000255ea9be0,0x0000000285280000)
 Metaspace       used 15530K, capacity 15729K, committed 16128K, reserved 1064960K
  class space    used 1450K, capacity 1512K, committed 1536K, reserved 1048576K
}
Event: 49,703 GC heap before
{Heap before GC invocations=26 (full 7):
 PSYoungGen      total 2480128K, used 2183008K [0x00000005a2580000, 0x0000000677380000, 0x00000007c0000000)
  eden space 1532416K, 100% used [0x00000005a2580000,0x00000005ffe00000,0x00000005ffe00000)
  from space 947712K, 68% used [0x000000063b000000,0x0000000662b58000,0x0000000674d80000)
  to   space 968704K, 0% used [0x00000005ffe00000,0x00000005ffe00000,0x000000063b000000)
 ParOldGen       total 4688384K, used 3914406K [0x0000000167000000, 0x0000000285280000, 0x00000005a2580000)
  object space 4688384K, 83% used [0x0000000167000000,0x0000000255ea9be0,0x0000000285280000)
 Metaspace       used 15532K, capacity 15729K, committed 16128K, reserved 1064960K
  class space    used 1450K, capacity 1512K, committed 1536K, reserved 1048576K
Event: 55,732 GC heap after
Heap after GC invocations=26 (full 7):
 PSYoungGen      total 2501120K, used 784448K [0x00000005a2580000, 0x0000000694480000, 0x00000007c0000000)
  eden space 1532416K, 0% used [0x00000005a2580000,0x00000005a2580000,0x00000005ffe00000)
  from space 968704K, 80% used [0x00000005ffe00000,0x000000062fc10000,0x000000063b000000)
  to   space 1032192K, 0% used [0x0000000655480000,0x0000000655480000,0x0000000694480000)
 ParOldGen       total 4688384K, used 4369110K [0x0000000167000000, 0x0000000285280000, 0x00000005a2580000)
  object space 4688384K, 93% used [0x0000000167000000,0x0000000271ab5be0,0x0000000285280000)
 Metaspace       used 15532K, capacity 15729K, committed 16128K, reserved 1064960K
  class space    used 1450K, capacity 1512K, committed 1536K, reserved 1048576K
}
Event: 55,737 GC heap before
{Heap before GC invocations=27 (full 8):
 PSYoungGen      total 2501120K, used 784448K [0x00000005a2580000, 0x0000000694480000, 0x00000007c0000000)
  eden space 1532416K, 0% used [0x00000005a2580000,0x00000005a2580000,0x00000005ffe00000)
  from space 968704K, 80% used [0x00000005ffe00000,0x000000062fc10000,0x000000063b000000)
  to   space 1032192K, 0% used [0x0000000655480000,0x0000000655480000,0x0000000694480000)
 ParOldGen       total 4688384K, used 4369110K [0x0000000167000000, 0x0000000285280000, 0x00000005a2580000)
  object space 4688384K, 93% used [0x0000000167000000,0x0000000271ab5be0,0x0000000285280000)
 Metaspace       used 15532K, capacity 15729K, committed 16128K, reserved 1064960K
  class space    used 1450K, capacity 1512K, committed 1536K, reserved 1048576K
Event: 58,041 GC heap after
Heap after GC invocations=27 (full 8):
 PSYoungGen      total 2501120K, used 339434K [0x00000005a2580000, 0x0000000694480000, 0x00000007c0000000)
  eden space 1532416K, 0% used [0x00000005a2580000,0x00000005a2580000,0x00000005ffe00000)
  from space 968704K, 35% used [0x00000005ffe00000,0x000000061497ab18,0x000000063b000000)
  to   space 1032192K, 0% used [0x0000000655480000,0x0000000655480000,0x0000000694480000)
 ParOldGen       total 5727232K, used 4688267K [0x0000000167000000, 0x00000002c4900000, 0x00000005a2580000)
  object space 5727232K, 81% used [0x0000000167000000,0x0000000285262cd8,0x00000002c4900000)
 Metaspace       used 15532K, capacity 15729K, committed 16128K, reserved 1064960K
  class space    used 1450K, capacity 1512K, committed 1536K, reserved 1048576K
}
Event: 59,869 GC heap before
{Heap before GC invocations=28 (full 8):
 PSYoungGen      total 2501120K, used 1871850K [0x00000005a2580000, 0x0000000694480000, 0x00000007c0000000)
  eden space 1532416K, 100% used [0x00000005a2580000,0x00000005ffe00000,0x00000005ffe00000)
  from space 968704K, 35% used [0x00000005ffe00000,0x000000061497ab18,0x000000063b000000)
  to   space 1032192K, 0% used [0x0000000655480000,0x0000000655480000,0x0000000694480000)
 ParOldGen       total 5727232K, used 4688267K [0x0000000167000000, 0x00000002c4900000, 0x00000005a2580000)
  object space 5727232K, 81% used [0x0000000167000000,0x0000000285262cd8,0x00000002c4900000)
 Metaspace       used 15534K, capacity 15729K, committed 16128K, reserved 1064960K
  class space    used 1450K, capacity 1512K, committed 1536K, reserved 1048576K
Event: 60,673 GC heap after
Heap after GC invocations=28 (full 8):
 PSYoungGen      total 2883072K, used 784416K [0x00000005a2580000, 0x0000000699b80000, 0x00000007c0000000)
  eden space 1850880K, 0% used [0x00000005a2580000,0x00000005a2580000,0x0000000613500000)
  from space 1032192K, 75% used [0x0000000655480000,0x0000000685288000,0x0000000694480000)
  to   space 1080832K, 0% used [0x0000000613500000,0x0000000613500000,0x0000000655480000)
 ParOldGen       total 5727232K, used 4791531K [0x0000000167000000, 0x00000002c4900000, 0x00000005a2580000)
  object space 5727232K, 83% used [0x0000000167000000,0x000000028b73acd8,0x00000002c4900000)
 Metaspace       used 15534K, capacity 15729K, committed 16128K, reserved 1064960K
  class space    used 1450K, capacity 1512K, committed 1536K, reserved 1048576K
}
Event: 62,905 GC heap before
{Heap before GC invocations=29 (full 8):
 PSYoungGen      total 2883072K, used 2635296K [0x00000005a2580000, 0x0000000699b80000, 0x00000007c0000000)
  eden space 1850880K, 100% used [0x00000005a2580000,0x0000000613500000,0x0000000613500000)
  from space 1032192K, 75% used [0x0000000655480000,0x0000000685288000,0x0000000694480000)
  to   space 1080832K, 0% used [0x0000000613500000,0x0000000613500000,0x0000000655480000)
 ParOldGen       total 5727232K, used 4791531K [0x0000000167000000, 0x00000002c4900000, 0x00000005a2580000)
  object space 5727232K, 83% used [0x0000000167000000,0x000000028b73acd8,0x00000002c4900000)
 Metaspace       used 15534K, capacity 15729K, committed 16128K, reserved 1064960K
  class space    used 1450K, capacity 1512K, committed 1536K, reserved 1048576K

