# JRE version: Java(TM) SE Runtime Environment (8.0_201-b09) (build 1.8.0_201-b09)
# Java VM: Java HotSpot(TM) 64-Bit Server VM (25.201-b09 mixed mode linux-amd64 compressed oops)
Heap:
 PSYoungGen      total 2292224K, used 526999K [0x00000005a2580000, 0x0000000705080000, 0x00000007c0000000)
  eden space 1801216K, 1% used [0x00000005a2580000,0x00000005a48ab9a0,0x0000000610480000)
  from space 491008K, 99% used [0x0000000668c00000,0x0000000686b7a5a0,0x0000000686b80000)
  to   space 1449472K, 0% used [0x0000000610480000,0x0000000610480000,0x0000000668c00000)
 ParOldGen       total 10474496K, used 2631039K [0x0000000167000000, 0x00000003e6500000, 0x00000005a2580000)
  object space 10474496K, 25% used [0x0000000167000000,0x000000020795ff70,0x00000003e6500000)
 Metaspace       used 15838K, capacity 16017K, committed 16256K, reserved 1064960K
  class space    used 1459K, capacity 1544K, committed 1664K, reserved 1048576K
GC Heap History (10 events):
Event: 144,806 GC heap before
{Heap before GC invocations=66 (full 11):
 PSYoungGen      total 3194368K, used 2630656K [0x00000005a2580000, 0x000000068cb80000, 0x00000007c0000000)
  eden space 2630656K, 100% used [0x00000005a2580000,0x0000000642e80000,0x0000000642e80000)
  from space 563712K, 0% used [0x000000066a500000,0x000000066a500000,0x000000068cb80000)
  to   space 604672K, 0% used [0x0000000642e80000,0x0000000642e80000,0x0000000667d00000)
 ParOldGen       total 10474496K, used 8677132K [0x0000000167000000, 0x00000003e6500000, 0x00000005a2580000)
  object space 10474496K, 82% used [0x0000000167000000,0x00000003789c3328,0x00000003e6500000)
 Metaspace       used 15750K, capacity 15953K, committed 16256K, reserved 1064960K
  class space    used 1456K, capacity 1544K, committed 1664K, reserved 1048576K
Event: 144,897 GC heap after
Heap after GC invocations=66 (full 11):
 PSYoungGen      total 3235328K, used 0K [0x00000005a2580000, 0x000000068fc80000, 0x00000007c0000000)
  eden space 2630656K, 0% used [0x00000005a2580000,0x00000005a2580000,0x0000000642e80000)
  from space 604672K, 0% used [0x0000000642e80000,0x0000000642e80000,0x0000000667d00000)
  to   space 564736K, 0% used [0x000000066d500000,0x000000066d500000,0x000000068fc80000)
 ParOldGen       total 10474496K, used 8677132K [0x0000000167000000, 0x00000003e6500000, 0x00000005a2580000)
  object space 10474496K, 82% used [0x0000000167000000,0x00000003789c3328,0x00000003e6500000)
 Metaspace       used 15750K, capacity 15953K, committed 16256K, reserved 1064960K
  class space    used 1456K, capacity 1544K, committed 1664K, reserved 1048576K
}
Event: 145,321 GC heap before
{Heap before GC invocations=67 (full 11):
 PSYoungGen      total 3235328K, used 2630656K [0x00000005a2580000, 0x000000068fc80000, 0x00000007c0000000)
  eden space 2630656K, 100% used [0x00000005a2580000,0x0000000642e80000,0x0000000642e80000)
  from space 604672K, 0% used [0x0000000642e80000,0x0000000642e80000,0x0000000667d00000)
  to   space 564736K, 0% used [0x000000066d500000,0x000000066d500000,0x000000068fc80000)
 ParOldGen       total 10474496K, used 8677132K [0x0000000167000000, 0x00000003e6500000, 0x00000005a2580000)
  object space 10474496K, 82% used [0x0000000167000000,0x00000003789c3328,0x00000003e6500000)
 Metaspace       used 15750K, capacity 15953K, committed 16256K, reserved 1064960K
  class space    used 1456K, capacity 1544K, committed 1664K, reserved 1048576K
Event: 145,410 GC heap after
Heap after GC invocations=67 (full 11):
 PSYoungGen      total 3247616K, used 0K [0x00000005a2580000, 0x000000068b180000, 0x00000007c0000000)
  eden space 2759680K, 0% used [0x00000005a2580000,0x00000005a2580000,0x000000064ac80000)
  from space 487936K, 0% used [0x000000066d500000,0x000000066d500000,0x000000068b180000)
  to   space 526848K, 0% used [0x000000064ac80000,0x000000064ac80000,0x000000066af00000)
 ParOldGen       total 10474496K, used 8677132K [0x0000000167000000, 0x00000003e6500000, 0x00000005a2580000)
  object space 10474496K, 82% used [0x0000000167000000,0x00000003789c3328,0x00000003e6500000)
 Metaspace       used 15750K, capacity 15953K, committed 16256K, reserved 1064960K
  class space    used 1456K, capacity 1544K, committed 1664K, reserved 1048576K
}
Event: 152,839 GC heap before
{Heap before GC invocations=68 (full 11):
 PSYoungGen      total 3247616K, used 1053305K [0x00000005a2580000, 0x000000068b180000, 0x00000007c0000000)
  eden space 2759680K, 38% used [0x00000005a2580000,0x00000005e2a1e480,0x000000064ac80000)
  from space 487936K, 0% used [0x000000066d500000,0x000000066d500000,0x000000068b180000)
  to   space 526848K, 0% used [0x000000064ac80000,0x000000064ac80000,0x000000066af00000)
 ParOldGen       total 10474496K, used 8677132K [0x0000000167000000, 0x00000003e6500000, 0x00000005a2580000)
  object space 10474496K, 82% used [0x0000000167000000,0x00000003789c3328,0x00000003e6500000)
 Metaspace       used 15838K, capacity 16017K, committed 16256K, reserved 1064960K
  class space    used 1459K, capacity 1544K, committed 1664K, reserved 1048576K
Event: 152,929 GC heap after
Heap after GC invocations=68 (full 11):
 PSYoungGen      total 2760192K, used 64K [0x00000005a2580000, 0x0000000686b80000, 0x00000007c0000000)
  eden space 2759680K, 0% used [0x00000005a2580000,0x00000005a2580000,0x000000064ac80000)
  from space 512K, 12% used [0x000000064ac80000,0x000000064ac90000,0x000000064ad00000)
  to   space 491008K, 0% used [0x0000000668c00000,0x0000000668c00000,0x0000000686b80000)
 ParOldGen       total 10474496K, used 8677140K [0x0000000167000000, 0x00000003e6500000, 0x00000005a2580000)
  object space 10474496K, 82% used [0x0000000167000000,0x00000003789c5328,0x00000003e6500000)
 Metaspace       used 15838K, capacity 16017K, committed 16256K, reserved 1064960K
  class space    used 1459K, capacity 1544K, committed 1664K, reserved 1048576K
}
Event: 152,929 GC heap before
{Heap before GC invocations=69 (full 12):
 PSYoungGen      total 2760192K, used 64K [0x00000005a2580000, 0x0000000686b80000, 0x00000007c0000000)
  eden space 2759680K, 0% used [0x00000005a2580000,0x00000005a2580000,0x000000064ac80000)
  from space 512K, 12% used [0x000000064ac80000,0x000000064ac90000,0x000000064ad00000)
  to   space 491008K, 0% used [0x0000000668c00000,0x0000000668c00000,0x0000000686b80000)
 ParOldGen       total 10474496K, used 8677140K [0x0000000167000000, 0x00000003e6500000, 0x00000005a2580000)
  object space 10474496K, 82% used [0x0000000167000000,0x00000003789c5328,0x00000003e6500000)
 Metaspace       used 15838K, capacity 16017K, committed 16256K, reserved 1064960K
  class space    used 1459K, capacity 1544K, committed 1664K, reserved 1048576K
Event: 152,955 GC heap after
Heap after GC invocations=69 (full 12):
 PSYoungGen      total 2760192K, used 0K [0x00000005a2580000, 0x0000000686b80000, 0x00000007c0000000)
  eden space 2759680K, 0% used [0x00000005a2580000,0x00000005a2580000,0x000000064ac80000)
  from space 512K, 0% used [0x000000064ac80000,0x000000064ac80000,0x000000064ad00000)
  to   space 491008K, 0% used [0x0000000668c00000,0x0000000668c00000,0x0000000686b80000)
 ParOldGen       total 10474496K, used 357723K [0x0000000167000000, 0x00000003e6500000, 0x00000005a2580000)
  object space 10474496K, 3% used [0x0000000167000000,0x000000017cd56f10,0x00000003e6500000)
 Metaspace       used 15838K, capacity 16017K, committed 16256K, reserved 1064960K
  class space    used 1459K, capacity 1544K, committed 1664K, reserved 1048576K
}
Event: 162,458 GC heap before
{Heap before GC invocations=70 (full 12):
 PSYoungGen      total 2760192K, used 2759680K [0x00000005a2580000, 0x0000000686b80000, 0x00000007c0000000)
  eden space 2759680K, 100% used [0x00000005a2580000,0x000000064ac80000,0x000000064ac80000)
  from space 512K, 0% used [0x000000064ac80000,0x000000064ac80000,0x000000064ad00000)
  to   space 491008K, 0% used [0x0000000668c00000,0x0000000668c00000,0x0000000686b80000)
 ParOldGen       total 10474496K, used 357723K [0x0000000167000000, 0x00000003e6500000, 0x00000005a2580000)
  object space 10474496K, 3% used [0x0000000167000000,0x000000017cd56f10,0x00000003e6500000)
 Metaspace       used 15838K, capacity 16017K, committed 16256K, reserved 1064960K
  class space    used 1459K, capacity 1544K, committed 1664K, reserved 1048576K
Event: 167,775 GC heap after
Heap after GC invocations=70 (full 12):
 PSYoungGen      total 2292224K, used 490985K [0x00000005a2580000, 0x0000000705080000, 0x00000007c0000000)
  eden space 1801216K, 0% used [0x00000005a2580000,0x00000005a2580000,0x0000000610480000)
  from space 491008K, 99% used [0x0000000668c00000,0x0000000686b7a5a0,0x0000000686b80000)
  to   space 1449472K, 0% used [0x0000000610480000,0x0000000610480000,0x0000000668c00000)
 ParOldGen       total 10474496K, used 2631039K [0x0000000167000000, 0x00000003e6500000, 0x00000005a2580000)
  object space 10474496K, 25% used [0x0000000167000000,0x000000020795ff70,0x00000003e6500000)
 Metaspace       used 15838K, capacity 16017K, committed 16256K, reserved 1064960K
  class space    used 1459K, capacity 1544K, committed 1664K, reserved 1048576K
}

