# JRE version: Java(TM) SE Runtime Environment (8.0_201-b09) (build 1.8.0_201-b09)
# Java VM: Java HotSpot(TM) 64-Bit Server VM (25.201-b09 mixed mode linux-amd64 compressed oops)
Heap:
 PSYoungGen      total 2322432K, used 381676K [0x00000005cc000000, 0x00000006a8d80000, 0x00000007c0000000)
  eden space 1252352K, 0% used [0x00000005cc000000,0x00000005cc000000,0x0000000618700000)
  from space 1070080K, 35% used [0x000000065e600000,0x0000000675abb1c0,0x000000069fb00000)
  to   space 1145856K, 0% used [0x0000000618700000,0x0000000618700000,0x000000065e600000)
 ParOldGen       total 4537344K, used 4537051K [0x00000001e4000000, 0x00000002f8f00000, 0x00000005cc000000)
  object space 4537344K, 99% used [0x00000001e4000000,0x00000002f8eb6fd0,0x00000002f8f00000)
 Metaspace       used 15638K, capacity 15911K, committed 16128K, reserved 1064960K
  class space    used 1404K, capacity 1460K, committed 1536K, reserved 1048576K
GC Heap History (10 events):
Event: 16,720 GC heap after
Heap after GC invocations=16 (full 5):
 PSYoungGen      total 1275904K, used 350324K [0x00000005cc000000, 0x0000000677300000, 0x00000007c0000000)
  eden space 623104K, 0% used [0x00000005cc000000,0x00000005cc000000,0x00000005f2080000)
  from space 652800K, 53% used [0x00000005f2080000,0x000000060769d0f0,0x0000000619e00000)
  to   space 936448K, 0% used [0x000000063e080000,0x000000063e080000,0x0000000677300000)
 ParOldGen       total 3452416K, used 2527097K [0x00000001e4000000, 0x00000002b6b80000, 0x00000005cc000000)
  object space 3452416K, 73% used [0x00000001e4000000,0x000000027e3de438,0x00000002b6b80000)
 Metaspace       used 15521K, capacity 15779K, committed 16128K, reserved 1064960K
  class space    used 1402K, capacity 1460K, committed 1536K, reserved 1048576K
}
Event: 17,982 GC heap before
{Heap before GC invocations=17 (full 5):
 PSYoungGen      total 1275904K, used 973428K [0x00000005cc000000, 0x0000000677300000, 0x00000007c0000000)
  eden space 623104K, 100% used [0x00000005cc000000,0x00000005f2080000,0x00000005f2080000)
  from space 652800K, 53% used [0x00000005f2080000,0x000000060769d0f0,0x0000000619e00000)
  to   space 936448K, 0% used [0x000000063e080000,0x000000063e080000,0x0000000677300000)
 ParOldGen       total 3452416K, used 2527097K [0x00000001e4000000, 0x00000002b6b80000, 0x00000005cc000000)
  object space 3452416K, 73% used [0x00000001e4000000,0x000000027e3de438,0x00000002b6b80000)
 Metaspace       used 15600K, capacity 15843K, committed 16128K, reserved 1064960K
  class space    used 1403K, capacity 1460K, committed 1536K, reserved 1048576K
Event: 31,812 GC heap after
Heap after GC invocations=17 (full 5):
 PSYoungGen      total 1816576K, used 664399K [0x00000005cc000000, 0x000000067eb80000, 0x00000007c0000000)
  eden space 880128K, 0% used [0x00000005cc000000,0x00000005cc000000,0x0000000601b80000)
  from space 936448K, 70% used [0x000000063e080000,0x0000000666953f60,0x0000000677300000)
  to   space 988160K, 0% used [0x0000000601b80000,0x0000000601b80000,0x000000063e080000)
 ParOldGen       total 3452416K, used 2723289K [0x00000001e4000000, 0x00000002b6b80000, 0x00000005cc000000)
  object space 3452416K, 78% used [0x00000001e4000000,0x000000028a376670,0x00000002b6b80000)
 Metaspace       used 15600K, capacity 15843K, committed 16128K, reserved 1064960K
  class space    used 1403K, capacity 1460K, committed 1536K, reserved 1048576K
}
Event: 34,650 GC heap before
{Heap before GC invocations=18 (full 5):
 PSYoungGen      total 1816576K, used 1544527K [0x00000005cc000000, 0x000000067eb80000, 0x00000007c0000000)
  eden space 880128K, 100% used [0x00000005cc000000,0x0000000601b80000,0x0000000601b80000)
  from space 936448K, 70% used [0x000000063e080000,0x0000000666953f60,0x0000000677300000)
  to   space 988160K, 0% used [0x0000000601b80000,0x0000000601b80000,0x000000063e080000)
 ParOldGen       total 3452416K, used 2723289K [0x00000001e4000000, 0x00000002b6b80000, 0x00000005cc000000)
  object space 3452416K, 78% used [0x00000001e4000000,0x000000028a376670,0x00000002b6b80000)
 Metaspace       used 15634K, capacity 15911K, committed 16128K, reserved 1064960K
  class space    used 1404K, capacity 1460K, committed 1536K, reserved 1048576K
Event: 34,792 GC heap after
Heap after GC invocations=18 (full 5):
 PSYoungGen      total 1868288K, used 781566K [0x00000005cc000000, 0x000000069fb00000, 0x00000007c0000000)
  eden space 880128K, 0% used [0x00000005cc000000,0x00000005cc000000,0x0000000601b80000)
  from space 988160K, 79% used [0x0000000601b80000,0x00000006316bf8b0,0x000000063e080000)
  to   space 1070080K, 0% used [0x000000065e600000,0x000000065e600000,0x000000069fb00000)
 ParOldGen       total 3452416K, used 3388342K [0x00000001e4000000, 0x00000002b6b80000, 0x00000005cc000000)
  object space 3452416K, 98% used [0x00000001e4000000,0x00000002b2ced840,0x00000002b6b80000)
 Metaspace       used 15634K, capacity 15911K, committed 16128K, reserved 1064960K
  class space    used 1404K, capacity 1460K, committed 1536K, reserved 1048576K
}
Event: 34,792 GC heap before
{Heap before GC invocations=19 (full 6):
 PSYoungGen      total 1868288K, used 781566K [0x00000005cc000000, 0x000000069fb00000, 0x00000007c0000000)
  eden space 880128K, 0% used [0x00000005cc000000,0x00000005cc000000,0x0000000601b80000)
  from space 988160K, 79% used [0x0000000601b80000,0x00000006316bf8b0,0x000000063e080000)
  to   space 1070080K, 0% used [0x000000065e600000,0x000000065e600000,0x000000069fb00000)
 ParOldGen       total 3452416K, used 3388342K [0x00000001e4000000, 0x00000002b6b80000, 0x00000005cc000000)
  object space 3452416K, 98% used [0x00000001e4000000,0x00000002b2ced840,0x00000002b6b80000)
 Metaspace       used 15634K, capacity 15911K, committed 16128K, reserved 1064960K
  class space    used 1404K, capacity 1460K, committed 1536K, reserved 1048576K
Event: 35,114 GC heap after
Heap after GC invocations=19 (full 6):
 PSYoungGen      total 1868288K, used 714927K [0x00000005cc000000, 0x000000069fb00000, 0x00000007c0000000)
  eden space 880128K, 0% used [0x00000005cc000000,0x00000005cc000000,0x0000000601b80000)
  from space 988160K, 72% used [0x0000000601b80000,0x000000062d5abcf0,0x000000063e080000)
  to   space 1070080K, 0% used [0x000000065e600000,0x000000065e600000,0x000000069fb00000)
 ParOldGen       total 4537344K, used 3452379K [0x00000001e4000000, 0x00000002f8f00000, 0x00000005cc000000)
  object space 4537344K, 76% used [0x00000001e4000000,0x00000002b6b76e60,0x00000002f8f00000)
 Metaspace       used 15634K, capacity 15911K, committed 16128K, reserved 1064960K
  class space    used 1404K, capacity 1460K, committed 1536K, reserved 1048576K
}
Event: 36,724 GC heap before
{Heap before GC invocations=20 (full 6):
 PSYoungGen      total 1868288K, used 1595055K [0x00000005cc000000, 0x000000069fb00000, 0x00000007c0000000)
  eden space 880128K, 100% used [0x00000005cc000000,0x0000000601b80000,0x0000000601b80000)
  from space 988160K, 72% used [0x0000000601b80000,0x000000062d5abcf0,0x000000063e080000)
  to   space 1070080K, 0% used [0x000000065e600000,0x000000065e600000,0x000000069fb00000)
 ParOldGen       total 4537344K, used 3452379K [0x00000001e4000000, 0x00000002f8f00000, 0x00000005cc000000)
  object space 4537344K, 76% used [0x00000001e4000000,0x00000002b6b76e60,0x00000002f8f00000)
 Metaspace       used 15638K, capacity 15911K, committed 16128K, reserved 1064960K
  class space    used 1404K, capacity 1460K, committed 1536K, reserved 1048576K
Event: 36,866 GC heap after
Heap after GC invocations=20 (full 6):
 PSYoungGen      total 2322432K, used 813976K [0x00000005cc000000, 0x00000006a8d80000, 0x00000007c0000000)
  eden space 1252352K, 0% used [0x00000005cc000000,0x00000005cc000000,0x0000000618700000)
  from space 1070080K, 76% used [0x000000065e600000,0x00000006900e6250,0x000000069fb00000)
  to   space 1145856K, 0% used [0x0000000618700000,0x0000000618700000,0x000000065e600000)
 ParOldGen       total 4537344K, used 4168644K [0x00000001e4000000, 0x00000002f8f00000, 0x00000005cc000000)
  object space 4537344K, 91% used [0x00000001e4000000,0x00000002e26f1100,0x00000002f8f00000)
 Metaspace       used 15638K, capacity 15911K, committed 16128K, reserved 1064960K
  class space    used 1404K, capacity 1460K, committed 1536K, reserved 1048576K
}
Event: 36,866 GC heap before
{Heap before GC invocations=21 (full 7):
 PSYoungGen      total 2322432K, used 813976K [0x00000005cc000000, 0x00000006a8d80000, 0x00000007c0000000)
  eden space 1252352K, 0% used [0x00000005cc000000,0x00000005cc000000,0x0000000618700000)
  from space 1070080K, 76% used [0x000000065e600000,0x00000006900e6250,0x000000069fb00000)
  to   space 1145856K, 0% used [0x0000000618700000,0x0000000618700000,0x000000065e600000)
 ParOldGen       total 4537344K, used 4168644K [0x00000001e4000000, 0x00000002f8f00000, 0x00000005cc000000)
  object space 4537344K, 91% used [0x00000001e4000000,0x00000002e26f1100,0x00000002f8f00000)
 Metaspace       used 15638K, capacity 15911K, committed 16128K, reserved 1064960K
  class space    used 1404K, capacity 1460K, committed 1536K, reserved 1048576K

