# JRE version: Java(TM) SE Runtime Environment (8.0_201-b09) (build 1.8.0_201-b09)
# Java VM: Java HotSpot(TM) 64-Bit Server VM (25.201-b09 mixed mode linux-amd64 compressed oops)
Heap:
 PSYoungGen      total 1313280K, used 73732K [0x00000005a2580000, 0x0000000630000000, 0x00000007c0000000)
  eden space 1264128K, 1% used [0x00000005a2580000,0x00000005a3d857a8,0x00000005ef800000)
  from space 49152K, 99% used [0x00000005ef800000,0x00000005f27fbbb0,0x00000005f2800000)
  to   space 508416K, 0% used [0x0000000610f80000,0x0000000610f80000,0x0000000630000000)
 ParOldGen       total 10596352K, used 1564396K [0x0000000167000000, 0x00000003edc00000, 0x00000005a2580000)
  object space 10596352K, 14% used [0x0000000167000000,0x00000001c67bb230,0x00000003edc00000)
 Metaspace       used 15797K, capacity 16017K, committed 16256K, reserved 1064960K
  class space    used 1459K, capacity 1544K, committed 1664K, reserved 1048576K
GC Heap History (10 events):
Event: 116,285 GC heap before
{Heap before GC invocations=96 (full 11):
 PSYoungGen      total 1302528K, used 1232384K [0x00000005a2580000, 0x00000005f6580000, 0x00000007c0000000)
  eden space 1232384K, 100% used [0x00000005a2580000,0x00000005ed900000,0x00000005ed900000)
  from space 70144K, 0% used [0x00000005ed900000,0x00000005ed900000,0x00000005f1d80000)
  to   space 64000K, 0% used [0x00000005f2700000,0x00000005f2700000,0x00000005f6580000)
 ParOldGen       total 10596352K, used 8676747K [0x0000000167000000, 0x00000003edc00000, 0x00000005a2580000)
  object space 10596352K, 81% used [0x0000000167000000,0x0000000378962d20,0x00000003edc00000)
 Metaspace       used 15711K, capacity 15889K, committed 16256K, reserved 1064960K
  class space    used 1456K, capacity 1544K, committed 1664K, reserved 1048576K
Event: 116,293 GC heap after
Heap after GC invocations=96 (full 11):
 PSYoungGen      total 1302016K, used 0K [0x00000005a2580000, 0x00000005f5b80000, 0x00000007c0000000)
  eden space 1248256K, 0% used [0x00000005a2580000,0x00000005a2580000,0x00000005ee880000)
  from space 53760K, 0% used [0x00000005f2700000,0x00000005f2700000,0x00000005f5b80000)
  to   space 58880K, 0% used [0x00000005ee880000,0x00000005ee880000,0x00000005f2200000)
 ParOldGen       total 10596352K, used 8676747K [0x0000000167000000, 0x00000003edc00000, 0x00000005a2580000)
  object space 10596352K, 81% used [0x0000000167000000,0x0000000378962d20,0x00000003edc00000)
 Metaspace       used 15711K, capacity 15889K, committed 16256K, reserved 1064960K
  class space    used 1456K, capacity 1544K, committed 1664K, reserved 1048576K
}
Event: 116,496 GC heap before
{Heap before GC invocations=97 (full 11):
 PSYoungGen      total 1302016K, used 1248256K [0x00000005a2580000, 0x00000005f5b80000, 0x00000007c0000000)
  eden space 1248256K, 100% used [0x00000005a2580000,0x00000005ee880000,0x00000005ee880000)
  from space 53760K, 0% used [0x00000005f2700000,0x00000005f2700000,0x00000005f5b80000)
  to   space 58880K, 0% used [0x00000005ee880000,0x00000005ee880000,0x00000005f2200000)
 ParOldGen       total 10596352K, used 8676747K [0x0000000167000000, 0x00000003edc00000, 0x00000005a2580000)
  object space 10596352K, 81% used [0x0000000167000000,0x0000000378962d20,0x00000003edc00000)
 Metaspace       used 15711K, capacity 15889K, committed 16256K, reserved 1064960K
  class space    used 1456K, capacity 1544K, committed 1664K, reserved 1048576K
Event: 116,504 GC heap after
Heap after GC invocations=97 (full 11):
 PSYoungGen      total 1307136K, used 0K [0x00000005a2580000, 0x00000005f6100000, 0x00000007c0000000)
  eden space 1248256K, 0% used [0x00000005a2580000,0x00000005a2580000,0x00000005ee880000)
  from space 58880K, 0% used [0x00000005ee880000,0x00000005ee880000,0x00000005f2200000)
  to   space 53760K, 0% used [0x00000005f2c80000,0x00000005f2c80000,0x00000005f6100000)
 ParOldGen       total 10596352K, used 8676747K [0x0000000167000000, 0x00000003edc00000, 0x00000005a2580000)
  object space 10596352K, 81% used [0x0000000167000000,0x0000000378962d20,0x00000003edc00000)
 Metaspace       used 15711K, capacity 15889K, committed 16256K, reserved 1064960K
  class space    used 1456K, capacity 1544K, committed 1664K, reserved 1048576K
}
Event: 123,977 GC heap before
{Heap before GC invocations=98 (full 11):
 PSYoungGen      total 1307136K, used 1000187K [0x00000005a2580000, 0x00000005f6100000, 0x00000007c0000000)
  eden space 1248256K, 80% used [0x00000005a2580000,0x00000005df63ed10,0x00000005ee880000)
  from space 58880K, 0% used [0x00000005ee880000,0x00000005ee880000,0x00000005f2200000)
  to   space 53760K, 0% used [0x00000005f2c80000,0x00000005f2c80000,0x00000005f6100000)
 ParOldGen       total 10596352K, used 8676747K [0x0000000167000000, 0x00000003edc00000, 0x00000005a2580000)
  object space 10596352K, 81% used [0x0000000167000000,0x0000000378962d20,0x00000003edc00000)
 Metaspace       used 15797K, capacity 16017K, committed 16256K, reserved 1064960K
  class space    used 1459K, capacity 1544K, committed 1664K, reserved 1048576K
Event: 124,007 GC heap after
Heap after GC invocations=98 (full 11):
 PSYoungGen      total 1308672K, used 64K [0x00000005a2580000, 0x00000005f5800000, 0x00000007c0000000)
  eden space 1264128K, 0% used [0x00000005a2580000,0x00000005a2580000,0x00000005ef800000)
  from space 44544K, 0% used [0x00000005f2c80000,0x00000005f2c90000,0x00000005f5800000)
  to   space 49152K, 0% used [0x00000005ef800000,0x00000005ef800000,0x00000005f2800000)
 ParOldGen       total 10596352K, used 8676755K [0x0000000167000000, 0x00000003edc00000, 0x00000005a2580000)
  object space 10596352K, 81% used [0x0000000167000000,0x0000000378964d20,0x00000003edc00000)
 Metaspace       used 15797K, capacity 16017K, committed 16256K, reserved 1064960K
  class space    used 1459K, capacity 1544K, committed 1664K, reserved 1048576K
}
Event: 124,007 GC heap before
{Heap before GC invocations=99 (full 12):
 PSYoungGen      total 1308672K, used 64K [0x00000005a2580000, 0x00000005f5800000, 0x00000007c0000000)
  eden space 1264128K, 0% used [0x00000005a2580000,0x00000005a2580000,0x00000005ef800000)
  from space 44544K, 0% used [0x00000005f2c80000,0x00000005f2c90000,0x00000005f5800000)
  to   space 49152K, 0% used [0x00000005ef800000,0x00000005ef800000,0x00000005f2800000)
 ParOldGen       total 10596352K, used 8676755K [0x0000000167000000, 0x00000003edc00000, 0x00000005a2580000)
  object space 10596352K, 81% used [0x0000000167000000,0x0000000378964d20,0x00000003edc00000)
 Metaspace       used 15797K, capacity 16017K, committed 16256K, reserved 1064960K
  class space    used 1459K, capacity 1544K, committed 1664K, reserved 1048576K
Event: 124,029 GC heap after
Heap after GC invocations=99 (full 12):
 PSYoungGen      total 1308672K, used 0K [0x00000005a2580000, 0x00000005f5800000, 0x00000007c0000000)
  eden space 1264128K, 0% used [0x00000005a2580000,0x00000005a2580000,0x00000005ef800000)
  from space 44544K, 0% used [0x00000005f2c80000,0x00000005f2c80000,0x00000005f5800000)
  to   space 49152K, 0% used [0x00000005ef800000,0x00000005ef800000,0x00000005f2800000)
 ParOldGen       total 10596352K, used 357709K [0x0000000167000000, 0x00000003edc00000, 0x00000005a2580000)
  object space 10596352K, 3% used [0x0000000167000000,0x000000017cd537e0,0x00000003edc00000)
 Metaspace       used 15797K, capacity 16017K, committed 16256K, reserved 1064960K
  class space    used 1459K, capacity 1544K, committed 1664K, reserved 1048576K
}
Event: 126,995 GC heap before
{Heap before GC invocations=100 (full 12):
 PSYoungGen      total 1308672K, used 1264128K [0x00000005a2580000, 0x00000005f5800000, 0x00000007c0000000)
  eden space 1264128K, 100% used [0x00000005a2580000,0x00000005ef800000,0x00000005ef800000)
  from space 44544K, 0% used [0x00000005f2c80000,0x00000005f2c80000,0x00000005f5800000)
  to   space 49152K, 0% used [0x00000005ef800000,0x00000005ef800000,0x00000005f2800000)
 ParOldGen       total 10596352K, used 357709K [0x0000000167000000, 0x00000003edc00000, 0x00000005a2580000)
  object space 10596352K, 3% used [0x0000000167000000,0x000000017cd537e0,0x00000003edc00000)
 Metaspace       used 15797K, capacity 16017K, committed 16256K, reserved 1064960K
  class space    used 1459K, capacity 1544K, committed 1664K, reserved 1048576K
Event: 128,395 GC heap after
Heap after GC invocations=100 (full 12):
 PSYoungGen      total 1313280K, used 49134K [0x00000005a2580000, 0x0000000630000000, 0x00000007c0000000)
  eden space 1264128K, 0% used [0x00000005a2580000,0x00000005a2580000,0x00000005ef800000)
  from space 49152K, 99% used [0x00000005ef800000,0x00000005f27fbbb0,0x00000005f2800000)
  to   space 508416K, 0% used [0x0000000610f80000,0x0000000610f80000,0x0000000630000000)
 ParOldGen       total 10596352K, used 1564396K [0x0000000167000000, 0x00000003edc00000, 0x00000005a2580000)
  object space 10596352K, 14% used [0x0000000167000000,0x00000001c67bb230,0x00000003edc00000)
 Metaspace       used 15797K, capacity 16017K, committed 16256K, reserved 1064960K
  class space    used 1459K, capacity 1544K, committed 1664K, reserved 1048576K
}

