# JRE version: Java(TM) SE Runtime Environment (8.0_201-b09) (build 1.8.0_201-b09)
# Java VM: Java HotSpot(TM) 64-Bit Server VM (25.201-b09 mixed mode linux-amd64 compressed oops)
Heap:
 PSYoungGen      total 2098688K, used 852136K [0x0000000719b80000, 0x00000007c0000000, 0x00000007c0000000)
  eden space 1563648K, 54% used [0x0000000719b80000,0x000000074d982310,0x0000000779280000)
  from space 535040K, 0% used [0x0000000779280000,0x00000007794a8000,0x0000000799d00000)
  to   space 528896K, 0% used [0x000000079fb80000,0x000000079fb80000,0x00000007c0000000)
 ParOldGen       total 1364992K, used 779902K [0x00000005cd200000, 0x0000000620700000, 0x0000000719b80000)
  object space 1364992K, 57% used [0x00000005cd200000,0x00000005fcb9f9b0,0x0000000620700000)
 Metaspace       used 14953K, capacity 15139K, committed 15360K, reserved 1062912K
  class space    used 1413K, capacity 1482K, committed 1536K, reserved 1048576K
GC Heap History (10 events):
Event: 22,640 GC heap before
{Heap before GC invocations=15 (full 1):
 PSYoungGen      total 1425920K, used 1396092K [0x0000000719b80000, 0x0000000797800000, 0x00000007c0000000)
  eden space 1130496K, 100% used [0x0000000719b80000,0x000000075eb80000,0x000000075eb80000)
  from space 295424K, 89% used [0x000000075eb80000,0x000000076eedf0e8,0x0000000770c00000)
  to   space 340992K, 0% used [0x0000000782b00000,0x0000000782b00000,0x0000000797800000)
 ParOldGen       total 1092096K, used 700625K [0x00000005cd200000, 0x000000060fc80000, 0x0000000719b80000)
  object space 1092096K, 64% used [0x00000005cd200000,0x00000005f7e34558,0x000000060fc80000)
 Metaspace       used 14915K, capacity 15067K, committed 15360K, reserved 1062912K
  class space    used 1413K, capacity 1482K, committed 1536K, reserved 1048576K
Event: 22,762 GC heap after
Heap after GC invocations=15 (full 1):
 PSYoungGen      total 1688576K, used 250906K [0x0000000719b80000, 0x00000007a2f00000, 0x00000007c0000000)
  eden space 1347584K, 0% used [0x0000000719b80000,0x0000000719b80000,0x000000076bf80000)
  from space 340992K, 73% used [0x0000000782b00000,0x00000007920069b0,0x0000000797800000)
  to   space 372224K, 0% used [0x000000076bf80000,0x000000076bf80000,0x0000000782b00000)
 ParOldGen       total 1092096K, used 700633K [0x00000005cd200000, 0x000000060fc80000, 0x0000000719b80000)
  object space 1092096K, 64% used [0x00000005cd200000,0x00000005f7e36558,0x000000060fc80000)
 Metaspace       used 14915K, capacity 15067K, committed 15360K, reserved 1062912K
  class space    used 1413K, capacity 1482K, committed 1536K, reserved 1048576K
}
Event: 27,132 GC heap before
{Heap before GC invocations=16 (full 1):
 PSYoungGen      total 1688576K, used 1598490K [0x0000000719b80000, 0x00000007a2f00000, 0x00000007c0000000)
  eden space 1347584K, 100% used [0x0000000719b80000,0x000000076bf80000,0x000000076bf80000)
  from space 340992K, 73% used [0x0000000782b00000,0x00000007920069b0,0x0000000797800000)
  to   space 372224K, 0% used [0x000000076bf80000,0x000000076bf80000,0x0000000782b00000)
 ParOldGen       total 1092096K, used 700633K [0x00000005cd200000, 0x000000060fc80000, 0x0000000719b80000)
  object space 1092096K, 64% used [0x00000005cd200000,0x00000005f7e36558,0x000000060fc80000)
 Metaspace       used 14938K, capacity 15139K, committed 15360K, reserved 1062912K
  class space    used 1413K, capacity 1482K, committed 1536K, reserved 1048576K
Event: 27,167 GC heap after
Heap after GC invocations=16 (full 1):
 PSYoungGen      total 1719808K, used 150465K [0x0000000719b80000, 0x00000007afb80000, 0x00000007c0000000)
  eden space 1347584K, 0% used [0x0000000719b80000,0x0000000719b80000,0x000000076bf80000)
  from space 372224K, 40% used [0x000000076bf80000,0x00000007752707f0,0x0000000782b00000)
  to   space 358912K, 0% used [0x0000000799d00000,0x0000000799d00000,0x00000007afb80000)
 ParOldGen       total 1092096K, used 706523K [0x00000005cd200000, 0x000000060fc80000, 0x0000000719b80000)
  object space 1092096K, 64% used [0x00000005cd200000,0x00000005f83f6fc0,0x000000060fc80000)
 Metaspace       used 14938K, capacity 15139K, committed 15360K, reserved 1062912K
  class space    used 1413K, capacity 1482K, committed 1536K, reserved 1048576K
}
Event: 35,671 GC heap before
{Heap before GC invocations=17 (full 1):
 PSYoungGen      total 1719808K, used 1498049K [0x0000000719b80000, 0x00000007afb80000, 0x00000007c0000000)
  eden space 1347584K, 100% used [0x0000000719b80000,0x000000076bf80000,0x000000076bf80000)
  from space 372224K, 40% used [0x000000076bf80000,0x00000007752707f0,0x0000000782b00000)
  to   space 358912K, 0% used [0x0000000799d00000,0x0000000799d00000,0x00000007afb80000)
 ParOldGen       total 1092096K, used 706523K [0x00000005cd200000, 0x000000060fc80000, 0x0000000719b80000)
  object space 1092096K, 64% used [0x00000005cd200000,0x00000005f83f6fc0,0x000000060fc80000)
 Metaspace       used 14952K, capacity 15139K, committed 15360K, reserved 1062912K
  class space    used 1413K, capacity 1482K, committed 1536K, reserved 1048576K
Event: 36,671 GC heap after
Heap after GC invocations=17 (full 1):
 PSYoungGen      total 1922560K, used 358910K [0x0000000719b80000, 0x00000007c0000000, 0x00000007c0000000)
  eden space 1563648K, 0% used [0x0000000719b80000,0x0000000719b80000,0x0000000779280000)
  from space 358912K, 99% used [0x0000000799d00000,0x00000007afb7f830,0x00000007afb80000)
  to   space 535040K, 0% used [0x0000000779280000,0x0000000779280000,0x0000000799d00000)
 ParOldGen       total 1092096K, used 1009947K [0x00000005cd200000, 0x000000060fc80000, 0x0000000719b80000)
  object space 1092096K, 92% used [0x00000005cd200000,0x000000060ac46fe0,0x000000060fc80000)
 Metaspace       used 14952K, capacity 15139K, committed 15360K, reserved 1062912K
  class space    used 1413K, capacity 1482K, committed 1536K, reserved 1048576K
}
Event: 36,671 GC heap before
{Heap before GC invocations=18 (full 2):
 PSYoungGen      total 1922560K, used 358910K [0x0000000719b80000, 0x00000007c0000000, 0x00000007c0000000)
  eden space 1563648K, 0% used [0x0000000719b80000,0x0000000719b80000,0x0000000779280000)
  from space 358912K, 99% used [0x0000000799d00000,0x00000007afb7f830,0x00000007afb80000)
  to   space 535040K, 0% used [0x0000000779280000,0x0000000779280000,0x0000000799d00000)
 ParOldGen       total 1092096K, used 1009947K [0x00000005cd200000, 0x000000060fc80000, 0x0000000719b80000)
  object space 1092096K, 92% used [0x00000005cd200000,0x000000060ac46fe0,0x000000060fc80000)
 Metaspace       used 14952K, capacity 15139K, committed 15360K, reserved 1062912K
  class space    used 1413K, capacity 1482K, committed 1536K, reserved 1048576K
Event: 37,734 GC heap after
Heap after GC invocations=18 (full 2):
 PSYoungGen      total 1922560K, used 0K [0x0000000719b80000, 0x00000007c0000000, 0x00000007c0000000)
  eden space 1563648K, 0% used [0x0000000719b80000,0x0000000719b80000,0x0000000779280000)
  from space 358912K, 0% used [0x0000000799d00000,0x0000000799d00000,0x00000007afb80000)
  to   space 535040K, 0% used [0x0000000779280000,0x0000000779280000,0x0000000799d00000)
 ParOldGen       total 1364992K, used 779902K [0x00000005cd200000, 0x0000000620700000, 0x0000000719b80000)
  object space 1364992K, 57% used [0x00000005cd200000,0x00000005fcb9f9b0,0x0000000620700000)
 Metaspace       used 14952K, capacity 15139K, committed 15360K, reserved 1062912K
  class space    used 1413K, capacity 1482K, committed 1536K, reserved 1048576K
}
Event: 38,419 GC heap before
{Heap before GC invocations=19 (full 2):
 PSYoungGen      total 1922560K, used 1563648K [0x0000000719b80000, 0x00000007c0000000, 0x00000007c0000000)
  eden space 1563648K, 100% used [0x0000000719b80000,0x0000000779280000,0x0000000779280000)
  from space 358912K, 0% used [0x0000000799d00000,0x0000000799d00000,0x00000007afb80000)
  to   space 535040K, 0% used [0x0000000779280000,0x0000000779280000,0x0000000799d00000)
 ParOldGen       total 1364992K, used 779902K [0x00000005cd200000, 0x0000000620700000, 0x0000000719b80000)
  object space 1364992K, 57% used [0x00000005cd200000,0x00000005fcb9f9b0,0x0000000620700000)
 Metaspace       used 14952K, capacity 15139K, committed 15360K, reserved 1062912K
  class space    used 1413K, capacity 1482K, committed 1536K, reserved 1048576K
Event: 38,439 GC heap after
Heap after GC invocations=19 (full 2):
 PSYoungGen      total 2098688K, used 2208K [0x0000000719b80000, 0x00000007c0000000, 0x00000007c0000000)
  eden space 1563648K, 0% used [0x0000000719b80000,0x0000000719b80000,0x0000000779280000)
  from space 535040K, 0% used [0x0000000779280000,0x00000007794a8000,0x0000000799d00000)
  to   space 528896K, 0% used [0x000000079fb80000,0x000000079fb80000,0x00000007c0000000)
 ParOldGen       total 1364992K, used 779902K [0x00000005cd200000, 0x0000000620700000, 0x0000000719b80000)
  object space 1364992K, 57% used [0x00000005cd200000,0x00000005fcb9f9b0,0x0000000620700000)
 Metaspace       used 14952K, capacity 15139K, committed 15360K, reserved 1062912K
  class space    used 1413K, capacity 1482K, committed 1536K, reserved 1048576K
}

