# JRE version: Java(TM) SE Runtime Environment (8.0_201-b09) (build 1.8.0_201-b09)
# Java VM: Java HotSpot(TM) 64-Bit Server VM (25.201-b09 mixed mode linux-amd64 compressed oops)
Heap:
 PSYoungGen      total 1336832K, used 234661K [0x0000000719b80000, 0x00000007b1000000, 0x00000007c0000000)
  eden space 983552K, 23% used [0x0000000719b80000,0x00000007280a9790,0x0000000755c00000)
  from space 353280K, 0% used [0x000000077b680000,0x000000077b680000,0x0000000790f80000)
  to   space 616960K, 0% used [0x0000000755c00000,0x0000000755c00000,0x000000077b680000)
 ParOldGen       total 1689600K, used 993501K [0x00000005cd200000, 0x0000000634400000, 0x0000000719b80000)
  object space 1689600K, 58% used [0x00000005cd200000,0x0000000609c374f8,0x0000000634400000)
 Metaspace       used 15320K, capacity 15491K, committed 15616K, reserved 1062912K
  class space    used 1441K, capacity 1514K, committed 1536K, reserved 1048576K
GC Heap History (10 events):
Event: 9,886 GC heap before
{Heap before GC invocations=14 (full 2):
 PSYoungGen      total 1029632K, used 134121K [0x0000000719b80000, 0x000000076e880000, 0x00000007c0000000)
  eden space 895488K, 0% used [0x0000000719b80000,0x0000000719b80000,0x0000000750600000)
  from space 134144K, 99% used [0x000000075d500000,0x00000007657fa4a0,0x0000000765800000)
  to   space 211968K, 0% used [0x0000000750600000,0x0000000750600000,0x000000075d500000)
 ParOldGen       total 522240K, used 471861K [0x00000005cd200000, 0x00000005ed000000, 0x0000000719b80000)
  object space 522240K, 90% used [0x00000005cd200000,0x00000005e9ecd600,0x00000005ed000000)
 Metaspace       used 14726K, capacity 14907K, committed 15104K, reserved 1062912K
  class space    used 1388K, capacity 1450K, committed 1536K, reserved 1048576K
Event: 10,194 GC heap after
Heap after GC invocations=14 (full 2):
 PSYoungGen      total 1029632K, used 13645K [0x0000000719b80000, 0x000000076e880000, 0x00000007c0000000)
  eden space 895488K, 0% used [0x0000000719b80000,0x0000000719b80000,0x0000000750600000)
  from space 134144K, 10% used [0x000000075d500000,0x000000075e253710,0x0000000765800000)
  to   space 211968K, 0% used [0x0000000750600000,0x0000000750600000,0x000000075d500000)
 ParOldGen       total 856576K, used 522121K [0x00000005cd200000, 0x0000000601680000, 0x0000000719b80000)
  object space 856576K, 60% used [0x00000005cd200000,0x00000005ecfe2758,0x0000000601680000)
 Metaspace       used 14726K, capacity 14907K, committed 15104K, reserved 1062912K
  class space    used 1388K, capacity 1450K, committed 1536K, reserved 1048576K
}
Event: 18,663 GC heap before
{Heap before GC invocations=15 (full 2):
 PSYoungGen      total 1029632K, used 909133K [0x0000000719b80000, 0x000000076e880000, 0x00000007c0000000)
  eden space 895488K, 100% used [0x0000000719b80000,0x0000000750600000,0x0000000750600000)
  from space 134144K, 10% used [0x000000075d500000,0x000000075e253710,0x0000000765800000)
  to   space 211968K, 0% used [0x0000000750600000,0x0000000750600000,0x000000075d500000)
 ParOldGen       total 856576K, used 522121K [0x00000005cd200000, 0x0000000601680000, 0x0000000719b80000)
  object space 856576K, 60% used [0x00000005cd200000,0x00000005ecfe2758,0x0000000601680000)
 Metaspace       used 15296K, capacity 15491K, committed 15616K, reserved 1062912K
  class space    used 1439K, capacity 1514K, committed 1536K, reserved 1048576K
Event: 19,375 GC heap after
Heap after GC invocations=15 (full 2):
 PSYoungGen      total 1107456K, used 211966K [0x0000000719b80000, 0x0000000790f80000, 0x00000007c0000000)
  eden space 895488K, 0% used [0x0000000719b80000,0x0000000719b80000,0x0000000750600000)
  from space 211968K, 99% used [0x0000000750600000,0x000000075d4ffad0,0x000000075d500000)
  to   space 353280K, 0% used [0x000000077b680000,0x000000077b680000,0x0000000790f80000)
 ParOldGen       total 856576K, used 805408K [0x00000005cd200000, 0x0000000601680000, 0x0000000719b80000)
  object space 856576K, 94% used [0x00000005cd200000,0x00000005fe488348,0x0000000601680000)
 Metaspace       used 15296K, capacity 15491K, committed 15616K, reserved 1062912K
  class space    used 1439K, capacity 1514K, committed 1536K, reserved 1048576K
}
Event: 19,375 GC heap before
{Heap before GC invocations=16 (full 3):
 PSYoungGen      total 1107456K, used 211966K [0x0000000719b80000, 0x0000000790f80000, 0x00000007c0000000)
  eden space 895488K, 0% used [0x0000000719b80000,0x0000000719b80000,0x0000000750600000)
  from space 211968K, 99% used [0x0000000750600000,0x000000075d4ffad0,0x000000075d500000)
  to   space 353280K, 0% used [0x000000077b680000,0x000000077b680000,0x0000000790f80000)
 ParOldGen       total 856576K, used 805408K [0x00000005cd200000, 0x0000000601680000, 0x0000000719b80000)
  object space 856576K, 94% used [0x00000005cd200000,0x00000005fe488348,0x0000000601680000)
 Metaspace       used 15296K, capacity 15491K, committed 15616K, reserved 1062912K
  class space    used 1439K, capacity 1514K, committed 1536K, reserved 1048576K
Event: 20,358 GC heap after
Heap after GC invocations=16 (full 3):
 PSYoungGen      total 1107456K, used 0K [0x0000000719b80000, 0x0000000790f80000, 0x00000007c0000000)
  eden space 895488K, 0% used [0x0000000719b80000,0x0000000719b80000,0x0000000750600000)
  from space 211968K, 0% used [0x0000000750600000,0x0000000750600000,0x000000075d500000)
  to   space 353280K, 0% used [0x000000077b680000,0x000000077b680000,0x0000000790f80000)
 ParOldGen       total 1019392K, used 554005K [0x00000005cd200000, 0x000000060b580000, 0x0000000719b80000)
  object space 1019392K, 54% used [0x00000005cd200000,0x00000005eef054b8,0x000000060b580000)
 Metaspace       used 15296K, capacity 15491K, committed 15616K, reserved 1062912K
  class space    used 1439K, capacity 1514K, committed 1536K, reserved 1048576K
}
Event: 26,039 GC heap before
{Heap before GC invocations=17 (full 3):
 PSYoungGen      total 1107456K, used 895488K [0x0000000719b80000, 0x0000000790f80000, 0x00000007c0000000)
  eden space 895488K, 100% used [0x0000000719b80000,0x0000000750600000,0x0000000750600000)
  from space 211968K, 0% used [0x0000000750600000,0x0000000750600000,0x000000075d500000)
  to   space 353280K, 0% used [0x000000077b680000,0x000000077b680000,0x0000000790f80000)
 ParOldGen       total 1019392K, used 554005K [0x00000005cd200000, 0x000000060b580000, 0x0000000719b80000)
  object space 1019392K, 54% used [0x00000005cd200000,0x00000005eef054b8,0x000000060b580000)
 Metaspace       used 15319K, capacity 15491K, committed 15616K, reserved 1062912K
  class space    used 1441K, capacity 1514K, committed 1536K, reserved 1048576K
Event: 27,530 GC heap after
Heap after GC invocations=17 (full 3):
 PSYoungGen      total 1336832K, used 353249K [0x0000000719b80000, 0x00000007b1000000, 0x00000007c0000000)
  eden space 983552K, 0% used [0x0000000719b80000,0x0000000719b80000,0x0000000755c00000)
  from space 353280K, 99% used [0x000000077b680000,0x0000000790f78790,0x0000000790f80000)
  to   space 616960K, 0% used [0x0000000755c00000,0x0000000755c00000,0x000000077b680000)
 ParOldGen       total 1094144K, used 1094013K [0x00000005cd200000, 0x000000060fe80000, 0x0000000719b80000)
  object space 1094144K, 99% used [0x00000005cd200000,0x000000060fe5f4b8,0x000000060fe80000)
 Metaspace       used 15319K, capacity 15491K, committed 15616K, reserved 1062912K
  class space    used 1441K, capacity 1514K, committed 1536K, reserved 1048576K
}
Event: 27,530 GC heap before
{Heap before GC invocations=18 (full 4):
 PSYoungGen      total 1336832K, used 353249K [0x0000000719b80000, 0x00000007b1000000, 0x00000007c0000000)
  eden space 983552K, 0% used [0x0000000719b80000,0x0000000719b80000,0x0000000755c00000)
  from space 353280K, 99% used [0x000000077b680000,0x0000000790f78790,0x0000000790f80000)
  to   space 616960K, 0% used [0x0000000755c00000,0x0000000755c00000,0x000000077b680000)
 ParOldGen       total 1094144K, used 1094013K [0x00000005cd200000, 0x000000060fe80000, 0x0000000719b80000)
  object space 1094144K, 99% used [0x00000005cd200000,0x000000060fe5f4b8,0x000000060fe80000)
 Metaspace       used 15319K, capacity 15491K, committed 15616K, reserved 1062912K
  class space    used 1441K, capacity 1514K, committed 1536K, reserved 1048576K
Event: 29,304 GC heap after
Heap after GC invocations=18 (full 4):
 PSYoungGen      total 1336832K, used 0K [0x0000000719b80000, 0x00000007b1000000, 0x00000007c0000000)
  eden space 983552K, 0% used [0x0000000719b80000,0x0000000719b80000,0x0000000755c00000)
  from space 353280K, 0% used [0x000000077b680000,0x000000077b680000,0x0000000790f80000)
  to   space 616960K, 0% used [0x0000000755c00000,0x0000000755c00000,0x000000077b680000)
 ParOldGen       total 1689600K, used 993501K [0x00000005cd200000, 0x0000000634400000, 0x0000000719b80000)
  object space 1689600K, 58% used [0x00000005cd200000,0x0000000609c374f8,0x0000000634400000)
 Metaspace       used 15319K, capacity 15491K, committed 15616K, reserved 1062912K
  class space    used 1441K, capacity 1514K, committed 1536K, reserved 1048576K
}

