# JRE version: Java(TM) SE Runtime Environment (8.0_201-b09) (build 1.8.0_201-b09)
# Java VM: Java HotSpot(TM) 64-Bit Server VM (25.201-b09 mixed mode linux-amd64 compressed oops)
Heap:
 PSYoungGen      total 2127360K, used 776826K [0x0000000719b80000, 0x00000007c0000000, 0x00000007c0000000)
  eden space 1586688K, 48% used [0x0000000719b80000,0x0000000748fe69a0,0x000000077a900000)
  from space 540672K, 0% used [0x000000077a900000,0x000000077ab38000,0x000000079b900000)
  to   space 534016K, 0% used [0x000000079f680000,0x000000079f680000,0x00000007c0000000)
 ParOldGen       total 1317376K, used 755274K [0x00000005cd200000, 0x000000061d880000, 0x0000000719b80000)
  object space 1317376K, 57% used [0x00000005cd200000,0x00000005fb392a20,0x000000061d880000)
 Metaspace       used 14961K, capacity 15139K, committed 15360K, reserved 1062912K
  class space    used 1413K, capacity 1482K, committed 1536K, reserved 1048576K
GC Heap History (10 events):
Event: 22,014 GC heap before
{Heap before GC invocations=15 (full 1):
 PSYoungGen      total 1426432K, used 1415036K [0x0000000719b80000, 0x0000000798d00000, 0x00000007c0000000)
  eden space 1136128K, 100% used [0x0000000719b80000,0x000000075f100000,0x000000075f100000)
  from space 290304K, 96% used [0x000000075f100000,0x000000077015f0e8,0x0000000770c80000)
  to   space 342016K, 0% used [0x0000000783f00000,0x0000000783f00000,0x0000000798d00000)
 ParOldGen       total 1069056K, used 687379K [0x00000005cd200000, 0x000000060e600000, 0x0000000719b80000)
  object space 1069056K, 64% used [0x00000005cd200000,0x00000005f7144e78,0x000000060e600000)
 Metaspace       used 14919K, capacity 15075K, committed 15360K, reserved 1062912K
  class space    used 1413K, capacity 1482K, committed 1536K, reserved 1048576K
Event: 22,110 GC heap after
Heap after GC invocations=15 (full 1):
 PSYoungGen      total 1705472K, used 262200K [0x0000000719b80000, 0x00000007a3280000, 0x00000007c0000000)
  eden space 1363456K, 0% used [0x0000000719b80000,0x0000000719b80000,0x000000076cf00000)
  from space 342016K, 76% used [0x0000000783f00000,0x0000000793f0e268,0x0000000798d00000)
  to   space 376832K, 0% used [0x000000076cf00000,0x000000076cf00000,0x0000000783f00000)
 ParOldGen       total 1069056K, used 687387K [0x00000005cd200000, 0x000000060e600000, 0x0000000719b80000)
  object space 1069056K, 64% used [0x00000005cd200000,0x00000005f7146e78,0x000000060e600000)
 Metaspace       used 14919K, capacity 15075K, committed 15360K, reserved 1062912K
  class space    used 1413K, capacity 1482K, committed 1536K, reserved 1048576K
}
Event: 26,696 GC heap before
{Heap before GC invocations=16 (full 1):
 PSYoungGen      total 1705472K, used 1625656K [0x0000000719b80000, 0x00000007a3280000, 0x00000007c0000000)
  eden space 1363456K, 100% used [0x0000000719b80000,0x000000076cf00000,0x000000076cf00000)
  from space 342016K, 76% used [0x0000000783f00000,0x0000000793f0e268,0x0000000798d00000)
  to   space 376832K, 0% used [0x000000076cf00000,0x000000076cf00000,0x0000000783f00000)
 ParOldGen       total 1069056K, used 687387K [0x00000005cd200000, 0x000000060e600000, 0x0000000719b80000)
  object space 1069056K, 64% used [0x00000005cd200000,0x00000005f7146e78,0x000000060e600000)
 Metaspace       used 14945K, capacity 15139K, committed 15360K, reserved 1062912K
  class space    used 1413K, capacity 1482K, committed 1536K, reserved 1048576K
Event: 26,781 GC heap after
Heap after GC invocations=16 (full 1):
 PSYoungGen      total 1740288K, used 187554K [0x0000000719b80000, 0x00000007b2880000, 0x00000007c0000000)
  eden space 1363456K, 0% used [0x0000000719b80000,0x0000000719b80000,0x000000076cf00000)
  from space 376832K, 49% used [0x000000076cf00000,0x0000000778628810,0x0000000783f00000)
  to   space 376320K, 0% used [0x000000079b900000,0x000000079b900000,0x00000007b2880000)
 ParOldGen       total 1069056K, used 693270K [0x00000005cd200000, 0x000000060e600000, 0x0000000719b80000)
  object space 1069056K, 64% used [0x00000005cd200000,0x00000005f77058e0,0x000000060e600000)
 Metaspace       used 14945K, capacity 15139K, committed 15360K, reserved 1062912K
  class space    used 1413K, capacity 1482K, committed 1536K, reserved 1048576K
}
Event: 33,804 GC heap before
{Heap before GC invocations=17 (full 1):
 PSYoungGen      total 1740288K, used 1551010K [0x0000000719b80000, 0x00000007b2880000, 0x00000007c0000000)
  eden space 1363456K, 100% used [0x0000000719b80000,0x000000076cf00000,0x000000076cf00000)
  from space 376832K, 49% used [0x000000076cf00000,0x0000000778628810,0x0000000783f00000)
  to   space 376320K, 0% used [0x000000079b900000,0x000000079b900000,0x00000007b2880000)
 ParOldGen       total 1069056K, used 693270K [0x00000005cd200000, 0x000000060e600000, 0x0000000719b80000)
  object space 1069056K, 64% used [0x00000005cd200000,0x00000005f77058e0,0x000000060e600000)
 Metaspace       used 14959K, capacity 15139K, committed 15360K, reserved 1062912K
  class space    used 1413K, capacity 1482K, committed 1536K, reserved 1048576K
Event: 34,732 GC heap after
Heap after GC invocations=17 (full 1):
 PSYoungGen      total 1963008K, used 376317K [0x0000000719b80000, 0x00000007c0000000, 0x00000007c0000000)
  eden space 1586688K, 0% used [0x0000000719b80000,0x0000000719b80000,0x000000077a900000)
  from space 376320K, 99% used [0x000000079b900000,0x00000007b287f450,0x00000007b2880000)
  to   space 540672K, 0% used [0x000000077a900000,0x000000077a900000,0x000000079b900000)
 ParOldGen       total 1069056K, used 954790K [0x00000005cd200000, 0x000000060e600000, 0x0000000719b80000)
  object space 1069056K, 89% used [0x00000005cd200000,0x00000006076698e0,0x000000060e600000)
 Metaspace       used 14959K, capacity 15139K, committed 15360K, reserved 1062912K
  class space    used 1413K, capacity 1482K, committed 1536K, reserved 1048576K
}
Event: 34,732 GC heap before
{Heap before GC invocations=18 (full 2):
 PSYoungGen      total 1963008K, used 376317K [0x0000000719b80000, 0x00000007c0000000, 0x00000007c0000000)
  eden space 1586688K, 0% used [0x0000000719b80000,0x0000000719b80000,0x000000077a900000)
  from space 376320K, 99% used [0x000000079b900000,0x00000007b287f450,0x00000007b2880000)
  to   space 540672K, 0% used [0x000000077a900000,0x000000077a900000,0x000000079b900000)
 ParOldGen       total 1069056K, used 954790K [0x00000005cd200000, 0x000000060e600000, 0x0000000719b80000)
  object space 1069056K, 89% used [0x00000005cd200000,0x00000006076698e0,0x000000060e600000)
 Metaspace       used 14959K, capacity 15139K, committed 15360K, reserved 1062912K
  class space    used 1413K, capacity 1482K, committed 1536K, reserved 1048576K
Event: 35,751 GC heap after
Heap after GC invocations=18 (full 2):
 PSYoungGen      total 1963008K, used 0K [0x0000000719b80000, 0x00000007c0000000, 0x00000007c0000000)
  eden space 1586688K, 0% used [0x0000000719b80000,0x0000000719b80000,0x000000077a900000)
  from space 376320K, 0% used [0x000000079b900000,0x000000079b900000,0x00000007b2880000)
  to   space 540672K, 0% used [0x000000077a900000,0x000000077a900000,0x000000079b900000)
 ParOldGen       total 1317376K, used 755274K [0x00000005cd200000, 0x000000061d880000, 0x0000000719b80000)
  object space 1317376K, 57% used [0x00000005cd200000,0x00000005fb392a20,0x000000061d880000)
 Metaspace       used 14959K, capacity 15139K, committed 15360K, reserved 1062912K
  class space    used 1413K, capacity 1482K, committed 1536K, reserved 1048576K
}
Event: 36,314 GC heap before
{Heap before GC invocations=19 (full 2):
 PSYoungGen      total 1963008K, used 1586688K [0x0000000719b80000, 0x00000007c0000000, 0x00000007c0000000)
  eden space 1586688K, 100% used [0x0000000719b80000,0x000000077a900000,0x000000077a900000)
  from space 376320K, 0% used [0x000000079b900000,0x000000079b900000,0x00000007b2880000)
  to   space 540672K, 0% used [0x000000077a900000,0x000000077a900000,0x000000079b900000)
 ParOldGen       total 1317376K, used 755274K [0x00000005cd200000, 0x000000061d880000, 0x0000000719b80000)
  object space 1317376K, 57% used [0x00000005cd200000,0x00000005fb392a20,0x000000061d880000)
 Metaspace       used 14959K, capacity 15139K, committed 15360K, reserved 1062912K
  class space    used 1413K, capacity 1482K, committed 1536K, reserved 1048576K
Event: 36,331 GC heap after
Heap after GC invocations=19 (full 2):
 PSYoungGen      total 2127360K, used 2272K [0x0000000719b80000, 0x00000007c0000000, 0x00000007c0000000)
  eden space 1586688K, 0% used [0x0000000719b80000,0x0000000719b80000,0x000000077a900000)
  from space 540672K, 0% used [0x000000077a900000,0x000000077ab38000,0x000000079b900000)
  to   space 534016K, 0% used [0x000000079f680000,0x000000079f680000,0x00000007c0000000)
 ParOldGen       total 1317376K, used 755274K [0x00000005cd200000, 0x000000061d880000, 0x0000000719b80000)
  object space 1317376K, 57% used [0x00000005cd200000,0x00000005fb392a20,0x000000061d880000)
 Metaspace       used 14959K, capacity 15139K, committed 15360K, reserved 1062912K
  class space    used 1413K, capacity 1482K, committed 1536K, reserved 1048576K
}

