# JRE version: Java(TM) SE Runtime Environment (8.0_201-b09) (build 1.8.0_201-b09)
# Java VM: Java HotSpot(TM) 64-Bit Server VM (25.201-b09 mixed mode linux-amd64 compressed oops)
Heap:
 PSYoungGen      total 1577472K, used 533342K [0x0000000719b80000, 0x00000007c0000000, 0x00000007c0000000)
  eden space 1071104K, 49% used [0x0000000719b80000,0x000000073a457820,0x000000075b180000)
  from space 506368K, 0% used [0x000000075b180000,0x000000075b180000,0x000000077a000000)
  to   space 791552K, 0% used [0x000000078fb00000,0x000000078fb00000,0x00000007c0000000)
 ParOldGen       total 1957376K, used 1129894K [0x00000005cd200000, 0x0000000644980000, 0x0000000719b80000)
  object space 1957376K, 57% used [0x00000005cd200000,0x0000000612169930,0x0000000644980000)
 Metaspace       used 15232K, capacity 15427K, committed 15616K, reserved 1062912K
  class space    used 1441K, capacity 1514K, committed 1536K, reserved 1048576K
GC Heap History (10 events):
Event: 18,110 GC heap before
{Heap before GC invocations=15 (full 2):
 PSYoungGen      total 1040896K, used 131062K [0x0000000719b80000, 0x0000000788400000, 0x00000007c0000000)
  eden space 909824K, 0% used [0x0000000719b80000,0x0000000719b80000,0x0000000751400000)
  from space 131072K, 99% used [0x0000000751400000,0x00000007593fdbb0,0x0000000759400000)
  to   space 233472K, 0% used [0x000000077a000000,0x000000077a000000,0x0000000788400000)
 ParOldGen       total 642048K, used 641554K [0x00000005cd200000, 0x00000005f4500000, 0x0000000719b80000)
  object space 642048K, 99% used [0x00000005cd200000,0x00000005f4484b38,0x00000005f4500000)
 Metaspace       used 15201K, capacity 15427K, committed 15616K, reserved 1062912K
  class space    used 1440K, capacity 1514K, committed 1536K, reserved 1048576K
Event: 18,823 GC heap after
Heap after GC invocations=15 (full 2):
 PSYoungGen      total 1040896K, used 0K [0x0000000719b80000, 0x0000000788400000, 0x00000007c0000000)
  eden space 909824K, 0% used [0x0000000719b80000,0x0000000719b80000,0x0000000751400000)
  from space 131072K, 0% used [0x0000000751400000,0x0000000751400000,0x0000000759400000)
  to   space 233472K, 0% used [0x000000077a000000,0x000000077a000000,0x0000000788400000)
 ParOldGen       total 799744K, used 430953K [0x00000005cd200000, 0x00000005fdf00000, 0x0000000719b80000)
  object space 799744K, 53% used [0x00000005cd200000,0x00000005e76da6c0,0x00000005fdf00000)
 Metaspace       used 15201K, capacity 15427K, committed 15616K, reserved 1062912K
  class space    used 1440K, capacity 1514K, committed 1536K, reserved 1048576K
}
Event: 24,456 GC heap before
{Heap before GC invocations=16 (full 2):
 PSYoungGen      total 1040896K, used 909824K [0x0000000719b80000, 0x0000000788400000, 0x00000007c0000000)
  eden space 909824K, 100% used [0x0000000719b80000,0x0000000751400000,0x0000000751400000)
  from space 131072K, 0% used [0x0000000751400000,0x0000000751400000,0x0000000759400000)
  to   space 233472K, 0% used [0x000000077a000000,0x000000077a000000,0x0000000788400000)
 ParOldGen       total 799744K, used 430953K [0x00000005cd200000, 0x00000005fdf00000, 0x0000000719b80000)
  object space 799744K, 53% used [0x00000005cd200000,0x00000005e76da6c0,0x00000005fdf00000)
 Metaspace       used 15224K, capacity 15427K, committed 15616K, reserved 1062912K
  class space    used 1441K, capacity 1514K, committed 1536K, reserved 1048576K
Event: 26,028 GC heap after
Heap after GC invocations=16 (full 2):
 PSYoungGen      total 1304576K, used 233441K [0x0000000719b80000, 0x00000007a8200000, 0x00000007c0000000)
  eden space 1071104K, 0% used [0x0000000719b80000,0x0000000719b80000,0x000000075b180000)
  from space 233472K, 99% used [0x000000077a000000,0x00000007883f8790,0x0000000788400000)
  to   space 506368K, 0% used [0x000000075b180000,0x000000075b180000,0x000000077a000000)
 ParOldGen       total 1062400K, used 1062041K [0x00000005cd200000, 0x000000060df80000, 0x0000000719b80000)
  object space 1062400K, 99% used [0x00000005cd200000,0x000000060df266c0,0x000000060df80000)
 Metaspace       used 15224K, capacity 15427K, committed 15616K, reserved 1062912K
  class space    used 1441K, capacity 1514K, committed 1536K, reserved 1048576K
}
Event: 26,028 GC heap before
{Heap before GC invocations=17 (full 3):
 PSYoungGen      total 1304576K, used 233441K [0x0000000719b80000, 0x00000007a8200000, 0x00000007c0000000)
  eden space 1071104K, 0% used [0x0000000719b80000,0x0000000719b80000,0x000000075b180000)
  from space 233472K, 99% used [0x000000077a000000,0x00000007883f8790,0x0000000788400000)
  to   space 506368K, 0% used [0x000000075b180000,0x000000075b180000,0x000000077a000000)
 ParOldGen       total 1062400K, used 1062041K [0x00000005cd200000, 0x000000060df80000, 0x0000000719b80000)
  object space 1062400K, 99% used [0x00000005cd200000,0x000000060df266c0,0x000000060df80000)
 Metaspace       used 15224K, capacity 15427K, committed 15616K, reserved 1062912K
  class space    used 1441K, capacity 1514K, committed 1536K, reserved 1048576K
Event: 28,195 GC heap after
Heap after GC invocations=17 (full 3):
 PSYoungGen      total 1304576K, used 0K [0x0000000719b80000, 0x00000007a8200000, 0x00000007c0000000)
  eden space 1071104K, 0% used [0x0000000719b80000,0x0000000719b80000,0x000000075b180000)
  from space 233472K, 0% used [0x000000077a000000,0x000000077a000000,0x0000000788400000)
  to   space 506368K, 0% used [0x000000075b180000,0x000000075b180000,0x000000077a000000)
 ParOldGen       total 1591296K, used 964664K [0x00000005cd200000, 0x000000062e400000, 0x0000000719b80000)
  object space 1591296K, 60% used [0x00000005cd200000,0x000000060800e1d8,0x000000062e400000)
 Metaspace       used 15224K, capacity 15427K, committed 15616K, reserved 1062912K
  class space    used 1441K, capacity 1514K, committed 1536K, reserved 1048576K
}
Event: 35,452 GC heap before
{Heap before GC invocations=18 (full 3):
 PSYoungGen      total 1304576K, used 1071104K [0x0000000719b80000, 0x00000007a8200000, 0x00000007c0000000)
  eden space 1071104K, 100% used [0x0000000719b80000,0x000000075b180000,0x000000075b180000)
  from space 233472K, 0% used [0x000000077a000000,0x000000077a000000,0x0000000788400000)
  to   space 506368K, 0% used [0x000000075b180000,0x000000075b180000,0x000000077a000000)
 ParOldGen       total 1591296K, used 964664K [0x00000005cd200000, 0x000000062e400000, 0x0000000719b80000)
  object space 1591296K, 60% used [0x00000005cd200000,0x000000060800e1d8,0x000000062e400000)
 Metaspace       used 15228K, capacity 15427K, committed 15616K, reserved 1062912K
  class space    used 1441K, capacity 1514K, committed 1536K, reserved 1048576K
Event: 37,072 GC heap after
Heap after GC invocations=18 (full 3):
 PSYoungGen      total 1577472K, used 506337K [0x0000000719b80000, 0x00000007c0000000, 0x00000007c0000000)
  eden space 1071104K, 0% used [0x0000000719b80000,0x0000000719b80000,0x000000075b180000)
  from space 506368K, 99% used [0x000000075b180000,0x0000000779ff8790,0x000000077a000000)
  to   space 791552K, 0% used [0x000000078fb00000,0x000000078fb00000,0x00000007c0000000)
 ParOldGen       total 1591296K, used 1488184K [0x00000005cd200000, 0x000000062e400000, 0x0000000719b80000)
  object space 1591296K, 93% used [0x00000005cd200000,0x0000000627f4e1d8,0x000000062e400000)
 Metaspace       used 15228K, capacity 15427K, committed 15616K, reserved 1062912K
  class space    used 1441K, capacity 1514K, committed 1536K, reserved 1048576K
}
Event: 37,072 GC heap before
{Heap before GC invocations=19 (full 4):
 PSYoungGen      total 1577472K, used 506337K [0x0000000719b80000, 0x00000007c0000000, 0x00000007c0000000)
  eden space 1071104K, 0% used [0x0000000719b80000,0x0000000719b80000,0x000000075b180000)
  from space 506368K, 99% used [0x000000075b180000,0x0000000779ff8790,0x000000077a000000)
  to   space 791552K, 0% used [0x000000078fb00000,0x000000078fb00000,0x00000007c0000000)
 ParOldGen       total 1591296K, used 1488184K [0x00000005cd200000, 0x000000062e400000, 0x0000000719b80000)
  object space 1591296K, 93% used [0x00000005cd200000,0x0000000627f4e1d8,0x000000062e400000)
 Metaspace       used 15228K, capacity 15427K, committed 15616K, reserved 1062912K
  class space    used 1441K, capacity 1514K, committed 1536K, reserved 1048576K
Event: 38,790 GC heap after
Heap after GC invocations=19 (full 4):
 PSYoungGen      total 1577472K, used 0K [0x0000000719b80000, 0x00000007c0000000, 0x00000007c0000000)
  eden space 1071104K, 0% used [0x0000000719b80000,0x0000000719b80000,0x000000075b180000)
  from space 506368K, 0% used [0x000000075b180000,0x000000075b180000,0x000000077a000000)
  to   space 791552K, 0% used [0x000000078fb00000,0x000000078fb00000,0x00000007c0000000)
 ParOldGen       total 1957376K, used 1129894K [0x00000005cd200000, 0x0000000644980000, 0x0000000719b80000)
  object space 1957376K, 57% used [0x00000005cd200000,0x0000000612169930,0x0000000644980000)
 Metaspace       used 15228K, capacity 15427K, committed 15616K, reserved 1062912K
  class space    used 1441K, capacity 1514K, committed 1536K, reserved 1048576K
}

