# JRE version: Java(TM) SE Runtime Environment (8.0_201-b09) (build 1.8.0_201-b09)
# Java VM: Java HotSpot(TM) 64-Bit Server VM (25.201-b09 mixed mode linux-amd64 compressed oops)
Heap:
 PSYoungGen      total 1595904K, used 452967K [0x00000005a2580000, 0x0000000681580000, 0x00000007c0000000)
  eden space 1190400K, 3% used [0x00000005a2580000,0x00000005a53da438,0x00000005eb000000)
  from space 405504K, 99% used [0x0000000626000000,0x000000063ebff820,0x000000063ec00000)
  to   space 966656K, 0% used [0x00000005eb000000,0x00000005eb000000,0x0000000626000000)
 ParOldGen       total 10834944K, used 1616351K [0x0000000167000000, 0x00000003fc500000, 0x00000005a2580000)
  object space 10834944K, 14% used [0x0000000167000000,0x00000001c9a77c08,0x00000003fc500000)
 Metaspace       used 15796K, capacity 16017K, committed 16256K, reserved 1064960K
  class space    used 1459K, capacity 1544K, committed 1664K, reserved 1048576K
GC Heap History (10 events):
Event: 116,920 GC heap before
{Heap before GC invocations=66 (full 9):
 PSYoungGen      total 2079232K, used 1735168K [0x00000005a2580000, 0x000000063a300000, 0x00000007c0000000)
  eden space 1735168K, 100% used [0x00000005a2580000,0x000000060c400000,0x000000060c400000)
  from space 344064K, 0% used [0x0000000625300000,0x0000000625300000,0x000000063a300000)
  to   space 376320K, 0% used [0x000000060c400000,0x000000060c400000,0x0000000623380000)
 ParOldGen       total 10834944K, used 8676754K [0x0000000167000000, 0x00000003fc500000, 0x00000005a2580000)
  object space 10834944K, 80% used [0x0000000167000000,0x00000003789649b8,0x00000003fc500000)
 Metaspace       used 15712K, capacity 15889K, committed 16256K, reserved 1064960K
  class space    used 1456K, capacity 1544K, committed 1664K, reserved 1048576K
Event: 116,930 GC heap after
Heap after GC invocations=66 (full 9):
 PSYoungGen      total 1735680K, used 0K [0x00000005a2580000, 0x0000000637a80000, 0x00000007c0000000)
  eden space 1735168K, 0% used [0x00000005a2580000,0x00000005a2580000,0x000000060c400000)
  from space 512K, 0% used [0x000000060c400000,0x000000060c400000,0x000000060c480000)
  to   space 346624K, 0% used [0x0000000622800000,0x0000000622800000,0x0000000637a80000)
 ParOldGen       total 10834944K, used 8676754K [0x0000000167000000, 0x00000003fc500000, 0x00000005a2580000)
  object space 10834944K, 80% used [0x0000000167000000,0x00000003789649b8,0x00000003fc500000)
 Metaspace       used 15712K, capacity 15889K, committed 16256K, reserved 1064960K
  class space    used 1456K, capacity 1544K, committed 1664K, reserved 1048576K
}
Event: 119,222 GC heap before
{Heap before GC invocations=67 (full 9):
 PSYoungGen      total 1735680K, used 1735168K [0x00000005a2580000, 0x0000000637a80000, 0x00000007c0000000)
  eden space 1735168K, 100% used [0x00000005a2580000,0x000000060c400000,0x000000060c400000)
  from space 512K, 0% used [0x000000060c400000,0x000000060c400000,0x000000060c480000)
  to   space 346624K, 0% used [0x0000000622800000,0x0000000622800000,0x0000000637a80000)
 ParOldGen       total 10834944K, used 8676754K [0x0000000167000000, 0x00000003fc500000, 0x00000005a2580000)
  object space 10834944K, 80% used [0x0000000167000000,0x00000003789649b8,0x00000003fc500000)
 Metaspace       used 15785K, capacity 16017K, committed 16256K, reserved 1064960K
  class space    used 1458K, capacity 1544K, committed 1664K, reserved 1048576K
Event: 119,265 GC heap after
Heap after GC invocations=67 (full 9):
 PSYoungGen      total 2013184K, used 346546K [0x00000005a2580000, 0x0000000642200000, 0x00000007c0000000)
  eden space 1666560K, 0% used [0x00000005a2580000,0x00000005a2580000,0x0000000608100000)
  from space 346624K, 99% used [0x0000000622800000,0x0000000637a6c9b0,0x0000000637a80000)
  to   space 433152K, 0% used [0x0000000608100000,0x0000000608100000,0x0000000622800000)
 ParOldGen       total 10834944K, used 8685012K [0x0000000167000000, 0x00000003fc500000, 0x00000005a2580000)
  object space 10834944K, 80% used [0x0000000167000000,0x0000000379175318,0x00000003fc500000)
 Metaspace       used 15785K, capacity 16017K, committed 16256K, reserved 1064960K
  class space    used 1458K, capacity 1544K, committed 1664K, reserved 1048576K
}
Event: 124,557 GC heap before
{Heap before GC invocations=68 (full 9):
 PSYoungGen      total 2013184K, used 786417K [0x00000005a2580000, 0x0000000642200000, 0x00000007c0000000)
  eden space 1666560K, 26% used [0x00000005a2580000,0x00000005bd30fd48,0x0000000608100000)
  from space 346624K, 99% used [0x0000000622800000,0x0000000637a6c9b0,0x0000000637a80000)
  to   space 433152K, 0% used [0x0000000608100000,0x0000000608100000,0x0000000622800000)
 ParOldGen       total 10834944K, used 8685012K [0x0000000167000000, 0x00000003fc500000, 0x00000005a2580000)
  object space 10834944K, 80% used [0x0000000167000000,0x0000000379175318,0x00000003fc500000)
 Metaspace       used 15796K, capacity 16017K, committed 16256K, reserved 1064960K
  class space    used 1459K, capacity 1544K, committed 1664K, reserved 1048576K
Event: 124,566 GC heap after
Heap after GC invocations=68 (full 9):
 PSYoungGen      total 2099712K, used 128K [0x00000005a2580000, 0x000000063ec00000, 0x00000007c0000000)
  eden space 1666560K, 0% used [0x00000005a2580000,0x00000005a2580000,0x0000000608100000)
  from space 433152K, 0% used [0x0000000608100000,0x0000000608120000,0x0000000622800000)
  to   space 405504K, 0% used [0x0000000626000000,0x0000000626000000,0x000000063ec00000)
 ParOldGen       total 10834944K, used 8685020K [0x0000000167000000, 0x00000003fc500000, 0x00000005a2580000)
  object space 10834944K, 80% used [0x0000000167000000,0x0000000379177318,0x00000003fc500000)
 Metaspace       used 15796K, capacity 16017K, committed 16256K, reserved 1064960K
  class space    used 1459K, capacity 1544K, committed 1664K, reserved 1048576K
}
Event: 124,566 GC heap before
{Heap before GC invocations=69 (full 10):
 PSYoungGen      total 2099712K, used 128K [0x00000005a2580000, 0x000000063ec00000, 0x00000007c0000000)
  eden space 1666560K, 0% used [0x00000005a2580000,0x00000005a2580000,0x0000000608100000)
  from space 433152K, 0% used [0x0000000608100000,0x0000000608120000,0x0000000622800000)
  to   space 405504K, 0% used [0x0000000626000000,0x0000000626000000,0x000000063ec00000)
 ParOldGen       total 10834944K, used 8685020K [0x0000000167000000, 0x00000003fc500000, 0x00000005a2580000)
  object space 10834944K, 80% used [0x0000000167000000,0x0000000379177318,0x00000003fc500000)
 Metaspace       used 15796K, capacity 16017K, committed 16256K, reserved 1064960K
  class space    used 1459K, capacity 1544K, committed 1664K, reserved 1048576K
Event: 124,587 GC heap after
Heap after GC invocations=69 (full 10):
 PSYoungGen      total 2099712K, used 0K [0x00000005a2580000, 0x000000063ec00000, 0x00000007c0000000)
  eden space 1666560K, 0% used [0x00000005a2580000,0x00000005a2580000,0x0000000608100000)
  from space 433152K, 0% used [0x0000000608100000,0x0000000608100000,0x0000000622800000)
  to   space 405504K, 0% used [0x0000000626000000,0x0000000626000000,0x000000063ec00000)
 ParOldGen       total 10834944K, used 357695K [0x0000000167000000, 0x00000003fc500000, 0x00000005a2580000)
  object space 10834944K, 3% used [0x0000000167000000,0x000000017cd4fe28,0x00000003fc500000)
 Metaspace       used 15796K, capacity 16017K, committed 16256K, reserved 1064960K
  class space    used 1459K, capacity 1544K, committed 1664K, reserved 1048576K
}
Event: 129,085 GC heap before
{Heap before GC invocations=70 (full 10):
 PSYoungGen      total 2099712K, used 1666560K [0x00000005a2580000, 0x000000063ec00000, 0x00000007c0000000)
  eden space 1666560K, 100% used [0x00000005a2580000,0x0000000608100000,0x0000000608100000)
  from space 433152K, 0% used [0x0000000608100000,0x0000000608100000,0x0000000622800000)
  to   space 405504K, 0% used [0x0000000626000000,0x0000000626000000,0x000000063ec00000)
 ParOldGen       total 10834944K, used 357695K [0x0000000167000000, 0x00000003fc500000, 0x00000005a2580000)
  object space 10834944K, 3% used [0x0000000167000000,0x000000017cd4fe28,0x00000003fc500000)
 Metaspace       used 15796K, capacity 16017K, committed 16256K, reserved 1064960K
  class space    used 1459K, capacity 1544K, committed 1664K, reserved 1048576K
Event: 131,561 GC heap after
Heap after GC invocations=70 (full 10):
 PSYoungGen      total 1595904K, used 405502K [0x00000005a2580000, 0x0000000681580000, 0x00000007c0000000)
  eden space 1190400K, 0% used [0x00000005a2580000,0x00000005a2580000,0x00000005eb000000)
  from space 405504K, 99% used [0x0000000626000000,0x000000063ebff820,0x000000063ec00000)
  to   space 966656K, 0% used [0x00000005eb000000,0x00000005eb000000,0x0000000626000000)
 ParOldGen       total 10834944K, used 1616351K [0x0000000167000000, 0x00000003fc500000, 0x00000005a2580000)
  object space 10834944K, 14% used [0x0000000167000000,0x00000001c9a77c08,0x00000003fc500000)
 Metaspace       used 15796K, capacity 16017K, committed 16256K, reserved 1064960K
  class space    used 1459K, capacity 1544K, committed 1664K, reserved 1048576K
}

