# JRE version: Java(TM) SE Runtime Environment (8.0_201-b09) (build 1.8.0_201-b09)
# Java VM: Java HotSpot(TM) 64-Bit Server VM (25.201-b09 mixed mode linux-amd64 compressed oops)
Heap:
 PSYoungGen      total 3479040K, used 843755K [0x00000005a2580000, 0x000000072d880000, 0x00000007c0000000)
  eden space 1861632K, 0% used [0x00000005a2580000,0x00000005a2580000,0x0000000613f80000)
  from space 1617408K, 52% used [0x0000000613f80000,0x000000064777ae70,0x0000000676b00000)
  to   space 1895936K, 0% used [0x00000006b9d00000,0x00000006b9d00000,0x000000072d880000)
 ParOldGen       total 8888832K, used 8888615K [0x0000000167000000, 0x0000000385880000, 0x00000005a2580000)
  object space 8888832K, 99% used [0x0000000167000000,0x0000000385849dc0,0x0000000385880000)
 Metaspace       used 15763K, capacity 15920K, committed 16256K, reserved 1064960K
  class space    used 1522K, capacity 1581K, committed 1664K, reserved 1048576K
GC Heap History (10 events):
Event: 76,951 GC heap after
Heap after GC invocations=21 (full 8):
 PSYoungGen      total 2594816K, used 1217449K [0x00000005a2580000, 0x00000006ce400000, 0x00000007c0000000)
  eden space 1373184K, 0% used [0x00000005a2580000,0x00000005a2580000,0x00000005f6280000)
  from space 1221632K, 99% used [0x00000005f6280000,0x000000064076a570,0x0000000640b80000)
  to   space 1434624K, 0% used [0x0000000676b00000,0x0000000676b00000,0x00000006ce400000)
 ParOldGen       total 6089728K, used 5679233K [0x0000000167000000, 0x00000002dab00000, 0x00000005a2580000)
  object space 6089728K, 93% used [0x0000000167000000,0x00000002c1a204a8,0x00000002dab00000)
 Metaspace       used 15734K, capacity 15920K, committed 16256K, reserved 1064960K
  class space    used 1522K, capacity 1581K, committed 1664K, reserved 1048576K
}
Event: 76,954 GC heap before
{Heap before GC invocations=22 (full 9):
 PSYoungGen      total 2594816K, used 1217449K [0x00000005a2580000, 0x00000006ce400000, 0x00000007c0000000)
  eden space 1373184K, 0% used [0x00000005a2580000,0x00000005a2580000,0x00000005f6280000)
  from space 1221632K, 99% used [0x00000005f6280000,0x000000064076a570,0x0000000640b80000)
  to   space 1434624K, 0% used [0x0000000676b00000,0x0000000676b00000,0x00000006ce400000)
 ParOldGen       total 6089728K, used 5679233K [0x0000000167000000, 0x00000002dab00000, 0x00000005a2580000)
  object space 6089728K, 93% used [0x0000000167000000,0x00000002c1a204a8,0x00000002dab00000)
 Metaspace       used 15734K, capacity 15920K, committed 16256K, reserved 1064960K
  class space    used 1522K, capacity 1581K, committed 1664K, reserved 1048576K
Event: 78,446 GC heap after
Heap after GC invocations=22 (full 9):
 PSYoungGen      total 2594816K, used 809922K [0x00000005a2580000, 0x00000006ce400000, 0x00000007c0000000)
  eden space 1373184K, 0% used [0x00000005a2580000,0x00000005a2580000,0x00000005f6280000)
  from space 1221632K, 66% used [0x00000005f6280000,0x0000000627970970,0x0000000640b80000)
  to   space 1434624K, 0% used [0x0000000676b00000,0x0000000676b00000,0x00000006ce400000)
 ParOldGen       total 7428608K, used 6086420K [0x0000000167000000, 0x000000032c680000, 0x00000005a2580000)
  object space 7428608K, 81% used [0x0000000167000000,0x00000002da7c5138,0x000000032c680000)
 Metaspace       used 15734K, capacity 15920K, committed 16256K, reserved 1064960K
  class space    used 1522K, capacity 1581K, committed 1664K, reserved 1048576K
}
Event: 86,449 GC heap before
{Heap before GC invocations=23 (full 9):
 PSYoungGen      total 2594816K, used 2180867K [0x00000005a2580000, 0x00000006ce400000, 0x00000007c0000000)
  eden space 1373184K, 99% used [0x00000005a2580000,0x00000005f6050558,0x00000005f6280000)
  from space 1221632K, 66% used [0x00000005f6280000,0x0000000627970970,0x0000000640b80000)
  to   space 1434624K, 0% used [0x0000000676b00000,0x0000000676b00000,0x00000006ce400000)
 ParOldGen       total 7428608K, used 6086420K [0x0000000167000000, 0x000000032c680000, 0x00000005a2580000)
  object space 7428608K, 81% used [0x0000000167000000,0x00000002da7c5138,0x000000032c680000)
 Metaspace       used 15750K, capacity 15920K, committed 16256K, reserved 1064960K
  class space    used 1522K, capacity 1581K, committed 1664K, reserved 1048576K
Event: 92,532 GC heap after
Heap after GC invocations=23 (full 9):
 PSYoungGen      total 3296256K, used 1251106K [0x00000005a2580000, 0x00000006e3700000, 0x00000007c0000000)
  eden space 1861632K, 0% used [0x00000005a2580000,0x00000005a2580000,0x0000000613f80000)
  from space 1434624K, 87% used [0x0000000676b00000,0x00000006c30c8970,0x00000006ce400000)
  to   space 1617408K, 0% used [0x0000000613f80000,0x0000000613f80000,0x0000000676b00000)
 ParOldGen       total 7428608K, used 6896367K [0x0000000167000000, 0x000000032c680000, 0x00000005a2580000)
  object space 7428608K, 92% used [0x0000000167000000,0x000000030bebbd18,0x000000032c680000)
 Metaspace       used 15750K, capacity 15920K, committed 16256K, reserved 1064960K
  class space    used 1522K, capacity 1581K, committed 1664K, reserved 1048576K
}
Event: 92,537 GC heap before
{Heap before GC invocations=24 (full 10):
 PSYoungGen      total 3296256K, used 1251106K [0x00000005a2580000, 0x00000006e3700000, 0x00000007c0000000)
  eden space 1861632K, 0% used [0x00000005a2580000,0x00000005a2580000,0x0000000613f80000)
  from space 1434624K, 87% used [0x0000000676b00000,0x00000006c30c8970,0x00000006ce400000)
  to   space 1617408K, 0% used [0x0000000613f80000,0x0000000613f80000,0x0000000676b00000)
 ParOldGen       total 7428608K, used 6896367K [0x0000000167000000, 0x000000032c680000, 0x00000005a2580000)
  object space 7428608K, 92% used [0x0000000167000000,0x000000030bebbd18,0x000000032c680000)
 Metaspace       used 15750K, capacity 15920K, committed 16256K, reserved 1064960K
  class space    used 1522K, capacity 1581K, committed 1664K, reserved 1048576K
Event: 94,428 GC heap after
Heap after GC invocations=24 (full 10):
 PSYoungGen      total 3296256K, used 709834K [0x00000005a2580000, 0x00000006e3700000, 0x00000007c0000000)
  eden space 1861632K, 0% used [0x00000005a2580000,0x00000005a2580000,0x0000000613f80000)
  from space 1434624K, 49% used [0x0000000676b00000,0x00000006a2032a30,0x00000006ce400000)
  to   space 1617408K, 0% used [0x0000000613f80000,0x0000000613f80000,0x0000000676b00000)
 ParOldGen       total 8888832K, used 7425601K [0x0000000167000000, 0x0000000385880000, 0x00000005a2580000)
  object space 8888832K, 83% used [0x0000000167000000,0x000000032c3905a8,0x0000000385880000)
 Metaspace       used 15750K, capacity 15920K, committed 16256K, reserved 1064960K
  class space    used 1522K, capacity 1581K, committed 1664K, reserved 1048576K
}
Event: 105,968 GC heap before
{Heap before GC invocations=25 (full 10):
 PSYoungGen      total 3296256K, used 2571402K [0x00000005a2580000, 0x00000006e3700000, 0x00000007c0000000)
  eden space 1861632K, 99% used [0x00000005a2580000,0x0000000613f70198,0x0000000613f80000)
  from space 1434624K, 49% used [0x0000000676b00000,0x00000006a2032a30,0x00000006ce400000)
  to   space 1617408K, 0% used [0x0000000613f80000,0x0000000613f80000,0x0000000676b00000)
 ParOldGen       total 8888832K, used 7425601K [0x0000000167000000, 0x0000000385880000, 0x00000005a2580000)
  object space 8888832K, 83% used [0x0000000167000000,0x000000032c3905a8,0x0000000385880000)
 Metaspace       used 15763K, capacity 15920K, committed 16256K, reserved 1064960K
  class space    used 1522K, capacity 1581K, committed 1664K, reserved 1048576K
Event: 107,883 GC heap after
Heap after GC invocations=25 (full 10):
 PSYoungGen      total 3479040K, used 1614771K [0x00000005a2580000, 0x000000072d880000, 0x00000007c0000000)
  eden space 1861632K, 0% used [0x00000005a2580000,0x00000005a2580000,0x0000000613f80000)
  from space 1617408K, 99% used [0x0000000613f80000,0x000000067686ce80,0x0000000676b00000)
  to   space 1895936K, 0% used [0x00000006b9d00000,0x00000006b9d00000,0x000000072d880000)
 ParOldGen       total 8888832K, used 8328804K [0x0000000167000000, 0x0000000385880000, 0x00000005a2580000)
  object space 8888832K, 93% used [0x0000000167000000,0x0000000363599250,0x0000000385880000)
 Metaspace       used 15763K, capacity 15920K, committed 16256K, reserved 1064960K
  class space    used 1522K, capacity 1581K, committed 1664K, reserved 1048576K
}
Event: 107,900 GC heap before
{Heap before GC invocations=26 (full 11):
 PSYoungGen      total 3479040K, used 1614771K [0x00000005a2580000, 0x000000072d880000, 0x00000007c0000000)
  eden space 1861632K, 0% used [0x00000005a2580000,0x00000005a2580000,0x0000000613f80000)
  from space 1617408K, 99% used [0x0000000613f80000,0x000000067686ce80,0x0000000676b00000)
  to   space 1895936K, 0% used [0x00000006b9d00000,0x00000006b9d00000,0x000000072d880000)
 ParOldGen       total 8888832K, used 8328804K [0x0000000167000000, 0x0000000385880000, 0x00000005a2580000)
  object space 8888832K, 93% used [0x0000000167000000,0x0000000363599250,0x0000000385880000)
 Metaspace       used 15763K, capacity 15920K, committed 16256K, reserved 1064960K
  class space    used 1522K, capacity 1581K, committed 1664K, reserved 1048576K

