# JRE version: Java(TM) SE Runtime Environment (8.0_201-b09) (build 1.8.0_201-b09)
# Java VM: Java HotSpot(TM) 64-Bit Server VM (25.201-b09 mixed mode linux-amd64 compressed oops)
Heap:
 PSYoungGen      total 5916672K, used 0K [0x00000005a2580000, 0x00000007c0000000, 0x00000007c0000000)
  eden space 2958848K, 0% used [0x00000005a2580000,0x00000005a2580000,0x0000000656f00000)
  from space 2957824K, 0% used [0x0000000656f00000,0x0000000656f00000,0x000000070b780000)
  to   space 2957824K, 0% used [0x000000070b780000,0x000000070b780000,0x00000007c0000000)
 ParOldGen       total 6936064K, used 3293331K [0x0000000167000000, 0x000000030e580000, 0x00000005a2580000)
  object space 6936064K, 47% used [0x0000000167000000,0x0000000230024e88,0x000000030e580000)
 Metaspace       used 16135K, capacity 16348K, committed 16768K, reserved 1064960K
  class space    used 1535K, capacity 1627K, committed 1664K, reserved 1048576K
GC Heap History (10 events):
Event: 508,014 GC heap after
Heap after GC invocations=442 (full 23):
 PSYoungGen      total 5916672K, used 1487326K [0x00000005a2580000, 0x00000007c0000000, 0x00000007c0000000)
  eden space 2958848K, 0% used [0x00000005a2580000,0x00000005a2580000,0x0000000656f00000)
  from space 2957824K, 50% used [0x0000000656f00000,0x00000006b1b77ac0,0x000000070b780000)
  to   space 2957824K, 0% used [0x000000070b780000,0x000000070b780000,0x00000007c0000000)
 ParOldGen       total 6936064K, used 2846635K [0x0000000167000000, 0x000000030e580000, 0x00000005a2580000)
  object space 6936064K, 41% used [0x0000000167000000,0x0000000214beae28,0x000000030e580000)
 Metaspace       used 16130K, capacity 16348K, committed 16768K, reserved 1064960K
  class space    used 1535K, capacity 1627K, committed 1664K, reserved 1048576K
}
Event: 510,791 GC heap before
{Heap before GC invocations=443 (full 23):
 PSYoungGen      total 5916672K, used 4446174K [0x00000005a2580000, 0x00000007c0000000, 0x00000007c0000000)
  eden space 2958848K, 100% used [0x00000005a2580000,0x0000000656f00000,0x0000000656f00000)
  from space 2957824K, 50% used [0x0000000656f00000,0x00000006b1b77ac0,0x000000070b780000)
  to   space 2957824K, 0% used [0x000000070b780000,0x000000070b780000,0x00000007c0000000)
 ParOldGen       total 6936064K, used 2846635K [0x0000000167000000, 0x000000030e580000, 0x00000005a2580000)
  object space 6936064K, 41% used [0x0000000167000000,0x0000000214beae28,0x000000030e580000)
 Metaspace       used 16130K, capacity 16348K, committed 16768K, reserved 1064960K
  class space    used 1535K, capacity 1627K, committed 1664K, reserved 1048576K
Event: 512,040 GC heap after
Heap after GC invocations=443 (full 23):
 PSYoungGen      total 5916672K, used 1879993K [0x00000005a2580000, 0x00000007c0000000, 0x00000007c0000000)
  eden space 2958848K, 0% used [0x00000005a2580000,0x00000005a2580000,0x0000000656f00000)
  from space 2957824K, 63% used [0x000000070b780000,0x000000077e36e418,0x00000007c0000000)
  to   space 2957824K, 0% used [0x0000000656f00000,0x0000000656f00000,0x000000070b780000)
 ParOldGen       total 6936064K, used 4124944K [0x0000000167000000, 0x000000030e580000, 0x00000005a2580000)
  object space 6936064K, 59% used [0x0000000167000000,0x0000000262c44148,0x000000030e580000)
 Metaspace       used 16130K, capacity 16348K, committed 16768K, reserved 1064960K
  class space    used 1535K, capacity 1627K, committed 1664K, reserved 1048576K
}
Event: 518,332 GC heap before
{Heap before GC invocations=444 (full 23):
 PSYoungGen      total 5916672K, used 4838841K [0x00000005a2580000, 0x00000007c0000000, 0x00000007c0000000)
  eden space 2958848K, 100% used [0x00000005a2580000,0x0000000656f00000,0x0000000656f00000)
  from space 2957824K, 63% used [0x000000070b780000,0x000000077e36e418,0x00000007c0000000)
  to   space 2957824K, 0% used [0x0000000656f00000,0x0000000656f00000,0x000000070b780000)
 ParOldGen       total 6936064K, used 4124944K [0x0000000167000000, 0x000000030e580000, 0x00000005a2580000)
  object space 6936064K, 59% used [0x0000000167000000,0x0000000262c44148,0x000000030e580000)
 Metaspace       used 16131K, capacity 16348K, committed 16768K, reserved 1064960K
  class space    used 1535K, capacity 1627K, committed 1664K, reserved 1048576K
Event: 518,786 GC heap after
Heap after GC invocations=444 (full 23):
 PSYoungGen      total 5916672K, used 69258K [0x00000005a2580000, 0x00000007c0000000, 0x00000007c0000000)
  eden space 2958848K, 0% used [0x00000005a2580000,0x00000005a2580000,0x0000000656f00000)
  from space 2957824K, 2% used [0x0000000656f00000,0x000000065b2a2b50,0x000000070b780000)
  to   space 2957824K, 0% used [0x000000070b780000,0x000000070b780000,0x00000007c0000000)
 ParOldGen       total 6936064K, used 5133272K [0x0000000167000000, 0x000000030e580000, 0x00000005a2580000)
  object space 6936064K, 74% used [0x0000000167000000,0x00000002a04f6168,0x000000030e580000)
 Metaspace       used 16131K, capacity 16348K, committed 16768K, reserved 1064960K
  class space    used 1535K, capacity 1627K, committed 1664K, reserved 1048576K
}
Event: 521,628 GC heap before
{Heap before GC invocations=445 (full 23):
 PSYoungGen      total 5916672K, used 3028106K [0x00000005a2580000, 0x00000007c0000000, 0x00000007c0000000)
  eden space 2958848K, 100% used [0x00000005a2580000,0x0000000656f00000,0x0000000656f00000)
  from space 2957824K, 2% used [0x0000000656f00000,0x000000065b2a2b50,0x000000070b780000)
  to   space 2957824K, 0% used [0x000000070b780000,0x000000070b780000,0x00000007c0000000)
 ParOldGen       total 6936064K, used 5133272K [0x0000000167000000, 0x000000030e580000, 0x00000005a2580000)
  object space 6936064K, 74% used [0x0000000167000000,0x00000002a04f6168,0x000000030e580000)
 Metaspace       used 16135K, capacity 16348K, committed 16768K, reserved 1064960K
  class space    used 1535K, capacity 1627K, committed 1664K, reserved 1048576K
Event: 522,228 GC heap after
Heap after GC invocations=445 (full 23):
 PSYoungGen      total 5916672K, used 1487349K [0x00000005a2580000, 0x00000007c0000000, 0x00000007c0000000)
  eden space 2958848K, 0% used [0x00000005a2580000,0x00000005a2580000,0x0000000656f00000)
  from space 2957824K, 50% used [0x000000070b780000,0x00000007663fd4c0,0x00000007c0000000)
  to   space 2957824K, 0% used [0x0000000656f00000,0x0000000656f00000,0x000000070b780000)
 ParOldGen       total 6936064K, used 5225515K [0x0000000167000000, 0x000000030e580000, 0x00000005a2580000)
  object space 6936064K, 75% used [0x0000000167000000,0x00000002a5f0afe8,0x000000030e580000)
 Metaspace       used 16135K, capacity 16348K, committed 16768K, reserved 1064960K
  class space    used 1535K, capacity 1627K, committed 1664K, reserved 1048576K
}
Event: 525,192 GC heap before
{Heap before GC invocations=446 (full 23):
 PSYoungGen      total 5916672K, used 4446197K [0x00000005a2580000, 0x00000007c0000000, 0x00000007c0000000)
  eden space 2958848K, 100% used [0x00000005a2580000,0x0000000656f00000,0x0000000656f00000)
  from space 2957824K, 50% used [0x000000070b780000,0x00000007663fd4c0,0x00000007c0000000)
  to   space 2957824K, 0% used [0x0000000656f00000,0x0000000656f00000,0x000000070b780000)
 ParOldGen       total 6936064K, used 5225515K [0x0000000167000000, 0x000000030e580000, 0x00000005a2580000)
  object space 6936064K, 75% used [0x0000000167000000,0x00000002a5f0afe8,0x000000030e580000)
 Metaspace       used 16135K, capacity 16348K, committed 16768K, reserved 1064960K
  class space    used 1535K, capacity 1627K, committed 1664K, reserved 1048576K
Event: 526,488 GC heap after
Heap after GC invocations=446 (full 23):
 PSYoungGen      total 5916672K, used 1906745K [0x00000005a2580000, 0x00000007c0000000, 0x00000007c0000000)
  eden space 2958848K, 0% used [0x00000005a2580000,0x00000005a2580000,0x0000000656f00000)
  from space 2957824K, 64% used [0x0000000656f00000,0x00000006cb50e408,0x000000070b780000)
  to   space 2957824K, 0% used [0x000000070b780000,0x000000070b780000,0x00000007c0000000)
 ParOldGen       total 6936064K, used 6492858K [0x0000000167000000, 0x000000030e580000, 0x00000005a2580000)
  object space 6936064K, 93% used [0x0000000167000000,0x00000002f34aeb88,0x000000030e580000)
 Metaspace       used 16135K, capacity 16348K, committed 16768K, reserved 1064960K
  class space    used 1535K, capacity 1627K, committed 1664K, reserved 1048576K
}
Event: 526,488 GC heap before
{Heap before GC invocations=447 (full 24):
 PSYoungGen      total 5916672K, used 1906745K [0x00000005a2580000, 0x00000007c0000000, 0x00000007c0000000)
  eden space 2958848K, 0% used [0x00000005a2580000,0x00000005a2580000,0x0000000656f00000)
  from space 2957824K, 64% used [0x0000000656f00000,0x00000006cb50e408,0x000000070b780000)
  to   space 2957824K, 0% used [0x000000070b780000,0x000000070b780000,0x00000007c0000000)
 ParOldGen       total 6936064K, used 6492858K [0x0000000167000000, 0x000000030e580000, 0x00000005a2580000)
  object space 6936064K, 93% used [0x0000000167000000,0x00000002f34aeb88,0x000000030e580000)
 Metaspace       used 16135K, capacity 16348K, committed 16768K, reserved 1064960K
  class space    used 1535K, capacity 1627K, committed 1664K, reserved 1048576K

