# JRE version: Java(TM) SE Runtime Environment (8.0_201-b09) (build 1.8.0_201-b09)
# Java VM: Java HotSpot(TM) 64-Bit Server VM (25.201-b09 mixed mode linux-amd64 compressed oops)
Heap:
 PSYoungGen      total 4619776K, used 1388849K [0x00000005a2580000, 0x00000007c0000000, 0x00000007c0000000)
  eden space 4480512K, 30% used [0x00000005a2580000,0x00000005f71cc7f0,0x00000006b3d00000)
  from space 139264K, 0% used [0x00000007b7800000,0x00000007b7800000,0x00000007c0000000)
  to   space 2196992K, 0% used [0x00000006b3d00000,0x00000006b3d00000,0x0000000739e80000)
 ParOldGen       total 6886912K, used 6886663K [0x0000000167000000, 0x000000030b580000, 0x00000005a2580000)
  object space 6886912K, 99% used [0x0000000167000000,0x000000030b541d80,0x000000030b580000)
 Metaspace       used 18056K, capacity 18255K, committed 18688K, reserved 1067008K
  class space    used 1638K, capacity 1716K, committed 1792K, reserved 1048576K
GC Heap History (10 events):
Event: 88,327 GC heap after
Heap after GC invocations=87 (full 13):
 PSYoungGen      total 8741376K, used 0K [0x00000005a2580000, 0x00000007c0000000, 0x00000007c0000000)
  eden space 8611328K, 0% used [0x00000005a2580000,0x00000005a2580000,0x00000007aff00000)
  from space 130048K, 0% used [0x00000007b8100000,0x00000007b8100000,0x00000007c0000000)
  to   space 131584K, 0% used [0x00000007aff00000,0x00000007aff00000,0x00000007b7f80000)
 ParOldGen       total 2372096K, used 1444286K [0x0000000167000000, 0x00000001f7c80000, 0x00000005a2580000)
  object space 2372096K, 60% used [0x0000000167000000,0x00000001bf26fa48,0x00000001f7c80000)
 Metaspace       used 18031K, capacity 18255K, committed 18688K, reserved 1067008K
  class space    used 1638K, capacity 1716K, committed 1792K, reserved 1048576K
}
Event: 88,373 GC heap before
{Heap before GC invocations=88 (full 13):
 PSYoungGen      total 8741376K, used 73936K [0x00000005a2580000, 0x00000007c0000000, 0x00000007c0000000)
  eden space 8611328K, 0% used [0x00000005a2580000,0x00000005a6db4320,0x00000007aff00000)
  from space 130048K, 0% used [0x00000007b8100000,0x00000007b8100000,0x00000007c0000000)
  to   space 131584K, 0% used [0x00000007aff00000,0x00000007aff00000,0x00000007b7f80000)
 ParOldGen       total 2372096K, used 1444286K [0x0000000167000000, 0x00000001f7c80000, 0x00000005a2580000)
  object space 2372096K, 60% used [0x0000000167000000,0x00000001bf26fa48,0x00000001f7c80000)
 Metaspace       used 18031K, capacity 18255K, committed 18688K, reserved 1067008K
  class space    used 1638K, capacity 1716K, committed 1792K, reserved 1048576K
Event: 88,375 GC heap after
Heap after GC invocations=88 (full 13):
 PSYoungGen      total 8611840K, used 128K [0x00000005a2580000, 0x00000007c0000000, 0x00000007c0000000)
  eden space 8611328K, 0% used [0x00000005a2580000,0x00000005a2580000,0x00000007aff00000)
  from space 512K, 25% used [0x00000007aff00000,0x00000007aff20000,0x00000007aff80000)
  to   space 139264K, 0% used [0x00000007b7800000,0x00000007b7800000,0x00000007c0000000)
 ParOldGen       total 2372096K, used 1444286K [0x0000000167000000, 0x00000001f7c80000, 0x00000005a2580000)
  object space 2372096K, 60% used [0x0000000167000000,0x00000001bf26fa48,0x00000001f7c80000)
 Metaspace       used 18031K, capacity 18255K, committed 18688K, reserved 1067008K
  class space    used 1638K, capacity 1716K, committed 1792K, reserved 1048576K
}
Event: 88,375 GC heap before
{Heap before GC invocations=89 (full 14):
 PSYoungGen      total 8611840K, used 128K [0x00000005a2580000, 0x00000007c0000000, 0x00000007c0000000)
  eden space 8611328K, 0% used [0x00000005a2580000,0x00000005a2580000,0x00000007aff00000)
  from space 512K, 25% used [0x00000007aff00000,0x00000007aff20000,0x00000007aff80000)
  to   space 139264K, 0% used [0x00000007b7800000,0x00000007b7800000,0x00000007c0000000)
 ParOldGen       total 2372096K, used 1444286K [0x0000000167000000, 0x00000001f7c80000, 0x00000005a2580000)
  object space 2372096K, 60% used [0x0000000167000000,0x00000001bf26fa48,0x00000001f7c80000)
 Metaspace       used 18031K, capacity 18255K, committed 18688K, reserved 1067008K
  class space    used 1638K, capacity 1716K, committed 1792K, reserved 1048576K
Event: 88,394 GC heap after
Heap after GC invocations=89 (full 14):
 PSYoungGen      total 8611840K, used 0K [0x00000005a2580000, 0x00000007c0000000, 0x00000007c0000000)
  eden space 8611328K, 0% used [0x00000005a2580000,0x00000005a2580000,0x00000007aff00000)
  from space 512K, 0% used [0x00000007aff00000,0x00000007aff00000,0x00000007aff80000)
  to   space 139264K, 0% used [0x00000007b7800000,0x00000007b7800000,0x00000007c0000000)
 ParOldGen       total 2372096K, used 1376693K [0x0000000167000000, 0x00000001f7c80000, 0x00000005a2580000)
  object space 2372096K, 58% used [0x0000000167000000,0x00000001bb06d418,0x00000001f7c80000)
 Metaspace       used 18031K, capacity 18255K, committed 18688K, reserved 1067008K
  class space    used 1638K, capacity 1716K, committed 1792K, reserved 1048576K
}
Event: 254,294 GC heap before
{Heap before GC invocations=90 (full 14):
 PSYoungGen      total 8611840K, used 6735039K [0x00000005a2580000, 0x00000007c0000000, 0x00000007c0000000)
  eden space 8611328K, 78% used [0x00000005a2580000,0x000000073d6afff8,0x00000007aff00000)
  from space 512K, 0% used [0x00000007aff00000,0x00000007aff00000,0x00000007aff80000)
  to   space 139264K, 0% used [0x00000007b7800000,0x00000007b7800000,0x00000007c0000000)
 ParOldGen       total 2372096K, used 1376693K [0x0000000167000000, 0x00000001f7c80000, 0x00000005a2580000)
  object space 2372096K, 58% used [0x0000000167000000,0x00000001bb06d418,0x00000001f7c80000)
 Metaspace       used 18050K, capacity 18255K, committed 18688K, reserved 1067008K
  class space    used 1638K, capacity 1716K, committed 1792K, reserved 1048576K
Event: 272,734 GC heap after
Heap after GC invocations=90 (full 14):
 PSYoungGen      total 4619776K, used 139264K [0x00000005a2580000, 0x00000007c0000000, 0x00000007c0000000)
  eden space 4480512K, 0% used [0x00000005a2580000,0x00000005a2580000,0x00000006b3d00000)
  from space 139264K, 100% used [0x00000007b7800000,0x00000007c0000000,0x00000007c0000000)
  to   space 2196992K, 0% used [0x00000006b3d00000,0x00000006b3d00000,0x0000000739e80000)
 ParOldGen       total 6886912K, used 6886845K [0x0000000167000000, 0x000000030b580000, 0x00000005a2580000)
  object space 6886912K, 99% used [0x0000000167000000,0x000000030b56f418,0x000000030b580000)
 Metaspace       used 18050K, capacity 18255K, committed 18688K, reserved 1067008K
  class space    used 1638K, capacity 1716K, committed 1792K, reserved 1048576K
}
Event: 272,735 GC heap before
{Heap before GC invocations=91 (full 15):
 PSYoungGen      total 4619776K, used 139264K [0x00000005a2580000, 0x00000007c0000000, 0x00000007c0000000)
  eden space 4480512K, 0% used [0x00000005a2580000,0x00000005a2580000,0x00000006b3d00000)
  from space 139264K, 100% used [0x00000007b7800000,0x00000007c0000000,0x00000007c0000000)
  to   space 2196992K, 0% used [0x00000006b3d00000,0x00000006b3d00000,0x0000000739e80000)
 ParOldGen       total 6886912K, used 6886845K [0x0000000167000000, 0x000000030b580000, 0x00000005a2580000)
  object space 6886912K, 99% used [0x0000000167000000,0x000000030b56f418,0x000000030b580000)
 Metaspace       used 18050K, capacity 18255K, committed 18688K, reserved 1067008K
  class space    used 1638K, capacity 1716K, committed 1792K, reserved 1048576K
Event: 290,795 GC heap after
Heap after GC invocations=91 (full 15):
 PSYoungGen      total 4619776K, used 31697K [0x00000005a2580000, 0x00000007c0000000, 0x00000007c0000000)
  eden space 4480512K, 0% used [0x00000005a2580000,0x00000005a2580000,0x00000006b3d00000)
  from space 139264K, 22% used [0x00000007b7800000,0x00000007b96f4668,0x00000007c0000000)
  to   space 2196992K, 0% used [0x00000006b3d00000,0x00000006b3d00000,0x0000000739e80000)
 ParOldGen       total 6886912K, used 6886839K [0x0000000167000000, 0x000000030b580000, 0x00000005a2580000)
  object space 6886912K, 99% used [0x0000000167000000,0x000000030b56dd28,0x000000030b580000)
 Metaspace       used 18050K, capacity 18255K, committed 18688K, reserved 1067008K
  class space    used 1638K, capacity 1716K, committed 1792K, reserved 1048576K
}
Event: 315,108 GC heap before
{Heap before GC invocations=92 (full 16):
 PSYoungGen      total 4619776K, used 4512209K [0x00000005a2580000, 0x00000007c0000000, 0x00000007c0000000)
  eden space 4480512K, 100% used [0x00000005a2580000,0x00000006b3d00000,0x00000006b3d00000)
  from space 139264K, 22% used [0x00000007b7800000,0x00000007b96f4668,0x00000007c0000000)
  to   space 2196992K, 0% used [0x00000006b3d00000,0x00000006b3d00000,0x0000000739e80000)
 ParOldGen       total 6886912K, used 6886839K [0x0000000167000000, 0x000000030b580000, 0x00000005a2580000)
  object space 6886912K, 99% used [0x0000000167000000,0x000000030b56dd28,0x000000030b580000)
 Metaspace       used 18056K, capacity 18255K, committed 18688K, reserved 1067008K
  class space    used 1638K, capacity 1716K, committed 1792K, reserved 1048576K

