# JRE version: Java(TM) SE Runtime Environment (8.0_201-b09) (build 1.8.0_201-b09)
# Java VM: Java HotSpot(TM) 64-Bit Server VM (25.201-b09 mixed mode linux-amd64 compressed oops)
Heap:
 PSYoungGen      total 1184256K, used 450520K [0x0000000719b80000, 0x00000007c0000000, 0x00000007c0000000)
  eden space 908800K, 49% used [0x0000000719b80000,0x0000000735376068,0x0000000751300000)
  from space 275456K, 0% used [0x00000007af300000,0x00000007af300000,0x00000007c0000000)
  to   space 907776K, 0% used [0x0000000751300000,0x0000000751300000,0x0000000788980000)
 ParOldGen       total 3914752K, used 2138273K [0x00000005cd200000, 0x00000006bc100000, 0x0000000719b80000)
  object space 3914752K, 54% used [0x00000005cd200000,0x000000064fa286e8,0x00000006bc100000)
 Metaspace       used 16929K, capacity 17173K, committed 17280K, reserved 1064960K
  class space    used 1552K, capacity 1645K, committed 1664K, reserved 1048576K
GC Heap History (10 events):
Event: 339,511 GC heap before
{Heap before GC invocations=221 (full 3):
 PSYoungGen      total 2309120K, used 135649K [0x0000000719b80000, 0x00000007c0000000, 0x00000007c0000000)
  eden space 2173440K, 0% used [0x0000000719b80000,0x0000000719b80000,0x000000079e600000)
  from space 135680K, 99% used [0x00000007b7b80000,0x00000007bfff87e0,0x00000007c0000000)
  to   space 275456K, 0% used [0x000000079e600000,0x000000079e600000,0x00000007af300000)
 ParOldGen       total 836096K, used 835998K [0x00000005cd200000, 0x0000000600280000, 0x0000000719b80000)
  object space 836096K, 99% used [0x00000005cd200000,0x0000000600267ab0,0x0000000600280000)
 Metaspace       used 15700K, capacity 15855K, committed 16128K, reserved 1064960K
  class space    used 1428K, capacity 1484K, committed 1536K, reserved 1048576K
Event: 340,728 GC heap after
Heap after GC invocations=221 (full 3):
 PSYoungGen      total 2309120K, used 0K [0x0000000719b80000, 0x00000007c0000000, 0x00000007c0000000)
  eden space 2173440K, 0% used [0x0000000719b80000,0x0000000719b80000,0x000000079e600000)
  from space 135680K, 0% used [0x00000007b7b80000,0x00000007b7b80000,0x00000007c0000000)
  to   space 275456K, 0% used [0x000000079e600000,0x000000079e600000,0x00000007af300000)
 ParOldGen       total 1079296K, used 606074K [0x00000005cd200000, 0x000000060f000000, 0x0000000719b80000)
  object space 1079296K, 56% used [0x00000005cd200000,0x00000005f21deac8,0x000000060f000000)
 Metaspace       used 15700K, capacity 15855K, committed 16128K, reserved 1064960K
  class space    used 1428K, capacity 1484K, committed 1536K, reserved 1048576K
}
Event: 375,446 GC heap before
{Heap before GC invocations=222 (full 3):
 PSYoungGen      total 2309120K, used 2173440K [0x0000000719b80000, 0x00000007c0000000, 0x00000007c0000000)
  eden space 2173440K, 100% used [0x0000000719b80000,0x000000079e600000,0x000000079e600000)
  from space 135680K, 0% used [0x00000007b7b80000,0x00000007b7b80000,0x00000007c0000000)
  to   space 275456K, 0% used [0x000000079e600000,0x000000079e600000,0x00000007af300000)
 ParOldGen       total 1079296K, used 606074K [0x00000005cd200000, 0x000000060f000000, 0x0000000719b80000)
  object space 1079296K, 56% used [0x00000005cd200000,0x00000005f21deac8,0x000000060f000000)
 Metaspace       used 15927K, capacity 16143K, committed 16384K, reserved 1064960K
  class space    used 1439K, capacity 1516K, committed 1536K, reserved 1048576K
Event: 379,219 GC heap after
Heap after GC invocations=222 (full 3):
 PSYoungGen      total 2448896K, used 275426K [0x0000000719b80000, 0x00000007c0000000, 0x00000007c0000000)
  eden space 2173440K, 0% used [0x0000000719b80000,0x0000000719b80000,0x000000079e600000)
  from space 275456K, 99% used [0x000000079e600000,0x00000007af2f8a10,0x00000007af300000)
  to   space 275456K, 0% used [0x00000007af300000,0x00000007af300000,0x00000007c0000000)
 ParOldGen       total 2221056K, used 2220733K [0x00000005cd200000, 0x0000000654b00000, 0x0000000719b80000)
  object space 2221056K, 99% used [0x00000005cd200000,0x0000000654aaf460,0x0000000654b00000)
 Metaspace       used 15927K, capacity 16143K, committed 16384K, reserved 1064960K
  class space    used 1439K, capacity 1516K, committed 1536K, reserved 1048576K
}
Event: 379,219 GC heap before
{Heap before GC invocations=223 (full 4):
 PSYoungGen      total 2448896K, used 275426K [0x0000000719b80000, 0x00000007c0000000, 0x00000007c0000000)
  eden space 2173440K, 0% used [0x0000000719b80000,0x0000000719b80000,0x000000079e600000)
  from space 275456K, 99% used [0x000000079e600000,0x00000007af2f8a10,0x00000007af300000)
  to   space 275456K, 0% used [0x00000007af300000,0x00000007af300000,0x00000007c0000000)
 ParOldGen       total 2221056K, used 2220733K [0x00000005cd200000, 0x0000000654b00000, 0x0000000719b80000)
  object space 2221056K, 99% used [0x00000005cd200000,0x0000000654aaf460,0x0000000654b00000)
 Metaspace       used 15927K, capacity 16143K, committed 16384K, reserved 1064960K
  class space    used 1439K, capacity 1516K, committed 1536K, reserved 1048576K
Event: 384,407 GC heap after
Heap after GC invocations=223 (full 4):
 PSYoungGen      total 2448896K, used 0K [0x0000000719b80000, 0x00000007c0000000, 0x00000007c0000000)
  eden space 2173440K, 0% used [0x0000000719b80000,0x0000000719b80000,0x000000079e600000)
  from space 275456K, 0% used [0x000000079e600000,0x000000079e600000,0x00000007af300000)
  to   space 275456K, 0% used [0x00000007af300000,0x00000007af300000,0x00000007c0000000)
 ParOldGen       total 3159552K, used 2003407K [0x00000005cd200000, 0x000000068df80000, 0x0000000719b80000)
  object space 3159552K, 63% used [0x00000005cd200000,0x0000000647673e58,0x000000068df80000)
 Metaspace       used 15927K, capacity 16143K, committed 16384K, reserved 1064960K
  class space    used 1439K, capacity 1516K, committed 1536K, reserved 1048576K
}
Event: 402,240 GC heap before
{Heap before GC invocations=224 (full 4):
 PSYoungGen      total 2448896K, used 2173440K [0x0000000719b80000, 0x00000007c0000000, 0x00000007c0000000)
  eden space 2173440K, 100% used [0x0000000719b80000,0x000000079e600000,0x000000079e600000)
  from space 275456K, 0% used [0x000000079e600000,0x000000079e600000,0x00000007af300000)
  to   space 275456K, 0% used [0x00000007af300000,0x00000007af300000,0x00000007c0000000)
 ParOldGen       total 3159552K, used 2003407K [0x00000005cd200000, 0x000000068df80000, 0x0000000719b80000)
  object space 3159552K, 63% used [0x00000005cd200000,0x0000000647673e58,0x000000068df80000)
 Metaspace       used 16716K, capacity 16943K, committed 17280K, reserved 1064960K
  class space    used 1534K, capacity 1612K, committed 1664K, reserved 1048576K
Event: 406,508 GC heap after
Heap after GC invocations=224 (full 4):
 PSYoungGen      total 1184256K, used 275442K [0x0000000719b80000, 0x00000007c0000000, 0x00000007c0000000)
  eden space 908800K, 0% used [0x0000000719b80000,0x0000000719b80000,0x0000000751300000)
  from space 275456K, 99% used [0x00000007af300000,0x00000007bfffca50,0x00000007c0000000)
  to   space 907776K, 0% used [0x0000000751300000,0x0000000751300000,0x0000000788980000)
 ParOldGen       total 3752448K, used 3752324K [0x00000005cd200000, 0x00000006b2280000, 0x0000000719b80000)
  object space 3752448K, 99% used [0x00000005cd200000,0x00000006b22613d8,0x00000006b2280000)
 Metaspace       used 16716K, capacity 16943K, committed 17280K, reserved 1064960K
  class space    used 1534K, capacity 1612K, committed 1664K, reserved 1048576K
}
Event: 406,508 GC heap before
{Heap before GC invocations=225 (full 5):
 PSYoungGen      total 1184256K, used 275442K [0x0000000719b80000, 0x00000007c0000000, 0x00000007c0000000)
  eden space 908800K, 0% used [0x0000000719b80000,0x0000000719b80000,0x0000000751300000)
  from space 275456K, 99% used [0x00000007af300000,0x00000007bfffca50,0x00000007c0000000)
  to   space 907776K, 0% used [0x0000000751300000,0x0000000751300000,0x0000000788980000)
 ParOldGen       total 3752448K, used 3752324K [0x00000005cd200000, 0x00000006b2280000, 0x0000000719b80000)
  object space 3752448K, 99% used [0x00000005cd200000,0x00000006b22613d8,0x00000006b2280000)
 Metaspace       used 16716K, capacity 16943K, committed 17280K, reserved 1064960K
  class space    used 1534K, capacity 1612K, committed 1664K, reserved 1048576K
Event: 411,920 GC heap after
Heap after GC invocations=225 (full 5):
 PSYoungGen      total 1184256K, used 0K [0x0000000719b80000, 0x00000007c0000000, 0x00000007c0000000)
  eden space 908800K, 0% used [0x0000000719b80000,0x0000000719b80000,0x0000000751300000)
  from space 275456K, 0% used [0x00000007af300000,0x00000007af300000,0x00000007c0000000)
  to   space 907776K, 0% used [0x0000000751300000,0x0000000751300000,0x0000000788980000)
 ParOldGen       total 3914752K, used 2138273K [0x00000005cd200000, 0x00000006bc100000, 0x0000000719b80000)
  object space 3914752K, 54% used [0x00000005cd200000,0x000000064fa286e8,0x00000006bc100000)
 Metaspace       used 16716K, capacity 16943K, committed 17280K, reserved 1064960K
  class space    used 1534K, capacity 1612K, committed 1664K, reserved 1048576K
}

