# JRE version: Java(TM) SE Runtime Environment (8.0_201-b09) (build 1.8.0_201-b09)
# Java VM: Java HotSpot(TM) 64-Bit Server VM (25.201-b09 mixed mode linux-amd64 compressed oops)
Heap:
 PSYoungGen      total 2657280K, used 901517K [0x0000000719b80000, 0x00000007c0000000, 0x00000007c0000000)
  eden space 2590208K, 34% used [0x0000000719b80000,0x0000000750be35e0,0x00000007b7d00000)
  from space 67072K, 0% used [0x00000007b7d00000,0x00000007b7d00000,0x00000007bbe80000)
  to   space 67072K, 0% used [0x00000007bbe80000,0x00000007bbe80000,0x00000007c0000000)
 ParOldGen       total 3798016K, used 2408764K [0x00000005cd200000, 0x00000006b4f00000, 0x0000000719b80000)
  object space 3798016K, 63% used [0x00000005cd200000,0x000000066024f3e8,0x00000006b4f00000)
 Metaspace       used 15164K, capacity 15355K, committed 15616K, reserved 1062912K
  class space    used 1434K, capacity 1514K, committed 1536K, reserved 1048576K
GC Heap History (10 events):
Event: 28,275 GC heap before
{Heap before GC invocations=119 (full 3):
 PSYoungGen      total 2719744K, used 2719168K [0x0000000719b80000, 0x00000007c0000000, 0x00000007c0000000)
  eden space 2715136K, 100% used [0x0000000719b80000,0x00000007bf700000,0x00000007bf700000)
  from space 4608K, 87% used [0x00000007bf700000,0x00000007bfaf0000,0x00000007bfb80000)
  to   space 4608K, 0% used [0x00000007bfb80000,0x00000007bfb80000,0x00000007c0000000)
 ParOldGen       total 1712128K, used 1268505K [0x00000005cd200000, 0x0000000635a00000, 0x0000000719b80000)
  object space 1712128K, 74% used [0x00000005cd200000,0x000000061a8c6538,0x0000000635a00000)
 Metaspace       used 14409K, capacity 14587K, committed 14848K, reserved 1062912K
  class space    used 1366K, capacity 1450K, committed 1536K, reserved 1048576K
Event: 28,279 GC heap after
Heap after GC invocations=119 (full 3):
 PSYoungGen      total 2716672K, used 4589K [0x0000000719b80000, 0x00000007c0000000, 0x00000007c0000000)
  eden space 2712064K, 0% used [0x0000000719b80000,0x0000000719b80000,0x00000007bf400000)
  from space 4608K, 99% used [0x00000007bfb80000,0x00000007bfffb570,0x00000007c0000000)
  to   space 6144K, 0% used [0x00000007bf400000,0x00000007bf400000,0x00000007bfa00000)
 ParOldGen       total 1712128K, used 1272089K [0x00000005cd200000, 0x0000000635a00000, 0x0000000719b80000)
  object space 1712128K, 74% used [0x00000005cd200000,0x000000061ac46538,0x0000000635a00000)
 Metaspace       used 14409K, capacity 14587K, committed 14848K, reserved 1062912K
  class space    used 1366K, capacity 1450K, committed 1536K, reserved 1048576K
}
Event: 28,476 GC heap before
{Heap before GC invocations=120 (full 3):
 PSYoungGen      total 2716672K, used 2716653K [0x0000000719b80000, 0x00000007c0000000, 0x00000007c0000000)
  eden space 2712064K, 100% used [0x0000000719b80000,0x00000007bf400000,0x00000007bf400000)
  from space 4608K, 99% used [0x00000007bfb80000,0x00000007bfffb570,0x00000007c0000000)
  to   space 6144K, 0% used [0x00000007bf400000,0x00000007bf400000,0x00000007bfa00000)
 ParOldGen       total 1712128K, used 1272089K [0x00000005cd200000, 0x0000000635a00000, 0x0000000719b80000)
  object space 1712128K, 74% used [0x00000005cd200000,0x000000061ac46538,0x0000000635a00000)
 Metaspace       used 14409K, capacity 14587K, committed 14848K, reserved 1062912K
  class space    used 1366K, capacity 1450K, committed 1536K, reserved 1048576K
Event: 28,482 GC heap after
Heap after GC invocations=120 (full 3):
 PSYoungGen      total 2718208K, used 6134K [0x0000000719b80000, 0x00000007c0000000, 0x00000007c0000000)
  eden space 2712064K, 0% used [0x0000000719b80000,0x0000000719b80000,0x00000007bf400000)
  from space 6144K, 99% used [0x00000007bf400000,0x00000007bf9fd998,0x00000007bfa00000)
  to   space 6144K, 0% used [0x00000007bfa00000,0x00000007bfa00000,0x00000007c0000000)
 ParOldGen       total 1712128K, used 1282993K [0x00000005cd200000, 0x0000000635a00000, 0x0000000719b80000)
  object space 1712128K, 74% used [0x00000005cd200000,0x000000061b6ec538,0x0000000635a00000)
 Metaspace       used 14409K, capacity 14587K, committed 14848K, reserved 1062912K
  class space    used 1366K, capacity 1450K, committed 1536K, reserved 1048576K
}
Event: 35,445 GC heap before
{Heap before GC invocations=121 (full 3):
 PSYoungGen      total 2718208K, used 2718198K [0x0000000719b80000, 0x00000007c0000000, 0x00000007c0000000)
  eden space 2712064K, 100% used [0x0000000719b80000,0x00000007bf400000,0x00000007bf400000)
  from space 6144K, 99% used [0x00000007bf400000,0x00000007bf9fd998,0x00000007bfa00000)
  to   space 6144K, 0% used [0x00000007bfa00000,0x00000007bfa00000,0x00000007c0000000)
 ParOldGen       total 1712128K, used 1282993K [0x00000005cd200000, 0x0000000635a00000, 0x0000000719b80000)
  object space 1712128K, 74% used [0x00000005cd200000,0x000000061b6ec538,0x0000000635a00000)
 Metaspace       used 15133K, capacity 15355K, committed 15616K, reserved 1062912K
  class space    used 1433K, capacity 1514K, committed 1536K, reserved 1048576K
Event: 35,475 GC heap after
Heap after GC invocations=121 (full 3):
 PSYoungGen      total 2596352K, used 6142K [0x0000000719b80000, 0x00000007c0000000, 0x00000007c0000000)
  eden space 2590208K, 0% used [0x0000000719b80000,0x0000000719b80000,0x00000007b7d00000)
  from space 6144K, 99% used [0x00000007bfa00000,0x00000007bffff8e8,0x00000007c0000000)
  to   space 67072K, 0% used [0x00000007b7d00000,0x00000007b7d00000,0x00000007bbe80000)
 ParOldGen       total 1712128K, used 1436700K [0x00000005cd200000, 0x0000000635a00000, 0x0000000719b80000)
  object space 1712128K, 83% used [0x00000005cd200000,0x0000000624d07370,0x0000000635a00000)
 Metaspace       used 15133K, capacity 15355K, committed 15616K, reserved 1062912K
  class space    used 1433K, capacity 1514K, committed 1536K, reserved 1048576K
}
Event: 50,297 GC heap before
{Heap before GC invocations=122 (full 3):
 PSYoungGen      total 2596352K, used 2596350K [0x0000000719b80000, 0x00000007c0000000, 0x00000007c0000000)
  eden space 2590208K, 100% used [0x0000000719b80000,0x00000007b7d00000,0x00000007b7d00000)
  from space 6144K, 99% used [0x00000007bfa00000,0x00000007bffff8e8,0x00000007c0000000)
  to   space 67072K, 0% used [0x00000007b7d00000,0x00000007b7d00000,0x00000007bbe80000)
 ParOldGen       total 1712128K, used 1436700K [0x00000005cd200000, 0x0000000635a00000, 0x0000000719b80000)
  object space 1712128K, 83% used [0x00000005cd200000,0x0000000624d07370,0x0000000635a00000)
 Metaspace       used 15149K, capacity 15355K, committed 15616K, reserved 1062912K
  class space    used 1434K, capacity 1514K, committed 1536K, reserved 1048576K
Event: 55,284 GC heap after
Heap after GC invocations=122 (full 3):
 PSYoungGen      total 2657280K, used 67069K [0x0000000719b80000, 0x00000007c0000000, 0x00000007c0000000)
  eden space 2590208K, 0% used [0x0000000719b80000,0x0000000719b80000,0x00000007b7d00000)
  from space 67072K, 99% used [0x00000007b7d00000,0x00000007bbe7f500,0x00000007bbe80000)
  to   space 67072K, 0% used [0x00000007bbe80000,0x00000007bbe80000,0x00000007c0000000)
 ParOldGen       total 3673088K, used 3672837K [0x00000005cd200000, 0x00000006ad500000, 0x0000000719b80000)
  object space 3673088K, 99% used [0x00000005cd200000,0x00000006ad4c1790,0x00000006ad500000)
 Metaspace       used 15149K, capacity 15355K, committed 15616K, reserved 1062912K
  class space    used 1434K, capacity 1514K, committed 1536K, reserved 1048576K
}
Event: 55,284 GC heap before
{Heap before GC invocations=123 (full 4):
 PSYoungGen      total 2657280K, used 67069K [0x0000000719b80000, 0x00000007c0000000, 0x00000007c0000000)
  eden space 2590208K, 0% used [0x0000000719b80000,0x0000000719b80000,0x00000007b7d00000)
  from space 67072K, 99% used [0x00000007b7d00000,0x00000007bbe7f500,0x00000007bbe80000)
  to   space 67072K, 0% used [0x00000007bbe80000,0x00000007bbe80000,0x00000007c0000000)
 ParOldGen       total 3673088K, used 3672837K [0x00000005cd200000, 0x00000006ad500000, 0x0000000719b80000)
  object space 3673088K, 99% used [0x00000005cd200000,0x00000006ad4c1790,0x00000006ad500000)
 Metaspace       used 15149K, capacity 15355K, committed 15616K, reserved 1062912K
  class space    used 1434K, capacity 1514K, committed 1536K, reserved 1048576K
Event: 62,417 GC heap after
Heap after GC invocations=123 (full 4):
 PSYoungGen      total 2657280K, used 0K [0x0000000719b80000, 0x00000007c0000000, 0x00000007c0000000)
  eden space 2590208K, 0% used [0x0000000719b80000,0x0000000719b80000,0x00000007b7d00000)
  from space 67072K, 0% used [0x00000007b7d00000,0x00000007b7d00000,0x00000007bbe80000)
  to   space 67072K, 0% used [0x00000007bbe80000,0x00000007bbe80000,0x00000007c0000000)
 ParOldGen       total 3798016K, used 2408764K [0x00000005cd200000, 0x00000006b4f00000, 0x0000000719b80000)
  object space 3798016K, 63% used [0x00000005cd200000,0x000000066024f3e8,0x00000006b4f00000)
 Metaspace       used 15149K, capacity 15355K, committed 15616K, reserved 1062912K
  class space    used 1434K, capacity 1514K, committed 1536K, reserved 1048576K
}

