# JRE version: Java(TM) SE Runtime Environment (8.0_201-b09) (build 1.8.0_201-b09)
# Java VM: Java HotSpot(TM) 64-Bit Server VM (25.201-b09 mixed mode linux-amd64 compressed oops)
Heap:
 PSYoungGen      total 984064K, used 192873K [0x0000000719b80000, 0x00000007c0000000, 0x00000007c0000000)
  eden space 908800K, 21% used [0x0000000719b80000,0x00000007257da518,0x0000000751300000)
  from space 75264K, 0% used [0x00000007bb680000,0x00000007bb680000,0x00000007c0000000)
  to   space 907776K, 0% used [0x0000000751300000,0x0000000751300000,0x0000000788980000)
 ParOldGen       total 4192256K, used 2328555K [0x00000005cd200000, 0x00000006cd000000, 0x0000000719b80000)
  object space 4192256K, 55% used [0x00000005cd200000,0x000000065b3fac30,0x00000006cd000000)
 Metaspace       used 16568K, capacity 16745K, committed 17024K, reserved 1064960K
  class space    used 1533K, capacity 1611K, committed 1664K, reserved 1048576K
GC Heap History (10 events):
Event: 23,736 GC heap before
{Heap before GC invocations=29 (full 1):
 PSYoungGen      total 2638336K, used 2586368K [0x0000000719b80000, 0x00000007c0000000, 0x00000007c0000000)
  eden space 2569728K, 100% used [0x0000000719b80000,0x00000007b6900000,0x00000007b6900000)
  from space 68608K, 24% used [0x00000007b6900000,0x00000007b7940000,0x00000007bac00000)
  to   space 64000K, 0% used [0x00000007bc180000,0x00000007bc180000,0x00000007c0000000)
 ParOldGen       total 517632K, used 429786K [0x00000005cd200000, 0x00000005ecb80000, 0x0000000719b80000)
  object space 517632K, 83% used [0x00000005cd200000,0x00000005e75b6b30,0x00000005ecb80000)
 Metaspace       used 14563K, capacity 14715K, committed 15104K, reserved 1062912K
  class space    used 1388K, capacity 1450K, committed 1536K, reserved 1048576K
Event: 23,760 GC heap after
Heap after GC invocations=29 (full 1):
 PSYoungGen      total 2637824K, used 59140K [0x0000000719b80000, 0x00000007c0000000, 0x00000007c0000000)
  eden space 2573824K, 0% used [0x0000000719b80000,0x0000000719b80000,0x00000007b6d00000)
  from space 64000K, 92% used [0x00000007bc180000,0x00000007bfb41208,0x00000007c0000000)
  to   space 75264K, 0% used [0x00000007b6d00000,0x00000007b6d00000,0x00000007bb680000)
 ParOldGen       total 517632K, used 429794K [0x00000005cd200000, 0x00000005ecb80000, 0x0000000719b80000)
  object space 517632K, 83% used [0x00000005cd200000,0x00000005e75b8b30,0x00000005ecb80000)
 Metaspace       used 14563K, capacity 14715K, committed 15104K, reserved 1062912K
  class space    used 1388K, capacity 1450K, committed 1536K, reserved 1048576K
}
Event: 37,463 GC heap before
{Heap before GC invocations=30 (full 1):
 PSYoungGen      total 2637824K, used 2632680K [0x0000000719b80000, 0x00000007c0000000, 0x00000007c0000000)
  eden space 2573824K, 99% used [0x0000000719b80000,0x00000007b6cb8fc8,0x00000007b6d00000)
  from space 64000K, 92% used [0x00000007bc180000,0x00000007bfb41208,0x00000007c0000000)
  to   space 75264K, 0% used [0x00000007b6d00000,0x00000007b6d00000,0x00000007bb680000)
 ParOldGen       total 517632K, used 429794K [0x00000005cd200000, 0x00000005ecb80000, 0x0000000719b80000)
  object space 517632K, 83% used [0x00000005cd200000,0x00000005e75b8b30,0x00000005ecb80000)
 Metaspace       used 15246K, capacity 15427K, committed 15616K, reserved 1062912K
  class space    used 1433K, capacity 1514K, committed 1536K, reserved 1048576K
Event: 41,976 GC heap after
Heap after GC invocations=30 (full 1):
 PSYoungGen      total 2649088K, used 75250K [0x0000000719b80000, 0x00000007c0000000, 0x00000007c0000000)
  eden space 2573824K, 0% used [0x0000000719b80000,0x0000000719b80000,0x00000007b6d00000)
  from space 75264K, 99% used [0x00000007b6d00000,0x00000007bb67c980,0x00000007bb680000)
  to   space 75264K, 0% used [0x00000007bb680000,0x00000007bb680000,0x00000007c0000000)
 ParOldGen       total 2457088K, used 2456745K [0x00000005cd200000, 0x0000000663180000, 0x0000000719b80000)
  object space 2457088K, 99% used [0x00000005cd200000,0x000000066312a648,0x0000000663180000)
 Metaspace       used 15246K, capacity 15427K, committed 15616K, reserved 1062912K
  class space    used 1433K, capacity 1514K, committed 1536K, reserved 1048576K
}
Event: 41,976 GC heap before
{Heap before GC invocations=31 (full 2):
 PSYoungGen      total 2649088K, used 75250K [0x0000000719b80000, 0x00000007c0000000, 0x00000007c0000000)
  eden space 2573824K, 0% used [0x0000000719b80000,0x0000000719b80000,0x00000007b6d00000)
  from space 75264K, 99% used [0x00000007b6d00000,0x00000007bb67c980,0x00000007bb680000)
  to   space 75264K, 0% used [0x00000007bb680000,0x00000007bb680000,0x00000007c0000000)
 ParOldGen       total 2457088K, used 2456745K [0x00000005cd200000, 0x0000000663180000, 0x0000000719b80000)
  object space 2457088K, 99% used [0x00000005cd200000,0x000000066312a648,0x0000000663180000)
 Metaspace       used 15246K, capacity 15427K, committed 15616K, reserved 1062912K
  class space    used 1433K, capacity 1514K, committed 1536K, reserved 1048576K
Event: 48,338 GC heap after
Heap after GC invocations=31 (full 2):
 PSYoungGen      total 2649088K, used 0K [0x0000000719b80000, 0x00000007c0000000, 0x00000007c0000000)
  eden space 2573824K, 0% used [0x0000000719b80000,0x0000000719b80000,0x00000007b6d00000)
  from space 75264K, 0% used [0x00000007b6d00000,0x00000007b6d00000,0x00000007bb680000)
  to   space 75264K, 0% used [0x00000007bb680000,0x00000007bb680000,0x00000007c0000000)
 ParOldGen       total 3228672K, used 2152770K [0x00000005cd200000, 0x0000000692300000, 0x0000000719b80000)
  object space 3228672K, 66% used [0x00000005cd200000,0x0000000650850bf8,0x0000000692300000)
 Metaspace       used 15246K, capacity 15427K, committed 15616K, reserved 1062912K
  class space    used 1433K, capacity 1514K, committed 1536K, reserved 1048576K
}
Event: 70,139 GC heap before
{Heap before GC invocations=32 (full 2):
 PSYoungGen      total 2649088K, used 2573824K [0x0000000719b80000, 0x00000007c0000000, 0x00000007c0000000)
  eden space 2573824K, 100% used [0x0000000719b80000,0x00000007b6d00000,0x00000007b6d00000)
  from space 75264K, 0% used [0x00000007b6d00000,0x00000007b6d00000,0x00000007bb680000)
  to   space 75264K, 0% used [0x00000007bb680000,0x00000007bb680000,0x00000007c0000000)
 ParOldGen       total 3228672K, used 2152770K [0x00000005cd200000, 0x0000000692300000, 0x0000000719b80000)
  object space 3228672K, 66% used [0x00000005cd200000,0x0000000650850bf8,0x0000000692300000)
 Metaspace       used 16349K, capacity 16553K, committed 16768K, reserved 1064960K
  class space    used 1511K, capacity 1611K, committed 1664K, reserved 1048576K
Event: 74,763 GC heap after
Heap after GC invocations=32 (full 2):
 PSYoungGen      total 984064K, used 75233K [0x0000000719b80000, 0x00000007c0000000, 0x00000007c0000000)
  eden space 908800K, 0% used [0x0000000719b80000,0x0000000719b80000,0x0000000751300000)
  from space 75264K, 99% used [0x00000007bb680000,0x00000007bfff84a0,0x00000007c0000000)
  to   space 907776K, 0% used [0x0000000751300000,0x0000000751300000,0x0000000788980000)
 ParOldGen       total 4392960K, used 4392535K [0x00000005cd200000, 0x00000006d9400000, 0x0000000719b80000)
  object space 4392960K, 99% used [0x00000005cd200000,0x00000006d9395fe0,0x00000006d9400000)
 Metaspace       used 16349K, capacity 16553K, committed 16768K, reserved 1064960K
  class space    used 1511K, capacity 1611K, committed 1664K, reserved 1048576K
}
Event: 74,763 GC heap before
{Heap before GC invocations=33 (full 3):
 PSYoungGen      total 984064K, used 75233K [0x0000000719b80000, 0x00000007c0000000, 0x00000007c0000000)
  eden space 908800K, 0% used [0x0000000719b80000,0x0000000719b80000,0x0000000751300000)
  from space 75264K, 99% used [0x00000007bb680000,0x00000007bfff84a0,0x00000007c0000000)
  to   space 907776K, 0% used [0x0000000751300000,0x0000000751300000,0x0000000788980000)
 ParOldGen       total 4392960K, used 4392535K [0x00000005cd200000, 0x00000006d9400000, 0x0000000719b80000)
  object space 4392960K, 99% used [0x00000005cd200000,0x00000006d9395fe0,0x00000006d9400000)
 Metaspace       used 16349K, capacity 16553K, committed 16768K, reserved 1064960K
  class space    used 1511K, capacity 1611K, committed 1664K, reserved 1048576K
Event: 82,584 GC heap after
Heap after GC invocations=33 (full 3):
 PSYoungGen      total 984064K, used 0K [0x0000000719b80000, 0x00000007c0000000, 0x00000007c0000000)
  eden space 908800K, 0% used [0x0000000719b80000,0x0000000719b80000,0x0000000751300000)
  from space 75264K, 0% used [0x00000007bb680000,0x00000007bb680000,0x00000007c0000000)
  to   space 907776K, 0% used [0x0000000751300000,0x0000000751300000,0x0000000788980000)
 ParOldGen       total 4192256K, used 2328555K [0x00000005cd200000, 0x00000006cd000000, 0x0000000719b80000)
  object space 4192256K, 55% used [0x00000005cd200000,0x000000065b3fac30,0x00000006cd000000)
 Metaspace       used 16349K, capacity 16553K, committed 16768K, reserved 1064960K
  class space    used 1511K, capacity 1611K, committed 1664K, reserved 1048576K
}

