# JRE version: Java(TM) SE Runtime Environment (8.0_201-b09) (build 1.8.0_201-b09)
# Java VM: Java HotSpot(TM) 64-Bit Server VM (25.201-b09 mixed mode linux-amd64 compressed oops)
Heap:
 PSYoungGen      total 278016K, used 39519K [0x0000000719b80000, 0x000000074a300000, 0x00000007c0000000)
  eden space 257024K, 15% used [0x0000000719b80000,0x000000071c217ff0,0x0000000729680000)
  from space 20992K, 0% used [0x0000000729680000,0x0000000729680000,0x000000072ab00000)
  to   space 147456K, 0% used [0x0000000741300000,0x0000000741300000,0x000000074a300000)
 ParOldGen       total 885248K, used 454871K [0x00000005cd200000, 0x0000000603280000, 0x0000000719b80000)
  object space 885248K, 51% used [0x00000005cd200000,0x00000005e8e35c68,0x0000000603280000)
 Metaspace       used 17681K, capacity 17895K, committed 18304K, reserved 1064960K
  class space    used 1715K, capacity 1801K, committed 1920K, reserved 1048576K
GC Heap History (10 events):
Event: 22,730 GC heap before
{Heap before GC invocations=3 (full 0):
 PSYoungGen      total 149504K, used 149341K [0x0000000719b80000, 0x0000000724200000, 0x00000007c0000000)
  eden space 128512K, 99% used [0x0000000719b80000,0x00000007218d9728,0x0000000721900000)
  from space 20992K, 99% used [0x0000000722d80000,0x00000007241fe010,0x0000000724200000)
  to   space 20992K, 0% used [0x0000000721900000,0x0000000721900000,0x0000000722d80000)
 ParOldGen       total 341504K, used 111093K [0x00000005cd200000, 0x00000005e1f80000, 0x0000000719b80000)
  object space 341504K, 32% used [0x00000005cd200000,0x00000005d3e7d770,0x00000005e1f80000)
 Metaspace       used 17040K, capacity 17287K, committed 17408K, reserved 1064960K
  class space    used 1681K, capacity 1769K, committed 1792K, reserved 1048576K
Event: 22,764 GC heap after
Heap after GC invocations=3 (full 0):
 PSYoungGen      total 149504K, used 20990K [0x0000000719b80000, 0x000000072bf80000, 0x00000007c0000000)
  eden space 128512K, 0% used [0x0000000719b80000,0x0000000719b80000,0x0000000721900000)
  from space 20992K, 99% used [0x0000000721900000,0x0000000722d7fb70,0x0000000722d80000)
  to   space 20992K, 0% used [0x000000072ab00000,0x000000072ab00000,0x000000072bf80000)
 ParOldGen       total 341504K, used 205299K [0x00000005cd200000, 0x00000005e1f80000, 0x0000000719b80000)
  object space 341504K, 60% used [0x00000005cd200000,0x00000005d9a7cde0,0x00000005e1f80000)
 Metaspace       used 17040K, capacity 17287K, committed 17408K, reserved 1064960K
  class space    used 1681K, capacity 1769K, committed 1792K, reserved 1048576K
}
Event: 22,981 GC heap before
{Heap before GC invocations=4 (full 0):
 PSYoungGen      total 149504K, used 149450K [0x0000000719b80000, 0x000000072bf80000, 0x00000007c0000000)
  eden space 128512K, 99% used [0x0000000719b80000,0x00000007218f2fb0,0x0000000721900000)
  from space 20992K, 99% used [0x0000000721900000,0x0000000722d7fb70,0x0000000722d80000)
  to   space 20992K, 0% used [0x000000072ab00000,0x000000072ab00000,0x000000072bf80000)
 ParOldGen       total 341504K, used 205299K [0x00000005cd200000, 0x00000005e1f80000, 0x0000000719b80000)
  object space 341504K, 60% used [0x00000005cd200000,0x00000005d9a7cde0,0x00000005e1f80000)
 Metaspace       used 17044K, capacity 17287K, committed 17408K, reserved 1064960K
  class space    used 1681K, capacity 1769K, committed 1792K, reserved 1048576K
Event: 23,024 GC heap after
Heap after GC invocations=4 (full 0):
 PSYoungGen      total 278016K, used 20913K [0x0000000719b80000, 0x000000072bf80000, 0x00000007c0000000)
  eden space 257024K, 0% used [0x0000000719b80000,0x0000000719b80000,0x0000000729680000)
  from space 20992K, 99% used [0x000000072ab00000,0x000000072bf6c758,0x000000072bf80000)
  to   space 20992K, 0% used [0x0000000729680000,0x0000000729680000,0x000000072ab00000)
 ParOldGen       total 341504K, used 321375K [0x00000005cd200000, 0x00000005e1f80000, 0x0000000719b80000)
  object space 341504K, 94% used [0x00000005cd200000,0x00000005e0bd7d28,0x00000005e1f80000)
 Metaspace       used 17044K, capacity 17287K, committed 17408K, reserved 1064960K
  class space    used 1681K, capacity 1769K, committed 1792K, reserved 1048576K
}
Event: 23,024 GC heap before
{Heap before GC invocations=5 (full 1):
 PSYoungGen      total 278016K, used 20913K [0x0000000719b80000, 0x000000072bf80000, 0x00000007c0000000)
  eden space 257024K, 0% used [0x0000000719b80000,0x0000000719b80000,0x0000000729680000)
  from space 20992K, 99% used [0x000000072ab00000,0x000000072bf6c758,0x000000072bf80000)
  to   space 20992K, 0% used [0x0000000729680000,0x0000000729680000,0x000000072ab00000)
 ParOldGen       total 341504K, used 321375K [0x00000005cd200000, 0x00000005e1f80000, 0x0000000719b80000)
  object space 341504K, 94% used [0x00000005cd200000,0x00000005e0bd7d28,0x00000005e1f80000)
 Metaspace       used 17044K, capacity 17287K, committed 17408K, reserved 1064960K
  class space    used 1681K, capacity 1769K, committed 1792K, reserved 1048576K
Event: 23,125 GC heap after
Heap after GC invocations=5 (full 1):
 PSYoungGen      total 278016K, used 0K [0x0000000719b80000, 0x000000072bf80000, 0x00000007c0000000)
  eden space 257024K, 0% used [0x0000000719b80000,0x0000000719b80000,0x0000000729680000)
  from space 20992K, 0% used [0x000000072ab00000,0x000000072ab00000,0x000000072bf80000)
  to   space 20992K, 0% used [0x0000000729680000,0x0000000729680000,0x000000072ab00000)
 ParOldGen       total 547328K, used 265324K [0x00000005cd200000, 0x00000005ee880000, 0x0000000719b80000)
  object space 547328K, 48% used [0x00000005cd200000,0x00000005dd51b0f0,0x00000005ee880000)
 Metaspace       used 17044K, capacity 17287K, committed 17408K, reserved 1064960K
  class space    used 1681K, capacity 1769K, committed 1792K, reserved 1048576K
}
Event: 23,653 GC heap before
{Heap before GC invocations=6 (full 1):
 PSYoungGen      total 278016K, used 256766K [0x0000000719b80000, 0x000000072bf80000, 0x00000007c0000000)
  eden space 257024K, 99% used [0x0000000719b80000,0x000000072963f978,0x0000000729680000)
  from space 20992K, 0% used [0x000000072ab00000,0x000000072ab00000,0x000000072bf80000)
  to   space 20992K, 0% used [0x0000000729680000,0x0000000729680000,0x000000072ab00000)
 ParOldGen       total 547328K, used 265324K [0x00000005cd200000, 0x00000005ee880000, 0x0000000719b80000)
  object space 547328K, 48% used [0x00000005cd200000,0x00000005dd51b0f0,0x00000005ee880000)
 Metaspace       used 17059K, capacity 17287K, committed 17408K, reserved 1064960K
  class space    used 1681K, capacity 1769K, committed 1792K, reserved 1048576K
Event: 23,716 GC heap after
Heap after GC invocations=6 (full 1):
 PSYoungGen      total 278016K, used 20923K [0x0000000719b80000, 0x000000074a300000, 0x00000007c0000000)
  eden space 257024K, 0% used [0x0000000719b80000,0x0000000719b80000,0x0000000729680000)
  from space 20992K, 99% used [0x0000000729680000,0x000000072aaeec68,0x000000072ab00000)
  to   space 147456K, 0% used [0x0000000741300000,0x0000000741300000,0x000000074a300000)
 ParOldGen       total 547328K, used 480098K [0x00000005cd200000, 0x00000005ee880000, 0x0000000719b80000)
  object space 547328K, 87% used [0x00000005cd200000,0x00000005ea6d8aa8,0x00000005ee880000)
 Metaspace       used 17059K, capacity 17287K, committed 17408K, reserved 1064960K
  class space    used 1681K, capacity 1769K, committed 1792K, reserved 1048576K
}
Event: 23,716 GC heap before
{Heap before GC invocations=7 (full 2):
 PSYoungGen      total 278016K, used 20923K [0x0000000719b80000, 0x000000074a300000, 0x00000007c0000000)
  eden space 257024K, 0% used [0x0000000719b80000,0x0000000719b80000,0x0000000729680000)
  from space 20992K, 99% used [0x0000000729680000,0x000000072aaeec68,0x000000072ab00000)
  to   space 147456K, 0% used [0x0000000741300000,0x0000000741300000,0x000000074a300000)
 ParOldGen       total 547328K, used 480098K [0x00000005cd200000, 0x00000005ee880000, 0x0000000719b80000)
  object space 547328K, 87% used [0x00000005cd200000,0x00000005ea6d8aa8,0x00000005ee880000)
 Metaspace       used 17059K, capacity 17287K, committed 17408K, reserved 1064960K
  class space    used 1681K, capacity 1769K, committed 1792K, reserved 1048576K
Event: 23,812 GC heap after
Heap after GC invocations=7 (full 2):
 PSYoungGen      total 278016K, used 0K [0x0000000719b80000, 0x000000074a300000, 0x00000007c0000000)
  eden space 257024K, 0% used [0x0000000719b80000,0x0000000719b80000,0x0000000729680000)
  from space 20992K, 0% used [0x0000000729680000,0x0000000729680000,0x000000072ab00000)
  to   space 147456K, 0% used [0x0000000741300000,0x0000000741300000,0x000000074a300000)
 ParOldGen       total 885248K, used 454871K [0x00000005cd200000, 0x0000000603280000, 0x0000000719b80000)
  object space 885248K, 51% used [0x00000005cd200000,0x00000005e8e35c68,0x0000000603280000)
 Metaspace       used 17059K, capacity 17287K, committed 17408K, reserved 1064960K
  class space    used 1681K, capacity 1769K, committed 1792K, reserved 1048576K
}

