# JRE version: Java(TM) SE Runtime Environment (8.0_201-b09) (build 1.8.0_201-b09)
# Java VM: Java HotSpot(TM) 64-Bit Server VM (25.201-b09 mixed mode linux-amd64 compressed oops)
Heap:
 PSYoungGen      total 2123776K, used 804486K [0x0000000719b80000, 0x00000007c0000000, 0x00000007c0000000)
  eden space 1581568K, 50% used [0x0000000719b80000,0x000000074ab01a88,0x000000077a400000)
  from space 542208K, 0% used [0x000000077a400000,0x000000077a620000,0x000000079b580000)
  to   space 535552K, 0% used [0x000000079f500000,0x000000079f500000,0x00000007c0000000)
 ParOldGen       total 1348096K, used 775002K [0x00000005cd200000, 0x000000061f680000, 0x0000000719b80000)
  object space 1348096K, 57% used [0x00000005cd200000,0x00000005fc6d6b10,0x000000061f680000)
 Metaspace       used 14948K, capacity 15139K, committed 15360K, reserved 1062912K
  class space    used 1416K, capacity 1482K, committed 1536K, reserved 1048576K
GC Heap History (10 events):
Event: 22,437 GC heap before
{Heap before GC invocations=15 (full 1):
 PSYoungGen      total 1426432K, used 1400060K [0x0000000719b80000, 0x0000000798e00000, 0x00000007c0000000)
  eden space 1132032K, 100% used [0x0000000719b80000,0x000000075ed00000,0x000000075ed00000)
  from space 294400K, 91% used [0x000000075ed00000,0x000000076f2bf0e8,0x0000000770c80000)
  to   space 341504K, 0% used [0x0000000784080000,0x0000000784080000,0x0000000798e00000)
 ParOldGen       total 1085952K, used 698617K [0x00000005cd200000, 0x000000060f680000, 0x0000000719b80000)
  object space 1085952K, 64% used [0x00000005cd200000,0x00000005f7c3e7c0,0x000000060f680000)
 Metaspace       used 14904K, capacity 15075K, committed 15360K, reserved 1062912K
  class space    used 1416K, capacity 1482K, committed 1536K, reserved 1048576K
Event: 22,533 GC heap after
Heap after GC invocations=15 (full 1):
 PSYoungGen      total 1707008K, used 261116K [0x0000000719b80000, 0x00000007a2d80000, 0x00000007c0000000)
  eden space 1365504K, 0% used [0x0000000719b80000,0x0000000719b80000,0x000000076d100000)
  from space 341504K, 76% used [0x0000000784080000,0x0000000793f7f0e8,0x0000000798e00000)
  to   space 376320K, 0% used [0x000000076d100000,0x000000076d100000,0x0000000784080000)
 ParOldGen       total 1085952K, used 698625K [0x00000005cd200000, 0x000000060f680000, 0x0000000719b80000)
  object space 1085952K, 64% used [0x00000005cd200000,0x00000005f7c407c0,0x000000060f680000)
 Metaspace       used 14904K, capacity 15075K, committed 15360K, reserved 1062912K
  class space    used 1416K, capacity 1482K, committed 1536K, reserved 1048576K
}
Event: 26,970 GC heap before
{Heap before GC invocations=16 (full 1):
 PSYoungGen      total 1707008K, used 1626620K [0x0000000719b80000, 0x00000007a2d80000, 0x00000007c0000000)
  eden space 1365504K, 100% used [0x0000000719b80000,0x000000076d100000,0x000000076d100000)
  from space 341504K, 76% used [0x0000000784080000,0x0000000793f7f0e8,0x0000000798e00000)
  to   space 376320K, 0% used [0x000000076d100000,0x000000076d100000,0x0000000784080000)
 ParOldGen       total 1085952K, used 698625K [0x00000005cd200000, 0x000000060f680000, 0x0000000719b80000)
  object space 1085952K, 64% used [0x00000005cd200000,0x00000005f7c407c0,0x000000060f680000)
 Metaspace       used 14933K, capacity 15075K, committed 15360K, reserved 1062912K
  class space    used 1416K, capacity 1482K, committed 1536K, reserved 1048576K
Event: 27,033 GC heap after
Heap after GC invocations=16 (full 1):
 PSYoungGen      total 1741824K, used 171649K [0x0000000719b80000, 0x00000007b1f00000, 0x00000007c0000000)
  eden space 1365504K, 0% used [0x0000000719b80000,0x0000000719b80000,0x000000076d100000)
  from space 376320K, 45% used [0x000000076d100000,0x00000007778a07f0,0x0000000784080000)
  to   space 370176K, 0% used [0x000000079b580000,0x000000079b580000,0x00000007b1f00000)
 ParOldGen       total 1085952K, used 704516K [0x00000005cd200000, 0x000000060f680000, 0x0000000719b80000)
  object space 1085952K, 64% used [0x00000005cd200000,0x00000005f8201228,0x000000060f680000)
 Metaspace       used 14933K, capacity 15075K, committed 15360K, reserved 1062912K
  class space    used 1416K, capacity 1482K, committed 1536K, reserved 1048576K
}
Event: 34,103 GC heap before
{Heap before GC invocations=17 (full 1):
 PSYoungGen      total 1741824K, used 1537153K [0x0000000719b80000, 0x00000007b1f00000, 0x00000007c0000000)
  eden space 1365504K, 100% used [0x0000000719b80000,0x000000076d100000,0x000000076d100000)
  from space 376320K, 45% used [0x000000076d100000,0x00000007778a07f0,0x0000000784080000)
  to   space 370176K, 0% used [0x000000079b580000,0x000000079b580000,0x00000007b1f00000)
 ParOldGen       total 1085952K, used 704516K [0x00000005cd200000, 0x000000060f680000, 0x0000000719b80000)
  object space 1085952K, 64% used [0x00000005cd200000,0x00000005f8201228,0x000000060f680000)
 Metaspace       used 14947K, capacity 15139K, committed 15360K, reserved 1062912K
  class space    used 1416K, capacity 1482K, committed 1536K, reserved 1048576K
Event: 35,073 GC heap after
Heap after GC invocations=17 (full 1):
 PSYoungGen      total 1951744K, used 370171K [0x0000000719b80000, 0x00000007c0000000, 0x00000007c0000000)
  eden space 1581568K, 0% used [0x0000000719b80000,0x0000000719b80000,0x000000077a400000)
  from space 370176K, 99% used [0x000000079b580000,0x00000007b1efec50,0x00000007b1f00000)
  to   space 542208K, 0% used [0x000000077a400000,0x000000077a400000,0x000000079b580000)
 ParOldGen       total 1085952K, used 990820K [0x00000005cd200000, 0x000000060f680000, 0x0000000719b80000)
  object space 1085952K, 91% used [0x00000005cd200000,0x0000000609999228,0x000000060f680000)
 Metaspace       used 14947K, capacity 15139K, committed 15360K, reserved 1062912K
  class space    used 1416K, capacity 1482K, committed 1536K, reserved 1048576K
}
Event: 35,073 GC heap before
{Heap before GC invocations=18 (full 2):
 PSYoungGen      total 1951744K, used 370171K [0x0000000719b80000, 0x00000007c0000000, 0x00000007c0000000)
  eden space 1581568K, 0% used [0x0000000719b80000,0x0000000719b80000,0x000000077a400000)
  from space 370176K, 99% used [0x000000079b580000,0x00000007b1efec50,0x00000007b1f00000)
  to   space 542208K, 0% used [0x000000077a400000,0x000000077a400000,0x000000079b580000)
 ParOldGen       total 1085952K, used 990820K [0x00000005cd200000, 0x000000060f680000, 0x0000000719b80000)
  object space 1085952K, 91% used [0x00000005cd200000,0x0000000609999228,0x000000060f680000)
 Metaspace       used 14947K, capacity 15139K, committed 15360K, reserved 1062912K
  class space    used 1416K, capacity 1482K, committed 1536K, reserved 1048576K
Event: 36,138 GC heap after
Heap after GC invocations=18 (full 2):
 PSYoungGen      total 1951744K, used 0K [0x0000000719b80000, 0x00000007c0000000, 0x00000007c0000000)
  eden space 1581568K, 0% used [0x0000000719b80000,0x0000000719b80000,0x000000077a400000)
  from space 370176K, 0% used [0x000000079b580000,0x000000079b580000,0x00000007b1f00000)
  to   space 542208K, 0% used [0x000000077a400000,0x000000077a400000,0x000000079b580000)
 ParOldGen       total 1348096K, used 775002K [0x00000005cd200000, 0x000000061f680000, 0x0000000719b80000)
  object space 1348096K, 57% used [0x00000005cd200000,0x00000005fc6d6b10,0x000000061f680000)
 Metaspace       used 14947K, capacity 15139K, committed 15360K, reserved 1062912K
  class space    used 1416K, capacity 1482K, committed 1536K, reserved 1048576K
}
Event: 36,630 GC heap before
{Heap before GC invocations=19 (full 2):
 PSYoungGen      total 1951744K, used 1581568K [0x0000000719b80000, 0x00000007c0000000, 0x00000007c0000000)
  eden space 1581568K, 100% used [0x0000000719b80000,0x000000077a400000,0x000000077a400000)
  from space 370176K, 0% used [0x000000079b580000,0x000000079b580000,0x00000007b1f00000)
  to   space 542208K, 0% used [0x000000077a400000,0x000000077a400000,0x000000079b580000)
 ParOldGen       total 1348096K, used 775002K [0x00000005cd200000, 0x000000061f680000, 0x0000000719b80000)
  object space 1348096K, 57% used [0x00000005cd200000,0x00000005fc6d6b10,0x000000061f680000)
 Metaspace       used 14947K, capacity 15139K, committed 15360K, reserved 1062912K
  class space    used 1416K, capacity 1482K, committed 1536K, reserved 1048576K
Event: 36,644 GC heap after
Heap after GC invocations=19 (full 2):
 PSYoungGen      total 2123776K, used 2176K [0x0000000719b80000, 0x00000007c0000000, 0x00000007c0000000)
  eden space 1581568K, 0% used [0x0000000719b80000,0x0000000719b80000,0x000000077a400000)
  from space 542208K, 0% used [0x000000077a400000,0x000000077a620000,0x000000079b580000)
  to   space 535552K, 0% used [0x000000079f500000,0x000000079f500000,0x00000007c0000000)
 ParOldGen       total 1348096K, used 775002K [0x00000005cd200000, 0x000000061f680000, 0x0000000719b80000)
  object space 1348096K, 57% used [0x00000005cd200000,0x00000005fc6d6b10,0x000000061f680000)
 Metaspace       used 14947K, capacity 15139K, committed 15360K, reserved 1062912K
  class space    used 1416K, capacity 1482K, committed 1536K, reserved 1048576K
}

