# JRE version: Java(TM) SE Runtime Environment (8.0_201-b09) (build 1.8.0_201-b09)
# Java VM: Java HotSpot(TM) 64-Bit Server VM (25.201-b09 mixed mode linux-amd64 compressed oops)
Heap:
 PSYoungGen      total 2141184K, used 766478K [0x0000000719b80000, 0x00000007c0000000, 0x00000007c0000000)
  eden space 1600000K, 47% used [0x0000000719b80000,0x00000007485e39e0,0x000000077b600000)
  from space 541184K, 0% used [0x000000077b600000,0x000000077b820000,0x000000079c680000)
  to   space 534528K, 0% used [0x000000079f600000,0x000000079f600000,0x00000007c0000000)
 ParOldGen       total 1338368K, used 771367K [0x00000005cd200000, 0x000000061ed00000, 0x0000000719b80000)
  object space 1338368K, 57% used [0x00000005cd200000,0x00000005fc349e68,0x000000061ed00000)
 Metaspace       used 15030K, capacity 15203K, committed 15360K, reserved 1062912K
  class space    used 1416K, capacity 1482K, committed 1536K, reserved 1048576K
GC Heap History (10 events):
Event: 22,138 GC heap before
{Heap before GC invocations=15 (full 1):
 PSYoungGen      total 1424896K, used 1406588K [0x0000000719b80000, 0x0000000799180000, 0x00000007c0000000)
  eden space 1133056K, 100% used [0x0000000719b80000,0x000000075ee00000,0x000000075ee00000)
  from space 291840K, 93% used [0x000000075ee00000,0x000000076f91f0e8,0x0000000770b00000)
  to   space 340992K, 0% used [0x0000000784480000,0x0000000784480000,0x0000000799180000)
 ParOldGen       total 1076224K, used 692771K [0x00000005cd200000, 0x000000060ed00000, 0x0000000719b80000)
  object space 1076224K, 64% used [0x00000005cd200000,0x00000005f7688fe8,0x000000060ed00000)
 Metaspace       used 14987K, capacity 15139K, committed 15360K, reserved 1062912K
  class space    used 1416K, capacity 1482K, committed 1536K, reserved 1048576K
Event: 22,245 GC heap after
Heap after GC invocations=15 (full 1):
 PSYoungGen      total 1711616K, used 259516K [0x0000000719b80000, 0x00000007a3580000, 0x00000007c0000000)
  eden space 1370624K, 0% used [0x0000000719b80000,0x0000000719b80000,0x000000076d600000)
  from space 340992K, 76% used [0x0000000784480000,0x00000007941ef0e8,0x0000000799180000)
  to   space 375296K, 0% used [0x000000076d600000,0x000000076d600000,0x0000000784480000)
 ParOldGen       total 1076224K, used 692779K [0x00000005cd200000, 0x000000060ed00000, 0x0000000719b80000)
  object space 1076224K, 64% used [0x00000005cd200000,0x00000005f768afe8,0x000000060ed00000)
 Metaspace       used 14987K, capacity 15139K, committed 15360K, reserved 1062912K
  class space    used 1416K, capacity 1482K, committed 1536K, reserved 1048576K
}
Event: 26,726 GC heap before
{Heap before GC invocations=16 (full 1):
 PSYoungGen      total 1711616K, used 1630140K [0x0000000719b80000, 0x00000007a3580000, 0x00000007c0000000)
  eden space 1370624K, 100% used [0x0000000719b80000,0x000000076d600000,0x000000076d600000)
  from space 340992K, 76% used [0x0000000784480000,0x00000007941ef0e8,0x0000000799180000)
  to   space 375296K, 0% used [0x000000076d600000,0x000000076d600000,0x0000000784480000)
 ParOldGen       total 1076224K, used 692779K [0x00000005cd200000, 0x000000060ed00000, 0x0000000719b80000)
  object space 1076224K, 64% used [0x00000005cd200000,0x00000005f768afe8,0x000000060ed00000)
 Metaspace       used 15013K, capacity 15203K, committed 15360K, reserved 1062912K
  class space    used 1416K, capacity 1482K, committed 1536K, reserved 1048576K
Event: 26,792 GC heap after
Heap after GC invocations=16 (full 1):
 PSYoungGen      total 1745920K, used 175169K [0x0000000719b80000, 0x00000007b3080000, 0x00000007c0000000)
  eden space 1370624K, 0% used [0x0000000719b80000,0x0000000719b80000,0x000000076d600000)
  from space 375296K, 46% used [0x000000076d600000,0x00000007781107e0,0x0000000784480000)
  to   space 370688K, 0% used [0x000000079c680000,0x000000079c680000,0x00000007b3080000)
 ParOldGen       total 1076224K, used 698670K [0x00000005cd200000, 0x000000060ed00000, 0x0000000719b80000)
  object space 1076224K, 64% used [0x00000005cd200000,0x00000005f7c4ba50,0x000000060ed00000)
 Metaspace       used 15013K, capacity 15203K, committed 15360K, reserved 1062912K
  class space    used 1416K, capacity 1482K, committed 1536K, reserved 1048576K
}
Event: 33,479 GC heap before
{Heap before GC invocations=17 (full 1):
 PSYoungGen      total 1745920K, used 1545793K [0x0000000719b80000, 0x00000007b3080000, 0x00000007c0000000)
  eden space 1370624K, 100% used [0x0000000719b80000,0x000000076d600000,0x000000076d600000)
  from space 375296K, 46% used [0x000000076d600000,0x00000007781107e0,0x0000000784480000)
  to   space 370688K, 0% used [0x000000079c680000,0x000000079c680000,0x00000007b3080000)
 ParOldGen       total 1076224K, used 698670K [0x00000005cd200000, 0x000000060ed00000, 0x0000000719b80000)
  object space 1076224K, 64% used [0x00000005cd200000,0x00000005f7c4ba50,0x000000060ed00000)
 Metaspace       used 15029K, capacity 15203K, committed 15360K, reserved 1062912K
  class space    used 1416K, capacity 1482K, committed 1536K, reserved 1048576K
Event: 34,419 GC heap after
Heap after GC invocations=17 (full 1):
 PSYoungGen      total 1970688K, used 370683K [0x0000000719b80000, 0x00000007c0000000, 0x00000007c0000000)
  eden space 1600000K, 0% used [0x0000000719b80000,0x0000000719b80000,0x000000077b600000)
  from space 370688K, 99% used [0x000000079c680000,0x00000007b307ec40,0x00000007b3080000)
  to   space 541184K, 0% used [0x000000077b600000,0x000000077b600000,0x000000079c680000)
 ParOldGen       total 1076224K, used 980566K [0x00000005cd200000, 0x000000060ed00000, 0x0000000719b80000)
  object space 1076224K, 91% used [0x00000005cd200000,0x0000000608f95a60,0x000000060ed00000)
 Metaspace       used 15029K, capacity 15203K, committed 15360K, reserved 1062912K
  class space    used 1416K, capacity 1482K, committed 1536K, reserved 1048576K
}
Event: 34,419 GC heap before
{Heap before GC invocations=18 (full 2):
 PSYoungGen      total 1970688K, used 370683K [0x0000000719b80000, 0x00000007c0000000, 0x00000007c0000000)
  eden space 1600000K, 0% used [0x0000000719b80000,0x0000000719b80000,0x000000077b600000)
  from space 370688K, 99% used [0x000000079c680000,0x00000007b307ec40,0x00000007b3080000)
  to   space 541184K, 0% used [0x000000077b600000,0x000000077b600000,0x000000079c680000)
 ParOldGen       total 1076224K, used 980566K [0x00000005cd200000, 0x000000060ed00000, 0x0000000719b80000)
  object space 1076224K, 91% used [0x00000005cd200000,0x0000000608f95a60,0x000000060ed00000)
 Metaspace       used 15029K, capacity 15203K, committed 15360K, reserved 1062912K
  class space    used 1416K, capacity 1482K, committed 1536K, reserved 1048576K
Event: 35,448 GC heap after
Heap after GC invocations=18 (full 2):
 PSYoungGen      total 1970688K, used 0K [0x0000000719b80000, 0x00000007c0000000, 0x00000007c0000000)
  eden space 1600000K, 0% used [0x0000000719b80000,0x0000000719b80000,0x000000077b600000)
  from space 370688K, 0% used [0x000000079c680000,0x000000079c680000,0x00000007b3080000)
  to   space 541184K, 0% used [0x000000077b600000,0x000000077b600000,0x000000079c680000)
 ParOldGen       total 1338368K, used 771367K [0x00000005cd200000, 0x000000061ed00000, 0x0000000719b80000)
  object space 1338368K, 57% used [0x00000005cd200000,0x00000005fc349e68,0x000000061ed00000)
 Metaspace       used 15029K, capacity 15203K, committed 15360K, reserved 1062912K
  class space    used 1416K, capacity 1482K, committed 1536K, reserved 1048576K
}
Event: 36,091 GC heap before
{Heap before GC invocations=19 (full 2):
 PSYoungGen      total 1970688K, used 1600000K [0x0000000719b80000, 0x00000007c0000000, 0x00000007c0000000)
  eden space 1600000K, 100% used [0x0000000719b80000,0x000000077b600000,0x000000077b600000)
  from space 370688K, 0% used [0x000000079c680000,0x000000079c680000,0x00000007b3080000)
  to   space 541184K, 0% used [0x000000077b600000,0x000000077b600000,0x000000079c680000)
 ParOldGen       total 1338368K, used 771367K [0x00000005cd200000, 0x000000061ed00000, 0x0000000719b80000)
  object space 1338368K, 57% used [0x00000005cd200000,0x00000005fc349e68,0x000000061ed00000)
 Metaspace       used 15029K, capacity 15203K, committed 15360K, reserved 1062912K
  class space    used 1416K, capacity 1482K, committed 1536K, reserved 1048576K
Event: 36,106 GC heap after
Heap after GC invocations=19 (full 2):
 PSYoungGen      total 2141184K, used 2176K [0x0000000719b80000, 0x00000007c0000000, 0x00000007c0000000)
  eden space 1600000K, 0% used [0x0000000719b80000,0x0000000719b80000,0x000000077b600000)
  from space 541184K, 0% used [0x000000077b600000,0x000000077b820000,0x000000079c680000)
  to   space 534528K, 0% used [0x000000079f600000,0x000000079f600000,0x00000007c0000000)
 ParOldGen       total 1338368K, used 771367K [0x00000005cd200000, 0x000000061ed00000, 0x0000000719b80000)
  object space 1338368K, 57% used [0x00000005cd200000,0x00000005fc349e68,0x000000061ed00000)
 Metaspace       used 15029K, capacity 15203K, committed 15360K, reserved 1062912K
  class space    used 1416K, capacity 1482K, committed 1536K, reserved 1048576K
}

