# JRE version: Java(TM) SE Runtime Environment (8.0_201-b09) (build 1.8.0_201-b09)
# Java VM: Java HotSpot(TM) 64-Bit Server VM (25.201-b09 mixed mode linux-amd64 compressed oops)
Heap:
 PSYoungGen      total 6231040K, used 212714K [0x00000005a2580000, 0x000000076e080000, 0x00000007c0000000)
  eden space 4930560K, 0% used [0x00000005a2580000,0x00000005a2580000,0x00000006cf480000)
  from space 1300480K, 16% used [0x00000006cf480000,0x00000006dc43ab70,0x000000071ea80000)
  to   space 1292800K, 0% used [0x000000071f200000,0x000000071f200000,0x000000076e080000)
 ParOldGen       total 2087936K, used 1462387K [0x0000000167000000, 0x00000001e6700000, 0x00000005a2580000)
  object space 2087936K, 70% used [0x0000000167000000,0x00000001c041cc68,0x00000001e6700000)
 Metaspace       used 16345K, capacity 16514K, committed 16768K, reserved 1064960K
  class space    used 1579K, capacity 1648K, committed 1664K, reserved 1048576K
GC Heap History (10 events):
Event: 157,140 GC heap after
Heap after GC invocations=26 (full 7):
 PSYoungGen      total 3942912K, used 901624K [0x00000005a2580000, 0x0000000717d00000, 0x00000007c0000000)
  eden space 3041280K, 0% used [0x00000005a2580000,0x00000005a2580000,0x000000065bf80000)
  from space 901632K, 99% used [0x000000065bf80000,0x0000000692ffe080,0x0000000693000000)
  to   space 1100800K, 0% used [0x00000006d4a00000,0x00000006d4a00000,0x0000000717d00000)
 ParOldGen       total 1137152K, used 380073K [0x0000000167000000, 0x00000001ac680000, 0x00000005a2580000)
  object space 1137152K, 33% used [0x0000000167000000,0x000000017e32a6e0,0x00000001ac680000)
 Metaspace       used 16227K, capacity 16386K, committed 16768K, reserved 1064960K
  class space    used 1579K, capacity 1648K, committed 1664K, reserved 1048576K
}
Event: 186,141 GC heap before
{Heap before GC invocations=27 (full 7):
 PSYoungGen      total 3942912K, used 3942904K [0x00000005a2580000, 0x0000000717d00000, 0x00000007c0000000)
  eden space 3041280K, 100% used [0x00000005a2580000,0x000000065bf80000,0x000000065bf80000)
  from space 901632K, 99% used [0x000000065bf80000,0x0000000692ffe080,0x0000000693000000)
  to   space 1100800K, 0% used [0x00000006d4a00000,0x00000006d4a00000,0x0000000717d00000)
 ParOldGen       total 1137152K, used 380073K [0x0000000167000000, 0x00000001ac680000, 0x00000005a2580000)
  object space 1137152K, 33% used [0x0000000167000000,0x000000017e32a6e0,0x00000001ac680000)
 Metaspace       used 16263K, capacity 16450K, committed 16768K, reserved 1064960K
  class space    used 1579K, capacity 1648K, committed 1664K, reserved 1048576K
Event: 186,184 GC heap after
Heap after GC invocations=27 (full 7):
 PSYoungGen      total 4806144K, used 228936K [0x00000005a2580000, 0x000000070f080000, 0x00000007c0000000)
  eden space 3849216K, 0% used [0x00000005a2580000,0x00000005a2580000,0x000000068d480000)
  from space 956928K, 23% used [0x00000006d4a00000,0x00000006e2992360,0x000000070f080000)
  to   space 1062912K, 0% used [0x000000068d480000,0x000000068d480000,0x00000006ce280000)
 ParOldGen       total 1137152K, used 554733K [0x0000000167000000, 0x00000001ac680000, 0x00000005a2580000)
  object space 1137152K, 48% used [0x0000000167000000,0x0000000188dbb760,0x00000001ac680000)
 Metaspace       used 16263K, capacity 16450K, committed 16768K, reserved 1064960K
  class space    used 1579K, capacity 1648K, committed 1664K, reserved 1048576K
}
Event: 214,210 GC heap before
{Heap before GC invocations=28 (full 7):
 PSYoungGen      total 4806144K, used 4078152K [0x00000005a2580000, 0x000000070f080000, 0x00000007c0000000)
  eden space 3849216K, 100% used [0x00000005a2580000,0x000000068d480000,0x000000068d480000)
  from space 956928K, 23% used [0x00000006d4a00000,0x00000006e2992360,0x000000070f080000)
  to   space 1062912K, 0% used [0x000000068d480000,0x000000068d480000,0x00000006ce280000)
 ParOldGen       total 1137152K, used 554733K [0x0000000167000000, 0x00000001ac680000, 0x00000005a2580000)
  object space 1137152K, 48% used [0x0000000167000000,0x0000000188dbb760,0x00000001ac680000)
 Metaspace       used 16289K, capacity 16514K, committed 16768K, reserved 1064960K
  class space    used 1579K, capacity 1648K, committed 1664K, reserved 1048576K
Event: 214,560 GC heap after
Heap after GC invocations=28 (full 7):
 PSYoungGen      total 4912128K, used 1062910K [0x00000005a2580000, 0x0000000773980000, 0x00000007c0000000)
  eden space 3849216K, 0% used [0x00000005a2580000,0x00000005a2580000,0x000000068d480000)
  from space 1062912K, 99% used [0x000000068d480000,0x00000006ce27fac0,0x00000006ce280000)
  to   space 1383936K, 0% used [0x000000071f200000,0x000000071f200000,0x0000000773980000)
 ParOldGen       total 1137152K, used 933337K [0x0000000167000000, 0x00000001ac680000, 0x00000005a2580000)
  object space 1137152K, 82% used [0x0000000167000000,0x000000019ff76470,0x00000001ac680000)
 Metaspace       used 16289K, capacity 16514K, committed 16768K, reserved 1064960K
  class space    used 1579K, capacity 1648K, committed 1664K, reserved 1048576K
}
Event: 214,562 GC heap before
{Heap before GC invocations=29 (full 8):
 PSYoungGen      total 4912128K, used 1062910K [0x00000005a2580000, 0x0000000773980000, 0x00000007c0000000)
  eden space 3849216K, 0% used [0x00000005a2580000,0x00000005a2580000,0x000000068d480000)
  from space 1062912K, 99% used [0x000000068d480000,0x00000006ce27fac0,0x00000006ce280000)
  to   space 1383936K, 0% used [0x000000071f200000,0x000000071f200000,0x0000000773980000)
 ParOldGen       total 1137152K, used 933337K [0x0000000167000000, 0x00000001ac680000, 0x00000005a2580000)
  object space 1137152K, 82% used [0x0000000167000000,0x000000019ff76470,0x00000001ac680000)
 Metaspace       used 16289K, capacity 16514K, committed 16768K, reserved 1064960K
  class space    used 1579K, capacity 1648K, committed 1664K, reserved 1048576K
Event: 214,736 GC heap after
Heap after GC invocations=29 (full 8):
 PSYoungGen      total 4912128K, used 285112K [0x00000005a2580000, 0x0000000773980000, 0x00000007c0000000)
  eden space 3849216K, 0% used [0x00000005a2580000,0x00000005a2580000,0x000000068d480000)
  from space 1062912K, 26% used [0x000000068d480000,0x000000069eaee028,0x00000006ce280000)
  to   space 1383936K, 0% used [0x000000071f200000,0x000000071f200000,0x0000000773980000)
 ParOldGen       total 2087936K, used 1136896K [0x0000000167000000, 0x00000001e6700000, 0x00000005a2580000)
  object space 2087936K, 54% used [0x0000000167000000,0x00000001ac640280,0x00000001e6700000)
 Metaspace       used 16289K, capacity 16514K, committed 16768K, reserved 1064960K
  class space    used 1579K, capacity 1648K, committed 1664K, reserved 1048576K
}
Event: 236,051 GC heap before
{Heap before GC invocations=30 (full 8):
 PSYoungGen      total 4912128K, used 4134328K [0x00000005a2580000, 0x0000000773980000, 0x00000007c0000000)
  eden space 3849216K, 100% used [0x00000005a2580000,0x000000068d480000,0x000000068d480000)
  from space 1062912K, 26% used [0x000000068d480000,0x000000069eaee028,0x00000006ce280000)
  to   space 1383936K, 0% used [0x000000071f200000,0x000000071f200000,0x0000000773980000)
 ParOldGen       total 2087936K, used 1136896K [0x0000000167000000, 0x00000001e6700000, 0x00000005a2580000)
  object space 2087936K, 54% used [0x0000000167000000,0x00000001ac640280,0x00000001e6700000)
 Metaspace       used 16313K, capacity 16514K, committed 16768K, reserved 1064960K
  class space    used 1579K, capacity 1648K, committed 1664K, reserved 1048576K
Event: 236,408 GC heap after
Heap after GC invocations=30 (full 8):
 PSYoungGen      total 6223360K, used 465718K [0x00000005a2580000, 0x000000076e080000, 0x00000007c0000000)
  eden space 4930560K, 0% used [0x00000005a2580000,0x00000005a2580000,0x00000006cf480000)
  from space 1292800K, 36% used [0x000000071f200000,0x000000073b8cd8f0,0x000000076e080000)
  to   space 1300480K, 0% used [0x00000006cf480000,0x00000006cf480000,0x000000071ea80000)
 ParOldGen       total 2087936K, used 1421657K [0x0000000167000000, 0x00000001e6700000, 0x00000005a2580000)
  object space 2087936K, 68% used [0x0000000167000000,0x00000001bdc564b0,0x00000001e6700000)
 Metaspace       used 16313K, capacity 16514K, committed 16768K, reserved 1064960K
  class space    used 1579K, capacity 1648K, committed 1664K, reserved 1048576K
}
Event: 276,506 GC heap before
{Heap before GC invocations=31 (full 8):
 PSYoungGen      total 6223360K, used 5396278K [0x00000005a2580000, 0x000000076e080000, 0x00000007c0000000)
  eden space 4930560K, 100% used [0x00000005a2580000,0x00000006cf480000,0x00000006cf480000)
  from space 1292800K, 36% used [0x000000071f200000,0x000000073b8cd8f0,0x000000076e080000)
  to   space 1300480K, 0% used [0x00000006cf480000,0x00000006cf480000,0x000000071ea80000)
 ParOldGen       total 2087936K, used 1421657K [0x0000000167000000, 0x00000001e6700000, 0x00000005a2580000)
  object space 2087936K, 68% used [0x0000000167000000,0x00000001bdc564b0,0x00000001e6700000)
 Metaspace       used 16345K, capacity 16514K, committed 16768K, reserved 1064960K
  class space    used 1579K, capacity 1648K, committed 1664K, reserved 1048576K

