# JRE version: Java(TM) SE Runtime Environment (8.0_201-b09) (build 1.8.0_201-b09)
# Java VM: Java HotSpot(TM) 64-Bit Server VM (25.201-b09 mixed mode linux-amd64 compressed oops)
Heap:
 PSYoungGen      total 2026496K, used 10910K [0x0000000719b80000, 0x00000007c0000000, 0x00000007c0000000)
  eden space 1904128K, 0% used [0x0000000719b80000,0x000000071a627bb8,0x000000078df00000)
  from space 122368K, 0% used [0x00000007b5780000,0x00000007b5780000,0x00000007bcf00000)
  to   space 410112K, 0% used [0x000000078df00000,0x000000078df00000,0x00000007a6f80000)
 ParOldGen       total 1221632K, used 1166793K [0x00000005cd200000, 0x0000000617b00000, 0x0000000719b80000)
  object space 1221632K, 95% used [0x00000005cd200000,0x0000000614572488,0x0000000617b00000)
 Metaspace       used 35250K, capacity 35621K, committed 36224K, reserved 1081344K
  class space    used 3228K, capacity 3337K, committed 3456K, reserved 1048576K
GC Heap History (10 events):
Event: 530,187 GC heap before
{Heap before GC invocations=252 (full 36):
 PSYoungGen      total 2026496K, used 960714K [0x0000000719b80000, 0x00000007c0000000, 0x00000007c0000000)
  eden space 1904128K, 44% used [0x0000000719b80000,0x000000074d09ca50,0x000000078df00000)
  from space 122368K, 97% used [0x00000007b5780000,0x00000007bcc95e40,0x00000007bcf00000)
  to   space 410112K, 0% used [0x000000078df00000,0x000000078df00000,0x00000007a6f80000)
 ParOldGen       total 1221632K, used 1221321K [0x00000005cd200000, 0x0000000617b00000, 0x0000000719b80000)
  object space 1221632K, 99% used [0x00000005cd200000,0x0000000617ab27e8,0x0000000617b00000)
 Metaspace       used 35169K, capacity 35493K, committed 35968K, reserved 1081344K
  class space    used 3228K, capacity 3337K, committed 3456K, reserved 1048576K
Event: 531,926 GC heap after
Heap after GC invocations=252 (full 36):
 PSYoungGen      total 2026496K, used 0K [0x0000000719b80000, 0x00000007c0000000, 0x00000007c0000000)
  eden space 1904128K, 0% used [0x0000000719b80000,0x0000000719b80000,0x000000078df00000)
  from space 122368K, 0% used [0x00000007b5780000,0x00000007b5780000,0x00000007bcf00000)
  to   space 410112K, 0% used [0x000000078df00000,0x000000078df00000,0x00000007a6f80000)
 ParOldGen       total 1221632K, used 1166807K [0x00000005cd200000, 0x0000000617b00000, 0x0000000719b80000)
  object space 1221632K, 95% used [0x00000005cd200000,0x0000000614575e20,0x0000000617b00000)
 Metaspace       used 35169K, capacity 35493K, committed 35968K, reserved 1081344K
  class space    used 3228K, capacity 3337K, committed 3456K, reserved 1048576K
}
Event: 550,611 GC heap before
{Heap before GC invocations=253 (full 37):
 PSYoungGen      total 2026496K, used 862392K [0x0000000719b80000, 0x00000007c0000000, 0x00000007c0000000)
  eden space 1904128K, 45% used [0x0000000719b80000,0x000000074e5ae2a8,0x000000078df00000)
  from space 122368K, 0% used [0x00000007b5780000,0x00000007b5780000,0x00000007bcf00000)
  to   space 410112K, 0% used [0x000000078df00000,0x000000078df00000,0x00000007a6f80000)
 ParOldGen       total 1221632K, used 1166807K [0x00000005cd200000, 0x0000000617b00000, 0x0000000719b80000)
  object space 1221632K, 95% used [0x00000005cd200000,0x0000000614575e20,0x0000000617b00000)
 Metaspace       used 35188K, capacity 35557K, committed 35968K, reserved 1081344K
  class space    used 3228K, capacity 3337K, committed 3456K, reserved 1048576K
Event: 552,312 GC heap after
Heap after GC invocations=253 (full 37):
 PSYoungGen      total 2026496K, used 0K [0x0000000719b80000, 0x00000007c0000000, 0x00000007c0000000)
  eden space 1904128K, 0% used [0x0000000719b80000,0x0000000719b80000,0x000000078df00000)
  from space 122368K, 0% used [0x00000007b5780000,0x00000007b5780000,0x00000007bcf00000)
  to   space 410112K, 0% used [0x000000078df00000,0x000000078df00000,0x00000007a6f80000)
 ParOldGen       total 1221632K, used 1218258K [0x00000005cd200000, 0x0000000617b00000, 0x0000000719b80000)
  object space 1221632K, 99% used [0x00000005cd200000,0x00000006177b4aa8,0x0000000617b00000)
 Metaspace       used 35188K, capacity 35557K, committed 35968K, reserved 1081344K
  class space    used 3228K, capacity 3337K, committed 3456K, reserved 1048576K
}
Event: 572,087 GC heap before
{Heap before GC invocations=254 (full 38):
 PSYoungGen      total 2026496K, used 841955K [0x0000000719b80000, 0x00000007c0000000, 0x00000007c0000000)
  eden space 1904128K, 44% used [0x0000000719b80000,0x000000074d1b8c90,0x000000078df00000)
  from space 122368K, 0% used [0x00000007b5780000,0x00000007b5780000,0x00000007bcf00000)
  to   space 410112K, 0% used [0x000000078df00000,0x000000078df00000,0x00000007a6f80000)
 ParOldGen       total 1221632K, used 1218258K [0x00000005cd200000, 0x0000000617b00000, 0x0000000719b80000)
  object space 1221632K, 99% used [0x00000005cd200000,0x00000006177b4aa8,0x0000000617b00000)
 Metaspace       used 35189K, capacity 35557K, committed 35968K, reserved 1081344K
  class space    used 3228K, capacity 3337K, committed 3456K, reserved 1048576K
Event: 573,791 GC heap after
Heap after GC invocations=254 (full 38):
 PSYoungGen      total 2026496K, used 0K [0x0000000719b80000, 0x00000007c0000000, 0x00000007c0000000)
  eden space 1904128K, 0% used [0x0000000719b80000,0x0000000719b80000,0x000000078df00000)
  from space 122368K, 0% used [0x00000007b5780000,0x00000007b5780000,0x00000007bcf00000)
  to   space 410112K, 0% used [0x000000078df00000,0x000000078df00000,0x00000007a6f80000)
 ParOldGen       total 1221632K, used 1166790K [0x00000005cd200000, 0x0000000617b00000, 0x0000000719b80000)
  object space 1221632K, 95% used [0x00000005cd200000,0x0000000614571b98,0x0000000617b00000)
 Metaspace       used 35189K, capacity 35557K, committed 35968K, reserved 1081344K
  class space    used 3228K, capacity 3337K, committed 3456K, reserved 1048576K
}
Event: 610,259 GC heap before
{Heap before GC invocations=255 (full 39):
 PSYoungGen      total 2026496K, used 857563K [0x0000000719b80000, 0x00000007c0000000, 0x00000007c0000000)
  eden space 1904128K, 45% used [0x0000000719b80000,0x000000074e0f6df0,0x000000078df00000)
  from space 122368K, 0% used [0x00000007b5780000,0x00000007b5780000,0x00000007bcf00000)
  to   space 410112K, 0% used [0x000000078df00000,0x000000078df00000,0x00000007a6f80000)
 ParOldGen       total 1221632K, used 1166790K [0x00000005cd200000, 0x0000000617b00000, 0x0000000719b80000)
  object space 1221632K, 95% used [0x00000005cd200000,0x0000000614571b98,0x0000000617b00000)
 Metaspace       used 35214K, capacity 35557K, committed 35968K, reserved 1081344K
  class space    used 3228K, capacity 3337K, committed 3456K, reserved 1048576K
Event: 611,950 GC heap after
Heap after GC invocations=255 (full 39):
 PSYoungGen      total 2026496K, used 0K [0x0000000719b80000, 0x00000007c0000000, 0x00000007c0000000)
  eden space 1904128K, 0% used [0x0000000719b80000,0x0000000719b80000,0x000000078df00000)
  from space 122368K, 0% used [0x00000007b5780000,0x00000007b5780000,0x00000007bcf00000)
  to   space 410112K, 0% used [0x000000078df00000,0x000000078df00000,0x00000007a6f80000)
 ParOldGen       total 1221632K, used 1218260K [0x00000005cd200000, 0x0000000617b00000, 0x0000000719b80000)
  object space 1221632K, 99% used [0x00000005cd200000,0x00000006177b52c0,0x0000000617b00000)
 Metaspace       used 35214K, capacity 35557K, committed 35968K, reserved 1081344K
  class space    used 3228K, capacity 3337K, committed 3456K, reserved 1048576K
}
Event: 631,164 GC heap before
{Heap before GC invocations=256 (full 40):
 PSYoungGen      total 2026496K, used 845991K [0x0000000719b80000, 0x00000007c0000000, 0x00000007c0000000)
  eden space 1904128K, 44% used [0x0000000719b80000,0x000000074d5a9c10,0x000000078df00000)
  from space 122368K, 0% used [0x00000007b5780000,0x00000007b5780000,0x00000007bcf00000)
  to   space 410112K, 0% used [0x000000078df00000,0x000000078df00000,0x00000007a6f80000)
 ParOldGen       total 1221632K, used 1218260K [0x00000005cd200000, 0x0000000617b00000, 0x0000000719b80000)
  object space 1221632K, 99% used [0x00000005cd200000,0x00000006177b52c0,0x0000000617b00000)
 Metaspace       used 35218K, capacity 35557K, committed 35968K, reserved 1081344K
  class space    used 3228K, capacity 3337K, committed 3456K, reserved 1048576K
Event: 632,886 GC heap after
Heap after GC invocations=256 (full 40):
 PSYoungGen      total 2026496K, used 0K [0x0000000719b80000, 0x00000007c0000000, 0x00000007c0000000)
  eden space 1904128K, 0% used [0x0000000719b80000,0x0000000719b80000,0x000000078df00000)
  from space 122368K, 0% used [0x00000007b5780000,0x00000007b5780000,0x00000007bcf00000)
  to   space 410112K, 0% used [0x000000078df00000,0x000000078df00000,0x00000007a6f80000)
 ParOldGen       total 1221632K, used 1166793K [0x00000005cd200000, 0x0000000617b00000, 0x0000000719b80000)
  object space 1221632K, 95% used [0x00000005cd200000,0x0000000614572488,0x0000000617b00000)
 Metaspace       used 35218K, capacity 35557K, committed 35968K, reserved 1081344K
  class space    used 3228K, capacity 3337K, committed 3456K, reserved 1048576K
}

