# JRE version: Java(TM) SE Runtime Environment (8.0_201-b09) (build 1.8.0_201-b09)
# Java VM: Java HotSpot(TM) 64-Bit Server VM (25.201-b09 mixed mode linux-amd64 compressed oops)
Heap:
 PSYoungGen      total 1263616K, used 662815K [0x0000000719b80000, 0x0000000770c00000, 0x00000007c0000000)
  eden space 1157120K, 57% used [0x0000000719b80000,0x000000074203fc40,0x0000000760580000)
  from space 106496K, 2% used [0x0000000763d00000,0x0000000763f88000,0x000000076a500000)
  to   space 103424K, 0% used [0x000000076a700000,0x000000076a700000,0x0000000770c00000)
 ParOldGen       total 814592K, used 408889K [0x00000005cd200000, 0x00000005fed80000, 0x0000000719b80000)
  object space 814592K, 50% used [0x00000005cd200000,0x00000005e614e718,0x00000005fed80000)
 Metaspace       used 14919K, capacity 15075K, committed 15360K, reserved 1062912K
  class space    used 1419K, capacity 1482K, committed 1536K, reserved 1048576K
GC Heap History (10 events):
Event: 14,683 GC heap before
{Heap before GC invocations=12 (full 0):
 PSYoungGen      total 932864K, used 824064K [0x0000000719b80000, 0x0000000777580000, 0x00000007c0000000)
  eden space 822784K, 100% used [0x0000000719b80000,0x000000074bf00000,0x000000074bf00000)
  from space 110080K, 1% used [0x000000074bf00000,0x000000074c040000,0x0000000752a80000)
  to   space 108544K, 0% used [0x0000000770b80000,0x0000000770b80000,0x0000000777580000)
 ParOldGen       total 341504K, used 204192K [0x00000005cd200000, 0x00000005e1f80000, 0x0000000719b80000)
  object space 341504K, 59% used [0x00000005cd200000,0x00000005d99683f8,0x00000005e1f80000)
 Metaspace       used 14693K, capacity 14843K, committed 15104K, reserved 1062912K
  class space    used 1393K, capacity 1450K, committed 1536K, reserved 1048576K
Event: 15,699 GC heap after
Heap after GC invocations=12 (full 0):
 PSYoungGen      total 932864K, used 824064K [0x0000000719b80000, 0x0000000777580000, 0x00000007c0000000)
  eden space 822784K, 100% used [0x0000000719b80000,0x000000074bf00000,0x000000074bf00000)
  from space 110080K, 1% used [0x000000074bf00000,0x000000074c040000,0x0000000752a80000)
  to   space 108544K, 99% used [0x0000000770b80000,0x000000077757fc08,0x0000000777580000)
 ParOldGen       total 630784K, used 630686K [0x00000005cd200000, 0x00000005f3a00000, 0x0000000719b80000)
  object space 630784K, 99% used [0x00000005cd200000,0x00000005f39e7a68,0x00000005f3a00000)
 Metaspace       used 14693K, capacity 14843K, committed 15104K, reserved 1062912K
  class space    used 1393K, capacity 1450K, committed 1536K, reserved 1048576K
}
Event: 15,699 GC heap before
{Heap before GC invocations=13 (full 1):
 PSYoungGen      total 932864K, used 824064K [0x0000000719b80000, 0x0000000777580000, 0x00000007c0000000)
  eden space 822784K, 100% used [0x0000000719b80000,0x000000074bf00000,0x000000074bf00000)
  from space 110080K, 1% used [0x000000074bf00000,0x000000074c040000,0x0000000752a80000)
  to   space 108544K, 99% used [0x0000000770b80000,0x000000077757fc08,0x0000000777580000)
 ParOldGen       total 630784K, used 630686K [0x00000005cd200000, 0x00000005f3a00000, 0x0000000719b80000)
  object space 630784K, 99% used [0x00000005cd200000,0x00000005f39e7a68,0x00000005f3a00000)
 Metaspace       used 14693K, capacity 14843K, committed 15104K, reserved 1062912K
  class space    used 1393K, capacity 1450K, committed 1536K, reserved 1048576K
Event: 16,875 GC heap after
Heap after GC invocations=13 (full 1):
 PSYoungGen      total 932864K, used 0K [0x0000000719b80000, 0x0000000777580000, 0x00000007c0000000)
  eden space 822784K, 0% used [0x0000000719b80000,0x0000000719b80000,0x000000074bf00000)
  from space 110080K, 0% used [0x000000074bf00000,0x000000074bf00000,0x0000000752a80000)
  to   space 108544K, 55% used [0x0000000770b80000,0x000000077467e458,0x0000000777580000)
 ParOldGen       total 909312K, used 630089K [0x00000005cd200000, 0x0000000604a00000, 0x0000000719b80000)
  object space 909312K, 69% used [0x00000005cd200000,0x00000005f39524f0,0x0000000604a00000)
 Metaspace       used 14693K, capacity 14843K, committed 15104K, reserved 1062912K
  class space    used 1393K, capacity 1450K, committed 1536K, reserved 1048576K
}
Event: 22,574 GC heap before
{Heap before GC invocations=14 (full 2):
 PSYoungGen      total 932864K, used 822784K [0x0000000719b80000, 0x0000000777580000, 0x00000007c0000000)
  eden space 822784K, 100% used [0x0000000719b80000,0x000000074bf00000,0x000000074bf00000)
  from space 110080K, 0% used [0x000000074bf00000,0x000000074bf00000,0x0000000752a80000)
  to   space 108544K, 55% used [0x0000000770b80000,0x000000077467e458,0x0000000777580000)
 ParOldGen       total 909312K, used 630089K [0x00000005cd200000, 0x0000000604a00000, 0x0000000719b80000)
  object space 909312K, 69% used [0x00000005cd200000,0x00000005f39524f0,0x0000000604a00000)
 Metaspace       used 14919K, capacity 15075K, committed 15360K, reserved 1062912K
  class space    used 1419K, capacity 1482K, committed 1536K, reserved 1048576K
Event: 23,229 GC heap after
Heap after GC invocations=14 (full 2):
 PSYoungGen      total 932864K, used 0K [0x0000000719b80000, 0x0000000777580000, 0x00000007c0000000)
  eden space 822784K, 0% used [0x0000000719b80000,0x0000000719b80000,0x000000074bf00000)
  from space 110080K, 0% used [0x000000074bf00000,0x000000074bf00000,0x0000000752a80000)
  to   space 108544K, 0% used [0x0000000770b80000,0x0000000770b80000,0x0000000777580000)
 ParOldGen       total 814592K, used 408889K [0x00000005cd200000, 0x00000005fed80000, 0x0000000719b80000)
  object space 814592K, 50% used [0x00000005cd200000,0x00000005e614e718,0x00000005fed80000)
 Metaspace       used 14919K, capacity 15075K, committed 15360K, reserved 1062912K
  class space    used 1419K, capacity 1482K, committed 1536K, reserved 1048576K
}
Event: 23,472 GC heap before
{Heap before GC invocations=15 (full 2):
 PSYoungGen      total 932864K, used 822784K [0x0000000719b80000, 0x0000000777580000, 0x00000007c0000000)
  eden space 822784K, 100% used [0x0000000719b80000,0x000000074bf00000,0x000000074bf00000)
  from space 110080K, 0% used [0x000000074bf00000,0x000000074bf00000,0x0000000752a80000)
  to   space 108544K, 0% used [0x0000000770b80000,0x0000000770b80000,0x0000000777580000)
 ParOldGen       total 814592K, used 408889K [0x00000005cd200000, 0x00000005fed80000, 0x0000000719b80000)
  object space 814592K, 50% used [0x00000005cd200000,0x00000005e614e718,0x00000005fed80000)
 Metaspace       used 14919K, capacity 15075K, committed 15360K, reserved 1062912K
  class space    used 1419K, capacity 1482K, committed 1536K, reserved 1048576K
Event: 23,493 GC heap after
Heap after GC invocations=15 (full 2):
 PSYoungGen      total 979456K, used 1152K [0x0000000719b80000, 0x0000000770d00000, 0x00000007c0000000)
  eden space 977920K, 0% used [0x0000000719b80000,0x0000000719b80000,0x0000000755680000)
  from space 1536K, 75% used [0x0000000770b80000,0x0000000770ca0000,0x0000000770d00000)
  to   space 106496K, 0% used [0x0000000763d00000,0x0000000763d00000,0x000000076a500000)
 ParOldGen       total 814592K, used 408889K [0x00000005cd200000, 0x00000005fed80000, 0x0000000719b80000)
  object space 814592K, 50% used [0x00000005cd200000,0x00000005e614e718,0x00000005fed80000)
 Metaspace       used 14919K, capacity 15075K, committed 15360K, reserved 1062912K
  class space    used 1419K, capacity 1482K, committed 1536K, reserved 1048576K
}
Event: 23,818 GC heap before
{Heap before GC invocations=16 (full 2):
 PSYoungGen      total 979456K, used 979072K [0x0000000719b80000, 0x0000000770d00000, 0x00000007c0000000)
  eden space 977920K, 100% used [0x0000000719b80000,0x0000000755680000,0x0000000755680000)
  from space 1536K, 75% used [0x0000000770b80000,0x0000000770ca0000,0x0000000770d00000)
  to   space 106496K, 0% used [0x0000000763d00000,0x0000000763d00000,0x000000076a500000)
 ParOldGen       total 814592K, used 408889K [0x00000005cd200000, 0x00000005fed80000, 0x0000000719b80000)
  object space 814592K, 50% used [0x00000005cd200000,0x00000005e614e718,0x00000005fed80000)
 Metaspace       used 14919K, capacity 15075K, committed 15360K, reserved 1062912K
  class space    used 1419K, capacity 1482K, committed 1536K, reserved 1048576K
Event: 23,829 GC heap after
Heap after GC invocations=16 (full 2):
 PSYoungGen      total 1263616K, used 2592K [0x0000000719b80000, 0x0000000770c00000, 0x00000007c0000000)
  eden space 1157120K, 0% used [0x0000000719b80000,0x0000000719b80000,0x0000000760580000)
  from space 106496K, 2% used [0x0000000763d00000,0x0000000763f88000,0x000000076a500000)
  to   space 103424K, 0% used [0x000000076a700000,0x000000076a700000,0x0000000770c00000)
 ParOldGen       total 814592K, used 408889K [0x00000005cd200000, 0x00000005fed80000, 0x0000000719b80000)
  object space 814592K, 50% used [0x00000005cd200000,0x00000005e614e718,0x00000005fed80000)
 Metaspace       used 14919K, capacity 15075K, committed 15360K, reserved 1062912K
  class space    used 1419K, capacity 1482K, committed 1536K, reserved 1048576K
}

