# JRE version: Java(TM) SE Runtime Environment (8.0_201-b09) (build 1.8.0_201-b09)
# Java VM: Java HotSpot(TM) 64-Bit Server VM (25.201-b09 mixed mode linux-amd64 compressed oops)
Heap:
 PSYoungGen      total 1931264K, used 681600K [0x00000005a2580000, 0x00000006a2980000, 0x00000007c0000000)
  eden space 944640K, 0% used [0x00000005a2580000,0x00000005a2580000,0x00000005dc000000)
  from space 986624K, 69% used [0x00000005dc000000,0x00000006059a0308,0x0000000618380000)
  to   space 1401856K, 0% used [0x000000064d080000,0x000000064d080000,0x00000006a2980000)
 ParOldGen       total 2667520K, used 2667375K [0x0000000167000000, 0x0000000209d00000, 0x00000005a2580000)
  object space 2667520K, 99% used [0x0000000167000000,0x0000000209cdbd70,0x0000000209d00000)
 Metaspace       used 17298K, capacity 17493K, committed 17792K, reserved 1064960K
  class space    used 1579K, capacity 1654K, committed 1664K, reserved 1048576K
GC Heap History (10 events):
Event: 23,594 GC heap after
Heap after GC invocations=9 (full 3):
 PSYoungGen      total 1065472K, used 424208K [0x00000005a2580000, 0x0000000612180000, 0x00000007c0000000)
  eden space 610304K, 0% used [0x00000005a2580000,0x00000005a2580000,0x00000005c7980000)
  from space 455168K, 93% used [0x00000005e8180000,0x0000000601fc40d0,0x0000000603e00000)
  to   space 532480K, 0% used [0x00000005c7980000,0x00000005c7980000,0x00000005e8180000)
 ParOldGen       total 1757696K, used 1006635K [0x0000000167000000, 0x00000001d2480000, 0x00000005a2580000)
  object space 1757696K, 57% used [0x0000000167000000,0x00000001a470ae18,0x00000001d2480000)
 Metaspace       used 17205K, capacity 17429K, committed 17792K, reserved 1064960K
  class space    used 1578K, capacity 1654K, committed 1664K, reserved 1048576K
}
Event: 30,000 GC heap before
{Heap before GC invocations=10 (full 3):
 PSYoungGen      total 1065472K, used 1034512K [0x00000005a2580000, 0x0000000612180000, 0x00000007c0000000)
  eden space 610304K, 100% used [0x00000005a2580000,0x00000005c7980000,0x00000005c7980000)
  from space 455168K, 93% used [0x00000005e8180000,0x0000000601fc40d0,0x0000000603e00000)
  to   space 532480K, 0% used [0x00000005c7980000,0x00000005c7980000,0x00000005e8180000)
 ParOldGen       total 1757696K, used 1006635K [0x0000000167000000, 0x00000001d2480000, 0x00000005a2580000)
  object space 1757696K, 57% used [0x0000000167000000,0x00000001a470ae18,0x00000001d2480000)
 Metaspace       used 17263K, capacity 17493K, committed 17792K, reserved 1064960K
  class space    used 1579K, capacity 1654K, committed 1664K, reserved 1048576K
Event: 36,082 GC heap after
Heap after GC invocations=10 (full 3):
 PSYoungGen      total 1142784K, used 532467K [0x00000005a2580000, 0x000000064c900000, 0x00000007c0000000)
  eden space 610304K, 0% used [0x00000005a2580000,0x00000005a2580000,0x00000005c7980000)
  from space 532480K, 99% used [0x00000005c7980000,0x00000005e817cdb0,0x00000005e8180000)
  to   space 857600K, 0% used [0x0000000618380000,0x0000000618380000,0x000000064c900000)
 ParOldGen       total 1757696K, used 1453206K [0x0000000167000000, 0x00000001d2480000, 0x00000005a2580000)
  object space 1757696K, 82% used [0x0000000167000000,0x00000001bfb25b70,0x00000001d2480000)
 Metaspace       used 17263K, capacity 17493K, committed 17792K, reserved 1064960K
  class space    used 1579K, capacity 1654K, committed 1664K, reserved 1048576K
}
Event: 36,104 GC heap before
{Heap before GC invocations=11 (full 4):
 PSYoungGen      total 1142784K, used 532467K [0x00000005a2580000, 0x000000064c900000, 0x00000007c0000000)
  eden space 610304K, 0% used [0x00000005a2580000,0x00000005a2580000,0x00000005c7980000)
  from space 532480K, 99% used [0x00000005c7980000,0x00000005e817cdb0,0x00000005e8180000)
  to   space 857600K, 0% used [0x0000000618380000,0x0000000618380000,0x000000064c900000)
 ParOldGen       total 1757696K, used 1453206K [0x0000000167000000, 0x00000001d2480000, 0x00000005a2580000)
  object space 1757696K, 82% used [0x0000000167000000,0x00000001bfb25b70,0x00000001d2480000)
 Metaspace       used 17263K, capacity 17493K, committed 17792K, reserved 1064960K
  class space    used 1579K, capacity 1654K, committed 1664K, reserved 1048576K
Event: 37,188 GC heap after
Heap after GC invocations=11 (full 4):
 PSYoungGen      total 1142784K, used 227719K [0x00000005a2580000, 0x000000064c900000, 0x00000007c0000000)
  eden space 610304K, 0% used [0x00000005a2580000,0x00000005a2580000,0x00000005c7980000)
  from space 532480K, 42% used [0x00000005c7980000,0x00000005d57e1d08,0x00000005e8180000)
  to   space 857600K, 0% used [0x0000000618380000,0x0000000618380000,0x000000064c900000)
 ParOldGen       total 2667520K, used 1757519K [0x0000000167000000, 0x0000000209d00000, 0x00000005a2580000)
  object space 2667520K, 65% used [0x0000000167000000,0x00000001d2453d30,0x0000000209d00000)
 Metaspace       used 17263K, capacity 17493K, committed 17792K, reserved 1064960K
  class space    used 1579K, capacity 1654K, committed 1664K, reserved 1048576K
}
Event: 43,736 GC heap before
{Heap before GC invocations=12 (full 4):
 PSYoungGen      total 1142784K, used 838023K [0x00000005a2580000, 0x000000064c900000, 0x00000007c0000000)
  eden space 610304K, 100% used [0x00000005a2580000,0x00000005c7980000,0x00000005c7980000)
  from space 532480K, 42% used [0x00000005c7980000,0x00000005d57e1d08,0x00000005e8180000)
  to   space 857600K, 0% used [0x0000000618380000,0x0000000618380000,0x000000064c900000)
 ParOldGen       total 2667520K, used 1757519K [0x0000000167000000, 0x0000000209d00000, 0x00000005a2580000)
  object space 2667520K, 65% used [0x0000000167000000,0x00000001d2453d30,0x0000000209d00000)
 Metaspace       used 17286K, capacity 17493K, committed 17792K, reserved 1064960K
  class space    used 1579K, capacity 1654K, committed 1664K, reserved 1048576K
Event: 44,068 GC heap after
Heap after GC invocations=12 (full 4):
 PSYoungGen      total 1802240K, used 787599K [0x00000005a2580000, 0x000000065aa00000, 0x00000007c0000000)
  eden space 944640K, 0% used [0x00000005a2580000,0x00000005a2580000,0x00000005dc000000)
  from space 857600K, 91% used [0x0000000618380000,0x00000006484a3c00,0x000000064c900000)
  to   space 986624K, 0% used [0x00000005dc000000,0x00000005dc000000,0x0000000618380000)
 ParOldGen       total 2667520K, used 1757527K [0x0000000167000000, 0x0000000209d00000, 0x00000005a2580000)
  object space 2667520K, 65% used [0x0000000167000000,0x00000001d2455d30,0x0000000209d00000)
 Metaspace       used 17286K, capacity 17493K, committed 17792K, reserved 1064960K
  class space    used 1579K, capacity 1654K, committed 1664K, reserved 1048576K
}
Event: 54,216 GC heap before
{Heap before GC invocations=13 (full 4):
 PSYoungGen      total 1802240K, used 1732239K [0x00000005a2580000, 0x000000065aa00000, 0x00000007c0000000)
  eden space 944640K, 100% used [0x00000005a2580000,0x00000005dc000000,0x00000005dc000000)
  from space 857600K, 91% used [0x0000000618380000,0x00000006484a3c00,0x000000064c900000)
  to   space 986624K, 0% used [0x00000005dc000000,0x00000005dc000000,0x0000000618380000)
 ParOldGen       total 2667520K, used 1757527K [0x0000000167000000, 0x0000000209d00000, 0x00000005a2580000)
  object space 2667520K, 65% used [0x0000000167000000,0x00000001d2455d30,0x0000000209d00000)
 Metaspace       used 17298K, capacity 17493K, committed 17792K, reserved 1064960K
  class space    used 1579K, capacity 1654K, committed 1664K, reserved 1048576K
Event: 60,863 GC heap after
Heap after GC invocations=13 (full 4):
 PSYoungGen      total 1931264K, used 986621K [0x00000005a2580000, 0x00000006a2980000, 0x00000007c0000000)
  eden space 944640K, 0% used [0x00000005a2580000,0x00000005a2580000,0x00000005dc000000)
  from space 986624K, 99% used [0x00000005dc000000,0x000000061837f4d0,0x0000000618380000)
  to   space 1401856K, 0% used [0x000000064d080000,0x000000064d080000,0x00000006a2980000)
 ParOldGen       total 2667520K, used 2363844K [0x0000000167000000, 0x0000000209d00000, 0x00000005a2580000)
  object space 2667520K, 88% used [0x0000000167000000,0x00000001f74713b8,0x0000000209d00000)
 Metaspace       used 17298K, capacity 17493K, committed 17792K, reserved 1064960K
  class space    used 1579K, capacity 1654K, committed 1664K, reserved 1048576K
}
Event: 60,877 GC heap before
{Heap before GC invocations=14 (full 5):
 PSYoungGen      total 1931264K, used 986621K [0x00000005a2580000, 0x00000006a2980000, 0x00000007c0000000)
  eden space 944640K, 0% used [0x00000005a2580000,0x00000005a2580000,0x00000005dc000000)
  from space 986624K, 99% used [0x00000005dc000000,0x000000061837f4d0,0x0000000618380000)
  to   space 1401856K, 0% used [0x000000064d080000,0x000000064d080000,0x00000006a2980000)
 ParOldGen       total 2667520K, used 2363844K [0x0000000167000000, 0x0000000209d00000, 0x00000005a2580000)
  object space 2667520K, 88% used [0x0000000167000000,0x00000001f74713b8,0x0000000209d00000)
 Metaspace       used 17298K, capacity 17493K, committed 17792K, reserved 1064960K
  class space    used 1579K, capacity 1654K, committed 1664K, reserved 1048576K

