# JRE version: Java(TM) SE Runtime Environment (8.0_201-b09) (build 1.8.0_201-b09)
# Java VM: Java HotSpot(TM) 64-Bit Server VM (25.201-b09 mixed mode linux-amd64 compressed oops)
Heap:
 PSYoungGen      total 534528K, used 0K [0x00000005a2580000, 0x00000005cee00000, 0x00000007c0000000)
  eden space 513536K, 0% used [0x00000005a2580000,0x00000005a2580000,0x00000005c1b00000)
  from space 20992K, 0% used [0x00000005c1b00000,0x00000005c1b00000,0x00000005c2f80000)
  to   space 92160K, 0% used [0x00000005c9400000,0x00000005c9400000,0x00000005cee00000)
 ParOldGen       total 1305600K, used 1038705K [0x0000000167000000, 0x00000001b6b00000, 0x00000005a2580000)
  object space 1305600K, 79% used [0x0000000167000000,0x00000001a665c550,0x00000001b6b00000)
 Metaspace       used 14304K, capacity 14474K, committed 14848K, reserved 1062912K
  class space    used 1408K, capacity 1484K, committed 1536K, reserved 1048576K
GC Heap History (10 events):
Event: 1,109 GC heap after
Heap after GC invocations=3 (full 0):
 PSYoungGen      total 278016K, used 20974K [0x00000005a2580000, 0x00000005c4480000, 0x00000007c0000000)
  eden space 257024K, 0% used [0x00000005a2580000,0x00000005a2580000,0x00000005b2080000)
  from space 20992K, 99% used [0x00000005b2080000,0x00000005b34fbbe8,0x00000005b3500000)
  to   space 20992K, 0% used [0x00000005c3000000,0x00000005c3000000,0x00000005c4480000)
 ParOldGen       total 434688K, used 434475K [0x0000000167000000, 0x0000000181880000, 0x00000005a2580000)
  object space 434688K, 99% used [0x0000000167000000,0x000000018184aee8,0x0000000181880000)
 Metaspace       used 14270K, capacity 14474K, committed 14848K, reserved 1062912K
  class space    used 1407K, capacity 1484K, committed 1536K, reserved 1048576K
}
Event: 1,147 GC heap before
{Heap before GC invocations=4 (full 1):
 PSYoungGen      total 278016K, used 20974K [0x00000005a2580000, 0x00000005c4480000, 0x00000007c0000000)
  eden space 257024K, 0% used [0x00000005a2580000,0x00000005a2580000,0x00000005b2080000)
  from space 20992K, 99% used [0x00000005b2080000,0x00000005b34fbbe8,0x00000005b3500000)
  to   space 20992K, 0% used [0x00000005c3000000,0x00000005c3000000,0x00000005c4480000)
 ParOldGen       total 434688K, used 434475K [0x0000000167000000, 0x0000000181880000, 0x00000005a2580000)
  object space 434688K, 99% used [0x0000000167000000,0x000000018184aee8,0x0000000181880000)
 Metaspace       used 14270K, capacity 14474K, committed 14848K, reserved 1062912K
  class space    used 1407K, capacity 1484K, committed 1536K, reserved 1048576K
Event: 1,333 GC heap after
Heap after GC invocations=4 (full 1):
 PSYoungGen      total 278016K, used 19287K [0x00000005a2580000, 0x00000005c4480000, 0x00000007c0000000)
  eden space 257024K, 0% used [0x00000005a2580000,0x00000005a2580000,0x00000005b2080000)
  from space 20992K, 91% used [0x00000005b2080000,0x00000005b3355f10,0x00000005b3500000)
  to   space 20992K, 0% used [0x00000005c3000000,0x00000005c3000000,0x00000005c4480000)
 ParOldGen       total 895488K, used 433930K [0x0000000167000000, 0x000000019da80000, 0x00000005a2580000)
  object space 895488K, 48% used [0x0000000167000000,0x00000001817c29a8,0x000000019da80000)
 Metaspace       used 14270K, capacity 14474K, committed 14848K, reserved 1062912K
  class space    used 1407K, capacity 1484K, committed 1536K, reserved 1048576K
}
Event: 1,661 GC heap before
{Heap before GC invocations=5 (full 1):
 PSYoungGen      total 278016K, used 276311K [0x00000005a2580000, 0x00000005c4480000, 0x00000007c0000000)
  eden space 257024K, 100% used [0x00000005a2580000,0x00000005b2080000,0x00000005b2080000)
  from space 20992K, 91% used [0x00000005b2080000,0x00000005b3355f10,0x00000005b3500000)
  to   space 20992K, 0% used [0x00000005c3000000,0x00000005c3000000,0x00000005c4480000)
 ParOldGen       total 895488K, used 433930K [0x0000000167000000, 0x000000019da80000, 0x00000005a2580000)
  object space 895488K, 48% used [0x0000000167000000,0x00000001817c29a8,0x000000019da80000)
 Metaspace       used 14304K, capacity 14474K, committed 14848K, reserved 1062912K
  class space    used 1408K, capacity 1484K, committed 1536K, reserved 1048576K
Event: 1,712 GC heap after
Heap after GC invocations=5 (full 1):
 PSYoungGen      total 390656K, used 20418K [0x00000005a2580000, 0x00000005c4400000, 0x00000007c0000000)
  eden space 370176K, 0% used [0x00000005a2580000,0x00000005a2580000,0x00000005b8f00000)
  from space 20480K, 99% used [0x00000005c3000000,0x00000005c43f0970,0x00000005c4400000)
  to   space 20992K, 0% used [0x00000005c1b00000,0x00000005c1b00000,0x00000005c2f80000)
 ParOldGen       total 895488K, used 667056K [0x0000000167000000, 0x000000019da80000, 0x00000005a2580000)
  object space 895488K, 74% used [0x0000000167000000,0x000000018fb6c070,0x000000019da80000)
 Metaspace       used 14304K, capacity 14474K, committed 14848K, reserved 1062912K
  class space    used 1408K, capacity 1484K, committed 1536K, reserved 1048576K
}
Event: 1,734 GC heap before
{Heap before GC invocations=6 (full 2):
 PSYoungGen      total 390656K, used 20418K [0x00000005a2580000, 0x00000005c4400000, 0x00000007c0000000)
  eden space 370176K, 0% used [0x00000005a2580000,0x00000005a2580000,0x00000005b8f00000)
  from space 20480K, 99% used [0x00000005c3000000,0x00000005c43f0970,0x00000005c4400000)
  to   space 20992K, 0% used [0x00000005c1b00000,0x00000005c1b00000,0x00000005c2f80000)
 ParOldGen       total 895488K, used 667056K [0x0000000167000000, 0x000000019da80000, 0x00000005a2580000)
  object space 895488K, 74% used [0x0000000167000000,0x000000018fb6c070,0x000000019da80000)
 Metaspace       used 14304K, capacity 14474K, committed 14848K, reserved 1062912K
  class space    used 1408K, capacity 1484K, committed 1536K, reserved 1048576K
Event: 1,816 GC heap after
Heap after GC invocations=6 (full 2):
 PSYoungGen      total 390656K, used 0K [0x00000005a2580000, 0x00000005c4400000, 0x00000007c0000000)
  eden space 370176K, 0% used [0x00000005a2580000,0x00000005a2580000,0x00000005b8f00000)
  from space 20480K, 0% used [0x00000005c3000000,0x00000005c3000000,0x00000005c4400000)
  to   space 20992K, 0% used [0x00000005c1b00000,0x00000005c1b00000,0x00000005c2f80000)
 ParOldGen       total 1305600K, used 687082K [0x0000000167000000, 0x00000001b6b00000, 0x00000005a2580000)
  object space 1305600K, 52% used [0x0000000167000000,0x0000000190efaa38,0x00000001b6b00000)
 Metaspace       used 14304K, capacity 14474K, committed 14848K, reserved 1062912K
  class space    used 1408K, capacity 1484K, committed 1536K, reserved 1048576K
}
Event: 2,294 GC heap before
{Heap before GC invocations=7 (full 2):
 PSYoungGen      total 390656K, used 369701K [0x00000005a2580000, 0x00000005c4400000, 0x00000007c0000000)
  eden space 370176K, 99% used [0x00000005a2580000,0x00000005b8e894d8,0x00000005b8f00000)
  from space 20480K, 0% used [0x00000005c3000000,0x00000005c3000000,0x00000005c4400000)
  to   space 20992K, 0% used [0x00000005c1b00000,0x00000005c1b00000,0x00000005c2f80000)
 ParOldGen       total 1305600K, used 687082K [0x0000000167000000, 0x00000001b6b00000, 0x00000005a2580000)
  object space 1305600K, 52% used [0x0000000167000000,0x0000000190efaa38,0x00000001b6b00000)
 Metaspace       used 14304K, capacity 14474K, committed 14848K, reserved 1062912K
  class space    used 1408K, capacity 1484K, committed 1536K, reserved 1048576K
Event: 2,514 GC heap after
Heap after GC invocations=7 (full 2):
 PSYoungGen      total 534528K, used 20828K [0x00000005a2580000, 0x00000005cee00000, 0x00000007c0000000)
  eden space 513536K, 0% used [0x00000005a2580000,0x00000005a2580000,0x00000005c1b00000)
  from space 20992K, 99% used [0x00000005c1b00000,0x00000005c2f57298,0x00000005c2f80000)
  to   space 92160K, 0% used [0x00000005c9400000,0x00000005c9400000,0x00000005cee00000)
 ParOldGen       total 1305600K, used 1018033K [0x0000000167000000, 0x00000001b6b00000, 0x00000005a2580000)
  object space 1305600K, 77% used [0x0000000167000000,0x00000001a522c500,0x00000001b6b00000)
 Metaspace       used 14304K, capacity 14474K, committed 14848K, reserved 1062912K
  class space    used 1408K, capacity 1484K, committed 1536K, reserved 1048576K
}
Event: 2,520 GC heap before
{Heap before GC invocations=8 (full 3):
 PSYoungGen      total 534528K, used 20828K [0x00000005a2580000, 0x00000005cee00000, 0x00000007c0000000)
  eden space 513536K, 0% used [0x00000005a2580000,0x00000005a2580000,0x00000005c1b00000)
  from space 20992K, 99% used [0x00000005c1b00000,0x00000005c2f57298,0x00000005c2f80000)
  to   space 92160K, 0% used [0x00000005c9400000,0x00000005c9400000,0x00000005cee00000)
 ParOldGen       total 1305600K, used 1018033K [0x0000000167000000, 0x00000001b6b00000, 0x00000005a2580000)
  object space 1305600K, 77% used [0x0000000167000000,0x00000001a522c500,0x00000001b6b00000)
 Metaspace       used 14304K, capacity 14474K, committed 14848K, reserved 1062912K
  class space    used 1408K, capacity 1484K, committed 1536K, reserved 1048576K

