# JRE version: Java(TM) SE Runtime Environment (8.0_201-b09) (build 1.8.0_201-b09)
# Java VM: Java HotSpot(TM) 64-Bit Server VM (25.201-b09 mixed mode linux-amd64 compressed oops)
Heap:
 PSYoungGen      total 1776128K, used 762684K [0x0000000719b80000, 0x00000007c0000000, 0x00000007c0000000)
  eden space 868352K, 87% used [0x0000000719b80000,0x000000074844f3f8,0x000000074eb80000)
  from space 907776K, 0% used [0x000000074eb80000,0x000000074eb80000,0x0000000786200000)
  to   space 907776K, 0% used [0x0000000788980000,0x0000000788980000,0x00000007c0000000)
 ParOldGen       total 3517952K, used 2351075K [0x00000005cd200000, 0x00000006a3d80000, 0x0000000719b80000)
  object space 3517952K, 66% used [0x00000005cd200000,0x000000065c9f8dd0,0x00000006a3d80000)
 Metaspace       used 18802K, capacity 19031K, committed 19328K, reserved 1067008K
  class space    used 1793K, capacity 1873K, committed 1920K, reserved 1048576K
GC Heap History (10 events):
Event: 524,993 GC heap before
{Heap before GC invocations=28 (full 4):
 PSYoungGen      total 1635328K, used 1562039K [0x0000000719b80000, 0x00000007bb280000, 0x00000007c0000000)
  eden space 770048K, 99% used [0x0000000719b80000,0x0000000748b43848,0x0000000748b80000)
  from space 865280K, 91% used [0x0000000780200000,0x00000007b07aa590,0x00000007b4f00000)
  to   space 907776K, 0% used [0x0000000748b80000,0x0000000748b80000,0x0000000780200000)
 ParOldGen       total 2351616K, used 1891703K [0x00000005cd200000, 0x000000065ca80000, 0x0000000719b80000)
  object space 2351616K, 80% used [0x00000005cd200000,0x000000064095dc30,0x000000065ca80000)
 Metaspace       used 17998K, capacity 18169K, committed 18560K, reserved 1067008K
  class space    used 1728K, capacity 1802K, committed 1920K, reserved 1048576K
Event: 525,046 GC heap after
Heap after GC invocations=28 (full 4):
 PSYoungGen      total 1677824K, used 360790K [0x0000000719b80000, 0x00000007bee80000, 0x00000007c0000000)
  eden space 770048K, 0% used [0x0000000719b80000,0x0000000719b80000,0x0000000748b80000)
  from space 907776K, 39% used [0x0000000748b80000,0x000000075ebd5850,0x0000000780200000)
  to   space 907776K, 0% used [0x0000000787800000,0x0000000787800000,0x00000007bee80000)
 ParOldGen       total 2351616K, used 2100709K [0x00000005cd200000, 0x000000065ca80000, 0x0000000719b80000)
  object space 2351616K, 89% used [0x00000005cd200000,0x000000064d5795c0,0x000000065ca80000)
 Metaspace       used 17998K, capacity 18169K, committed 18560K, reserved 1067008K
  class space    used 1728K, capacity 1802K, committed 1920K, reserved 1048576K
}
Event: 525,046 GC heap before
{Heap before GC invocations=29 (full 5):
 PSYoungGen      total 1677824K, used 360790K [0x0000000719b80000, 0x00000007bee80000, 0x00000007c0000000)
  eden space 770048K, 0% used [0x0000000719b80000,0x0000000719b80000,0x0000000748b80000)
  from space 907776K, 39% used [0x0000000748b80000,0x000000075ebd5850,0x0000000780200000)
  to   space 907776K, 0% used [0x0000000787800000,0x0000000787800000,0x00000007bee80000)
 ParOldGen       total 2351616K, used 2100709K [0x00000005cd200000, 0x000000065ca80000, 0x0000000719b80000)
  object space 2351616K, 89% used [0x00000005cd200000,0x000000064d5795c0,0x000000065ca80000)
 Metaspace       used 17998K, capacity 18169K, committed 18560K, reserved 1067008K
  class space    used 1728K, capacity 1802K, committed 1920K, reserved 1048576K
Event: 525,195 GC heap after
Heap after GC invocations=29 (full 5):
 PSYoungGen      total 1677824K, used 0K [0x0000000719b80000, 0x00000007bee80000, 0x00000007c0000000)
  eden space 770048K, 0% used [0x0000000719b80000,0x0000000719b80000,0x0000000748b80000)
  from space 907776K, 0% used [0x0000000748b80000,0x0000000748b80000,0x0000000780200000)
  to   space 907776K, 0% used [0x0000000787800000,0x0000000787800000,0x00000007bee80000)
 ParOldGen       total 2742784K, used 1863172K [0x00000005cd200000, 0x0000000674880000, 0x0000000719b80000)
  object space 2742784K, 67% used [0x00000005cd200000,0x000000063ed81148,0x0000000674880000)
 Metaspace       used 17998K, capacity 18169K, committed 18560K, reserved 1067008K
  class space    used 1728K, capacity 1802K, committed 1920K, reserved 1048576K
}
Event: 528,042 GC heap before
{Heap before GC invocations=30 (full 5):
 PSYoungGen      total 1677824K, used 770048K [0x0000000719b80000, 0x00000007bee80000, 0x00000007c0000000)
  eden space 770048K, 100% used [0x0000000719b80000,0x0000000748b80000,0x0000000748b80000)
  from space 907776K, 0% used [0x0000000748b80000,0x0000000748b80000,0x0000000780200000)
  to   space 907776K, 0% used [0x0000000787800000,0x0000000787800000,0x00000007bee80000)
 ParOldGen       total 2742784K, used 1863172K [0x00000005cd200000, 0x0000000674880000, 0x0000000719b80000)
  object space 2742784K, 67% used [0x00000005cd200000,0x000000063ed81148,0x0000000674880000)
 Metaspace       used 18013K, capacity 18169K, committed 18560K, reserved 1067008K
  class space    used 1728K, capacity 1802K, committed 1920K, reserved 1048576K
Event: 528,116 GC heap after
Heap after GC invocations=30 (full 5):
 PSYoungGen      total 1753600K, used 751065K [0x0000000719b80000, 0x00000007bd880000, 0x00000007c0000000)
  eden space 868352K, 0% used [0x0000000719b80000,0x0000000719b80000,0x000000074eb80000)
  from space 885248K, 84% used [0x0000000787800000,0x00000007b5576440,0x00000007bd880000)
  to   space 907776K, 0% used [0x000000074eb80000,0x000000074eb80000,0x0000000786200000)
 ParOldGen       total 2742784K, used 1863172K [0x00000005cd200000, 0x0000000674880000, 0x0000000719b80000)
  object space 2742784K, 67% used [0x00000005cd200000,0x000000063ed81148,0x0000000674880000)
 Metaspace       used 18013K, capacity 18169K, committed 18560K, reserved 1067008K
  class space    used 1728K, capacity 1802K, committed 1920K, reserved 1048576K
}
Event: 564,060 GC heap before
{Heap before GC invocations=31 (full 5):
 PSYoungGen      total 1753600K, used 1619417K [0x0000000719b80000, 0x00000007bd880000, 0x00000007c0000000)
  eden space 868352K, 100% used [0x0000000719b80000,0x000000074eb80000,0x000000074eb80000)
  from space 885248K, 84% used [0x0000000787800000,0x00000007b5576440,0x00000007bd880000)
  to   space 907776K, 0% used [0x000000074eb80000,0x000000074eb80000,0x0000000786200000)
 ParOldGen       total 2742784K, used 1863172K [0x00000005cd200000, 0x0000000674880000, 0x0000000719b80000)
  object space 2742784K, 67% used [0x00000005cd200000,0x000000063ed81148,0x0000000674880000)
 Metaspace       used 18444K, capacity 18737K, committed 19072K, reserved 1067008K
  class space    used 1765K, capacity 1840K, committed 1920K, reserved 1048576K
Event: 564,149 GC heap after
Heap after GC invocations=31 (full 5):
 PSYoungGen      total 1776128K, used 434548K [0x0000000719b80000, 0x00000007c0000000, 0x00000007c0000000)
  eden space 868352K, 0% used [0x0000000719b80000,0x0000000719b80000,0x000000074eb80000)
  from space 907776K, 47% used [0x000000074eb80000,0x00000007693dd150,0x0000000786200000)
  to   space 907776K, 0% used [0x0000000788980000,0x0000000788980000,0x00000007c0000000)
 ParOldGen       total 2742784K, used 2389941K [0x00000005cd200000, 0x0000000674880000, 0x0000000719b80000)
  object space 2742784K, 87% used [0x00000005cd200000,0x000000065efed708,0x0000000674880000)
 Metaspace       used 18444K, capacity 18737K, committed 19072K, reserved 1067008K
  class space    used 1765K, capacity 1840K, committed 1920K, reserved 1048576K
}
Event: 564,149 GC heap before
{Heap before GC invocations=32 (full 6):
 PSYoungGen      total 1776128K, used 434548K [0x0000000719b80000, 0x00000007c0000000, 0x00000007c0000000)
  eden space 868352K, 0% used [0x0000000719b80000,0x0000000719b80000,0x000000074eb80000)
  from space 907776K, 47% used [0x000000074eb80000,0x00000007693dd150,0x0000000786200000)
  to   space 907776K, 0% used [0x0000000788980000,0x0000000788980000,0x00000007c0000000)
 ParOldGen       total 2742784K, used 2389941K [0x00000005cd200000, 0x0000000674880000, 0x0000000719b80000)
  object space 2742784K, 87% used [0x00000005cd200000,0x000000065efed708,0x0000000674880000)
 Metaspace       used 18444K, capacity 18737K, committed 19072K, reserved 1067008K
  class space    used 1765K, capacity 1840K, committed 1920K, reserved 1048576K
Event: 564,233 GC heap after
Heap after GC invocations=32 (full 6):
 PSYoungGen      total 1776128K, used 0K [0x0000000719b80000, 0x00000007c0000000, 0x00000007c0000000)
  eden space 868352K, 0% used [0x0000000719b80000,0x0000000719b80000,0x000000074eb80000)
  from space 907776K, 0% used [0x000000074eb80000,0x000000074eb80000,0x0000000786200000)
  to   space 907776K, 0% used [0x0000000788980000,0x0000000788980000,0x00000007c0000000)
 ParOldGen       total 3517952K, used 2351075K [0x00000005cd200000, 0x00000006a3d80000, 0x0000000719b80000)
  object space 3517952K, 66% used [0x00000005cd200000,0x000000065c9f8dd0,0x00000006a3d80000)
 Metaspace       used 18444K, capacity 18737K, committed 19072K, reserved 1067008K
  class space    used 1765K, capacity 1840K, committed 1920K, reserved 1048576K
}

