# JRE version: Java(TM) SE Runtime Environment (8.0_201-b09) (build 1.8.0_201-b09)
# Java VM: Java HotSpot(TM) 64-Bit Server VM (25.201-b09 mixed mode linux-amd64 compressed oops)
Heap:
 PSYoungGen      total 2100224K, used 809197K [0x0000000719b80000, 0x00000007c0000000, 0x00000007c0000000)
  eden space 1556480K, 51% used [0x0000000719b80000,0x000000074af9b740,0x0000000778b80000)
  from space 543744K, 0% used [0x0000000778b80000,0x0000000778da0000,0x0000000799e80000)
  to   space 537088K, 0% used [0x000000079f380000,0x000000079f380000,0x00000007c0000000)
 ParOldGen       total 1324032K, used 757240K [0x00000005cd200000, 0x000000061df00000, 0x0000000719b80000)
  object space 1324032K, 57% used [0x00000005cd200000,0x00000005fb57e3f0,0x000000061df00000)
 Metaspace       used 14950K, capacity 15139K, committed 15360K, reserved 1062912K
  class space    used 1413K, capacity 1482K, committed 1536K, reserved 1048576K
GC Heap History (10 events):
Event: 22,167 GC heap before
{Heap before GC invocations=15 (full 1):
 PSYoungGen      total 1426432K, used 1412156K [0x0000000719b80000, 0x0000000798a80000, 0x00000007c0000000)
  eden space 1134592K, 100% used [0x0000000719b80000,0x000000075ef80000,0x000000075ef80000)
  from space 291840K, 95% used [0x000000075ef80000,0x000000076fe8f0e8,0x0000000770c80000)
  to   space 342528K, 0% used [0x0000000783c00000,0x0000000783c00000,0x0000000798a80000)
 ParOldGen       total 1077760K, used 689215K [0x00000005cd200000, 0x000000060ee80000, 0x0000000719b80000)
  object space 1077760K, 63% used [0x00000005cd200000,0x00000005f730fe58,0x000000060ee80000)
 Metaspace       used 14920K, capacity 15067K, committed 15360K, reserved 1062912K
  class space    used 1413K, capacity 1482K, committed 1536K, reserved 1048576K
Event: 22,247 GC heap after
Heap after GC invocations=15 (full 1):
 PSYoungGen      total 1697792K, used 274620K [0x0000000719b80000, 0x00000007a2980000, 0x00000007c0000000)
  eden space 1355264K, 0% used [0x0000000719b80000,0x0000000719b80000,0x000000076c700000)
  from space 342528K, 80% used [0x0000000783c00000,0x000000079482f0e8,0x0000000798a80000)
  to   space 381952K, 0% used [0x000000076c700000,0x000000076c700000,0x0000000783c00000)
 ParOldGen       total 1077760K, used 689215K [0x00000005cd200000, 0x000000060ee80000, 0x0000000719b80000)
  object space 1077760K, 63% used [0x00000005cd200000,0x00000005f730fe58,0x000000060ee80000)
 Metaspace       used 14920K, capacity 15067K, committed 15360K, reserved 1062912K
  class space    used 1413K, capacity 1482K, committed 1536K, reserved 1048576K
}
Event: 26,842 GC heap before
{Heap before GC invocations=16 (full 1):
 PSYoungGen      total 1697792K, used 1629884K [0x0000000719b80000, 0x00000007a2980000, 0x00000007c0000000)
  eden space 1355264K, 100% used [0x0000000719b80000,0x000000076c700000,0x000000076c700000)
  from space 342528K, 80% used [0x0000000783c00000,0x000000079482f0e8,0x0000000798a80000)
  to   space 381952K, 0% used [0x000000076c700000,0x000000076c700000,0x0000000783c00000)
 ParOldGen       total 1077760K, used 689215K [0x00000005cd200000, 0x000000060ee80000, 0x0000000719b80000)
  object space 1077760K, 63% used [0x00000005cd200000,0x00000005f730fe58,0x000000060ee80000)
 Metaspace       used 14938K, capacity 15139K, committed 15360K, reserved 1062912K
  class space    used 1413K, capacity 1482K, committed 1536K, reserved 1048576K
Event: 26,923 GC heap after
Heap after GC invocations=16 (full 1):
 PSYoungGen      total 1737216K, used 184546K [0x0000000719b80000, 0x00000007b1100000, 0x00000007c0000000)
  eden space 1355264K, 0% used [0x0000000719b80000,0x0000000719b80000,0x000000076c700000)
  from space 381952K, 48% used [0x000000076c700000,0x0000000777b38800,0x0000000783c00000)
  to   space 379392K, 0% used [0x0000000799e80000,0x0000000799e80000,0x00000007b1100000)
 ParOldGen       total 1077760K, used 694268K [0x00000005cd200000, 0x000000060ee80000, 0x0000000719b80000)
  object space 1077760K, 64% used [0x00000005cd200000,0x00000005f77ff008,0x000000060ee80000)
 Metaspace       used 14938K, capacity 15139K, committed 15360K, reserved 1062912K
  class space    used 1413K, capacity 1482K, committed 1536K, reserved 1048576K
}
Event: 33,920 GC heap before
{Heap before GC invocations=17 (full 1):
 PSYoungGen      total 1737216K, used 1539810K [0x0000000719b80000, 0x00000007b1100000, 0x00000007c0000000)
  eden space 1355264K, 100% used [0x0000000719b80000,0x000000076c700000,0x000000076c700000)
  from space 381952K, 48% used [0x000000076c700000,0x0000000777b38800,0x0000000783c00000)
  to   space 379392K, 0% used [0x0000000799e80000,0x0000000799e80000,0x00000007b1100000)
 ParOldGen       total 1077760K, used 694268K [0x00000005cd200000, 0x000000060ee80000, 0x0000000719b80000)
  object space 1077760K, 64% used [0x00000005cd200000,0x00000005f77ff008,0x000000060ee80000)
 Metaspace       used 14949K, capacity 15139K, committed 15360K, reserved 1062912K
  class space    used 1413K, capacity 1482K, committed 1536K, reserved 1048576K
Event: 34,853 GC heap after
Heap after GC invocations=17 (full 1):
 PSYoungGen      total 1935872K, used 379390K [0x0000000719b80000, 0x00000007c0000000, 0x00000007c0000000)
  eden space 1556480K, 0% used [0x0000000719b80000,0x0000000719b80000,0x0000000778b80000)
  from space 379392K, 99% used [0x0000000799e80000,0x00000007b10ffac0,0x00000007b1100000)
  to   space 543744K, 0% used [0x0000000778b80000,0x0000000778b80000,0x0000000799e80000)
 ParOldGen       total 1077760K, used 953252K [0x00000005cd200000, 0x000000060ee80000, 0x0000000719b80000)
  object space 1077760K, 88% used [0x00000005cd200000,0x00000006074e9008,0x000000060ee80000)
 Metaspace       used 14949K, capacity 15139K, committed 15360K, reserved 1062912K
  class space    used 1413K, capacity 1482K, committed 1536K, reserved 1048576K
}
Event: 34,853 GC heap before
{Heap before GC invocations=18 (full 2):
 PSYoungGen      total 1935872K, used 379390K [0x0000000719b80000, 0x00000007c0000000, 0x00000007c0000000)
  eden space 1556480K, 0% used [0x0000000719b80000,0x0000000719b80000,0x0000000778b80000)
  from space 379392K, 99% used [0x0000000799e80000,0x00000007b10ffac0,0x00000007b1100000)
  to   space 543744K, 0% used [0x0000000778b80000,0x0000000778b80000,0x0000000799e80000)
 ParOldGen       total 1077760K, used 953252K [0x00000005cd200000, 0x000000060ee80000, 0x0000000719b80000)
  object space 1077760K, 88% used [0x00000005cd200000,0x00000006074e9008,0x000000060ee80000)
 Metaspace       used 14949K, capacity 15139K, committed 15360K, reserved 1062912K
  class space    used 1413K, capacity 1482K, committed 1536K, reserved 1048576K
Event: 35,917 GC heap after
Heap after GC invocations=18 (full 2):
 PSYoungGen      total 1935872K, used 0K [0x0000000719b80000, 0x00000007c0000000, 0x00000007c0000000)
  eden space 1556480K, 0% used [0x0000000719b80000,0x0000000719b80000,0x0000000778b80000)
  from space 379392K, 0% used [0x0000000799e80000,0x0000000799e80000,0x00000007b1100000)
  to   space 543744K, 0% used [0x0000000778b80000,0x0000000778b80000,0x0000000799e80000)
 ParOldGen       total 1324032K, used 757240K [0x00000005cd200000, 0x000000061df00000, 0x0000000719b80000)
  object space 1324032K, 57% used [0x00000005cd200000,0x00000005fb57e3f0,0x000000061df00000)
 Metaspace       used 14949K, capacity 15139K, committed 15360K, reserved 1062912K
  class space    used 1413K, capacity 1482K, committed 1536K, reserved 1048576K
}
Event: 36,379 GC heap before
{Heap before GC invocations=19 (full 2):
 PSYoungGen      total 1935872K, used 1556480K [0x0000000719b80000, 0x00000007c0000000, 0x00000007c0000000)
  eden space 1556480K, 100% used [0x0000000719b80000,0x0000000778b80000,0x0000000778b80000)
  from space 379392K, 0% used [0x0000000799e80000,0x0000000799e80000,0x00000007b1100000)
  to   space 543744K, 0% used [0x0000000778b80000,0x0000000778b80000,0x0000000799e80000)
 ParOldGen       total 1324032K, used 757240K [0x00000005cd200000, 0x000000061df00000, 0x0000000719b80000)
  object space 1324032K, 57% used [0x00000005cd200000,0x00000005fb57e3f0,0x000000061df00000)
 Metaspace       used 14949K, capacity 15139K, committed 15360K, reserved 1062912K
  class space    used 1413K, capacity 1482K, committed 1536K, reserved 1048576K
Event: 36,391 GC heap after
Heap after GC invocations=19 (full 2):
 PSYoungGen      total 2100224K, used 2176K [0x0000000719b80000, 0x00000007c0000000, 0x00000007c0000000)
  eden space 1556480K, 0% used [0x0000000719b80000,0x0000000719b80000,0x0000000778b80000)
  from space 543744K, 0% used [0x0000000778b80000,0x0000000778da0000,0x0000000799e80000)
  to   space 537088K, 0% used [0x000000079f380000,0x000000079f380000,0x00000007c0000000)
 ParOldGen       total 1324032K, used 757240K [0x00000005cd200000, 0x000000061df00000, 0x0000000719b80000)
  object space 1324032K, 57% used [0x00000005cd200000,0x00000005fb57e3f0,0x000000061df00000)
 Metaspace       used 14949K, capacity 15139K, committed 15360K, reserved 1062912K
  class space    used 1413K, capacity 1482K, committed 1536K, reserved 1048576K
}

