# JRE version: Java(TM) SE Runtime Environment (8.0_201-b09) (build 1.8.0_201-b09)
# Java VM: Java HotSpot(TM) 64-Bit Server VM (25.201-b09 mixed mode linux-amd64 compressed oops)
Heap:
 PSYoungGen      total 826368K, used 692979K [0x00000005cc000000, 0x0000000622980000, 0x00000007c0000000)
  eden space 626688K, 78% used [0x00000005cc000000,0x00000005ea1be6d8,0x00000005f2400000)
  from space 199680K, 99% used [0x00000005f2400000,0x00000005fe6fe908,0x00000005fe700000)
  to   space 238080K, 0% used [0x0000000614100000,0x0000000614100000,0x0000000622980000)
 ParOldGen       total 778240K, used 371392K [0x00000001e4000000, 0x0000000213800000, 0x00000005cc000000)
  object space 778240K, 47% used [0x00000001e4000000,0x00000001faab0350,0x0000000213800000)
 Metaspace       used 16686K, capacity 16929K, committed 17280K, reserved 1064960K
  class space    used 1497K, capacity 1585K, committed 1664K, reserved 1048576K
GC Heap History (10 events):
Event: 5,979 GC heap before
{Heap before GC invocations=5 (full 1):
 PSYoungGen      total 278016K, used 257024K [0x00000005cc000000, 0x00000005edf00000, 0x00000007c0000000)
  eden space 257024K, 100% used [0x00000005cc000000,0x00000005dbb00000,0x00000005dbb00000)
  from space 20992K, 0% used [0x00000005dbb00000,0x00000005dbb00000,0x00000005dcf80000)
  to   space 20992K, 0% used [0x00000005eca80000,0x00000005eca80000,0x00000005edf00000)
 ParOldGen       total 647168K, used 303927K [0x00000001e4000000, 0x000000020b800000, 0x00000005cc000000)
  object space 647168K, 46% used [0x00000001e4000000,0x00000001f68cdc38,0x000000020b800000)
 Metaspace       used 15284K, capacity 15535K, committed 15744K, reserved 1062912K
  class space    used 1456K, capacity 1550K, committed 1664K, reserved 1048576K
Event: 5,995 GC heap after
Heap after GC invocations=5 (full 1):
 PSYoungGen      total 415744K, used 20976K [0x00000005cc000000, 0x00000005edf00000, 0x00000007c0000000)
  eden space 394752K, 0% used [0x00000005cc000000,0x00000005cc000000,0x00000005e4180000)
  from space 20992K, 99% used [0x00000005eca80000,0x00000005edefc1c0,0x00000005edf00000)
  to   space 20992K, 0% used [0x00000005eb600000,0x00000005eb600000,0x00000005eca80000)
 ParOldGen       total 647168K, used 462942K [0x00000001e4000000, 0x000000020b800000, 0x00000005cc000000)
  object space 647168K, 71% used [0x00000001e4000000,0x0000000200417a18,0x000000020b800000)
 Metaspace       used 15284K, capacity 15535K, committed 15744K, reserved 1062912K
  class space    used 1456K, capacity 1550K, committed 1664K, reserved 1048576K
}
Event: 5,995 GC heap before
{Heap before GC invocations=6 (full 2):
 PSYoungGen      total 415744K, used 20976K [0x00000005cc000000, 0x00000005edf00000, 0x00000007c0000000)
  eden space 394752K, 0% used [0x00000005cc000000,0x00000005cc000000,0x00000005e4180000)
  from space 20992K, 99% used [0x00000005eca80000,0x00000005edefc1c0,0x00000005edf00000)
  to   space 20992K, 0% used [0x00000005eb600000,0x00000005eb600000,0x00000005eca80000)
 ParOldGen       total 647168K, used 462942K [0x00000001e4000000, 0x000000020b800000, 0x00000005cc000000)
  object space 647168K, 71% used [0x00000001e4000000,0x0000000200417a18,0x000000020b800000)
 Metaspace       used 15284K, capacity 15535K, committed 15744K, reserved 1062912K
  class space    used 1456K, capacity 1550K, committed 1664K, reserved 1048576K
Event: 6,024 GC heap after
Heap after GC invocations=6 (full 2):
 PSYoungGen      total 415744K, used 0K [0x00000005cc000000, 0x00000005edf00000, 0x00000007c0000000)
  eden space 394752K, 0% used [0x00000005cc000000,0x00000005cc000000,0x00000005e4180000)
  from space 20992K, 0% used [0x00000005eca80000,0x00000005eca80000,0x00000005edf00000)
  to   space 20992K, 0% used [0x00000005eb600000,0x00000005eb600000,0x00000005eca80000)
 ParOldGen       total 778240K, used 343402K [0x00000001e4000000, 0x0000000213800000, 0x00000005cc000000)
  object space 778240K, 44% used [0x00000001e4000000,0x00000001f8f5ab00,0x0000000213800000)
 Metaspace       used 15284K, capacity 15535K, committed 15744K, reserved 1062912K
  class space    used 1456K, capacity 1550K, committed 1664K, reserved 1048576K
}
Event: 77,085 GC heap before
{Heap before GC invocations=7 (full 2):
 PSYoungGen      total 415744K, used 394752K [0x00000005cc000000, 0x00000005edf00000, 0x00000007c0000000)
  eden space 394752K, 100% used [0x00000005cc000000,0x00000005e4180000,0x00000005e4180000)
  from space 20992K, 0% used [0x00000005eca80000,0x00000005eca80000,0x00000005edf00000)
  to   space 20992K, 0% used [0x00000005eb600000,0x00000005eb600000,0x00000005eca80000)
 ParOldGen       total 778240K, used 343402K [0x00000001e4000000, 0x0000000213800000, 0x00000005cc000000)
  object space 778240K, 44% used [0x00000001e4000000,0x00000001f8f5ab00,0x0000000213800000)
 Metaspace       used 16383K, capacity 16609K, committed 16768K, reserved 1064960K
  class space    used 1495K, capacity 1585K, committed 1664K, reserved 1048576K
Event: 77,091 GC heap after
Heap after GC invocations=7 (full 2):
 PSYoungGen      total 535040K, used 20965K [0x00000005cc000000, 0x000000060b400000, 0x00000007c0000000)
  eden space 514048K, 0% used [0x00000005cc000000,0x00000005cc000000,0x00000005eb600000)
  from space 20992K, 99% used [0x00000005eb600000,0x00000005eca797d0,0x00000005eca80000)
  to   space 209920K, 0% used [0x00000005fe700000,0x00000005fe700000,0x000000060b400000)
 ParOldGen       total 778240K, used 368591K [0x00000001e4000000, 0x0000000213800000, 0x00000005cc000000)
  object space 778240K, 47% used [0x00000001e4000000,0x00000001fa7f3dd0,0x0000000213800000)
 Metaspace       used 16383K, capacity 16609K, committed 16768K, reserved 1064960K
  class space    used 1495K, capacity 1585K, committed 1664K, reserved 1048576K
}
Event: 162,903 GC heap before
{Heap before GC invocations=8 (full 2):
 PSYoungGen      total 535040K, used 534933K [0x00000005cc000000, 0x000000060b400000, 0x00000007c0000000)
  eden space 514048K, 99% used [0x00000005cc000000,0x00000005eb5ebef8,0x00000005eb600000)
  from space 20992K, 99% used [0x00000005eb600000,0x00000005eca797d0,0x00000005eca80000)
  to   space 209920K, 0% used [0x00000005fe700000,0x00000005fe700000,0x000000060b400000)
 ParOldGen       total 778240K, used 368591K [0x00000001e4000000, 0x0000000213800000, 0x00000005cc000000)
  object space 778240K, 47% used [0x00000001e4000000,0x00000001fa7f3dd0,0x0000000213800000)
 Metaspace       used 16552K, capacity 16801K, committed 17024K, reserved 1064960K
  class space    used 1495K, capacity 1585K, committed 1664K, reserved 1048576K
Event: 162,914 GC heap after
Heap after GC invocations=8 (full 2):
 PSYoungGen      total 836608K, used 109564K [0x00000005cc000000, 0x0000000613200000, 0x00000007c0000000)
  eden space 626688K, 0% used [0x00000005cc000000,0x00000005cc000000,0x00000005f2400000)
  from space 209920K, 52% used [0x00000005fe700000,0x00000006051ff0a0,0x000000060b400000)
  to   space 199680K, 0% used [0x00000005f2400000,0x00000005f2400000,0x00000005fe700000)
 ParOldGen       total 778240K, used 368599K [0x00000001e4000000, 0x0000000213800000, 0x00000005cc000000)
  object space 778240K, 47% used [0x00000001e4000000,0x00000001fa7f5dd0,0x0000000213800000)
 Metaspace       used 16552K, capacity 16801K, committed 17024K, reserved 1064960K
  class space    used 1495K, capacity 1585K, committed 1664K, reserved 1048576K
}
Event: 270,077 GC heap before
{Heap before GC invocations=9 (full 2):
 PSYoungGen      total 836608K, used 736252K [0x00000005cc000000, 0x0000000613200000, 0x00000007c0000000)
  eden space 626688K, 100% used [0x00000005cc000000,0x00000005f2400000,0x00000005f2400000)
  from space 209920K, 52% used [0x00000005fe700000,0x00000006051ff0a0,0x000000060b400000)
  to   space 199680K, 0% used [0x00000005f2400000,0x00000005f2400000,0x00000005fe700000)
 ParOldGen       total 778240K, used 368599K [0x00000001e4000000, 0x0000000213800000, 0x00000005cc000000)
  object space 778240K, 47% used [0x00000001e4000000,0x00000001fa7f5dd0,0x0000000213800000)
 Metaspace       used 16635K, capacity 16929K, committed 17280K, reserved 1064960K
  class space    used 1495K, capacity 1585K, committed 1664K, reserved 1048576K
Event: 271,649 GC heap after
Heap after GC invocations=9 (full 2):
 PSYoungGen      total 826368K, used 199674K [0x00000005cc000000, 0x0000000622980000, 0x00000007c0000000)
  eden space 626688K, 0% used [0x00000005cc000000,0x00000005cc000000,0x00000005f2400000)
  from space 199680K, 99% used [0x00000005f2400000,0x00000005fe6fe908,0x00000005fe700000)
  to   space 238080K, 0% used [0x0000000614100000,0x0000000614100000,0x0000000622980000)
 ParOldGen       total 778240K, used 371392K [0x00000001e4000000, 0x0000000213800000, 0x00000005cc000000)
  object space 778240K, 47% used [0x00000001e4000000,0x00000001faab0350,0x0000000213800000)
 Metaspace       used 16635K, capacity 16929K, committed 17280K, reserved 1064960K
  class space    used 1495K, capacity 1585K, committed 1664K, reserved 1048576K
}

