# JRE version: Java(TM) SE Runtime Environment (8.0_201-b09) (build 1.8.0_201-b09)
# Java VM: Java HotSpot(TM) 64-Bit Server VM (25.201-b09 mixed mode linux-amd64 compressed oops)
Heap:
 PSYoungGen      total 2269184K, used 0K [0x00000005a2580000, 0x00000006a6e80000, 0x00000007c0000000)
  eden space 453632K, 0% used [0x00000005a2580000,0x00000005a2580000,0x00000005be080000)
  from space 1815552K, 0% used [0x0000000638180000,0x0000000638180000,0x00000006a6e80000)
  to   space 1907712K, 0% used [0x00000005be080000,0x00000005be080000,0x0000000632780000)
 ParOldGen       total 4206080K, used 3857167K [0x0000000167000000, 0x0000000267b80000, 0x00000005a2580000)
  object space 4206080K, 91% used [0x0000000167000000,0x00000002526c3e30,0x0000000267b80000)
 Metaspace       used 16151K, capacity 16386K, committed 16640K, reserved 1064960K
  class space    used 1608K, capacity 1688K, committed 1792K, reserved 1048576K
GC Heap History (10 events):
Event: 66,891 GC heap after
Heap after GC invocations=42 (full 8):
 PSYoungGen      total 2545664K, used 166336K [0x00000005a2580000, 0x00000006c7e80000, 0x00000007c0000000)
  eden space 343040K, 0% used [0x00000005a2580000,0x00000005a2580000,0x00000005b7480000)
  from space 2202624K, 7% used [0x0000000641780000,0x000000064b9f0000,0x00000006c7e80000)
  to   space 2233344K, 0% used [0x00000005b7480000,0x00000005b7480000,0x000000063f980000)
 ParOldGen       total 4206080K, used 2630291K [0x0000000167000000, 0x0000000267b80000, 0x00000005a2580000)
  object space 4206080K, 62% used [0x0000000167000000,0x00000002078a4f20,0x0000000267b80000)
 Metaspace       used 16082K, capacity 16322K, committed 16640K, reserved 1064960K
  class space    used 1607K, capacity 1688K, committed 1792K, reserved 1048576K
}
Event: 66,984 GC heap before
{Heap before GC invocations=43 (full 8):
 PSYoungGen      total 2545664K, used 502195K [0x00000005a2580000, 0x00000006c7e80000, 0x00000007c0000000)
  eden space 343040K, 97% used [0x00000005a2580000,0x00000005b6d7ceb8,0x00000005b7480000)
  from space 2202624K, 7% used [0x0000000641780000,0x000000064b9f0000,0x00000006c7e80000)
  to   space 2233344K, 0% used [0x00000005b7480000,0x00000005b7480000,0x000000063f980000)
 ParOldGen       total 4206080K, used 2630291K [0x0000000167000000, 0x0000000267b80000, 0x00000005a2580000)
  object space 4206080K, 62% used [0x0000000167000000,0x00000002078a4f20,0x0000000267b80000)
 Metaspace       used 16094K, capacity 16322K, committed 16640K, reserved 1064960K
  class space    used 1607K, capacity 1688K, committed 1792K, reserved 1048576K
Event: 67,225 GC heap after
Heap after GC invocations=43 (full 8):
 PSYoungGen      total 775680K, used 432417K [0x00000005a2580000, 0x00000006c0780000, 0x00000007c0000000)
  eden space 343040K, 0% used [0x00000005a2580000,0x00000005a2580000,0x00000005b7480000)
  from space 432640K, 99% used [0x00000005b7480000,0x00000005d1ac8678,0x00000005d1b00000)
  to   space 2148352K, 0% used [0x000000063d580000,0x000000063d580000,0x00000006c0780000)
 ParOldGen       total 4206080K, used 2630299K [0x0000000167000000, 0x0000000267b80000, 0x00000005a2580000)
  object space 4206080K, 62% used [0x0000000167000000,0x00000002078a6f20,0x0000000267b80000)
 Metaspace       used 16094K, capacity 16322K, committed 16640K, reserved 1064960K
  class space    used 1607K, capacity 1688K, committed 1792K, reserved 1048576K
}
Event: 67,498 GC heap before
{Heap before GC invocations=44 (full 8):
 PSYoungGen      total 775680K, used 775457K [0x00000005a2580000, 0x00000006c0780000, 0x00000007c0000000)
  eden space 343040K, 100% used [0x00000005a2580000,0x00000005b7480000,0x00000005b7480000)
  from space 432640K, 99% used [0x00000005b7480000,0x00000005d1ac8678,0x00000005d1b00000)
  to   space 2148352K, 0% used [0x000000063d580000,0x000000063d580000,0x00000006c0780000)
 ParOldGen       total 4206080K, used 2630299K [0x0000000167000000, 0x0000000267b80000, 0x00000005a2580000)
  object space 4206080K, 62% used [0x0000000167000000,0x00000002078a6f20,0x0000000267b80000)
 Metaspace       used 16095K, capacity 16322K, committed 16640K, reserved 1064960K
  class space    used 1607K, capacity 1688K, committed 1792K, reserved 1048576K
Event: 68,602 GC heap after
Heap after GC invocations=44 (full 8):
 PSYoungGen      total 2404352K, used 343584K [0x00000005a2580000, 0x00000006b8080000, 0x00000007c0000000)
  eden space 394240K, 0% used [0x00000005a2580000,0x00000005a2580000,0x00000005ba680000)
  from space 2010112K, 17% used [0x000000063d580000,0x0000000652508010,0x00000006b8080000)
  to   space 2077696K, 0% used [0x00000005ba680000,0x00000005ba680000,0x0000000639380000)
 ParOldGen       total 4206080K, used 3094637K [0x0000000167000000, 0x0000000267b80000, 0x00000005a2580000)
  object space 4206080K, 73% used [0x0000000167000000,0x0000000223e1b740,0x0000000267b80000)
 Metaspace       used 16095K, capacity 16322K, committed 16640K, reserved 1064960K
  class space    used 1607K, capacity 1688K, committed 1792K, reserved 1048576K
}
Event: 69,221 GC heap before
{Heap before GC invocations=45 (full 8):
 PSYoungGen      total 2404352K, used 737824K [0x00000005a2580000, 0x00000006b8080000, 0x00000007c0000000)
  eden space 394240K, 100% used [0x00000005a2580000,0x00000005ba680000,0x00000005ba680000)
  from space 2010112K, 17% used [0x000000063d580000,0x0000000652508010,0x00000006b8080000)
  to   space 2077696K, 0% used [0x00000005ba680000,0x00000005ba680000,0x0000000639380000)
 ParOldGen       total 4206080K, used 3094637K [0x0000000167000000, 0x0000000267b80000, 0x00000005a2580000)
  object space 4206080K, 73% used [0x0000000167000000,0x0000000223e1b740,0x0000000267b80000)
 Metaspace       used 16124K, capacity 16322K, committed 16640K, reserved 1064960K
  class space    used 1607K, capacity 1688K, committed 1792K, reserved 1048576K
Event: 73,716 GC heap after
Heap after GC invocations=45 (full 8):
 PSYoungGen      total 785920K, used 391360K [0x00000005a2580000, 0x00000006b1e00000, 0x00000007c0000000)
  eden space 394240K, 0% used [0x00000005a2580000,0x00000005a2580000,0x00000005ba680000)
  from space 391680K, 99% used [0x00000005ba680000,0x00000005d24b0000,0x00000005d2500000)
  to   space 1995264K, 0% used [0x0000000638180000,0x0000000638180000,0x00000006b1e00000)
 ParOldGen       total 4206080K, used 3438949K [0x0000000167000000, 0x0000000267b80000, 0x00000005a2580000)
  object space 4206080K, 81% used [0x0000000167000000,0x0000000238e59750,0x0000000267b80000)
 Metaspace       used 16124K, capacity 16322K, committed 16640K, reserved 1064960K
  class space    used 1607K, capacity 1688K, committed 1792K, reserved 1048576K
}
Event: 74,864 GC heap before
{Heap before GC invocations=46 (full 8):
 PSYoungGen      total 785920K, used 785600K [0x00000005a2580000, 0x00000006b1e00000, 0x00000007c0000000)
  eden space 394240K, 100% used [0x00000005a2580000,0x00000005ba680000,0x00000005ba680000)
  from space 391680K, 99% used [0x00000005ba680000,0x00000005d24b0000,0x00000005d2500000)
  to   space 1995264K, 0% used [0x0000000638180000,0x0000000638180000,0x00000006b1e00000)
 ParOldGen       total 4206080K, used 3438949K [0x0000000167000000, 0x0000000267b80000, 0x00000005a2580000)
  object space 4206080K, 81% used [0x0000000167000000,0x0000000238e59750,0x0000000267b80000)
 Metaspace       used 16151K, capacity 16386K, committed 16640K, reserved 1064960K
  class space    used 1608K, capacity 1688K, committed 1792K, reserved 1048576K
Event: 75,860 GC heap after
Heap after GC invocations=46 (full 8):
 PSYoungGen      total 2269184K, used 418528K [0x00000005a2580000, 0x00000006a6e80000, 0x00000007c0000000)
  eden space 453632K, 0% used [0x00000005a2580000,0x00000005a2580000,0x00000005be080000)
  from space 1815552K, 23% used [0x0000000638180000,0x0000000651a38020,0x00000006a6e80000)
  to   space 1907712K, 0% used [0x00000005be080000,0x00000005be080000,0x0000000632780000)
 ParOldGen       total 4206080K, used 3814765K [0x0000000167000000, 0x0000000267b80000, 0x00000005a2580000)
  object space 4206080K, 90% used [0x0000000167000000,0x000000024fd5b750,0x0000000267b80000)
 Metaspace       used 16151K, capacity 16386K, committed 16640K, reserved 1064960K
  class space    used 1608K, capacity 1688K, committed 1792K, reserved 1048576K
}
Event: 75,861 GC heap before
{Heap before GC invocations=47 (full 9):
 PSYoungGen      total 2269184K, used 418528K [0x00000005a2580000, 0x00000006a6e80000, 0x00000007c0000000)
  eden space 453632K, 0% used [0x00000005a2580000,0x00000005a2580000,0x00000005be080000)
  from space 1815552K, 23% used [0x0000000638180000,0x0000000651a38020,0x00000006a6e80000)
  to   space 1907712K, 0% used [0x00000005be080000,0x00000005be080000,0x0000000632780000)
 ParOldGen       total 4206080K, used 3814765K [0x0000000167000000, 0x0000000267b80000, 0x00000005a2580000)
  object space 4206080K, 90% used [0x0000000167000000,0x000000024fd5b750,0x0000000267b80000)
 Metaspace       used 16151K, capacity 16386K, committed 16640K, reserved 1064960K
  class space    used 1608K, capacity 1688K, committed 1792K, reserved 1048576K

