# JRE version: Java(TM) SE Runtime Environment (8.0_201-b09) (build 1.8.0_201-b09)
# Java VM: Java HotSpot(TM) 64-Bit Server VM (25.201-b09 mixed mode linux-amd64 compressed oops)
Heap:
 PSYoungGen      total 1647104K, used 948217K [0x00000005a2580000, 0x000000064c680000, 0x00000007c0000000)
  eden space 698880K, 0% used [0x00000005a2580000,0x00000005a2580000,0x00000005cd000000)
  from space 948224K, 99% used [0x0000000612880000,0x000000064c67e658,0x000000064c680000)
  to   space 857088K, 0% used [0x00000005cd000000,0x00000005cd000000,0x0000000601500000)
 ParOldGen       total 2504704K, used 2382727K [0x0000000167000000, 0x00000001ffe00000, 0x00000005a2580000)
  object space 2504704K, 95% used [0x0000000167000000,0x00000001f86e1d18,0x00000001ffe00000)
 Metaspace       used 14950K, capacity 15170K, committed 15488K, reserved 1062912K
  class space    used 1483K, capacity 1560K, committed 1664K, reserved 1048576K
GC Heap History (10 events):
Event: 13,560 GC heap after
Heap after GC invocations=13 (full 3):
 PSYoungGen      total 1214976K, used 431460K [0x00000005a2580000, 0x0000000614500000, 0x00000007c0000000)
  eden space 646656K, 0% used [0x00000005a2580000,0x00000005a2580000,0x00000005c9d00000)
  from space 568320K, 75% used [0x00000005eee00000,0x0000000609359300,0x0000000611900000)
  to   space 607232K, 0% used [0x00000005c9d00000,0x00000005c9d00000,0x00000005eee00000)
 ParOldGen       total 1707008K, used 1145010K [0x0000000167000000, 0x00000001cf300000, 0x00000005a2580000)
  object space 1707008K, 67% used [0x0000000167000000,0x00000001ace2ca48,0x00000001cf300000)
 Metaspace       used 14888K, capacity 15144K, committed 15488K, reserved 1062912K
  class space    used 1474K, capacity 1553K, committed 1664K, reserved 1048576K
}
Event: 14,117 GC heap before
{Heap before GC invocations=14 (full 3):
 PSYoungGen      total 1214976K, used 1013412K [0x00000005a2580000, 0x0000000614500000, 0x00000007c0000000)
  eden space 646656K, 89% used [0x00000005a2580000,0x00000005c5dcfe28,0x00000005c9d00000)
  from space 568320K, 75% used [0x00000005eee00000,0x0000000609359300,0x0000000611900000)
  to   space 607232K, 0% used [0x00000005c9d00000,0x00000005c9d00000,0x00000005eee00000)
 ParOldGen       total 1707008K, used 1145010K [0x0000000167000000, 0x00000001cf300000, 0x00000005a2580000)
  object space 1707008K, 67% used [0x0000000167000000,0x00000001ace2ca48,0x00000001cf300000)
 Metaspace       used 14888K, capacity 15144K, committed 15488K, reserved 1062912K
  class space    used 1474K, capacity 1553K, committed 1664K, reserved 1048576K
Event: 14,647 GC heap after
Heap after GC invocations=14 (full 3):
 PSYoungGen      total 1253888K, used 607204K [0x00000005a2580000, 0x000000062f480000, 0x00000007c0000000)
  eden space 646656K, 0% used [0x00000005a2580000,0x00000005a2580000,0x00000005c9d00000)
  from space 607232K, 99% used [0x00000005c9d00000,0x00000005eedf9300,0x00000005eee00000)
  to   space 753152K, 0% used [0x0000000601500000,0x0000000601500000,0x000000062f480000)
 ParOldGen       total 1707008K, used 1283490K [0x0000000167000000, 0x00000001cf300000, 0x00000005a2580000)
  object space 1707008K, 75% used [0x0000000167000000,0x00000001b5568a48,0x00000001cf300000)
 Metaspace       used 14888K, capacity 15144K, committed 15488K, reserved 1062912K
  class space    used 1474K, capacity 1553K, committed 1664K, reserved 1048576K
}
Event: 15,692 GC heap before
{Heap before GC invocations=15 (full 3):
 PSYoungGen      total 1253888K, used 1253860K [0x00000005a2580000, 0x000000062f480000, 0x00000007c0000000)
  eden space 646656K, 100% used [0x00000005a2580000,0x00000005c9d00000,0x00000005c9d00000)
  from space 607232K, 99% used [0x00000005c9d00000,0x00000005eedf9300,0x00000005eee00000)
  to   space 753152K, 0% used [0x0000000601500000,0x0000000601500000,0x000000062f480000)
 ParOldGen       total 1707008K, used 1283490K [0x0000000167000000, 0x00000001cf300000, 0x00000005a2580000)
  object space 1707008K, 75% used [0x0000000167000000,0x00000001b5568a48,0x00000001cf300000)
 Metaspace       used 14888K, capacity 15144K, committed 15488K, reserved 1062912K
  class space    used 1474K, capacity 1553K, committed 1664K, reserved 1048576K
Event: 20,331 GC heap after
Heap after GC invocations=15 (full 3):
 PSYoungGen      total 1452032K, used 707031K [0x00000005a2580000, 0x000000063e780000, 0x00000007c0000000)
  eden space 698880K, 0% used [0x00000005a2580000,0x00000005a2580000,0x00000005cd000000)
  from space 753152K, 93% used [0x0000000601500000,0x000000062c775c80,0x000000062f480000)
  to   space 857088K, 0% used [0x00000005cd000000,0x00000005cd000000,0x0000000601500000)
 ParOldGen       total 1707008K, used 1559402K [0x0000000167000000, 0x00000001cf300000, 0x00000005a2580000)
  object space 1707008K, 91% used [0x0000000167000000,0x00000001c62daa48,0x00000001cf300000)
 Metaspace       used 14888K, capacity 15144K, committed 15488K, reserved 1062912K
  class space    used 1474K, capacity 1553K, committed 1664K, reserved 1048576K
}
Event: 20,333 GC heap before
{Heap before GC invocations=16 (full 4):
 PSYoungGen      total 1452032K, used 707031K [0x00000005a2580000, 0x000000063e780000, 0x00000007c0000000)
  eden space 698880K, 0% used [0x00000005a2580000,0x00000005a2580000,0x00000005cd000000)
  from space 753152K, 93% used [0x0000000601500000,0x000000062c775c80,0x000000062f480000)
  to   space 857088K, 0% used [0x00000005cd000000,0x00000005cd000000,0x0000000601500000)
 ParOldGen       total 1707008K, used 1559402K [0x0000000167000000, 0x00000001cf300000, 0x00000005a2580000)
  object space 1707008K, 91% used [0x0000000167000000,0x00000001c62daa48,0x00000001cf300000)
 Metaspace       used 14888K, capacity 15144K, committed 15488K, reserved 1062912K
  class space    used 1474K, capacity 1553K, committed 1664K, reserved 1048576K
Event: 25,143 GC heap after
Heap after GC invocations=16 (full 4):
 PSYoungGen      total 1452032K, used 516030K [0x00000005a2580000, 0x000000063e780000, 0x00000007c0000000)
  eden space 698880K, 0% used [0x00000005a2580000,0x00000005a2580000,0x00000005cd000000)
  from space 753152K, 68% used [0x0000000601500000,0x0000000620cef930,0x000000062f480000)
  to   space 857088K, 0% used [0x00000005cd000000,0x00000005cd000000,0x0000000601500000)
 ParOldGen       total 2504704K, used 1706887K [0x0000000167000000, 0x00000001ffe00000, 0x00000005a2580000)
  object space 2504704K, 68% used [0x0000000167000000,0x00000001cf2e1d18,0x00000001ffe00000)
 Metaspace       used 14888K, capacity 15144K, committed 15488K, reserved 1062912K
  class space    used 1474K, capacity 1553K, committed 1664K, reserved 1048576K
}
Event: 25,911 GC heap before
{Heap before GC invocations=17 (full 4):
 PSYoungGen      total 1452032K, used 1214108K [0x00000005a2580000, 0x000000063e780000, 0x00000007c0000000)
  eden space 698880K, 99% used [0x00000005a2580000,0x00000005ccf378f0,0x00000005cd000000)
  from space 753152K, 68% used [0x0000000601500000,0x0000000620cef930,0x000000062f480000)
  to   space 857088K, 0% used [0x00000005cd000000,0x00000005cd000000,0x0000000601500000)
 ParOldGen       total 2504704K, used 1706887K [0x0000000167000000, 0x00000001ffe00000, 0x00000005a2580000)
  object space 2504704K, 68% used [0x0000000167000000,0x00000001cf2e1d18,0x00000001ffe00000)
 Metaspace       used 14942K, capacity 15166K, committed 15488K, reserved 1062912K
  class space    used 1483K, capacity 1560K, committed 1664K, reserved 1048576K
Event: 26,494 GC heap after
Heap after GC invocations=17 (full 4):
 PSYoungGen      total 1555968K, used 730356K [0x00000005a2580000, 0x000000064c680000, 0x00000007c0000000)
  eden space 698880K, 0% used [0x00000005a2580000,0x00000005a2580000,0x00000005cd000000)
  from space 857088K, 85% used [0x00000005cd000000,0x00000005f993d030,0x0000000601500000)
  to   space 948224K, 0% used [0x0000000612880000,0x0000000612880000,0x000000064c680000)
 ParOldGen       total 2504704K, used 1905263K [0x0000000167000000, 0x00000001ffe00000, 0x00000005a2580000)
  object space 2504704K, 76% used [0x0000000167000000,0x00000001db49bd18,0x00000001ffe00000)
 Metaspace       used 14942K, capacity 15166K, committed 15488K, reserved 1062912K
  class space    used 1483K, capacity 1560K, committed 1664K, reserved 1048576K
}
Event: 27,034 GC heap before
{Heap before GC invocations=18 (full 4):
 PSYoungGen      total 1555968K, used 1429236K [0x00000005a2580000, 0x000000064c680000, 0x00000007c0000000)
  eden space 698880K, 100% used [0x00000005a2580000,0x00000005cd000000,0x00000005cd000000)
  from space 857088K, 85% used [0x00000005cd000000,0x00000005f993d030,0x0000000601500000)
  to   space 948224K, 0% used [0x0000000612880000,0x0000000612880000,0x000000064c680000)
 ParOldGen       total 2504704K, used 1905263K [0x0000000167000000, 0x00000001ffe00000, 0x00000005a2580000)
  object space 2504704K, 76% used [0x0000000167000000,0x00000001db49bd18,0x00000001ffe00000)
 Metaspace       used 14950K, capacity 15170K, committed 15488K, reserved 1062912K
  class space    used 1483K, capacity 1560K, committed 1664K, reserved 1048576K

