# JRE version: Java(TM) SE Runtime Environment (8.0_201-b09) (build 1.8.0_201-b09)
# Java VM: Java HotSpot(TM) 64-Bit Server VM (25.201-b09 mixed mode linux-amd64 compressed oops)
Heap:
 PSYoungGen      total 1569280K, used 594284K [0x0000000719b80000, 0x00000007c0000000, 0x00000007c0000000)
  eden space 1565184K, 37% used [0x0000000719b80000,0x000000073dfdb1b0,0x0000000779400000)
  from space 4096K, 0% used [0x00000007bfc00000,0x00000007bfc00000,0x00000007c0000000)
  to   space 579584K, 0% used [0x0000000779400000,0x0000000779400000,0x000000079ca00000)
 ParOldGen       total 2446336K, used 1624527K [0x00000005cd200000, 0x0000000662700000, 0x0000000719b80000)
  object space 2446336K, 66% used [0x00000005cd200000,0x0000000630473db8,0x0000000662700000)
 Metaspace       used 15104K, capacity 15291K, committed 15616K, reserved 1062912K
  class space    used 1433K, capacity 1514K, committed 1536K, reserved 1048576K
GC Heap History (10 events):
Event: 88,453 GC heap before
{Heap before GC invocations=114 (full 1):
 PSYoungGen      total 2720256K, used 2720096K [0x0000000719b80000, 0x00000007c0000000, 0x00000007c0000000)
  eden space 2716160K, 100% used [0x0000000719b80000,0x00000007bf800000,0x00000007bf800000)
  from space 4096K, 96% used [0x00000007bfc00000,0x00000007bffd8000,0x00000007c0000000)
  to   space 4096K, 0% used [0x00000007bf800000,0x00000007bf800000,0x00000007bfc00000)
 ParOldGen       total 520704K, used 431052K [0x00000005cd200000, 0x00000005ece80000, 0x0000000719b80000)
  object space 520704K, 82% used [0x00000005cd200000,0x00000005e76f32a8,0x00000005ece80000)
 Metaspace       used 14407K, capacity 14587K, committed 14848K, reserved 1062912K
  class space    used 1366K, capacity 1450K, committed 1536K, reserved 1048576K
Event: 88,458 GC heap after
Heap after GC invocations=114 (full 1):
 PSYoungGen      total 2720256K, used 3968K [0x0000000719b80000, 0x00000007c0000000, 0x00000007c0000000)
  eden space 2716160K, 0% used [0x0000000719b80000,0x0000000719b80000,0x00000007bf800000)
  from space 4096K, 96% used [0x00000007bf800000,0x00000007bfbe0000,0x00000007bfc00000)
  to   space 4096K, 0% used [0x00000007bfc00000,0x00000007bfc00000,0x00000007c0000000)
 ParOldGen       total 520704K, used 431340K [0x00000005cd200000, 0x00000005ece80000, 0x0000000719b80000)
  object space 520704K, 82% used [0x00000005cd200000,0x00000005e773b2a8,0x00000005ece80000)
 Metaspace       used 14407K, capacity 14587K, committed 14848K, reserved 1062912K
  class space    used 1366K, capacity 1450K, committed 1536K, reserved 1048576K
}
Event: 89,250 GC heap before
{Heap before GC invocations=115 (full 1):
 PSYoungGen      total 2720256K, used 2720128K [0x0000000719b80000, 0x00000007c0000000, 0x00000007c0000000)
  eden space 2716160K, 100% used [0x0000000719b80000,0x00000007bf800000,0x00000007bf800000)
  from space 4096K, 96% used [0x00000007bf800000,0x00000007bfbe0000,0x00000007bfc00000)
  to   space 4096K, 0% used [0x00000007bfc00000,0x00000007bfc00000,0x00000007c0000000)
 ParOldGen       total 520704K, used 431340K [0x00000005cd200000, 0x00000005ece80000, 0x0000000719b80000)
  object space 520704K, 82% used [0x00000005cd200000,0x00000005e773b2a8,0x00000005ece80000)
 Metaspace       used 14407K, capacity 14587K, committed 14848K, reserved 1062912K
  class space    used 1366K, capacity 1450K, committed 1536K, reserved 1048576K
Event: 89,255 GC heap after
Heap after GC invocations=115 (full 1):
 PSYoungGen      total 2720256K, used 3936K [0x0000000719b80000, 0x00000007c0000000, 0x00000007c0000000)
  eden space 2716160K, 0% used [0x0000000719b80000,0x0000000719b80000,0x00000007bf800000)
  from space 4096K, 96% used [0x00000007bfc00000,0x00000007bffd8000,0x00000007c0000000)
  to   space 4096K, 0% used [0x00000007bf800000,0x00000007bf800000,0x00000007bfc00000)
 ParOldGen       total 520704K, used 431628K [0x00000005cd200000, 0x00000005ece80000, 0x0000000719b80000)
  object space 520704K, 82% used [0x00000005cd200000,0x00000005e77832a8,0x00000005ece80000)
 Metaspace       used 14407K, capacity 14587K, committed 14848K, reserved 1062912K
  class space    used 1366K, capacity 1450K, committed 1536K, reserved 1048576K
}
Event: 90,042 GC heap before
{Heap before GC invocations=116 (full 1):
 PSYoungGen      total 2720256K, used 2720096K [0x0000000719b80000, 0x00000007c0000000, 0x00000007c0000000)
  eden space 2716160K, 100% used [0x0000000719b80000,0x00000007bf800000,0x00000007bf800000)
  from space 4096K, 96% used [0x00000007bfc00000,0x00000007bffd8000,0x00000007c0000000)
  to   space 4096K, 0% used [0x00000007bf800000,0x00000007bf800000,0x00000007bfc00000)
 ParOldGen       total 520704K, used 431628K [0x00000005cd200000, 0x00000005ece80000, 0x0000000719b80000)
  object space 520704K, 82% used [0x00000005cd200000,0x00000005e77832a8,0x00000005ece80000)
 Metaspace       used 14407K, capacity 14587K, committed 14848K, reserved 1062912K
  class space    used 1366K, capacity 1450K, committed 1536K, reserved 1048576K
Event: 90,047 GC heap after
Heap after GC invocations=116 (full 1):
 PSYoungGen      total 2720256K, used 3936K [0x0000000719b80000, 0x00000007c0000000, 0x00000007c0000000)
  eden space 2716160K, 0% used [0x0000000719b80000,0x0000000719b80000,0x00000007bf800000)
  from space 4096K, 96% used [0x00000007bf800000,0x00000007bfbd8000,0x00000007bfc00000)
  to   space 4096K, 0% used [0x00000007bfc00000,0x00000007bfc00000,0x00000007c0000000)
 ParOldGen       total 520704K, used 431916K [0x00000005cd200000, 0x00000005ece80000, 0x0000000719b80000)
  object space 520704K, 82% used [0x00000005cd200000,0x00000005e77cb2a8,0x00000005ece80000)
 Metaspace       used 14407K, capacity 14587K, committed 14848K, reserved 1062912K
  class space    used 1366K, capacity 1450K, committed 1536K, reserved 1048576K
}
Event: 107,551 GC heap before
{Heap before GC invocations=117 (full 1):
 PSYoungGen      total 2720256K, used 2720096K [0x0000000719b80000, 0x00000007c0000000, 0x00000007c0000000)
  eden space 2716160K, 100% used [0x0000000719b80000,0x00000007bf800000,0x00000007bf800000)
  from space 4096K, 96% used [0x00000007bf800000,0x00000007bfbd8000,0x00000007bfc00000)
  to   space 4096K, 0% used [0x00000007bfc00000,0x00000007bfc00000,0x00000007c0000000)
 ParOldGen       total 520704K, used 431916K [0x00000005cd200000, 0x00000005ece80000, 0x0000000719b80000)
  object space 520704K, 82% used [0x00000005cd200000,0x00000005e77cb2a8,0x00000005ece80000)
 Metaspace       used 15091K, capacity 15291K, committed 15616K, reserved 1062912K
  class space    used 1433K, capacity 1514K, committed 1536K, reserved 1048576K
Event: 111,662 GC heap after
Heap after GC invocations=117 (full 1):
 PSYoungGen      total 1569280K, used 4079K [0x0000000719b80000, 0x00000007c0000000, 0x00000007c0000000)
  eden space 1565184K, 0% used [0x0000000719b80000,0x0000000719b80000,0x0000000779400000)
  from space 4096K, 99% used [0x00000007bfc00000,0x00000007bfffbfe0,0x00000007c0000000)
  to   space 579584K, 0% used [0x0000000779400000,0x0000000779400000,0x000000079ca00000)
 ParOldGen       total 1987584K, used 1987332K [0x00000005cd200000, 0x0000000646700000, 0x0000000719b80000)
  object space 1987584K, 99% used [0x00000005cd200000,0x00000006466c1300,0x0000000646700000)
 Metaspace       used 15091K, capacity 15291K, committed 15616K, reserved 1062912K
  class space    used 1433K, capacity 1514K, committed 1536K, reserved 1048576K
}
Event: 111,662 GC heap before
{Heap before GC invocations=118 (full 2):
 PSYoungGen      total 1569280K, used 4079K [0x0000000719b80000, 0x00000007c0000000, 0x00000007c0000000)
  eden space 1565184K, 0% used [0x0000000719b80000,0x0000000719b80000,0x0000000779400000)
  from space 4096K, 99% used [0x00000007bfc00000,0x00000007bfffbfe0,0x00000007c0000000)
  to   space 579584K, 0% used [0x0000000779400000,0x0000000779400000,0x000000079ca00000)
 ParOldGen       total 1987584K, used 1987332K [0x00000005cd200000, 0x0000000646700000, 0x0000000719b80000)
  object space 1987584K, 99% used [0x00000005cd200000,0x00000006466c1300,0x0000000646700000)
 Metaspace       used 15091K, capacity 15291K, committed 15616K, reserved 1062912K
  class space    used 1433K, capacity 1514K, committed 1536K, reserved 1048576K
Event: 116,987 GC heap after
Heap after GC invocations=118 (full 2):
 PSYoungGen      total 1569280K, used 0K [0x0000000719b80000, 0x00000007c0000000, 0x00000007c0000000)
  eden space 1565184K, 0% used [0x0000000719b80000,0x0000000719b80000,0x0000000779400000)
  from space 4096K, 0% used [0x00000007bfc00000,0x00000007bfc00000,0x00000007c0000000)
  to   space 579584K, 0% used [0x0000000779400000,0x0000000779400000,0x000000079ca00000)
 ParOldGen       total 2446336K, used 1624527K [0x00000005cd200000, 0x0000000662700000, 0x0000000719b80000)
  object space 2446336K, 66% used [0x00000005cd200000,0x0000000630473db8,0x0000000662700000)
 Metaspace       used 15091K, capacity 15291K, committed 15616K, reserved 1062912K
  class space    used 1433K, capacity 1514K, committed 1536K, reserved 1048576K
}

