# JRE version: Java(TM) SE Runtime Environment (8.0_201-b09) (build 1.8.0_201-b09)
# Java VM: Java HotSpot(TM) 64-Bit Server VM (25.201-b09 mixed mode linux-amd64 compressed oops)
Heap:
 PSYoungGen      total 1816576K, used 895939K [0x0000000719b80000, 0x00000007c0000000, 0x00000007c0000000)
  eden space 908800K, 1% used [0x0000000719b80000,0x000000071a68a0d0,0x0000000751300000)
  from space 907776K, 97% used [0x0000000788980000,0x00000007be966e28,0x00000007c0000000)
  to   space 907776K, 0% used [0x0000000751300000,0x0000000751300000,0x0000000788980000)
 ParOldGen       total 3732992K, used 2271942K [0x00000005cd200000, 0x00000006b0f80000, 0x0000000719b80000)
  object space 3732992K, 60% used [0x00000005cd200000,0x0000000657cb1a88,0x00000006b0f80000)
 Metaspace       used 17115K, capacity 17333K, committed 17664K, reserved 1064960K
  class space    used 1574K, capacity 1677K, committed 1792K, reserved 1048576K
GC Heap History (10 events):
Event: 339,678 GC heap before
{Heap before GC invocations=222 (full 3):
 PSYoungGen      total 2588672K, used 135649K [0x0000000719b80000, 0x00000007c0000000, 0x00000007c0000000)
  eden space 2452992K, 0% used [0x0000000719b80000,0x0000000719b80000,0x00000007af700000)
  from space 135680K, 99% used [0x00000007af700000,0x00000007b7b787c0,0x00000007b7b80000)
  to   space 135680K, 0% used [0x00000007b7b80000,0x00000007b7b80000,0x00000007c0000000)
 ParOldGen       total 1360384K, used 1360318K [0x00000005cd200000, 0x0000000620280000, 0x0000000719b80000)
  object space 1360384K, 99% used [0x00000005cd200000,0x000000062026fa90,0x0000000620280000)
 Metaspace       used 15224K, capacity 15407K, committed 15616K, reserved 1062912K
  class space    used 1424K, capacity 1484K, committed 1536K, reserved 1048576K
Event: 342,079 GC heap after
Heap after GC invocations=222 (full 3):
 PSYoungGen      total 2588672K, used 0K [0x0000000719b80000, 0x00000007c0000000, 0x00000007c0000000)
  eden space 2452992K, 0% used [0x0000000719b80000,0x0000000719b80000,0x00000007af700000)
  from space 135680K, 0% used [0x00000007af700000,0x00000007af700000,0x00000007b7b80000)
  to   space 135680K, 0% used [0x00000007b7b80000,0x00000007b7b80000,0x00000007c0000000)
 ParOldGen       total 1711616K, used 1046724K [0x00000005cd200000, 0x0000000635980000, 0x0000000719b80000)
  object space 1711616K, 61% used [0x00000005cd200000,0x000000060d031258,0x0000000635980000)
 Metaspace       used 15224K, capacity 15407K, committed 15616K, reserved 1062912K
  class space    used 1424K, capacity 1484K, committed 1536K, reserved 1048576K
}
Event: 372,078 GC heap before
{Heap before GC invocations=223 (full 3):
 PSYoungGen      total 2588672K, used 2452992K [0x0000000719b80000, 0x00000007c0000000, 0x00000007c0000000)
  eden space 2452992K, 100% used [0x0000000719b80000,0x00000007af700000,0x00000007af700000)
  from space 135680K, 0% used [0x00000007af700000,0x00000007af700000,0x00000007b7b80000)
  to   space 135680K, 0% used [0x00000007b7b80000,0x00000007b7b80000,0x00000007c0000000)
 ParOldGen       total 1711616K, used 1046724K [0x00000005cd200000, 0x0000000635980000, 0x0000000719b80000)
  object space 1711616K, 61% used [0x00000005cd200000,0x000000060d031258,0x0000000635980000)
 Metaspace       used 15584K, capacity 15727K, committed 15872K, reserved 1062912K
  class space    used 1435K, capacity 1484K, committed 1536K, reserved 1048576K
Event: 376,783 GC heap after
Heap after GC invocations=223 (full 3):
 PSYoungGen      total 1044480K, used 135648K [0x0000000719b80000, 0x00000007c0000000, 0x00000007c0000000)
  eden space 908800K, 0% used [0x0000000719b80000,0x0000000719b80000,0x0000000751300000)
  from space 135680K, 99% used [0x00000007b7b80000,0x00000007bfff8280,0x00000007c0000000)
  to   space 907776K, 0% used [0x0000000751300000,0x0000000751300000,0x0000000788980000)
 ParOldGen       total 3070464K, used 3070102K [0x00000005cd200000, 0x0000000688880000, 0x0000000719b80000)
  object space 3070464K, 99% used [0x00000005cd200000,0x0000000688825bf0,0x0000000688880000)
 Metaspace       used 15584K, capacity 15727K, committed 15872K, reserved 1062912K
  class space    used 1435K, capacity 1484K, committed 1536K, reserved 1048576K
}
Event: 376,783 GC heap before
{Heap before GC invocations=224 (full 4):
 PSYoungGen      total 1044480K, used 135648K [0x0000000719b80000, 0x00000007c0000000, 0x00000007c0000000)
  eden space 908800K, 0% used [0x0000000719b80000,0x0000000719b80000,0x0000000751300000)
  from space 135680K, 99% used [0x00000007b7b80000,0x00000007bfff8280,0x00000007c0000000)
  to   space 907776K, 0% used [0x0000000751300000,0x0000000751300000,0x0000000788980000)
 ParOldGen       total 3070464K, used 3070102K [0x00000005cd200000, 0x0000000688880000, 0x0000000719b80000)
  object space 3070464K, 99% used [0x00000005cd200000,0x0000000688825bf0,0x0000000688880000)
 Metaspace       used 15584K, capacity 15727K, committed 15872K, reserved 1062912K
  class space    used 1435K, capacity 1484K, committed 1536K, reserved 1048576K
Event: 383,075 GC heap after
Heap after GC invocations=224 (full 4):
 PSYoungGen      total 1044480K, used 0K [0x0000000719b80000, 0x00000007c0000000, 0x00000007c0000000)
  eden space 908800K, 0% used [0x0000000719b80000,0x0000000719b80000,0x0000000751300000)
  from space 135680K, 0% used [0x00000007b7b80000,0x00000007b7b80000,0x00000007c0000000)
  to   space 907776K, 0% used [0x0000000751300000,0x0000000751300000,0x0000000788980000)
 ParOldGen       total 3732992K, used 2271926K [0x00000005cd200000, 0x00000006b0f80000, 0x0000000719b80000)
  object space 3732992K, 60% used [0x00000005cd200000,0x0000000657cada88,0x00000006b0f80000)
 Metaspace       used 15584K, capacity 15727K, committed 15872K, reserved 1062912K
  class space    used 1435K, capacity 1484K, committed 1536K, reserved 1048576K
}
Event: 391,280 GC heap before
{Heap before GC invocations=225 (full 4):
 PSYoungGen      total 1044480K, used 908527K [0x0000000719b80000, 0x00000007c0000000, 0x00000007c0000000)
  eden space 908800K, 99% used [0x0000000719b80000,0x00000007512bbe18,0x0000000751300000)
  from space 135680K, 0% used [0x00000007b7b80000,0x00000007b7b80000,0x00000007c0000000)
  to   space 907776K, 0% used [0x0000000751300000,0x0000000751300000,0x0000000788980000)
 ParOldGen       total 3732992K, used 2271926K [0x00000005cd200000, 0x00000006b0f80000, 0x0000000719b80000)
  object space 3732992K, 60% used [0x00000005cd200000,0x0000000657cada88,0x00000006b0f80000)
 Metaspace       used 16354K, capacity 16565K, committed 16768K, reserved 1064960K
  class space    used 1530K, capacity 1613K, committed 1664K, reserved 1048576K
Event: 391,912 GC heap after
Heap after GC invocations=225 (full 4):
 PSYoungGen      total 1816576K, used 641060K [0x0000000719b80000, 0x00000007c0000000, 0x00000007c0000000)
  eden space 908800K, 0% used [0x0000000719b80000,0x0000000719b80000,0x0000000751300000)
  from space 907776K, 70% used [0x0000000751300000,0x00000007785093b0,0x0000000788980000)
  to   space 907776K, 0% used [0x0000000788980000,0x0000000788980000,0x00000007c0000000)
 ParOldGen       total 3732992K, used 2271934K [0x00000005cd200000, 0x00000006b0f80000, 0x0000000719b80000)
  object space 3732992K, 60% used [0x00000005cd200000,0x0000000657cafa88,0x00000006b0f80000)
 Metaspace       used 16354K, capacity 16565K, committed 16768K, reserved 1064960K
  class space    used 1530K, capacity 1613K, committed 1664K, reserved 1048576K
}
Event: 456,061 GC heap before
{Heap before GC invocations=226 (full 4):
 PSYoungGen      total 1816576K, used 1549860K [0x0000000719b80000, 0x00000007c0000000, 0x00000007c0000000)
  eden space 908800K, 100% used [0x0000000719b80000,0x0000000751300000,0x0000000751300000)
  from space 907776K, 70% used [0x0000000751300000,0x00000007785093b0,0x0000000788980000)
  to   space 907776K, 0% used [0x0000000788980000,0x0000000788980000,0x00000007c0000000)
 ParOldGen       total 3732992K, used 2271934K [0x00000005cd200000, 0x00000006b0f80000, 0x0000000719b80000)
  object space 3732992K, 60% used [0x00000005cd200000,0x0000000657cafa88,0x00000006b0f80000)
 Metaspace       used 17096K, capacity 17333K, committed 17664K, reserved 1064960K
  class space    used 1574K, capacity 1677K, committed 1792K, reserved 1048576K
Event: 457,017 GC heap after
Heap after GC invocations=226 (full 4):
 PSYoungGen      total 1816576K, used 884635K [0x0000000719b80000, 0x00000007c0000000, 0x00000007c0000000)
  eden space 908800K, 0% used [0x0000000719b80000,0x0000000719b80000,0x0000000751300000)
  from space 907776K, 97% used [0x0000000788980000,0x00000007be966e28,0x00000007c0000000)
  to   space 907776K, 0% used [0x0000000751300000,0x0000000751300000,0x0000000788980000)
 ParOldGen       total 3732992K, used 2271942K [0x00000005cd200000, 0x00000006b0f80000, 0x0000000719b80000)
  object space 3732992K, 60% used [0x00000005cd200000,0x0000000657cb1a88,0x00000006b0f80000)
 Metaspace       used 17096K, capacity 17333K, committed 17664K, reserved 1064960K
  class space    used 1574K, capacity 1677K, committed 1792K, reserved 1048576K
}

