# JRE version: Java(TM) SE Runtime Environment (8.0_201-b09) (build 1.8.0_201-b09)
# Java VM: Java HotSpot(TM) 64-Bit Server VM (25.201-b09 mixed mode linux-amd64 compressed oops)
Heap:
 PSYoungGen      total 2557440K, used 785327K [0x0000000719b80000, 0x00000007c0000000, 0x00000007c0000000)
  eden space 2553344K, 30% used [0x0000000719b80000,0x0000000749a6bfc0,0x00000007b5900000)
  from space 4096K, 0% used [0x00000007bfc00000,0x00000007bfc00000,0x00000007c0000000)
  to   space 85504K, 0% used [0x00000007b5900000,0x00000007b5900000,0x00000007bac80000)
 ParOldGen       total 2402816K, used 1972750K [0x00000005cd200000, 0x000000065fc80000, 0x0000000719b80000)
  object space 2402816K, 82% used [0x00000005cd200000,0x00000006458838b0,0x000000065fc80000)
 Metaspace       used 15354K, capacity 15491K, committed 15616K, reserved 1062912K
  class space    used 1441K, capacity 1514K, committed 1536K, reserved 1048576K
GC Heap History (10 events):
Event: 115,218 GC heap before
{Heap before GC invocations=112 (full 1):
 PSYoungGen      total 2720256K, used 2720128K [0x0000000719b80000, 0x00000007c0000000, 0x00000007c0000000)
  eden space 2716160K, 100% used [0x0000000719b80000,0x00000007bf800000,0x00000007bf800000)
  from space 4096K, 96% used [0x00000007bfc00000,0x00000007bffe0000,0x00000007c0000000)
  to   space 4096K, 0% used [0x00000007bf800000,0x00000007bf800000,0x00000007bfc00000)
 ParOldGen       total 524288K, used 431294K [0x00000005cd200000, 0x00000005ed200000, 0x0000000719b80000)
  object space 524288K, 82% used [0x00000005cd200000,0x00000005e772fa60,0x00000005ed200000)
 Metaspace       used 14640K, capacity 14843K, committed 15104K, reserved 1062912K
  class space    used 1373K, capacity 1450K, committed 1536K, reserved 1048576K
Event: 115,224 GC heap after
Heap after GC invocations=112 (full 1):
 PSYoungGen      total 2720256K, used 3936K [0x0000000719b80000, 0x00000007c0000000, 0x00000007c0000000)
  eden space 2716160K, 0% used [0x0000000719b80000,0x0000000719b80000,0x00000007bf800000)
  from space 4096K, 96% used [0x00000007bf800000,0x00000007bfbd8000,0x00000007bfc00000)
  to   space 4096K, 0% used [0x00000007bfc00000,0x00000007bfc00000,0x00000007c0000000)
 ParOldGen       total 524288K, used 431590K [0x00000005cd200000, 0x00000005ed200000, 0x0000000719b80000)
  object space 524288K, 82% used [0x00000005cd200000,0x00000005e7779a60,0x00000005ed200000)
 Metaspace       used 14640K, capacity 14843K, committed 15104K, reserved 1062912K
  class space    used 1373K, capacity 1450K, committed 1536K, reserved 1048576K
}
Event: 116,329 GC heap before
{Heap before GC invocations=113 (full 1):
 PSYoungGen      total 2720256K, used 2720096K [0x0000000719b80000, 0x00000007c0000000, 0x00000007c0000000)
  eden space 2716160K, 100% used [0x0000000719b80000,0x00000007bf800000,0x00000007bf800000)
  from space 4096K, 96% used [0x00000007bf800000,0x00000007bfbd8000,0x00000007bfc00000)
  to   space 4096K, 0% used [0x00000007bfc00000,0x00000007bfc00000,0x00000007c0000000)
 ParOldGen       total 524288K, used 431590K [0x00000005cd200000, 0x00000005ed200000, 0x0000000719b80000)
  object space 524288K, 82% used [0x00000005cd200000,0x00000005e7779a60,0x00000005ed200000)
 Metaspace       used 14770K, capacity 14971K, committed 15360K, reserved 1062912K
  class space    used 1388K, capacity 1450K, committed 1536K, reserved 1048576K
Event: 116,368 GC heap after
Heap after GC invocations=113 (full 1):
 PSYoungGen      total 2557440K, used 4078K [0x0000000719b80000, 0x00000007c0000000, 0x00000007c0000000)
  eden space 2553344K, 0% used [0x0000000719b80000,0x0000000719b80000,0x00000007b5900000)
  from space 4096K, 99% used [0x00000007bfc00000,0x00000007bfffb918,0x00000007c0000000)
  to   space 85504K, 0% used [0x00000007b5900000,0x00000007b5900000,0x00000007bac80000)
 ParOldGen       total 652288K, used 650829K [0x00000005cd200000, 0x00000005f4f00000, 0x0000000719b80000)
  object space 652288K, 99% used [0x00000005cd200000,0x00000005f4d936a0,0x00000005f4f00000)
 Metaspace       used 14770K, capacity 14971K, committed 15360K, reserved 1062912K
  class space    used 1388K, capacity 1450K, committed 1536K, reserved 1048576K
}
Event: 116,368 GC heap before
{Heap before GC invocations=114 (full 2):
 PSYoungGen      total 2557440K, used 4078K [0x0000000719b80000, 0x00000007c0000000, 0x00000007c0000000)
  eden space 2553344K, 0% used [0x0000000719b80000,0x0000000719b80000,0x00000007b5900000)
  from space 4096K, 99% used [0x00000007bfc00000,0x00000007bfffb918,0x00000007c0000000)
  to   space 85504K, 0% used [0x00000007b5900000,0x00000007b5900000,0x00000007bac80000)
 ParOldGen       total 652288K, used 650829K [0x00000005cd200000, 0x00000005f4f00000, 0x0000000719b80000)
  object space 652288K, 99% used [0x00000005cd200000,0x00000005f4d936a0,0x00000005f4f00000)
 Metaspace       used 14770K, capacity 14971K, committed 15360K, reserved 1062912K
  class space    used 1388K, capacity 1450K, committed 1536K, reserved 1048576K
Event: 116,784 GC heap after
Heap after GC invocations=114 (full 2):
 PSYoungGen      total 2557440K, used 0K [0x0000000719b80000, 0x00000007c0000000, 0x00000007c0000000)
  eden space 2553344K, 0% used [0x0000000719b80000,0x0000000719b80000,0x00000007b5900000)
  from space 4096K, 0% used [0x00000007bfc00000,0x00000007bfc00000,0x00000007c0000000)
  to   space 85504K, 0% used [0x00000007b5900000,0x00000007b5900000,0x00000007bac80000)
 ParOldGen       total 911360K, used 564374K [0x00000005cd200000, 0x0000000604c00000, 0x0000000719b80000)
  object space 911360K, 61% used [0x00000005cd200000,0x00000005ef925ac0,0x0000000604c00000)
 Metaspace       used 14770K, capacity 14971K, committed 15360K, reserved 1062912K
  class space    used 1388K, capacity 1450K, committed 1536K, reserved 1048576K
}
Event: 137,789 GC heap before
{Heap before GC invocations=115 (full 2):
 PSYoungGen      total 2557440K, used 2553344K [0x0000000719b80000, 0x00000007c0000000, 0x00000007c0000000)
  eden space 2553344K, 100% used [0x0000000719b80000,0x00000007b5900000,0x00000007b5900000)
  from space 4096K, 0% used [0x00000007bfc00000,0x00000007bfc00000,0x00000007c0000000)
  to   space 85504K, 0% used [0x00000007b5900000,0x00000007b5900000,0x00000007bac80000)
 ParOldGen       total 911360K, used 564374K [0x00000005cd200000, 0x0000000604c00000, 0x0000000719b80000)
  object space 911360K, 61% used [0x00000005cd200000,0x00000005ef925ac0,0x0000000604c00000)
 Metaspace       used 15336K, capacity 15491K, committed 15616K, reserved 1062912K
  class space    used 1440K, capacity 1514K, committed 1536K, reserved 1048576K
Event: 143,584 GC heap after
Heap after GC invocations=115 (full 2):
 PSYoungGen      total 2557440K, used 2553344K [0x0000000719b80000, 0x00000007c0000000, 0x00000007c0000000)
  eden space 2553344K, 100% used [0x0000000719b80000,0x00000007b5900000,0x00000007b5900000)
  from space 4096K, 0% used [0x00000007bfc00000,0x00000007bfc00000,0x00000007c0000000)
  to   space 85504K, 99% used [0x00000007b5900000,0x00000007bac7d900,0x00000007bac80000)
 ParOldGen       total 2330624K, used 2330561K [0x00000005cd200000, 0x000000065b600000, 0x0000000719b80000)
  object space 2330624K, 99% used [0x00000005cd200000,0x000000065b5f0658,0x000000065b600000)
 Metaspace       used 15336K, capacity 15491K, committed 15616K, reserved 1062912K
  class space    used 1440K, capacity 1514K, committed 1536K, reserved 1048576K
}
Event: 143,584 GC heap before
{Heap before GC invocations=116 (full 3):
 PSYoungGen      total 2557440K, used 2553344K [0x0000000719b80000, 0x00000007c0000000, 0x00000007c0000000)
  eden space 2553344K, 100% used [0x0000000719b80000,0x00000007b5900000,0x00000007b5900000)
  from space 4096K, 0% used [0x00000007bfc00000,0x00000007bfc00000,0x00000007c0000000)
  to   space 85504K, 99% used [0x00000007b5900000,0x00000007bac7d900,0x00000007bac80000)
 ParOldGen       total 2330624K, used 2330561K [0x00000005cd200000, 0x000000065b600000, 0x0000000719b80000)
  object space 2330624K, 99% used [0x00000005cd200000,0x000000065b5f0658,0x000000065b600000)
 Metaspace       used 15336K, capacity 15491K, committed 15616K, reserved 1062912K
  class space    used 1440K, capacity 1514K, committed 1536K, reserved 1048576K
Event: 149,379 GC heap after
Heap after GC invocations=116 (full 3):
 PSYoungGen      total 2557440K, used 0K [0x0000000719b80000, 0x00000007c0000000, 0x00000007c0000000)
  eden space 2553344K, 0% used [0x0000000719b80000,0x0000000719b80000,0x00000007b5900000)
  from space 4096K, 0% used [0x00000007bfc00000,0x00000007bfc00000,0x00000007c0000000)
  to   space 85504K, 0% used [0x00000007b5900000,0x00000007b5900000,0x00000007bac80000)
 ParOldGen       total 2402816K, used 1972750K [0x00000005cd200000, 0x000000065fc80000, 0x0000000719b80000)
  object space 2402816K, 82% used [0x00000005cd200000,0x00000006458838b0,0x000000065fc80000)
 Metaspace       used 15336K, capacity 15491K, committed 15616K, reserved 1062912K
  class space    used 1440K, capacity 1514K, committed 1536K, reserved 1048576K
}

