# JRE version: Java(TM) SE Runtime Environment (8.0_201-b09) (build 1.8.0_201-b09)
# Java VM: Java HotSpot(TM) 64-Bit Server VM (25.201-b09 mixed mode linux-amd64 compressed oops)
Heap:
 PSYoungGen      total 5916672K, used 0K [0x00000005a2580000, 0x00000007c0000000, 0x00000007c0000000)
  eden space 2958848K, 0% used [0x00000005a2580000,0x00000005a2580000,0x0000000656f00000)
  from space 2957824K, 0% used [0x0000000656f00000,0x0000000656f00000,0x000000070b780000)
  to   space 2957824K, 0% used [0x000000070b780000,0x000000070b780000,0x00000007c0000000)
 ParOldGen       total 7440384K, used 3617110K [0x0000000167000000, 0x000000032d200000, 0x00000005a2580000)
  object space 7440384K, 48% used [0x0000000167000000,0x0000000243c558f8,0x000000032d200000)
 Metaspace       used 16258K, capacity 16476K, committed 16768K, reserved 1064960K
  class space    used 1549K, capacity 1627K, committed 1664K, reserved 1048576K
GC Heap History (10 events):
Event: 671,680 GC heap after
Heap after GC invocations=295 (full 26):
 PSYoungGen      total 5889024K, used 1992955K [0x00000005a2580000, 0x00000007c0000000, 0x00000007c0000000)
  eden space 2958848K, 0% used [0x00000005a2580000,0x00000005a2580000,0x0000000656f00000)
  from space 2930176K, 68% used [0x0000000656f00000,0x00000006d093ece0,0x0000000709c80000)
  to   space 2957824K, 0% used [0x000000070b780000,0x000000070b780000,0x00000007c0000000)
 ParOldGen       total 7440384K, used 4948170K [0x0000000167000000, 0x000000032d200000, 0x00000005a2580000)
  object space 7440384K, 66% used [0x0000000167000000,0x00000002950329a0,0x000000032d200000)
 Metaspace       used 16255K, capacity 16476K, committed 16768K, reserved 1064960K
  class space    used 1549K, capacity 1627K, committed 1664K, reserved 1048576K
}
Event: 674,924 GC heap before
{Heap before GC invocations=296 (full 26):
 PSYoungGen      total 5889024K, used 4951803K [0x00000005a2580000, 0x00000007c0000000, 0x00000007c0000000)
  eden space 2958848K, 100% used [0x00000005a2580000,0x0000000656f00000,0x0000000656f00000)
  from space 2930176K, 68% used [0x0000000656f00000,0x00000006d093ece0,0x0000000709c80000)
  to   space 2957824K, 0% used [0x000000070b780000,0x000000070b780000,0x00000007c0000000)
 ParOldGen       total 7440384K, used 4948170K [0x0000000167000000, 0x000000032d200000, 0x00000005a2580000)
  object space 7440384K, 66% used [0x0000000167000000,0x00000002950329a0,0x000000032d200000)
 Metaspace       used 16255K, capacity 16476K, committed 16768K, reserved 1064960K
  class space    used 1549K, capacity 1627K, committed 1664K, reserved 1048576K
Event: 674,946 GC heap after
Heap after GC invocations=296 (full 26):
 PSYoungGen      total 5916672K, used 8147K [0x00000005a2580000, 0x00000007c0000000, 0x00000007c0000000)
  eden space 2958848K, 0% used [0x00000005a2580000,0x00000005a2580000,0x0000000656f00000)
  from space 2957824K, 0% used [0x000000070b780000,0x000000070bf74c20,0x00000007c0000000)
  to   space 2957824K, 0% used [0x0000000656f00000,0x0000000656f00000,0x000000070b780000)
 ParOldGen       total 7440384K, used 5008328K [0x0000000167000000, 0x000000032d200000, 0x00000005a2580000)
  object space 7440384K, 67% used [0x0000000167000000,0x0000000298af21c0,0x000000032d200000)
 Metaspace       used 16255K, capacity 16476K, committed 16768K, reserved 1064960K
  class space    used 1549K, capacity 1627K, committed 1664K, reserved 1048576K
}
Event: 680,714 GC heap before
{Heap before GC invocations=297 (full 26):
 PSYoungGen      total 5916672K, used 2966995K [0x00000005a2580000, 0x00000007c0000000, 0x00000007c0000000)
  eden space 2958848K, 100% used [0x00000005a2580000,0x0000000656f00000,0x0000000656f00000)
  from space 2957824K, 0% used [0x000000070b780000,0x000000070bf74c20,0x00000007c0000000)
  to   space 2957824K, 0% used [0x0000000656f00000,0x0000000656f00000,0x000000070b780000)
 ParOldGen       total 7440384K, used 5008328K [0x0000000167000000, 0x000000032d200000, 0x00000005a2580000)
  object space 7440384K, 67% used [0x0000000167000000,0x0000000298af21c0,0x000000032d200000)
 Metaspace       used 16258K, capacity 16476K, committed 16768K, reserved 1064960K
  class space    used 1549K, capacity 1627K, committed 1664K, reserved 1048576K
Event: 680,766 GC heap after
Heap after GC invocations=297 (full 26):
 PSYoungGen      total 5916672K, used 255077K [0x00000005a2580000, 0x00000007c0000000, 0x00000007c0000000)
  eden space 2958848K, 0% used [0x00000005a2580000,0x00000005a2580000,0x0000000656f00000)
  from space 2957824K, 8% used [0x0000000656f00000,0x00000006668196b0,0x000000070b780000)
  to   space 2957824K, 0% used [0x000000070b780000,0x000000070b780000,0x00000007c0000000)
 ParOldGen       total 7440384K, used 5008336K [0x0000000167000000, 0x000000032d200000, 0x00000005a2580000)
  object space 7440384K, 67% used [0x0000000167000000,0x0000000298af41c0,0x000000032d200000)
 Metaspace       used 16258K, capacity 16476K, committed 16768K, reserved 1064960K
  class space    used 1549K, capacity 1627K, committed 1664K, reserved 1048576K
}
Event: 683,872 GC heap before
{Heap before GC invocations=298 (full 26):
 PSYoungGen      total 5916672K, used 3213925K [0x00000005a2580000, 0x00000007c0000000, 0x00000007c0000000)
  eden space 2958848K, 100% used [0x00000005a2580000,0x0000000656f00000,0x0000000656f00000)
  from space 2957824K, 8% used [0x0000000656f00000,0x00000006668196b0,0x000000070b780000)
  to   space 2957824K, 0% used [0x000000070b780000,0x000000070b780000,0x00000007c0000000)
 ParOldGen       total 7440384K, used 5008336K [0x0000000167000000, 0x000000032d200000, 0x00000005a2580000)
  object space 7440384K, 67% used [0x0000000167000000,0x0000000298af41c0,0x000000032d200000)
 Metaspace       used 16258K, capacity 16476K, committed 16768K, reserved 1064960K
  class space    used 1549K, capacity 1627K, committed 1664K, reserved 1048576K
Event: 684,555 GC heap after
Heap after GC invocations=298 (full 26):
 PSYoungGen      total 5916672K, used 1546404K [0x00000005a2580000, 0x00000007c0000000, 0x00000007c0000000)
  eden space 2958848K, 0% used [0x00000005a2580000,0x00000005a2580000,0x0000000656f00000)
  from space 2957824K, 52% used [0x000000070b780000,0x0000000769da9320,0x00000007c0000000)
  to   space 2957824K, 0% used [0x0000000656f00000,0x0000000656f00000,0x000000070b780000)
 ParOldGen       total 7440384K, used 5281237K [0x0000000167000000, 0x000000032d200000, 0x00000005a2580000)
  object space 7440384K, 70% used [0x0000000167000000,0x00000002a9575560,0x000000032d200000)
 Metaspace       used 16258K, capacity 16476K, committed 16768K, reserved 1064960K
  class space    used 1549K, capacity 1627K, committed 1664K, reserved 1048576K
}
Event: 687,839 GC heap before
{Heap before GC invocations=299 (full 26):
 PSYoungGen      total 5916672K, used 4505252K [0x00000005a2580000, 0x00000007c0000000, 0x00000007c0000000)
  eden space 2958848K, 100% used [0x00000005a2580000,0x0000000656f00000,0x0000000656f00000)
  from space 2957824K, 52% used [0x000000070b780000,0x0000000769da9320,0x00000007c0000000)
  to   space 2957824K, 0% used [0x0000000656f00000,0x0000000656f00000,0x000000070b780000)
 ParOldGen       total 7440384K, used 5281237K [0x0000000167000000, 0x000000032d200000, 0x00000005a2580000)
  object space 7440384K, 70% used [0x0000000167000000,0x00000002a9575560,0x000000032d200000)
 Metaspace       used 16258K, capacity 16476K, committed 16768K, reserved 1064960K
  class space    used 1549K, capacity 1627K, committed 1664K, reserved 1048576K
Event: 689,299 GC heap after
Heap after GC invocations=299 (full 26):
 PSYoungGen      total 5916672K, used 2098265K [0x00000005a2580000, 0x00000007c0000000, 0x00000007c0000000)
  eden space 2958848K, 0% used [0x00000005a2580000,0x00000005a2580000,0x0000000656f00000)
  from space 2957824K, 70% used [0x0000000656f00000,0x00000006d70166a8,0x000000070b780000)
  to   space 2957824K, 0% used [0x000000070b780000,0x000000070b780000,0x00000007c0000000)
 ParOldGen       total 7440384K, used 6602909K [0x0000000167000000, 0x000000032d200000, 0x00000005a2580000)
  object space 7440384K, 88% used [0x0000000167000000,0x00000002fa027570,0x000000032d200000)
 Metaspace       used 16258K, capacity 16476K, committed 16768K, reserved 1064960K
  class space    used 1549K, capacity 1627K, committed 1664K, reserved 1048576K
}
Event: 689,299 GC heap before
{Heap before GC invocations=300 (full 27):
 PSYoungGen      total 5916672K, used 2098265K [0x00000005a2580000, 0x00000007c0000000, 0x00000007c0000000)
  eden space 2958848K, 0% used [0x00000005a2580000,0x00000005a2580000,0x0000000656f00000)
  from space 2957824K, 70% used [0x0000000656f00000,0x00000006d70166a8,0x000000070b780000)
  to   space 2957824K, 0% used [0x000000070b780000,0x000000070b780000,0x00000007c0000000)
 ParOldGen       total 7440384K, used 6602909K [0x0000000167000000, 0x000000032d200000, 0x00000005a2580000)
  object space 7440384K, 88% used [0x0000000167000000,0x00000002fa027570,0x000000032d200000)
 Metaspace       used 16258K, capacity 16476K, committed 16768K, reserved 1064960K
  class space    used 1549K, capacity 1627K, committed 1664K, reserved 1048576K

