# JRE version: Java(TM) SE Runtime Environment (8.0_201-b09) (build 1.8.0_201-b09)
# Java VM: Java HotSpot(TM) 64-Bit Server VM (25.201-b09 mixed mode linux-amd64 compressed oops)
Heap:
 PSYoungGen      total 149504K, used 47825K [0x0000000719b80000, 0x000000072bf80000, 0x00000007c0000000)
  eden space 128512K, 37% used [0x0000000719b80000,0x000000071ca34740,0x0000000721900000)
  from space 20992K, 0% used [0x0000000721900000,0x0000000721900000,0x0000000722d80000)
  to   space 20992K, 0% used [0x000000072ab00000,0x000000072ab00000,0x000000072bf80000)
 ParOldGen       total 595456K, used 236837K [0x00000005cd200000, 0x00000005f1780000, 0x0000000719b80000)
  object space 595456K, 39% used [0x00000005cd200000,0x00000005db949678,0x00000005f1780000)
 Metaspace       used 15738K, capacity 15885K, committed 16256K, reserved 1064960K
  class space    used 1530K, capacity 1606K, committed 1664K, reserved 1048576K
GC Heap History (10 events):
Event: 0,714 GC heap before
{Heap before GC invocations=1 (full 0):
 PSYoungGen      total 149504K, used 56737K [0x0000000719b80000, 0x0000000724200000, 0x00000007c0000000)
  eden space 128512K, 44% used [0x0000000719b80000,0x000000071d2e8498,0x0000000721900000)
  from space 20992K, 0% used [0x0000000722d80000,0x0000000722d80000,0x0000000724200000)
  to   space 20992K, 0% used [0x0000000721900000,0x0000000721900000,0x0000000722d80000)
 ParOldGen       total 341504K, used 0K [0x00000005cd200000, 0x00000005e1f80000, 0x0000000719b80000)
  object space 341504K, 0% used [0x00000005cd200000,0x00000005cd200000,0x00000005e1f80000)
 Metaspace       used 14551K, capacity 14733K, committed 15104K, reserved 1062912K
  class space    used 1410K, capacity 1478K, committed 1536K, reserved 1048576K
Event: 0,719 GC heap after
Heap after GC invocations=1 (full 0):
 PSYoungGen      total 149504K, used 19144K [0x0000000719b80000, 0x0000000724200000, 0x00000007c0000000)
  eden space 128512K, 0% used [0x0000000719b80000,0x0000000719b80000,0x0000000721900000)
  from space 20992K, 91% used [0x0000000721900000,0x0000000722bb2328,0x0000000722d80000)
  to   space 20992K, 0% used [0x0000000722d80000,0x0000000722d80000,0x0000000724200000)
 ParOldGen       total 341504K, used 16K [0x00000005cd200000, 0x00000005e1f80000, 0x0000000719b80000)
  object space 341504K, 0% used [0x00000005cd200000,0x00000005cd204000,0x00000005e1f80000)
 Metaspace       used 14551K, capacity 14733K, committed 15104K, reserved 1062912K
  class space    used 1410K, capacity 1478K, committed 1536K, reserved 1048576K
}
Event: 0,719 GC heap before
{Heap before GC invocations=2 (full 1):
 PSYoungGen      total 149504K, used 19144K [0x0000000719b80000, 0x0000000724200000, 0x00000007c0000000)
  eden space 128512K, 0% used [0x0000000719b80000,0x0000000719b80000,0x0000000721900000)
  from space 20992K, 91% used [0x0000000721900000,0x0000000722bb2328,0x0000000722d80000)
  to   space 20992K, 0% used [0x0000000722d80000,0x0000000722d80000,0x0000000724200000)
 ParOldGen       total 341504K, used 16K [0x00000005cd200000, 0x00000005e1f80000, 0x0000000719b80000)
  object space 341504K, 0% used [0x00000005cd200000,0x00000005cd204000,0x00000005e1f80000)
 Metaspace       used 14551K, capacity 14733K, committed 15104K, reserved 1062912K
  class space    used 1410K, capacity 1478K, committed 1536K, reserved 1048576K
Event: 0,730 GC heap after
Heap after GC invocations=2 (full 1):
 PSYoungGen      total 149504K, used 0K [0x0000000719b80000, 0x0000000724200000, 0x00000007c0000000)
  eden space 128512K, 0% used [0x0000000719b80000,0x0000000719b80000,0x0000000721900000)
  from space 20992K, 0% used [0x0000000721900000,0x0000000721900000,0x0000000722d80000)
  to   space 20992K, 0% used [0x0000000722d80000,0x0000000722d80000,0x0000000724200000)
 ParOldGen       total 341504K, used 17883K [0x00000005cd200000, 0x00000005e1f80000, 0x0000000719b80000)
  object space 341504K, 5% used [0x00000005cd200000,0x00000005ce376e20,0x00000005e1f80000)
 Metaspace       used 14551K, capacity 14733K, committed 15104K, reserved 1062912K
  class space    used 1410K, capacity 1478K, committed 1536K, reserved 1048576K
}
Event: 0,830 GC heap before
{Heap before GC invocations=3 (full 1):
 PSYoungGen      total 149504K, used 128144K [0x0000000719b80000, 0x0000000724200000, 0x00000007c0000000)
  eden space 128512K, 99% used [0x0000000719b80000,0x00000007218a4358,0x0000000721900000)
  from space 20992K, 0% used [0x0000000721900000,0x0000000721900000,0x0000000722d80000)
  to   space 20992K, 0% used [0x0000000722d80000,0x0000000722d80000,0x0000000724200000)
 ParOldGen       total 341504K, used 17883K [0x00000005cd200000, 0x00000005e1f80000, 0x0000000719b80000)
  object space 341504K, 5% used [0x00000005cd200000,0x00000005ce376e20,0x00000005e1f80000)
 Metaspace       used 14690K, capacity 14861K, committed 15104K, reserved 1062912K
  class space    used 1410K, capacity 1478K, committed 1536K, reserved 1048576K
Event: 0,839 GC heap after
Heap after GC invocations=3 (full 1):
 PSYoungGen      total 149504K, used 20776K [0x0000000719b80000, 0x000000072bf80000, 0x00000007c0000000)
  eden space 128512K, 0% used [0x0000000719b80000,0x0000000719b80000,0x0000000721900000)
  from space 20992K, 98% used [0x0000000722d80000,0x00000007241ca150,0x0000000724200000)
  to   space 20992K, 0% used [0x0000000721900000,0x0000000721900000,0x0000000722d80000)
 ParOldGen       total 341504K, used 110052K [0x00000005cd200000, 0x00000005e1f80000, 0x0000000719b80000)
  object space 341504K, 32% used [0x00000005cd200000,0x00000005d3d793c0,0x00000005e1f80000)
 Metaspace       used 14690K, capacity 14861K, committed 15104K, reserved 1062912K
  class space    used 1410K, capacity 1478K, committed 1536K, reserved 1048576K
}
Event: 1,205 GC heap before
{Heap before GC invocations=4 (full 1):
 PSYoungGen      total 149504K, used 148977K [0x0000000719b80000, 0x000000072bf80000, 0x00000007c0000000)
  eden space 128512K, 99% used [0x0000000719b80000,0x00000007218b2598,0x0000000721900000)
  from space 20992K, 98% used [0x0000000722d80000,0x00000007241ca150,0x0000000724200000)
  to   space 20992K, 0% used [0x0000000721900000,0x0000000721900000,0x0000000722d80000)
 ParOldGen       total 341504K, used 110052K [0x00000005cd200000, 0x00000005e1f80000, 0x0000000719b80000)
  object space 341504K, 32% used [0x00000005cd200000,0x00000005d3d793c0,0x00000005e1f80000)
 Metaspace       used 15411K, capacity 15565K, committed 16000K, reserved 1062912K
  class space    used 1482K, capacity 1542K, committed 1664K, reserved 1048576K
Event: 1,217 GC heap after
Heap after GC invocations=4 (full 1):
 PSYoungGen      total 149504K, used 20547K [0x0000000719b80000, 0x000000072bf80000, 0x00000007c0000000)
  eden space 128512K, 0% used [0x0000000719b80000,0x0000000719b80000,0x0000000721900000)
  from space 20992K, 97% used [0x0000000721900000,0x0000000722d10dd8,0x0000000722d80000)
  to   space 20992K, 0% used [0x000000072ab00000,0x000000072ab00000,0x000000072bf80000)
 ParOldGen       total 341504K, used 230894K [0x00000005cd200000, 0x00000005e1f80000, 0x0000000719b80000)
  object space 341504K, 67% used [0x00000005cd200000,0x00000005db37bb20,0x00000005e1f80000)
 Metaspace       used 15411K, capacity 15565K, committed 16000K, reserved 1062912K
  class space    used 1482K, capacity 1542K, committed 1664K, reserved 1048576K
}
Event: 1,217 GC heap before
{Heap before GC invocations=5 (full 2):
 PSYoungGen      total 149504K, used 20547K [0x0000000719b80000, 0x000000072bf80000, 0x00000007c0000000)
  eden space 128512K, 0% used [0x0000000719b80000,0x0000000719b80000,0x0000000721900000)
  from space 20992K, 97% used [0x0000000721900000,0x0000000722d10dd8,0x0000000722d80000)
  to   space 20992K, 0% used [0x000000072ab00000,0x000000072ab00000,0x000000072bf80000)
 ParOldGen       total 341504K, used 230894K [0x00000005cd200000, 0x00000005e1f80000, 0x0000000719b80000)
  object space 341504K, 67% used [0x00000005cd200000,0x00000005db37bb20,0x00000005e1f80000)
 Metaspace       used 15411K, capacity 15565K, committed 16000K, reserved 1062912K
  class space    used 1482K, capacity 1542K, committed 1664K, reserved 1048576K
Event: 1,244 GC heap after
Heap after GC invocations=5 (full 2):
 PSYoungGen      total 149504K, used 0K [0x0000000719b80000, 0x000000072bf80000, 0x00000007c0000000)
  eden space 128512K, 0% used [0x0000000719b80000,0x0000000719b80000,0x0000000721900000)
  from space 20992K, 0% used [0x0000000721900000,0x0000000721900000,0x0000000722d80000)
  to   space 20992K, 0% used [0x000000072ab00000,0x000000072ab00000,0x000000072bf80000)
 ParOldGen       total 595456K, used 236837K [0x00000005cd200000, 0x00000005f1780000, 0x0000000719b80000)
  object space 595456K, 39% used [0x00000005cd200000,0x00000005db949678,0x00000005f1780000)
 Metaspace       used 15411K, capacity 15565K, committed 16000K, reserved 1062912K
  class space    used 1482K, capacity 1542K, committed 1664K, reserved 1048576K
}

