# JRE version: Java(TM) SE Runtime Environment (8.0_201-b09) (build 1.8.0_201-b09)
# Java VM: Java HotSpot(TM) 64-Bit Server VM (25.201-b09 mixed mode linux-amd64 compressed oops)
Heap:
 PSYoungGen      total 1048576K, used 783526K [0x00000005a2580000, 0x0000000603080000, 0x00000007c0000000)
  eden space 726528K, 63% used [0x00000005a2580000,0x00000005be82cb78,0x00000005ceb00000)
  from space 322048K, 99% used [0x00000005e8700000,0x00000005fc17ce70,0x00000005fc180000)
  to   space 421888K, 0% used [0x00000005ceb00000,0x00000005ceb00000,0x00000005e8700000)
 ParOldGen       total 1487872K, used 968205K [0x0000000167000000, 0x00000001c1d00000, 0x00000005a2580000)
  object space 1487872K, 65% used [0x0000000167000000,0x00000001a2183478,0x00000001c1d00000)
 Metaspace       used 39918K, capacity 40314K, committed 40664K, reserved 1085440K
  class space    used 4702K, capacity 4798K, committed 4824K, reserved 1048576K
GC Heap History (10 events):
Event: 9,093 GC heap before
{Heap before GC invocations=15 (full 2):
 PSYoungGen      total 709120K, used 688267K [0x00000005a2580000, 0x00000005d9780000, 0x00000007c0000000)
  eden space 571392K, 100% used [0x00000005a2580000,0x00000005c5380000,0x00000005c5380000)
  from space 137728K, 84% used [0x00000005ce900000,0x00000005d5b22c08,0x00000005d6f80000)
  to   space 153088K, 0% used [0x00000005c5380000,0x00000005c5380000,0x00000005ce900000)
 ParOldGen       total 328192K, used 179028K [0x0000000167000000, 0x000000017b080000, 0x00000005a2580000)
  object space 328192K, 54% used [0x0000000167000000,0x0000000171ed5198,0x000000017b080000)
 Metaspace       used 38277K, capacity 38708K, committed 39000K, reserved 1083392K
  class space    used 4549K, capacity 4669K, committed 4696K, reserved 1048576K
Event: 9,146 GC heap after
Heap after GC invocations=15 (full 2):
 PSYoungGen      total 709120K, used 688267K [0x00000005a2580000, 0x00000005d9780000, 0x00000007c0000000)
  eden space 571392K, 100% used [0x00000005a2580000,0x00000005c5380000,0x00000005c5380000)
  from space 137728K, 84% used [0x00000005ce900000,0x00000005d5b22c08,0x00000005d6f80000)
  to   space 153088K, 99% used [0x00000005c5380000,0x00000005ce8fdc40,0x00000005ce900000)
 ParOldGen       total 461312K, used 457504K [0x0000000167000000, 0x0000000183280000, 0x00000005a2580000)
  object space 461312K, 99% used [0x0000000167000000,0x0000000182ec8200,0x0000000183280000)
 Metaspace       used 38277K, capacity 38708K, committed 39000K, reserved 1083392K
  class space    used 4549K, capacity 4669K, committed 4696K, reserved 1048576K
}
Event: 9,146 GC heap before
{Heap before GC invocations=16 (full 3):
 PSYoungGen      total 709120K, used 688267K [0x00000005a2580000, 0x00000005d9780000, 0x00000007c0000000)
  eden space 571392K, 100% used [0x00000005a2580000,0x00000005c5380000,0x00000005c5380000)
  from space 137728K, 84% used [0x00000005ce900000,0x00000005d5b22c08,0x00000005d6f80000)
  to   space 153088K, 99% used [0x00000005c5380000,0x00000005ce8fdc40,0x00000005ce900000)
 ParOldGen       total 461312K, used 457504K [0x0000000167000000, 0x0000000183280000, 0x00000005a2580000)
  object space 461312K, 99% used [0x0000000167000000,0x0000000182ec8200,0x0000000183280000)
 Metaspace       used 38277K, capacity 38708K, committed 39000K, reserved 1083392K
  class space    used 4549K, capacity 4669K, committed 4696K, reserved 1048576K
Event: 9,283 GC heap after
Heap after GC invocations=16 (full 3):
 PSYoungGen      total 709120K, used 320233K [0x00000005a2580000, 0x00000005d9780000, 0x00000007c0000000)
  eden space 571392K, 56% used [0x00000005a2580000,0x00000005b5e3a468,0x00000005c5380000)
  from space 137728K, 0% used [0x00000005ce900000,0x00000005ce900000,0x00000005d6f80000)
  to   space 153088K, 0% used [0x00000005c5380000,0x00000005c5380000,0x00000005ce900000)
 ParOldGen       total 855040K, used 460989K [0x0000000167000000, 0x000000019b300000, 0x00000005a2580000)
  object space 855040K, 53% used [0x0000000167000000,0x000000018322f650,0x000000019b300000)
 Metaspace       used 38277K, capacity 38708K, committed 39000K, reserved 1083392K
  class space    used 4549K, capacity 4669K, committed 4696K, reserved 1048576K
}
Event: 9,685 GC heap before
{Heap before GC invocations=17 (full 3):
 PSYoungGen      total 709120K, used 571392K [0x00000005a2580000, 0x00000005d9780000, 0x00000007c0000000)
  eden space 571392K, 100% used [0x00000005a2580000,0x00000005c5380000,0x00000005c5380000)
  from space 137728K, 0% used [0x00000005ce900000,0x00000005ce900000,0x00000005d6f80000)
  to   space 153088K, 0% used [0x00000005c5380000,0x00000005c5380000,0x00000005ce900000)
 ParOldGen       total 855040K, used 460989K [0x0000000167000000, 0x000000019b300000, 0x00000005a2580000)
  object space 855040K, 53% used [0x0000000167000000,0x000000018322f650,0x000000019b300000)
 Metaspace       used 38476K, capacity 38900K, committed 39256K, reserved 1083392K
  class space    used 4572K, capacity 4669K, committed 4696K, reserved 1048576K
Event: 9,735 GC heap after
Heap after GC invocations=17 (full 3):
 PSYoungGen      total 724480K, used 153069K [0x00000005a2580000, 0x00000005fc180000, 0x00000007c0000000)
  eden space 571392K, 0% used [0x00000005a2580000,0x00000005a2580000,0x00000005c5380000)
  from space 153088K, 99% used [0x00000005c5380000,0x00000005ce8fb770,0x00000005ce900000)
  to   space 322048K, 0% used [0x00000005e8700000,0x00000005e8700000,0x00000005fc180000)
 ParOldGen       total 855040K, used 849267K [0x0000000167000000, 0x000000019b300000, 0x00000005a2580000)
  object space 855040K, 99% used [0x0000000167000000,0x000000019ad5ce08,0x000000019b300000)
 Metaspace       used 38476K, capacity 38900K, committed 39256K, reserved 1083392K
  class space    used 4572K, capacity 4669K, committed 4696K, reserved 1048576K
}
Event: 9,735 GC heap before
{Heap before GC invocations=18 (full 4):
 PSYoungGen      total 724480K, used 153069K [0x00000005a2580000, 0x00000005fc180000, 0x00000007c0000000)
  eden space 571392K, 0% used [0x00000005a2580000,0x00000005a2580000,0x00000005c5380000)
  from space 153088K, 99% used [0x00000005c5380000,0x00000005ce8fb770,0x00000005ce900000)
  to   space 322048K, 0% used [0x00000005e8700000,0x00000005e8700000,0x00000005fc180000)
 ParOldGen       total 855040K, used 849267K [0x0000000167000000, 0x000000019b300000, 0x00000005a2580000)
  object space 855040K, 99% used [0x0000000167000000,0x000000019ad5ce08,0x000000019b300000)
 Metaspace       used 38476K, capacity 38900K, committed 39256K, reserved 1083392K
  class space    used 4572K, capacity 4669K, committed 4696K, reserved 1048576K
Event: 9,887 GC heap after
Heap after GC invocations=18 (full 4):
 PSYoungGen      total 724480K, used 144200K [0x00000005a2580000, 0x00000005fc180000, 0x00000007c0000000)
  eden space 571392K, 0% used [0x00000005a2580000,0x00000005a2580000,0x00000005c5380000)
  from space 153088K, 94% used [0x00000005c5380000,0x00000005ce052300,0x00000005ce900000)
  to   space 322048K, 0% used [0x00000005e8700000,0x00000005e8700000,0x00000005fc180000)
 ParOldGen       total 1487872K, used 854828K [0x0000000167000000, 0x00000001c1d00000, 0x00000005a2580000)
  object space 1487872K, 57% used [0x0000000167000000,0x000000019b2cb2d8,0x00000001c1d00000)
 Metaspace       used 38476K, capacity 38900K, committed 39256K, reserved 1083392K
  class space    used 4572K, capacity 4669K, committed 4696K, reserved 1048576K
}
Event: 10,391 GC heap before
{Heap before GC invocations=19 (full 4):
 PSYoungGen      total 724480K, used 715592K [0x00000005a2580000, 0x00000005fc180000, 0x00000007c0000000)
  eden space 571392K, 100% used [0x00000005a2580000,0x00000005c5380000,0x00000005c5380000)
  from space 153088K, 94% used [0x00000005c5380000,0x00000005ce052300,0x00000005ce900000)
  to   space 322048K, 0% used [0x00000005e8700000,0x00000005e8700000,0x00000005fc180000)
 ParOldGen       total 1487872K, used 854828K [0x0000000167000000, 0x00000001c1d00000, 0x00000005a2580000)
  object space 1487872K, 57% used [0x0000000167000000,0x000000019b2cb2d8,0x00000001c1d00000)
 Metaspace       used 38988K, capacity 39412K, committed 39896K, reserved 1085440K
  class space    used 4603K, capacity 4733K, committed 4824K, reserved 1048576K
Event: 10,434 GC heap after
Heap after GC invocations=19 (full 4):
 PSYoungGen      total 1048576K, used 322035K [0x00000005a2580000, 0x0000000603080000, 0x00000007c0000000)
  eden space 726528K, 0% used [0x00000005a2580000,0x00000005a2580000,0x00000005ceb00000)
  from space 322048K, 99% used [0x00000005e8700000,0x00000005fc17ce70,0x00000005fc180000)
  to   space 421888K, 0% used [0x00000005ceb00000,0x00000005ceb00000,0x00000005e8700000)
 ParOldGen       total 1487872K, used 968205K [0x0000000167000000, 0x00000001c1d00000, 0x00000005a2580000)
  object space 1487872K, 65% used [0x0000000167000000,0x00000001a2183478,0x00000001c1d00000)
 Metaspace       used 38988K, capacity 39412K, committed 39896K, reserved 1085440K
  class space    used 4603K, capacity 4733K, committed 4824K, reserved 1048576K
}

