# JRE version: Java(TM) SE Runtime Environment (8.0_201-b09) (build 1.8.0_201-b09)
# Java VM: Java HotSpot(TM) 64-Bit Server VM (25.201-b09 mixed mode linux-amd64 compressed oops)
Heap:
 PSYoungGen      total 2130432K, used 765922K [0x0000000719b80000, 0x00000007c0000000, 0x00000007c0000000)
  eden space 1591296K, 47% used [0x0000000719b80000,0x0000000748550898,0x000000077ad80000)
  from space 539136K, 0% used [0x000000077ad80000,0x000000077afa8000,0x000000079bc00000)
  to   space 532480K, 0% used [0x000000079f800000,0x000000079f800000,0x00000007c0000000)
 ParOldGen       total 1295360K, used 735172K [0x00000005cd200000, 0x000000061c300000, 0x0000000719b80000)
  object space 1295360K, 56% used [0x00000005cd200000,0x00000005f9ff12b8,0x000000061c300000)
 Metaspace       used 14982K, capacity 15139K, committed 15360K, reserved 1062912K
  class space    used 1419K, capacity 1482K, committed 1536K, reserved 1048576K
GC Heap History (10 events):
Event: 21,698 GC heap before
{Heap before GC invocations=15 (full 1):
 PSYoungGen      total 1425920K, used 1410295K [0x0000000719b80000, 0x0000000799380000, 0x00000007c0000000)
  eden space 1130496K, 100% used [0x0000000719b80000,0x000000075eb80000,0x000000075eb80000)
  from space 295424K, 94% used [0x000000075eb80000,0x000000076fcbddc0,0x0000000770c00000)
  to   space 346624K, 0% used [0x0000000784100000,0x0000000784100000,0x0000000799380000)
 ParOldGen       total 1085952K, used 661345K [0x00000005cd200000, 0x000000060f680000, 0x0000000719b80000)
  object space 1085952K, 60% used [0x00000005cd200000,0x00000005f57d86f0,0x000000060f680000)
 Metaspace       used 14937K, capacity 15075K, committed 15360K, reserved 1062912K
  class space    used 1419K, capacity 1482K, committed 1536K, reserved 1048576K
Event: 21,789 GC heap after
Heap after GC invocations=15 (full 1):
 PSYoungGen      total 1711104K, used 254233K [0x0000000719b80000, 0x00000007a2800000, 0x00000007c0000000)
  eden space 1364480K, 0% used [0x0000000719b80000,0x0000000719b80000,0x000000076d000000)
  from space 346624K, 73% used [0x0000000784100000,0x00000007939464e8,0x0000000799380000)
  to   space 377856K, 0% used [0x000000076d000000,0x000000076d000000,0x0000000784100000)
 ParOldGen       total 1085952K, used 661353K [0x00000005cd200000, 0x000000060f680000, 0x0000000719b80000)
  object space 1085952K, 60% used [0x00000005cd200000,0x00000005f57da6f0,0x000000060f680000)
 Metaspace       used 14937K, capacity 15075K, committed 15360K, reserved 1062912K
  class space    used 1419K, capacity 1482K, committed 1536K, reserved 1048576K
}
Event: 26,647 GC heap before
{Heap before GC invocations=16 (full 1):
 PSYoungGen      total 1711104K, used 1618713K [0x0000000719b80000, 0x00000007a2800000, 0x00000007c0000000)
  eden space 1364480K, 100% used [0x0000000719b80000,0x000000076d000000,0x000000076d000000)
  from space 346624K, 73% used [0x0000000784100000,0x00000007939464e8,0x0000000799380000)
  to   space 377856K, 0% used [0x000000076d000000,0x000000076d000000,0x0000000784100000)
 ParOldGen       total 1085952K, used 661353K [0x00000005cd200000, 0x000000060f680000, 0x0000000719b80000)
  object space 1085952K, 60% used [0x00000005cd200000,0x00000005f57da6f0,0x000000060f680000)
 Metaspace       used 14968K, capacity 15139K, committed 15360K, reserved 1062912K
  class space    used 1419K, capacity 1482K, committed 1536K, reserved 1048576K
Event: 26,747 GC heap after
Heap after GC invocations=16 (full 1):
 PSYoungGen      total 1742336K, used 201610K [0x0000000719b80000, 0x00000007b3180000, 0x00000007c0000000)
  eden space 1364480K, 0% used [0x0000000719b80000,0x0000000719b80000,0x000000076d000000)
  from space 377856K, 53% used [0x000000076d000000,0x00000007794e29b8,0x0000000784100000)
  to   space 382464K, 0% used [0x000000079bc00000,0x000000079bc00000,0x00000007b3180000)
 ParOldGen       total 1085952K, used 667890K [0x00000005cd200000, 0x000000060f680000, 0x0000000719b80000)
  object space 1085952K, 61% used [0x00000005cd200000,0x00000005f5e3cac8,0x000000060f680000)
 Metaspace       used 14968K, capacity 15139K, committed 15360K, reserved 1062912K
  class space    used 1419K, capacity 1482K, committed 1536K, reserved 1048576K
}
Event: 33,648 GC heap before
{Heap before GC invocations=17 (full 1):
 PSYoungGen      total 1742336K, used 1566090K [0x0000000719b80000, 0x00000007b3180000, 0x00000007c0000000)
  eden space 1364480K, 100% used [0x0000000719b80000,0x000000076d000000,0x000000076d000000)
  from space 377856K, 53% used [0x000000076d000000,0x00000007794e29b8,0x0000000784100000)
  to   space 382464K, 0% used [0x000000079bc00000,0x000000079bc00000,0x00000007b3180000)
 ParOldGen       total 1085952K, used 667890K [0x00000005cd200000, 0x000000060f680000, 0x0000000719b80000)
  object space 1085952K, 61% used [0x00000005cd200000,0x00000005f5e3cac8,0x000000060f680000)
 Metaspace       used 14978K, capacity 15139K, committed 15360K, reserved 1062912K
  class space    used 1419K, capacity 1482K, committed 1536K, reserved 1048576K
Event: 34,537 GC heap after
Heap after GC invocations=17 (full 1):
 PSYoungGen      total 1973760K, used 382462K [0x0000000719b80000, 0x00000007c0000000, 0x00000007c0000000)
  eden space 1591296K, 0% used [0x0000000719b80000,0x0000000719b80000,0x000000077ad80000)
  from space 382464K, 99% used [0x000000079bc00000,0x00000007b317f840,0x00000007b3180000)
  to   space 539136K, 0% used [0x000000077ad80000,0x000000077ad80000,0x000000079bc00000)
 ParOldGen       total 1085952K, used 905050K [0x00000005cd200000, 0x000000060f680000, 0x0000000719b80000)
  object space 1085952K, 83% used [0x00000005cd200000,0x00000006045d6ac8,0x000000060f680000)
 Metaspace       used 14978K, capacity 15139K, committed 15360K, reserved 1062912K
  class space    used 1419K, capacity 1482K, committed 1536K, reserved 1048576K
}
Event: 34,537 GC heap before
{Heap before GC invocations=18 (full 2):
 PSYoungGen      total 1973760K, used 382462K [0x0000000719b80000, 0x00000007c0000000, 0x00000007c0000000)
  eden space 1591296K, 0% used [0x0000000719b80000,0x0000000719b80000,0x000000077ad80000)
  from space 382464K, 99% used [0x000000079bc00000,0x00000007b317f840,0x00000007b3180000)
  to   space 539136K, 0% used [0x000000077ad80000,0x000000077ad80000,0x000000079bc00000)
 ParOldGen       total 1085952K, used 905050K [0x00000005cd200000, 0x000000060f680000, 0x0000000719b80000)
  object space 1085952K, 83% used [0x00000005cd200000,0x00000006045d6ac8,0x000000060f680000)
 Metaspace       used 14978K, capacity 15139K, committed 15360K, reserved 1062912K
  class space    used 1419K, capacity 1482K, committed 1536K, reserved 1048576K
Event: 35,488 GC heap after
Heap after GC invocations=18 (full 2):
 PSYoungGen      total 1973760K, used 0K [0x0000000719b80000, 0x00000007c0000000, 0x00000007c0000000)
  eden space 1591296K, 0% used [0x0000000719b80000,0x0000000719b80000,0x000000077ad80000)
  from space 382464K, 0% used [0x000000079bc00000,0x000000079bc00000,0x00000007b3180000)
  to   space 539136K, 0% used [0x000000077ad80000,0x000000077ad80000,0x000000079bc00000)
 ParOldGen       total 1295360K, used 735172K [0x00000005cd200000, 0x000000061c300000, 0x0000000719b80000)
  object space 1295360K, 56% used [0x00000005cd200000,0x00000005f9ff12b8,0x000000061c300000)
 Metaspace       used 14978K, capacity 15139K, committed 15360K, reserved 1062912K
  class space    used 1419K, capacity 1482K, committed 1536K, reserved 1048576K
}
Event: 35,969 GC heap before
{Heap before GC invocations=19 (full 2):
 PSYoungGen      total 1973760K, used 1591296K [0x0000000719b80000, 0x00000007c0000000, 0x00000007c0000000)
  eden space 1591296K, 100% used [0x0000000719b80000,0x000000077ad80000,0x000000077ad80000)
  from space 382464K, 0% used [0x000000079bc00000,0x000000079bc00000,0x00000007b3180000)
  to   space 539136K, 0% used [0x000000077ad80000,0x000000077ad80000,0x000000079bc00000)
 ParOldGen       total 1295360K, used 735172K [0x00000005cd200000, 0x000000061c300000, 0x0000000719b80000)
  object space 1295360K, 56% used [0x00000005cd200000,0x00000005f9ff12b8,0x000000061c300000)
 Metaspace       used 14978K, capacity 15139K, committed 15360K, reserved 1062912K
  class space    used 1419K, capacity 1482K, committed 1536K, reserved 1048576K
Event: 35,980 GC heap after
Heap after GC invocations=19 (full 2):
 PSYoungGen      total 2130432K, used 2208K [0x0000000719b80000, 0x00000007c0000000, 0x00000007c0000000)
  eden space 1591296K, 0% used [0x0000000719b80000,0x0000000719b80000,0x000000077ad80000)
  from space 539136K, 0% used [0x000000077ad80000,0x000000077afa8000,0x000000079bc00000)
  to   space 532480K, 0% used [0x000000079f800000,0x000000079f800000,0x00000007c0000000)
 ParOldGen       total 1295360K, used 735172K [0x00000005cd200000, 0x000000061c300000, 0x0000000719b80000)
  object space 1295360K, 56% used [0x00000005cd200000,0x00000005f9ff12b8,0x000000061c300000)
 Metaspace       used 14978K, capacity 15139K, committed 15360K, reserved 1062912K
  class space    used 1419K, capacity 1482K, committed 1536K, reserved 1048576K
}

