# JRE version: Java(TM) SE Runtime Environment (8.0_201-b09) (build 1.8.0_201-b09)
# Java VM: Java HotSpot(TM) 64-Bit Server VM (25.201-b09 mixed mode linux-amd64 compressed oops)
Heap:
 PSYoungGen      total 1419264K, used 1053144K [0x0000000719b80000, 0x00000007c0000000, 0x00000007c0000000)
  eden space 1274368K, 82% used [0x0000000719b80000,0x0000000759ff60c0,0x0000000767800000)
  from space 144896K, 0% used [0x00000007b7280000,0x00000007b7280000,0x00000007c0000000)
  to   space 724992K, 0% used [0x0000000767800000,0x0000000767800000,0x0000000793c00000)
 ParOldGen       total 2842112K, used 1797597K [0x00000005cd200000, 0x000000067a980000, 0x0000000719b80000)
  object space 2842112K, 63% used [0x00000005cd200000,0x000000063ad774d8,0x000000067a980000)
 Metaspace       used 15811K, capacity 16015K, committed 16128K, reserved 1064960K
  class space    used 1443K, capacity 1516K, committed 1536K, reserved 1048576K
GC Heap History (10 events):
Event: 491,428 GC heap before
{Heap before GC invocations=311 (full 2):
 PSYoungGen      total 2593280K, used 2582093K [0x0000000719b80000, 0x00000007c0000000, 0x00000007c0000000)
  eden space 2465280K, 100% used [0x0000000719b80000,0x00000007b0300000,0x00000007b0300000)
  from space 128000K, 91% used [0x00000007b8300000,0x00000007bf513658,0x00000007c0000000)
  to   space 129536K, 0% used [0x00000007b0300000,0x00000007b0300000,0x00000007b8180000)
 ParOldGen       total 697344K, used 373115K [0x00000005cd200000, 0x00000005f7b00000, 0x0000000719b80000)
  object space 697344K, 53% used [0x00000005cd200000,0x00000005e3e5ed20,0x00000005f7b00000)
 Metaspace       used 15766K, capacity 16015K, committed 16128K, reserved 1064960K
  class space    used 1440K, capacity 1516K, committed 1536K, reserved 1048576K
Event: 491,444 GC heap after
Heap after GC invocations=311 (full 2):
 PSYoungGen      total 2583552K, used 117869K [0x0000000719b80000, 0x00000007c0000000, 0x00000007c0000000)
  eden space 2465280K, 0% used [0x0000000719b80000,0x0000000719b80000,0x00000007b0300000)
  from space 118272K, 99% used [0x00000007b0300000,0x00000007b761b648,0x00000007b7680000)
  to   space 131584K, 0% used [0x00000007b7f80000,0x00000007b7f80000,0x00000007c0000000)
 ParOldGen       total 697344K, used 373115K [0x00000005cd200000, 0x00000005f7b00000, 0x0000000719b80000)
  object space 697344K, 53% used [0x00000005cd200000,0x00000005e3e5ed20,0x00000005f7b00000)
 Metaspace       used 15766K, capacity 16015K, committed 16128K, reserved 1064960K
  class space    used 1440K, capacity 1516K, committed 1536K, reserved 1048576K
}
Event: 492,232 GC heap before
{Heap before GC invocations=312 (full 2):
 PSYoungGen      total 2583552K, used 2583149K [0x0000000719b80000, 0x00000007c0000000, 0x00000007c0000000)
  eden space 2465280K, 100% used [0x0000000719b80000,0x00000007b0300000,0x00000007b0300000)
  from space 118272K, 99% used [0x00000007b0300000,0x00000007b761b648,0x00000007b7680000)
  to   space 131584K, 0% used [0x00000007b7f80000,0x00000007b7f80000,0x00000007c0000000)
 ParOldGen       total 697344K, used 373115K [0x00000005cd200000, 0x00000005f7b00000, 0x0000000719b80000)
  object space 697344K, 53% used [0x00000005cd200000,0x00000005e3e5ed20,0x00000005f7b00000)
 Metaspace       used 15766K, capacity 16015K, committed 16128K, reserved 1064960K
  class space    used 1440K, capacity 1516K, committed 1536K, reserved 1048576K
Event: 492,247 GC heap after
Heap after GC invocations=312 (full 2):
 PSYoungGen      total 2588672K, used 119821K [0x0000000719b80000, 0x00000007c0000000, 0x00000007c0000000)
  eden space 2457088K, 0% used [0x0000000719b80000,0x0000000719b80000,0x00000007afb00000)
  from space 131584K, 91% used [0x00000007b7f80000,0x00000007bf483648,0x00000007c0000000)
  to   space 133632K, 0% used [0x00000007afb00000,0x00000007afb00000,0x00000007b7d80000)
 ParOldGen       total 697344K, used 373115K [0x00000005cd200000, 0x00000005f7b00000, 0x0000000719b80000)
  object space 697344K, 53% used [0x00000005cd200000,0x00000005e3e5ed20,0x00000005f7b00000)
 Metaspace       used 15766K, capacity 16015K, committed 16128K, reserved 1064960K
  class space    used 1440K, capacity 1516K, committed 1536K, reserved 1048576K
}
Event: 493,041 GC heap before
{Heap before GC invocations=313 (full 2):
 PSYoungGen      total 2588672K, used 2576909K [0x0000000719b80000, 0x00000007c0000000, 0x00000007c0000000)
  eden space 2457088K, 100% used [0x0000000719b80000,0x00000007afb00000,0x00000007afb00000)
  from space 131584K, 91% used [0x00000007b7f80000,0x00000007bf483648,0x00000007c0000000)
  to   space 133632K, 0% used [0x00000007afb00000,0x00000007afb00000,0x00000007b7d80000)
 ParOldGen       total 697344K, used 373115K [0x00000005cd200000, 0x00000005f7b00000, 0x0000000719b80000)
  object space 697344K, 53% used [0x00000005cd200000,0x00000005e3e5ed20,0x00000005f7b00000)
 Metaspace       used 15766K, capacity 16015K, committed 16128K, reserved 1064960K
  class space    used 1440K, capacity 1516K, committed 1536K, reserved 1048576K
Event: 493,046 GC heap after
Heap after GC invocations=313 (full 2):
 PSYoungGen      total 2486784K, used 29199K [0x0000000719b80000, 0x00000007c0000000, 0x00000007c0000000)
  eden space 2457088K, 0% used [0x0000000719b80000,0x0000000719b80000,0x00000007afb00000)
  from space 29696K, 98% used [0x00000007afb00000,0x00000007b1783e50,0x00000007b1800000)
  to   space 144896K, 0% used [0x00000007b7280000,0x00000007b7280000,0x00000007c0000000)
 ParOldGen       total 697344K, used 373115K [0x00000005cd200000, 0x00000005f7b00000, 0x0000000719b80000)
  object space 697344K, 53% used [0x00000005cd200000,0x00000005e3e5ed20,0x00000005f7b00000)
 Metaspace       used 15766K, capacity 16015K, committed 16128K, reserved 1064960K
  class space    used 1440K, capacity 1516K, committed 1536K, reserved 1048576K
}
Event: 542,312 GC heap before
{Heap before GC invocations=314 (full 2):
 PSYoungGen      total 2486784K, used 2486287K [0x0000000719b80000, 0x00000007c0000000, 0x00000007c0000000)
  eden space 2457088K, 100% used [0x0000000719b80000,0x00000007afb00000,0x00000007afb00000)
  from space 29696K, 98% used [0x00000007afb00000,0x00000007b1783e50,0x00000007b1800000)
  to   space 144896K, 0% used [0x00000007b7280000,0x00000007b7280000,0x00000007c0000000)
 ParOldGen       total 697344K, used 373115K [0x00000005cd200000, 0x00000005f7b00000, 0x0000000719b80000)
  object space 697344K, 53% used [0x00000005cd200000,0x00000005e3e5ed20,0x00000005f7b00000)
 Metaspace       used 15798K, capacity 16015K, committed 16128K, reserved 1064960K
  class space    used 1443K, capacity 1516K, committed 1536K, reserved 1048576K
Event: 545,705 GC heap after
Heap after GC invocations=314 (full 2):
 PSYoungGen      total 1419264K, used 144866K [0x0000000719b80000, 0x00000007c0000000, 0x00000007c0000000)
  eden space 1274368K, 0% used [0x0000000719b80000,0x0000000719b80000,0x0000000767800000)
  from space 144896K, 99% used [0x00000007b7280000,0x00000007bfff8880,0x00000007c0000000)
  to   space 724992K, 0% used [0x0000000767800000,0x0000000767800000,0x0000000793c00000)
 ParOldGen       total 1909248K, used 1909115K [0x00000005cd200000, 0x0000000641a80000, 0x0000000719b80000)
  object space 1909248K, 99% used [0x00000005cd200000,0x0000000641a5ef20,0x0000000641a80000)
 Metaspace       used 15798K, capacity 16015K, committed 16128K, reserved 1064960K
  class space    used 1443K, capacity 1516K, committed 1536K, reserved 1048576K
}
Event: 545,705 GC heap before
{Heap before GC invocations=315 (full 3):
 PSYoungGen      total 1419264K, used 144866K [0x0000000719b80000, 0x00000007c0000000, 0x00000007c0000000)
  eden space 1274368K, 0% used [0x0000000719b80000,0x0000000719b80000,0x0000000767800000)
  from space 144896K, 99% used [0x00000007b7280000,0x00000007bfff8880,0x00000007c0000000)
  to   space 724992K, 0% used [0x0000000767800000,0x0000000767800000,0x0000000793c00000)
 ParOldGen       total 1909248K, used 1909115K [0x00000005cd200000, 0x0000000641a80000, 0x0000000719b80000)
  object space 1909248K, 99% used [0x00000005cd200000,0x0000000641a5ef20,0x0000000641a80000)
 Metaspace       used 15798K, capacity 16015K, committed 16128K, reserved 1064960K
  class space    used 1443K, capacity 1516K, committed 1536K, reserved 1048576K
Event: 550,966 GC heap after
Heap after GC invocations=315 (full 3):
 PSYoungGen      total 1419264K, used 0K [0x0000000719b80000, 0x00000007c0000000, 0x00000007c0000000)
  eden space 1274368K, 0% used [0x0000000719b80000,0x0000000719b80000,0x0000000767800000)
  from space 144896K, 0% used [0x00000007b7280000,0x00000007b7280000,0x00000007c0000000)
  to   space 724992K, 0% used [0x0000000767800000,0x0000000767800000,0x0000000793c00000)
 ParOldGen       total 2842112K, used 1797597K [0x00000005cd200000, 0x000000067a980000, 0x0000000719b80000)
  object space 2842112K, 63% used [0x00000005cd200000,0x000000063ad774d8,0x000000067a980000)
 Metaspace       used 15798K, capacity 16015K, committed 16128K, reserved 1064960K
  class space    used 1443K, capacity 1516K, committed 1536K, reserved 1048576K
}

