# JRE version: Java(TM) SE Runtime Environment (8.0_201-b09) (build 1.8.0_201-b09)
# Java VM: Java HotSpot(TM) 64-Bit Server VM (25.201-b09 mixed mode linux-amd64 compressed oops)
Heap:
 PSYoungGen      total 992256K, used 131228K [0x0000000719b80000, 0x00000007c0000000, 0x00000007c0000000)
  eden space 908800K, 14% used [0x0000000719b80000,0x0000000721ba73e0,0x0000000751300000)
  from space 83456K, 0% used [0x00000007bae80000,0x00000007bae80000,0x00000007c0000000)
  to   space 907776K, 0% used [0x0000000751300000,0x0000000751300000,0x0000000788980000)
 ParOldGen       total 4021760K, used 2345387K [0x00000005cd200000, 0x00000006c2980000, 0x0000000719b80000)
  object space 4021760K, 58% used [0x00000005cd200000,0x000000065c46ae80,0x00000006c2980000)
 Metaspace       used 16209K, capacity 16393K, committed 16768K, reserved 1064960K
  class space    used 1510K, capacity 1579K, committed 1664K, reserved 1048576K
GC Heap History (10 events):
Event: 19,263 GC heap before
{Heap before GC invocations=29 (full 1):
 PSYoungGen      total 2627072K, used 2565120K [0x0000000719b80000, 0x00000007bff00000, 0x00000007c0000000)
  eden space 2548736K, 100% used [0x0000000719b80000,0x00000007b5480000,0x00000007b5480000)
  from space 78336K, 20% used [0x00000007b5480000,0x00000007b6480000,0x00000007ba100000)
  to   space 72704K, 0% used [0x00000007bb800000,0x00000007bb800000,0x00000007bff00000)
 ParOldGen       total 529920K, used 429115K [0x00000005cd200000, 0x00000005ed780000, 0x0000000719b80000)
  object space 529920K, 80% used [0x00000005cd200000,0x00000005e750ee08,0x00000005ed780000)
 Metaspace       used 14394K, capacity 14587K, committed 14848K, reserved 1062912K
  class space    used 1366K, capacity 1450K, committed 1536K, reserved 1048576K
Event: 19,282 GC heap after
Heap after GC invocations=29 (full 1):
 PSYoungGen      total 2631168K, used 18560K [0x0000000719b80000, 0x00000007bf080000, 0x00000007c0000000)
  eden space 2573312K, 0% used [0x0000000719b80000,0x0000000719b80000,0x00000007b6c80000)
  from space 57856K, 32% used [0x00000007bb800000,0x00000007bca20000,0x00000007bf080000)
  to   space 67584K, 0% used [0x00000007b6c80000,0x00000007b6c80000,0x00000007bae80000)
 ParOldGen       total 529920K, used 429115K [0x00000005cd200000, 0x00000005ed780000, 0x0000000719b80000)
  object space 529920K, 80% used [0x00000005cd200000,0x00000005e750ee08,0x00000005ed780000)
 Metaspace       used 14394K, capacity 14587K, committed 14848K, reserved 1062912K
  class space    used 1366K, capacity 1450K, committed 1536K, reserved 1048576K
}
Event: 34,311 GC heap before
{Heap before GC invocations=30 (full 1):
 PSYoungGen      total 2631168K, used 2591872K [0x0000000719b80000, 0x00000007bf080000, 0x00000007c0000000)
  eden space 2573312K, 100% used [0x0000000719b80000,0x00000007b6c80000,0x00000007b6c80000)
  from space 57856K, 32% used [0x00000007bb800000,0x00000007bca20000,0x00000007bf080000)
  to   space 67584K, 0% used [0x00000007b6c80000,0x00000007b6c80000,0x00000007bae80000)
 ParOldGen       total 529920K, used 429115K [0x00000005cd200000, 0x00000005ed780000, 0x0000000719b80000)
  object space 529920K, 80% used [0x00000005cd200000,0x00000005e750ee08,0x00000005ed780000)
 Metaspace       used 14883K, capacity 15067K, committed 15360K, reserved 1062912K
  class space    used 1418K, capacity 1482K, committed 1536K, reserved 1048576K
Event: 37,233 GC heap after
Heap after GC invocations=30 (full 1):
 PSYoungGen      total 2640896K, used 67566K [0x0000000719b80000, 0x00000007c0000000, 0x00000007c0000000)
  eden space 2573312K, 0% used [0x0000000719b80000,0x0000000719b80000,0x00000007b6c80000)
  from space 67584K, 99% used [0x00000007b6c80000,0x00000007bae7bad0,0x00000007bae80000)
  to   space 83456K, 0% used [0x00000007bae80000,0x00000007bae80000,0x00000007c0000000)
 ParOldGen       total 1832960K, used 1832594K [0x00000005cd200000, 0x000000063d000000, 0x0000000719b80000)
  object space 1832960K, 99% used [0x00000005cd200000,0x000000063cfa4a48,0x000000063d000000)
 Metaspace       used 14883K, capacity 15067K, committed 15360K, reserved 1062912K
  class space    used 1418K, capacity 1482K, committed 1536K, reserved 1048576K
}
Event: 37,233 GC heap before
{Heap before GC invocations=31 (full 2):
 PSYoungGen      total 2640896K, used 67566K [0x0000000719b80000, 0x00000007c0000000, 0x00000007c0000000)
  eden space 2573312K, 0% used [0x0000000719b80000,0x0000000719b80000,0x00000007b6c80000)
  from space 67584K, 99% used [0x00000007b6c80000,0x00000007bae7bad0,0x00000007bae80000)
  to   space 83456K, 0% used [0x00000007bae80000,0x00000007bae80000,0x00000007c0000000)
 ParOldGen       total 1832960K, used 1832594K [0x00000005cd200000, 0x000000063d000000, 0x0000000719b80000)
  object space 1832960K, 99% used [0x00000005cd200000,0x000000063cfa4a48,0x000000063d000000)
 Metaspace       used 14883K, capacity 15067K, committed 15360K, reserved 1062912K
  class space    used 1418K, capacity 1482K, committed 1536K, reserved 1048576K
Event: 41,429 GC heap after
Heap after GC invocations=31 (full 2):
 PSYoungGen      total 2640896K, used 0K [0x0000000719b80000, 0x00000007c0000000, 0x00000007c0000000)
  eden space 2573312K, 0% used [0x0000000719b80000,0x0000000719b80000,0x00000007b6c80000)
  from space 67584K, 0% used [0x00000007b6c80000,0x00000007b6c80000,0x00000007bae80000)
  to   space 83456K, 0% used [0x00000007bae80000,0x00000007bae80000,0x00000007c0000000)
 ParOldGen       total 2374144K, used 1519835K [0x00000005cd200000, 0x000000065e080000, 0x0000000719b80000)
  object space 2374144K, 64% used [0x00000005cd200000,0x0000000629e36ee0,0x000000065e080000)
 Metaspace       used 14883K, capacity 15067K, committed 15360K, reserved 1062912K
  class space    used 1418K, capacity 1482K, committed 1536K, reserved 1048576K
}
Event: 59,358 GC heap before
{Heap before GC invocations=32 (full 2):
 PSYoungGen      total 2640896K, used 2573098K [0x0000000719b80000, 0x00000007c0000000, 0x00000007c0000000)
  eden space 2573312K, 99% used [0x0000000719b80000,0x00000007b6c4abc0,0x00000007b6c80000)
  from space 67584K, 0% used [0x00000007b6c80000,0x00000007b6c80000,0x00000007bae80000)
  to   space 83456K, 0% used [0x00000007bae80000,0x00000007bae80000,0x00000007c0000000)
 ParOldGen       total 2374144K, used 1519835K [0x00000005cd200000, 0x000000065e080000, 0x0000000719b80000)
  object space 2374144K, 64% used [0x00000005cd200000,0x0000000629e36ee0,0x000000065e080000)
 Metaspace       used 15871K, capacity 16035K, committed 16256K, reserved 1064960K
  class space    used 1474K, capacity 1546K, committed 1664K, reserved 1048576K
Event: 63,918 GC heap after
Heap after GC invocations=32 (full 2):
 PSYoungGen      total 992256K, used 83425K [0x0000000719b80000, 0x00000007c0000000, 0x00000007c0000000)
  eden space 908800K, 0% used [0x0000000719b80000,0x0000000719b80000,0x0000000751300000)
  from space 83456K, 99% used [0x00000007bae80000,0x00000007bfff8460,0x00000007c0000000)
  to   space 907776K, 0% used [0x0000000751300000,0x0000000751300000,0x0000000788980000)
 ParOldGen       total 3744768K, used 3744661K [0x00000005cd200000, 0x00000006b1b00000, 0x0000000719b80000)
  object space 3744768K, 99% used [0x00000005cd200000,0x00000006b1ae5740,0x00000006b1b00000)
 Metaspace       used 15871K, capacity 16035K, committed 16256K, reserved 1064960K
  class space    used 1474K, capacity 1546K, committed 1664K, reserved 1048576K
}
Event: 63,918 GC heap before
{Heap before GC invocations=33 (full 3):
 PSYoungGen      total 992256K, used 83425K [0x0000000719b80000, 0x00000007c0000000, 0x00000007c0000000)
  eden space 908800K, 0% used [0x0000000719b80000,0x0000000719b80000,0x0000000751300000)
  from space 83456K, 99% used [0x00000007bae80000,0x00000007bfff8460,0x00000007c0000000)
  to   space 907776K, 0% used [0x0000000751300000,0x0000000751300000,0x0000000788980000)
 ParOldGen       total 3744768K, used 3744661K [0x00000005cd200000, 0x00000006b1b00000, 0x0000000719b80000)
  object space 3744768K, 99% used [0x00000005cd200000,0x00000006b1ae5740,0x00000006b1b00000)
 Metaspace       used 15871K, capacity 16035K, committed 16256K, reserved 1064960K
  class space    used 1474K, capacity 1546K, committed 1664K, reserved 1048576K
Event: 69,915 GC heap after
Heap after GC invocations=33 (full 3):
 PSYoungGen      total 992256K, used 0K [0x0000000719b80000, 0x00000007c0000000, 0x00000007c0000000)
  eden space 908800K, 0% used [0x0000000719b80000,0x0000000719b80000,0x0000000751300000)
  from space 83456K, 0% used [0x00000007bae80000,0x00000007bae80000,0x00000007c0000000)
  to   space 907776K, 0% used [0x0000000751300000,0x0000000751300000,0x0000000788980000)
 ParOldGen       total 4021760K, used 2345387K [0x00000005cd200000, 0x00000006c2980000, 0x0000000719b80000)
  object space 4021760K, 58% used [0x00000005cd200000,0x000000065c46ae80,0x00000006c2980000)
 Metaspace       used 15871K, capacity 16035K, committed 16256K, reserved 1064960K
  class space    used 1474K, capacity 1546K, committed 1664K, reserved 1048576K
}

