# JRE version: Java(TM) SE Runtime Environment (8.0_201-b09) (build 1.8.0_201-b09)
# Java VM: Java HotSpot(TM) 64-Bit Server VM (25.201-b09 mixed mode linux-amd64 compressed oops)
Heap:
 PSYoungGen      total 1625088K, used 529395K [0x0000000719b80000, 0x00000007c0000000, 0x00000007c0000000)
  eden space 1070592K, 49% used [0x0000000719b80000,0x000000073a07cd38,0x000000075b100000)
  from space 554496K, 0% used [0x000000075b100000,0x000000075b100000,0x000000077ce80000)
  to   space 801280K, 0% used [0x000000078f180000,0x000000078f180000,0x00000007c0000000)
 ParOldGen       total 1859072K, used 1046091K [0x00000005cd200000, 0x000000063e980000, 0x0000000719b80000)
  object space 1859072K, 56% used [0x00000005cd200000,0x000000060cf92dc8,0x000000063e980000)
 Metaspace       used 15340K, capacity 15491K, committed 15616K, reserved 1062912K
  class space    used 1444K, capacity 1514K, committed 1536K, reserved 1048576K
GC Heap History (10 events):
Event: 18,231 GC heap before
{Heap before GC invocations=15 (full 2):
 PSYoungGen      total 1063936K, used 143863K [0x0000000719b80000, 0x000000078d380000, 0x00000007c0000000)
  eden space 920064K, 0% used [0x0000000719b80000,0x0000000719b80000,0x0000000751e00000)
  from space 143872K, 99% used [0x0000000751e00000,0x000000075aa7dc50,0x000000075aa80000)
  to   space 267264K, 0% used [0x000000077ce80000,0x000000077ce80000,0x000000078d380000)
 ParOldGen       total 687616K, used 687596K [0x00000005cd200000, 0x00000005f7180000, 0x0000000719b80000)
  object space 687616K, 99% used [0x00000005cd200000,0x00000005f717b3e8,0x00000005f7180000)
 Metaspace       used 15308K, capacity 15491K, committed 15616K, reserved 1062912K
  class space    used 1443K, capacity 1514K, committed 1536K, reserved 1048576K
Event: 19,111 GC heap after
Heap after GC invocations=15 (full 2):
 PSYoungGen      total 1063936K, used 0K [0x0000000719b80000, 0x000000078d380000, 0x00000007c0000000)
  eden space 920064K, 0% used [0x0000000719b80000,0x0000000719b80000,0x0000000751e00000)
  from space 143872K, 0% used [0x0000000751e00000,0x0000000751e00000,0x000000075aa80000)
  to   space 267264K, 0% used [0x000000077ce80000,0x000000077ce80000,0x000000078d380000)
 ParOldGen       total 884224K, used 488564K [0x00000005cd200000, 0x0000000603180000, 0x0000000719b80000)
  object space 884224K, 55% used [0x00000005cd200000,0x00000005eaf1d0a8,0x0000000603180000)
 Metaspace       used 15308K, capacity 15491K, committed 15616K, reserved 1062912K
  class space    used 1443K, capacity 1514K, committed 1536K, reserved 1048576K
}
Event: 24,615 GC heap before
{Heap before GC invocations=16 (full 2):
 PSYoungGen      total 1063936K, used 920064K [0x0000000719b80000, 0x000000078d380000, 0x00000007c0000000)
  eden space 920064K, 100% used [0x0000000719b80000,0x0000000751e00000,0x0000000751e00000)
  from space 143872K, 0% used [0x0000000751e00000,0x0000000751e00000,0x000000075aa80000)
  to   space 267264K, 0% used [0x000000077ce80000,0x000000077ce80000,0x000000078d380000)
 ParOldGen       total 884224K, used 488564K [0x00000005cd200000, 0x0000000603180000, 0x0000000719b80000)
  object space 884224K, 55% used [0x00000005cd200000,0x00000005eaf1d0a8,0x0000000603180000)
 Metaspace       used 15332K, capacity 15491K, committed 15616K, reserved 1062912K
  class space    used 1444K, capacity 1514K, committed 1536K, reserved 1048576K
Event: 26,237 GC heap after
Heap after GC invocations=16 (full 2):
 PSYoungGen      total 1337856K, used 267233K [0x0000000719b80000, 0x00000007ae580000, 0x00000007c0000000)
  eden space 1070592K, 0% used [0x0000000719b80000,0x0000000719b80000,0x000000075b100000)
  from space 267264K, 99% used [0x000000077ce80000,0x000000078d378780,0x000000078d380000)
  to   space 554496K, 0% used [0x000000075b100000,0x000000075b100000,0x000000077ce80000)
 ParOldGen       total 1138688K, used 1138340K [0x00000005cd200000, 0x0000000612a00000, 0x0000000719b80000)
  object space 1138688K, 99% used [0x00000005cd200000,0x00000006129a90a8,0x0000000612a00000)
 Metaspace       used 15332K, capacity 15491K, committed 15616K, reserved 1062912K
  class space    used 1444K, capacity 1514K, committed 1536K, reserved 1048576K
}
Event: 26,237 GC heap before
{Heap before GC invocations=17 (full 3):
 PSYoungGen      total 1337856K, used 267233K [0x0000000719b80000, 0x00000007ae580000, 0x00000007c0000000)
  eden space 1070592K, 0% used [0x0000000719b80000,0x0000000719b80000,0x000000075b100000)
  from space 267264K, 99% used [0x000000077ce80000,0x000000078d378780,0x000000078d380000)
  to   space 554496K, 0% used [0x000000075b100000,0x000000075b100000,0x000000077ce80000)
 ParOldGen       total 1138688K, used 1138340K [0x00000005cd200000, 0x0000000612a00000, 0x0000000719b80000)
  object space 1138688K, 99% used [0x00000005cd200000,0x00000006129a90a8,0x0000000612a00000)
 Metaspace       used 15332K, capacity 15491K, committed 15616K, reserved 1062912K
  class space    used 1444K, capacity 1514K, committed 1536K, reserved 1048576K
Event: 28,450 GC heap after
Heap after GC invocations=17 (full 3):
 PSYoungGen      total 1337856K, used 0K [0x0000000719b80000, 0x00000007ae580000, 0x00000007c0000000)
  eden space 1070592K, 0% used [0x0000000719b80000,0x0000000719b80000,0x000000075b100000)
  from space 267264K, 0% used [0x000000077ce80000,0x000000077ce80000,0x000000078d380000)
  to   space 554496K, 0% used [0x000000075b100000,0x000000075b100000,0x000000077ce80000)
 ParOldGen       total 1678848K, used 1018036K [0x00000005cd200000, 0x0000000633980000, 0x0000000719b80000)
  object space 1678848K, 60% used [0x00000005cd200000,0x000000060b42d028,0x0000000633980000)
 Metaspace       used 15332K, capacity 15491K, committed 15616K, reserved 1062912K
  class space    used 1444K, capacity 1514K, committed 1536K, reserved 1048576K
}
Event: 35,931 GC heap before
{Heap before GC invocations=18 (full 3):
 PSYoungGen      total 1337856K, used 1070039K [0x0000000719b80000, 0x00000007ae580000, 0x00000007c0000000)
  eden space 1070592K, 99% used [0x0000000719b80000,0x000000075b075f80,0x000000075b100000)
  from space 267264K, 0% used [0x000000077ce80000,0x000000077ce80000,0x000000078d380000)
  to   space 554496K, 0% used [0x000000075b100000,0x000000075b100000,0x000000077ce80000)
 ParOldGen       total 1678848K, used 1018036K [0x00000005cd200000, 0x0000000633980000, 0x0000000719b80000)
  object space 1678848K, 60% used [0x00000005cd200000,0x000000060b42d028,0x0000000633980000)
 Metaspace       used 15339K, capacity 15491K, committed 15616K, reserved 1062912K
  class space    used 1444K, capacity 1514K, committed 1536K, reserved 1048576K
Event: 37,298 GC heap after
Heap after GC invocations=18 (full 3):
 PSYoungGen      total 1625088K, used 554464K [0x0000000719b80000, 0x00000007c0000000, 0x00000007c0000000)
  eden space 1070592K, 0% used [0x0000000719b80000,0x0000000719b80000,0x000000075b100000)
  from space 554496K, 99% used [0x000000075b100000,0x000000077ce781c0,0x000000077ce80000)
  to   space 801280K, 0% used [0x000000078f180000,0x000000078f180000,0x00000007c0000000)
 ParOldGen       total 1678848K, used 1408356K [0x00000005cd200000, 0x0000000633980000, 0x0000000719b80000)
  object space 1678848K, 83% used [0x00000005cd200000,0x0000000623159028,0x0000000633980000)
 Metaspace       used 15339K, capacity 15491K, committed 15616K, reserved 1062912K
  class space    used 1444K, capacity 1514K, committed 1536K, reserved 1048576K
}
Event: 37,298 GC heap before
{Heap before GC invocations=19 (full 4):
 PSYoungGen      total 1625088K, used 554464K [0x0000000719b80000, 0x00000007c0000000, 0x00000007c0000000)
  eden space 1070592K, 0% used [0x0000000719b80000,0x0000000719b80000,0x000000075b100000)
  from space 554496K, 99% used [0x000000075b100000,0x000000077ce781c0,0x000000077ce80000)
  to   space 801280K, 0% used [0x000000078f180000,0x000000078f180000,0x00000007c0000000)
 ParOldGen       total 1678848K, used 1408356K [0x00000005cd200000, 0x0000000633980000, 0x0000000719b80000)
  object space 1678848K, 83% used [0x00000005cd200000,0x0000000623159028,0x0000000633980000)
 Metaspace       used 15339K, capacity 15491K, committed 15616K, reserved 1062912K
  class space    used 1444K, capacity 1514K, committed 1536K, reserved 1048576K
Event: 38,748 GC heap after
Heap after GC invocations=19 (full 4):
 PSYoungGen      total 1625088K, used 0K [0x0000000719b80000, 0x00000007c0000000, 0x00000007c0000000)
  eden space 1070592K, 0% used [0x0000000719b80000,0x0000000719b80000,0x000000075b100000)
  from space 554496K, 0% used [0x000000075b100000,0x000000075b100000,0x000000077ce80000)
  to   space 801280K, 0% used [0x000000078f180000,0x000000078f180000,0x00000007c0000000)
 ParOldGen       total 1859072K, used 1046091K [0x00000005cd200000, 0x000000063e980000, 0x0000000719b80000)
  object space 1859072K, 56% used [0x00000005cd200000,0x000000060cf92dc8,0x000000063e980000)
 Metaspace       used 15339K, capacity 15491K, committed 15616K, reserved 1062912K
  class space    used 1444K, capacity 1514K, committed 1536K, reserved 1048576K
}

