# JRE version: Java(TM) SE Runtime Environment (8.0_201-b09) (build 1.8.0_201-b09)
# Java VM: Java HotSpot(TM) 64-Bit Server VM (25.201-b09 mixed mode linux-amd64 compressed oops)
Heap:
 PSYoungGen      total 1280000K, used 275710K [0x0000000719b80000, 0x00000007ad180000, 0x00000007c0000000)
  eden space 961536K, 28% used [0x0000000719b80000,0x000000072a8bfaf8,0x0000000754680000)
  from space 318464K, 0% used [0x0000000778380000,0x0000000778380000,0x000000078ba80000)
  to   space 586752K, 0% used [0x0000000754680000,0x0000000754680000,0x0000000778380000)
 ParOldGen       total 1674752K, used 989592K [0x00000005cd200000, 0x0000000633580000, 0x0000000719b80000)
  object space 1674752K, 59% used [0x00000005cd200000,0x00000006098661a0,0x0000000633580000)
 Metaspace       used 15133K, capacity 15299K, committed 15616K, reserved 1062912K
  class space    used 1443K, capacity 1514K, committed 1536K, reserved 1048576K
GC Heap History (10 events):
Event: 9,523 GC heap before
{Heap before GC invocations=14 (full 2):
 PSYoungGen      total 1024512K, used 134632K [0x0000000719b80000, 0x000000076c480000, 0x00000007c0000000)
  eden space 889856K, 0% used [0x0000000719b80000,0x0000000719b80000,0x0000000750080000)
  from space 134656K, 99% used [0x000000075c580000,0x00000007648fa0b8,0x0000000764900000)
  to   space 201728K, 0% used [0x0000000750080000,0x0000000750080000,0x000000075c580000)
 ParOldGen       total 521728K, used 442712K [0x00000005cd200000, 0x00000005ecf80000, 0x0000000719b80000)
  object space 521728K, 84% used [0x00000005cd200000,0x00000005e8256060,0x00000005ecf80000)
 Metaspace       used 14537K, capacity 14715K, committed 15104K, reserved 1062912K
  class space    used 1385K, capacity 1450K, committed 1536K, reserved 1048576K
Event: 9,836 GC heap after
Heap after GC invocations=14 (full 2):
 PSYoungGen      total 1024512K, used 0K [0x0000000719b80000, 0x000000076c480000, 0x00000007c0000000)
  eden space 889856K, 0% used [0x0000000719b80000,0x0000000719b80000,0x0000000750080000)
  from space 134656K, 0% used [0x000000075c580000,0x000000075c580000,0x0000000764900000)
  to   space 201728K, 0% used [0x0000000750080000,0x0000000750080000,0x000000075c580000)
 ParOldGen       total 837632K, used 511256K [0x00000005cd200000, 0x0000000600400000, 0x0000000719b80000)
  object space 837632K, 61% used [0x00000005cd200000,0x00000005ec546228,0x0000000600400000)
 Metaspace       used 14537K, capacity 14715K, committed 15104K, reserved 1062912K
  class space    used 1385K, capacity 1450K, committed 1536K, reserved 1048576K
}
Event: 18,134 GC heap before
{Heap before GC invocations=15 (full 2):
 PSYoungGen      total 1024512K, used 889856K [0x0000000719b80000, 0x000000076c480000, 0x00000007c0000000)
  eden space 889856K, 100% used [0x0000000719b80000,0x0000000750080000,0x0000000750080000)
  from space 134656K, 0% used [0x000000075c580000,0x000000075c580000,0x0000000764900000)
  to   space 201728K, 0% used [0x0000000750080000,0x0000000750080000,0x000000075c580000)
 ParOldGen       total 837632K, used 511256K [0x00000005cd200000, 0x0000000600400000, 0x0000000719b80000)
  object space 837632K, 61% used [0x00000005cd200000,0x00000005ec546228,0x0000000600400000)
 Metaspace       used 15118K, capacity 15299K, committed 15616K, reserved 1062912K
  class space    used 1442K, capacity 1514K, committed 1536K, reserved 1048576K
Event: 18,718 GC heap after
Heap after GC invocations=15 (full 2):
 PSYoungGen      total 1091584K, used 201722K [0x0000000719b80000, 0x000000078ba80000, 0x00000007c0000000)
  eden space 889856K, 0% used [0x0000000719b80000,0x0000000719b80000,0x0000000750080000)
  from space 201728K, 99% used [0x0000000750080000,0x000000075c57eb50,0x000000075c580000)
  to   space 318464K, 0% used [0x0000000778380000,0x0000000778380000,0x000000078ba80000)
 ParOldGen       total 837632K, used 732890K [0x00000005cd200000, 0x0000000600400000, 0x0000000719b80000)
  object space 837632K, 87% used [0x00000005cd200000,0x00000005f9db6a60,0x0000000600400000)
 Metaspace       used 15118K, capacity 15299K, committed 15616K, reserved 1062912K
  class space    used 1442K, capacity 1514K, committed 1536K, reserved 1048576K
}
Event: 18,718 GC heap before
{Heap before GC invocations=16 (full 3):
 PSYoungGen      total 1091584K, used 201722K [0x0000000719b80000, 0x000000078ba80000, 0x00000007c0000000)
  eden space 889856K, 0% used [0x0000000719b80000,0x0000000719b80000,0x0000000750080000)
  from space 201728K, 99% used [0x0000000750080000,0x000000075c57eb50,0x000000075c580000)
  to   space 318464K, 0% used [0x0000000778380000,0x0000000778380000,0x000000078ba80000)
 ParOldGen       total 837632K, used 732890K [0x00000005cd200000, 0x0000000600400000, 0x0000000719b80000)
  object space 837632K, 87% used [0x00000005cd200000,0x00000005f9db6a60,0x0000000600400000)
 Metaspace       used 15118K, capacity 15299K, committed 15616K, reserved 1062912K
  class space    used 1442K, capacity 1514K, committed 1536K, reserved 1048576K
Event: 19,461 GC heap after
Heap after GC invocations=16 (full 3):
 PSYoungGen      total 1091584K, used 0K [0x0000000719b80000, 0x000000078ba80000, 0x00000007c0000000)
  eden space 889856K, 0% used [0x0000000719b80000,0x0000000719b80000,0x0000000750080000)
  from space 201728K, 0% used [0x0000000750080000,0x0000000750080000,0x000000075c580000)
  to   space 318464K, 0% used [0x0000000778380000,0x0000000778380000,0x000000078ba80000)
 ParOldGen       total 946176K, used 509602K [0x00000005cd200000, 0x0000000606e00000, 0x0000000719b80000)
  object space 946176K, 53% used [0x00000005cd200000,0x00000005ec3a8938,0x0000000606e00000)
 Metaspace       used 15118K, capacity 15299K, committed 15616K, reserved 1062912K
  class space    used 1442K, capacity 1514K, committed 1536K, reserved 1048576K
}
Event: 25,264 GC heap before
{Heap before GC invocations=17 (full 3):
 PSYoungGen      total 1091584K, used 889856K [0x0000000719b80000, 0x000000078ba80000, 0x00000007c0000000)
  eden space 889856K, 100% used [0x0000000719b80000,0x0000000750080000,0x0000000750080000)
  from space 201728K, 0% used [0x0000000750080000,0x0000000750080000,0x000000075c580000)
  to   space 318464K, 0% used [0x0000000778380000,0x0000000778380000,0x000000078ba80000)
 ParOldGen       total 946176K, used 509602K [0x00000005cd200000, 0x0000000606e00000, 0x0000000719b80000)
  object space 946176K, 53% used [0x00000005cd200000,0x00000005ec3a8938,0x0000000606e00000)
 Metaspace       used 15133K, capacity 15299K, committed 15616K, reserved 1062912K
  class space    used 1443K, capacity 1514K, committed 1536K, reserved 1048576K
Event: 26,774 GC heap after
Heap after GC invocations=17 (full 3):
 PSYoungGen      total 1280000K, used 318433K [0x0000000719b80000, 0x00000007ad180000, 0x00000007c0000000)
  eden space 961536K, 0% used [0x0000000719b80000,0x0000000719b80000,0x0000000754680000)
  from space 318464K, 99% used [0x0000000778380000,0x000000078ba78790,0x000000078ba80000)
  to   space 586752K, 0% used [0x0000000754680000,0x0000000754680000,0x0000000778380000)
 ParOldGen       total 1080832K, used 1080562K [0x00000005cd200000, 0x000000060f180000, 0x0000000719b80000)
  object space 1080832K, 99% used [0x00000005cd200000,0x000000060f13c938,0x000000060f180000)
 Metaspace       used 15133K, capacity 15299K, committed 15616K, reserved 1062912K
  class space    used 1443K, capacity 1514K, committed 1536K, reserved 1048576K
}
Event: 26,774 GC heap before
{Heap before GC invocations=18 (full 4):
 PSYoungGen      total 1280000K, used 318433K [0x0000000719b80000, 0x00000007ad180000, 0x00000007c0000000)
  eden space 961536K, 0% used [0x0000000719b80000,0x0000000719b80000,0x0000000754680000)
  from space 318464K, 99% used [0x0000000778380000,0x000000078ba78790,0x000000078ba80000)
  to   space 586752K, 0% used [0x0000000754680000,0x0000000754680000,0x0000000778380000)
 ParOldGen       total 1080832K, used 1080562K [0x00000005cd200000, 0x000000060f180000, 0x0000000719b80000)
  object space 1080832K, 99% used [0x00000005cd200000,0x000000060f13c938,0x000000060f180000)
 Metaspace       used 15133K, capacity 15299K, committed 15616K, reserved 1062912K
  class space    used 1443K, capacity 1514K, committed 1536K, reserved 1048576K
Event: 28,658 GC heap after
Heap after GC invocations=18 (full 4):
 PSYoungGen      total 1280000K, used 0K [0x0000000719b80000, 0x00000007ad180000, 0x00000007c0000000)
  eden space 961536K, 0% used [0x0000000719b80000,0x0000000719b80000,0x0000000754680000)
  from space 318464K, 0% used [0x0000000778380000,0x0000000778380000,0x000000078ba80000)
  to   space 586752K, 0% used [0x0000000754680000,0x0000000754680000,0x0000000778380000)
 ParOldGen       total 1674752K, used 989592K [0x00000005cd200000, 0x0000000633580000, 0x0000000719b80000)
  object space 1674752K, 59% used [0x00000005cd200000,0x00000006098661a0,0x0000000633580000)
 Metaspace       used 15133K, capacity 15299K, committed 15616K, reserved 1062912K
  class space    used 1443K, capacity 1514K, committed 1536K, reserved 1048576K
}

