# JRE version: Java(TM) SE Runtime Environment (8.0_201-b09) (build 1.8.0_201-b09)
# Java VM: Java HotSpot(TM) 64-Bit Server VM (25.201-b09 mixed mode linux-amd64 compressed oops)
Heap:
 PSYoungGen      total 4286976K, used 0K [0x00000005cc000000, 0x00000007b1580000, 0x00000007c0000000)
  eden space 3338240K, 0% used [0x00000005cc000000,0x00000005cc000000,0x0000000697c00000)
  from space 948736K, 0% used [0x0000000697c00000,0x0000000697c00000,0x00000006d1a80000)
  to   space 2238976K, 0% used [0x0000000728b00000,0x0000000728b00000,0x00000007b1580000)
 ParOldGen       total 8987648K, used 8645176K [0x00000001e4000000, 0x0000000408900000, 0x00000005cc000000)
  object space 8987648K, 96% used [0x00000001e4000000,0x00000003f3a8e270,0x0000000408900000)
 Metaspace       used 21491K, capacity 21797K, committed 22016K, reserved 1069056K
  class space    used 1903K, capacity 1998K, committed 2048K, reserved 1048576K
GC Heap History (10 events):
Event: 2706,601 GC heap after
Heap after GC invocations=72 (full 11):
 PSYoungGen      total 5327872K, used 876333K [0x00000005cc000000, 0x00000007a3800000, 0x00000007c0000000)
  eden space 2793472K, 0% used [0x00000005cc000000,0x00000005cc000000,0x0000000676800000)
  from space 2534400K, 34% used [0x0000000676800000,0x00000006abfcb710,0x0000000711300000)
  to   space 2379264K, 0% used [0x0000000712480000,0x0000000712480000,0x00000007a3800000)
 ParOldGen       total 8987648K, used 7568154K [0x00000001e4000000, 0x0000000408900000, 0x00000005cc000000)
  object space 8987648K, 84% used [0x00000001e4000000,0x00000003b1ec6828,0x0000000408900000)
 Metaspace       used 21489K, capacity 21797K, committed 22016K, reserved 1069056K
  class space    used 1903K, capacity 1998K, committed 2048K, reserved 1048576K
}
Event: 2751,848 GC heap before
{Heap before GC invocations=73 (full 11):
 PSYoungGen      total 5327872K, used 3669805K [0x00000005cc000000, 0x00000007a3800000, 0x00000007c0000000)
  eden space 2793472K, 100% used [0x00000005cc000000,0x0000000676800000,0x0000000676800000)
  from space 2534400K, 34% used [0x0000000676800000,0x00000006abfcb710,0x0000000711300000)
  to   space 2379264K, 0% used [0x0000000712480000,0x0000000712480000,0x00000007a3800000)
 ParOldGen       total 8987648K, used 7568154K [0x00000001e4000000, 0x0000000408900000, 0x00000005cc000000)
  object space 8987648K, 84% used [0x00000001e4000000,0x00000003b1ec6828,0x0000000408900000)
 Metaspace       used 21491K, capacity 21797K, committed 22016K, reserved 1069056K
  class space    used 1903K, capacity 1998K, committed 2048K, reserved 1048576K
Event: 2753,303 GC heap after
Heap after GC invocations=73 (full 11):
 PSYoungGen      total 5363712K, used 1183396K [0x00000005cc000000, 0x00000007a2e80000, 0x00000007c0000000)
  eden space 2994176K, 0% used [0x00000005cc000000,0x00000005cc000000,0x0000000682c00000)
  from space 2369536K, 49% used [0x0000000712480000,0x000000075a8291c8,0x00000007a2e80000)
  to   space 2351616K, 0% used [0x0000000682c00000,0x0000000682c00000,0x0000000712480000)
 ParOldGen       total 8987648K, used 7568154K [0x00000001e4000000, 0x0000000408900000, 0x00000005cc000000)
  object space 8987648K, 84% used [0x00000001e4000000,0x00000003b1ec6828,0x0000000408900000)
 Metaspace       used 21491K, capacity 21797K, committed 22016K, reserved 1069056K
  class space    used 1903K, capacity 1998K, committed 2048K, reserved 1048576K
}
Event: 2809,101 GC heap before
{Heap before GC invocations=74 (full 11):
 PSYoungGen      total 5363712K, used 4177572K [0x00000005cc000000, 0x00000007a2e80000, 0x00000007c0000000)
  eden space 2994176K, 100% used [0x00000005cc000000,0x0000000682c00000,0x0000000682c00000)
  from space 2369536K, 49% used [0x0000000712480000,0x000000075a8291c8,0x00000007a2e80000)
  to   space 2351616K, 0% used [0x0000000682c00000,0x0000000682c00000,0x0000000712480000)
 ParOldGen       total 8987648K, used 7568154K [0x00000001e4000000, 0x0000000408900000, 0x00000005cc000000)
  object space 8987648K, 84% used [0x00000001e4000000,0x00000003b1ec6828,0x0000000408900000)
 Metaspace       used 21491K, capacity 21797K, committed 22016K, reserved 1069056K
  class space    used 1903K, capacity 1998K, committed 2048K, reserved 1048576K
Event: 2813,425 GC heap after
Heap after GC invocations=74 (full 11):
 PSYoungGen      total 5345792K, used 1505161K [0x00000005cc000000, 0x00000007c0000000, 0x00000007c0000000)
  eden space 2994176K, 0% used [0x00000005cc000000,0x00000005cc000000,0x0000000682c00000)
  from space 2351616K, 64% used [0x0000000682c00000,0x00000006de9e2578,0x0000000712480000)
  to   space 2437120K, 0% used [0x000000072b400000,0x000000072b400000,0x00000007c0000000)
 ParOldGen       total 8987648K, used 7568154K [0x00000001e4000000, 0x0000000408900000, 0x00000005cc000000)
  object space 8987648K, 84% used [0x00000001e4000000,0x00000003b1ec6828,0x0000000408900000)
 Metaspace       used 21491K, capacity 21797K, committed 22016K, reserved 1069056K
  class space    used 1903K, capacity 1998K, committed 2048K, reserved 1048576K
}
Event: 2868,540 GC heap before
{Heap before GC invocations=75 (full 11):
 PSYoungGen      total 5345792K, used 4499337K [0x00000005cc000000, 0x00000007c0000000, 0x00000007c0000000)
  eden space 2994176K, 100% used [0x00000005cc000000,0x0000000682c00000,0x0000000682c00000)
  from space 2351616K, 64% used [0x0000000682c00000,0x00000006de9e2578,0x0000000712480000)
  to   space 2437120K, 0% used [0x000000072b400000,0x000000072b400000,0x00000007c0000000)
 ParOldGen       total 8987648K, used 7568154K [0x00000001e4000000, 0x0000000408900000, 0x00000005cc000000)
  object space 8987648K, 84% used [0x00000001e4000000,0x00000003b1ec6828,0x0000000408900000)
 Metaspace       used 21491K, capacity 21797K, committed 22016K, reserved 1069056K
  class space    used 1903K, capacity 1998K, committed 2048K, reserved 1048576K
Event: 2871,232 GC heap after
Heap after GC invocations=75 (full 11):
 PSYoungGen      total 5678080K, used 1184164K [0x00000005cc000000, 0x00000007ba100000, 0x00000007c0000000)
  eden space 3338240K, 0% used [0x00000005cc000000,0x00000005cc000000,0x0000000697c00000)
  from space 2339840K, 50% used [0x000000072b400000,0x00000007738691d8,0x00000007ba100000)
  to   space 2378240K, 0% used [0x0000000697c00000,0x0000000697c00000,0x0000000728e80000)
 ParOldGen       total 8987648K, used 8160923K [0x00000001e4000000, 0x0000000408900000, 0x00000005cc000000)
  object space 8987648K, 90% used [0x00000001e4000000,0x00000003d61a6c48,0x0000000408900000)
 Metaspace       used 21491K, capacity 21797K, committed 22016K, reserved 1069056K
  class space    used 1903K, capacity 1998K, committed 2048K, reserved 1048576K
}
Event: 2943,233 GC heap before
{Heap before GC invocations=76 (full 11):
 PSYoungGen      total 5678080K, used 4522404K [0x00000005cc000000, 0x00000007ba100000, 0x00000007c0000000)
  eden space 3338240K, 100% used [0x00000005cc000000,0x0000000697c00000,0x0000000697c00000)
  from space 2339840K, 50% used [0x000000072b400000,0x00000007738691d8,0x00000007ba100000)
  to   space 2378240K, 0% used [0x0000000697c00000,0x0000000697c00000,0x0000000728e80000)
 ParOldGen       total 8987648K, used 8160923K [0x00000001e4000000, 0x0000000408900000, 0x00000005cc000000)
  object space 8987648K, 90% used [0x00000001e4000000,0x00000003d61a6c48,0x0000000408900000)
 Metaspace       used 21491K, capacity 21797K, committed 22016K, reserved 1069056K
  class space    used 1903K, capacity 1998K, committed 2048K, reserved 1048576K
Event: 2946,166 GC heap after
Heap after GC invocations=76 (full 11):
 PSYoungGen      total 4286976K, used 948718K [0x00000005cc000000, 0x00000007b1580000, 0x00000007c0000000)
  eden space 3338240K, 0% used [0x00000005cc000000,0x00000005cc000000,0x0000000697c00000)
  from space 948736K, 99% used [0x0000000697c00000,0x00000006d1a7b9c0,0x00000006d1a80000)
  to   space 2238976K, 0% used [0x0000000728b00000,0x0000000728b00000,0x00000007b1580000)
 ParOldGen       total 8987648K, used 8750302K [0x00000001e4000000, 0x0000000408900000, 0x00000005cc000000)
  object space 8987648K, 97% used [0x00000001e4000000,0x00000003fa1379f0,0x0000000408900000)
 Metaspace       used 21491K, capacity 21797K, committed 22016K, reserved 1069056K
  class space    used 1903K, capacity 1998K, committed 2048K, reserved 1048576K
}
Event: 2946,169 GC heap before
{Heap before GC invocations=77 (full 12):
 PSYoungGen      total 4286976K, used 948718K [0x00000005cc000000, 0x00000007b1580000, 0x00000007c0000000)
  eden space 3338240K, 0% used [0x00000005cc000000,0x00000005cc000000,0x0000000697c00000)
  from space 948736K, 99% used [0x0000000697c00000,0x00000006d1a7b9c0,0x00000006d1a80000)
  to   space 2238976K, 0% used [0x0000000728b00000,0x0000000728b00000,0x00000007b1580000)
 ParOldGen       total 8987648K, used 8750302K [0x00000001e4000000, 0x0000000408900000, 0x00000005cc000000)
  object space 8987648K, 97% used [0x00000001e4000000,0x00000003fa1379f0,0x0000000408900000)
 Metaspace       used 21491K, capacity 21797K, committed 22016K, reserved 1069056K
  class space    used 1903K, capacity 1998K, committed 2048K, reserved 1048576K

