# JRE version: Java(TM) SE Runtime Environment (8.0_201-b09) (build 1.8.0_201-b09)
# Java VM: Java HotSpot(TM) 64-Bit Server VM (25.201-b09 mixed mode linux-amd64 compressed oops)
Heap:
 PSYoungGen      total 2720256K, used 990546K [0x0000000719b80000, 0x00000007c0000000, 0x00000007c0000000)
  eden space 2716160K, 36% used [0x0000000719b80000,0x00000007562d49c0,0x00000007bf800000)
  from space 4096K, 0% used [0x00000007bf800000,0x00000007bf800000,0x00000007bfc00000)
  to   space 4096K, 0% used [0x00000007bfc00000,0x00000007bfc00000,0x00000007c0000000)
 ParOldGen       total 2355200K, used 1925369K [0x00000005cd200000, 0x000000065ce00000, 0x0000000719b80000)
  object space 2355200K, 81% used [0x00000005cd200000,0x0000000642a3e608,0x000000065ce00000)
 Metaspace       used 15108K, capacity 15291K, committed 15616K, reserved 1062912K
  class space    used 1433K, capacity 1514K, committed 1536K, reserved 1048576K
GC Heap History (10 events):
Event: 121,777 GC heap before
{Heap before GC invocations=115 (full 1):
 PSYoungGen      total 2720256K, used 2720096K [0x0000000719b80000, 0x00000007c0000000, 0x00000007c0000000)
  eden space 2716160K, 100% used [0x0000000719b80000,0x00000007bf800000,0x00000007bf800000)
  from space 4096K, 96% used [0x00000007bf800000,0x00000007bfbd8000,0x00000007bfc00000)
  to   space 4096K, 0% used [0x00000007bfc00000,0x00000007bfc00000,0x00000007c0000000)
 ParOldGen       total 526848K, used 432069K [0x00000005cd200000, 0x00000005ed480000, 0x0000000719b80000)
  object space 526848K, 82% used [0x00000005cd200000,0x00000005e77f1740,0x00000005ed480000)
 Metaspace       used 14404K, capacity 14587K, committed 14848K, reserved 1062912K
  class space    used 1366K, capacity 1450K, committed 1536K, reserved 1048576K
Event: 121,783 GC heap after
Heap after GC invocations=115 (full 1):
 PSYoungGen      total 2720256K, used 4000K [0x0000000719b80000, 0x00000007c0000000, 0x00000007c0000000)
  eden space 2716160K, 0% used [0x0000000719b80000,0x0000000719b80000,0x00000007bf800000)
  from space 4096K, 97% used [0x00000007bfc00000,0x00000007bffe8000,0x00000007c0000000)
  to   space 4096K, 0% used [0x00000007bf800000,0x00000007bf800000,0x00000007bfc00000)
 ParOldGen       total 526848K, used 432357K [0x00000005cd200000, 0x00000005ed480000, 0x0000000719b80000)
  object space 526848K, 82% used [0x00000005cd200000,0x00000005e7839740,0x00000005ed480000)
 Metaspace       used 14404K, capacity 14587K, committed 14848K, reserved 1062912K
  class space    used 1366K, capacity 1450K, committed 1536K, reserved 1048576K
}
Event: 123,247 GC heap before
{Heap before GC invocations=116 (full 1):
 PSYoungGen      total 2720256K, used 2719371K [0x0000000719b80000, 0x00000007c0000000, 0x00000007c0000000)
  eden space 2716160K, 99% used [0x0000000719b80000,0x00000007bf73ac68,0x00000007bf800000)
  from space 4096K, 97% used [0x00000007bfc00000,0x00000007bffe8000,0x00000007c0000000)
  to   space 4096K, 0% used [0x00000007bf800000,0x00000007bf800000,0x00000007bfc00000)
 ParOldGen       total 526848K, used 432357K [0x00000005cd200000, 0x00000005ed480000, 0x0000000719b80000)
  object space 526848K, 82% used [0x00000005cd200000,0x00000005e7839740,0x00000005ed480000)
 Metaspace       used 14529K, capacity 14715K, committed 15104K, reserved 1062912K
  class space    used 1380K, capacity 1450K, committed 1536K, reserved 1048576K
Event: 123,279 GC heap after
Heap after GC invocations=116 (full 1):
 PSYoungGen      total 2720256K, used 4081K [0x0000000719b80000, 0x00000007c0000000, 0x00000007c0000000)
  eden space 2716160K, 0% used [0x0000000719b80000,0x0000000719b80000,0x00000007bf800000)
  from space 4096K, 99% used [0x00000007bf800000,0x00000007bfbfc7e8,0x00000007bfc00000)
  to   space 4096K, 0% used [0x00000007bfc00000,0x00000007bfc00000,0x00000007c0000000)
 ParOldGen       total 584192K, used 580952K [0x00000005cd200000, 0x00000005f0c80000, 0x0000000719b80000)
  object space 584192K, 99% used [0x00000005cd200000,0x00000005f0956380,0x00000005f0c80000)
 Metaspace       used 14529K, capacity 14715K, committed 15104K, reserved 1062912K
  class space    used 1380K, capacity 1450K, committed 1536K, reserved 1048576K
}
Event: 123,279 GC heap before
{Heap before GC invocations=117 (full 2):
 PSYoungGen      total 2720256K, used 4081K [0x0000000719b80000, 0x00000007c0000000, 0x00000007c0000000)
  eden space 2716160K, 0% used [0x0000000719b80000,0x0000000719b80000,0x00000007bf800000)
  from space 4096K, 99% used [0x00000007bf800000,0x00000007bfbfc7e8,0x00000007bfc00000)
  to   space 4096K, 0% used [0x00000007bfc00000,0x00000007bfc00000,0x00000007c0000000)
 ParOldGen       total 584192K, used 580952K [0x00000005cd200000, 0x00000005f0c80000, 0x0000000719b80000)
  object space 584192K, 99% used [0x00000005cd200000,0x00000005f0956380,0x00000005f0c80000)
 Metaspace       used 14529K, capacity 14715K, committed 15104K, reserved 1062912K
  class space    used 1380K, capacity 1450K, committed 1536K, reserved 1048576K
Event: 123,823 GC heap after
Heap after GC invocations=117 (full 2):
 PSYoungGen      total 2720256K, used 0K [0x0000000719b80000, 0x00000007c0000000, 0x00000007c0000000)
  eden space 2716160K, 0% used [0x0000000719b80000,0x0000000719b80000,0x00000007bf800000)
  from space 4096K, 0% used [0x00000007bf800000,0x00000007bf800000,0x00000007bfc00000)
  to   space 4096K, 0% used [0x00000007bfc00000,0x00000007bfc00000,0x00000007c0000000)
 ParOldGen       total 833536K, used 494644K [0x00000005cd200000, 0x0000000600000000, 0x0000000719b80000)
  object space 833536K, 59% used [0x00000005cd200000,0x00000005eb50d280,0x0000000600000000)
 Metaspace       used 14529K, capacity 14715K, committed 15104K, reserved 1062912K
  class space    used 1380K, capacity 1450K, committed 1536K, reserved 1048576K
}
Event: 148,715 GC heap before
{Heap before GC invocations=118 (full 2):
 PSYoungGen      total 2720256K, used 2716160K [0x0000000719b80000, 0x00000007c0000000, 0x00000007c0000000)
  eden space 2716160K, 100% used [0x0000000719b80000,0x00000007bf800000,0x00000007bf800000)
  from space 4096K, 0% used [0x00000007bf800000,0x00000007bf800000,0x00000007bfc00000)
  to   space 4096K, 0% used [0x00000007bfc00000,0x00000007bfc00000,0x00000007c0000000)
 ParOldGen       total 833536K, used 494644K [0x00000005cd200000, 0x0000000600000000, 0x0000000719b80000)
  object space 833536K, 59% used [0x00000005cd200000,0x00000005eb50d280,0x0000000600000000)
 Metaspace       used 15090K, capacity 15291K, committed 15616K, reserved 1062912K
  class space    used 1433K, capacity 1514K, committed 1536K, reserved 1048576K
Event: 155,367 GC heap after
Heap after GC invocations=118 (full 2):
 PSYoungGen      total 2720256K, used 2716160K [0x0000000719b80000, 0x00000007c0000000, 0x00000007c0000000)
  eden space 2716160K, 100% used [0x0000000719b80000,0x00000007bf800000,0x00000007bf800000)
  from space 4096K, 0% used [0x00000007bf800000,0x00000007bf800000,0x00000007bfc00000)
  to   space 4096K, 99% used [0x00000007bfc00000,0x00000007bffff908,0x00000007c0000000)
 ParOldGen       total 2348032K, used 2347981K [0x00000005cd200000, 0x000000065c700000, 0x0000000719b80000)
  object space 2348032K, 99% used [0x00000005cd200000,0x000000065c6f35b8,0x000000065c700000)
 Metaspace       used 15090K, capacity 15291K, committed 15616K, reserved 1062912K
  class space    used 1433K, capacity 1514K, committed 1536K, reserved 1048576K
}
Event: 155,367 GC heap before
{Heap before GC invocations=119 (full 3):
 PSYoungGen      total 2720256K, used 2716160K [0x0000000719b80000, 0x00000007c0000000, 0x00000007c0000000)
  eden space 2716160K, 100% used [0x0000000719b80000,0x00000007bf800000,0x00000007bf800000)
  from space 4096K, 0% used [0x00000007bf800000,0x00000007bf800000,0x00000007bfc00000)
  to   space 4096K, 99% used [0x00000007bfc00000,0x00000007bffff908,0x00000007c0000000)
 ParOldGen       total 2348032K, used 2347981K [0x00000005cd200000, 0x000000065c700000, 0x0000000719b80000)
  object space 2348032K, 99% used [0x00000005cd200000,0x000000065c6f35b8,0x000000065c700000)
 Metaspace       used 15090K, capacity 15291K, committed 15616K, reserved 1062912K
  class space    used 1433K, capacity 1514K, committed 1536K, reserved 1048576K
Event: 161,743 GC heap after
Heap after GC invocations=119 (full 3):
 PSYoungGen      total 2720256K, used 0K [0x0000000719b80000, 0x00000007c0000000, 0x00000007c0000000)
  eden space 2716160K, 0% used [0x0000000719b80000,0x0000000719b80000,0x00000007bf800000)
  from space 4096K, 0% used [0x00000007bf800000,0x00000007bf800000,0x00000007bfc00000)
  to   space 4096K, 0% used [0x00000007bfc00000,0x00000007bfc00000,0x00000007c0000000)
 ParOldGen       total 2355200K, used 1925369K [0x00000005cd200000, 0x000000065ce00000, 0x0000000719b80000)
  object space 2355200K, 81% used [0x00000005cd200000,0x0000000642a3e608,0x000000065ce00000)
 Metaspace       used 15090K, capacity 15291K, committed 15616K, reserved 1062912K
  class space    used 1433K, capacity 1514K, committed 1536K, reserved 1048576K
}

