# JRE version: Java(TM) SE Runtime Environment (8.0_201-b09) (build 1.8.0_201-b09)
# Java VM: Java HotSpot(TM) 64-Bit Server VM (25.201-b09 mixed mode linux-amd64 compressed oops)
Heap:
 PSYoungGen      total 1196032K, used 672204K [0x00000005a2580000, 0x000000060f200000, 0x00000007c0000000)
  eden space 765440K, 31% used [0x00000005a2580000,0x00000005b14280d8,0x00000005d1100000)
  from space 430592K, 99% used [0x00000005f1100000,0x000000060b2cb0b0,0x000000060b580000)
  to   space 508416K, 0% used [0x00000005d1100000,0x00000005d1100000,0x00000005f0180000)
 ParOldGen       total 1657344K, used 1058440K [0x0000000167000000, 0x00000001cc280000, 0x00000005a2580000)
  object space 1657344K, 63% used [0x0000000167000000,0x00000001a79a22d8,0x00000001cc280000)
 Metaspace       used 39812K, capacity 40256K, committed 40704K, reserved 1085440K
  class space    used 4697K, capacity 4799K, committed 4864K, reserved 1048576K
GC Heap History (10 events):
Event: 7,106 GC heap before
{Heap before GC invocations=14 (full 2):
 PSYoungGen      total 662528K, used 640490K [0x00000005a2580000, 0x00000005df080000, 0x00000007c0000000)
  eden space 543232K, 100% used [0x00000005a2580000,0x00000005c3800000,0x00000005c3800000)
  from space 119296K, 81% used [0x00000005c3800000,0x00000005c96faac0,0x00000005cac80000)
  to   space 130560K, 0% used [0x00000005d7100000,0x00000005d7100000,0x00000005df080000)
 ParOldGen       total 309248K, used 171157K [0x0000000167000000, 0x0000000179e00000, 0x00000005a2580000)
  object space 309248K, 55% used [0x0000000167000000,0x00000001717256c8,0x0000000179e00000)
 Metaspace       used 38122K, capacity 38580K, committed 39040K, reserved 1083392K
  class space    used 4542K, capacity 4669K, committed 4736K, reserved 1048576K
Event: 7,146 GC heap after
Heap after GC invocations=14 (full 2):
 PSYoungGen      total 736256K, used 130538K [0x00000005a2580000, 0x00000005f1200000, 0x00000007c0000000)
  eden space 605696K, 0% used [0x00000005a2580000,0x00000005a2580000,0x00000005c7500000)
  from space 130560K, 99% used [0x00000005d7100000,0x00000005df07abb8,0x00000005df080000)
  to   space 258048K, 0% used [0x00000005c7500000,0x00000005c7500000,0x00000005d7100000)
 ParOldGen       total 458752K, used 457164K [0x0000000167000000, 0x0000000183000000, 0x00000005a2580000)
  object space 458752K, 99% used [0x0000000167000000,0x0000000182e73030,0x0000000183000000)
 Metaspace       used 38122K, capacity 38580K, committed 39040K, reserved 1083392K
  class space    used 4542K, capacity 4669K, committed 4736K, reserved 1048576K
}
Event: 7,146 GC heap before
{Heap before GC invocations=15 (full 3):
 PSYoungGen      total 736256K, used 130538K [0x00000005a2580000, 0x00000005f1200000, 0x00000007c0000000)
  eden space 605696K, 0% used [0x00000005a2580000,0x00000005a2580000,0x00000005c7500000)
  from space 130560K, 99% used [0x00000005d7100000,0x00000005df07abb8,0x00000005df080000)
  to   space 258048K, 0% used [0x00000005c7500000,0x00000005c7500000,0x00000005d7100000)
 ParOldGen       total 458752K, used 457164K [0x0000000167000000, 0x0000000183000000, 0x00000005a2580000)
  object space 458752K, 99% used [0x0000000167000000,0x0000000182e73030,0x0000000183000000)
 Metaspace       used 38122K, capacity 38580K, committed 39040K, reserved 1083392K
  class space    used 4542K, capacity 4669K, committed 4736K, reserved 1048576K
Event: 7,286 GC heap after
Heap after GC invocations=15 (full 3):
 PSYoungGen      total 736256K, used 111886K [0x00000005a2580000, 0x00000005f1200000, 0x00000007c0000000)
  eden space 605696K, 0% used [0x00000005a2580000,0x00000005a2580000,0x00000005c7500000)
  from space 130560K, 85% used [0x00000005d7100000,0x00000005dde43b30,0x00000005df080000)
  to   space 258048K, 0% used [0x00000005c7500000,0x00000005c7500000,0x00000005d7100000)
 ParOldGen       total 945664K, used 458582K [0x0000000167000000, 0x00000001a0b80000, 0x00000005a2580000)
  object space 945664K, 48% used [0x0000000167000000,0x0000000182fd5a80,0x00000001a0b80000)
 Metaspace       used 38122K, capacity 38580K, committed 39040K, reserved 1083392K
  class space    used 4542K, capacity 4669K, committed 4736K, reserved 1048576K
}
Event: 7,555 GC heap before
{Heap before GC invocations=16 (full 3):
 PSYoungGen      total 736256K, used 717582K [0x00000005a2580000, 0x00000005f1200000, 0x00000007c0000000)
  eden space 605696K, 100% used [0x00000005a2580000,0x00000005c7500000,0x00000005c7500000)
  from space 130560K, 85% used [0x00000005d7100000,0x00000005dde43b30,0x00000005df080000)
  to   space 258048K, 0% used [0x00000005c7500000,0x00000005c7500000,0x00000005d7100000)
 ParOldGen       total 945664K, used 458582K [0x0000000167000000, 0x00000001a0b80000, 0x00000005a2580000)
  object space 945664K, 48% used [0x0000000167000000,0x0000000182fd5a80,0x00000001a0b80000)
 Metaspace       used 38572K, capacity 38964K, committed 39296K, reserved 1083392K
  class space    used 4584K, capacity 4669K, committed 4736K, reserved 1048576K
Event: 7,609 GC heap after
Heap after GC invocations=16 (full 3):
 PSYoungGen      total 863744K, used 258044K [0x00000005a2580000, 0x000000060b580000, 0x00000007c0000000)
  eden space 605696K, 0% used [0x00000005a2580000,0x00000005a2580000,0x00000005c7500000)
  from space 258048K, 99% used [0x00000005c7500000,0x00000005d70ff138,0x00000005d7100000)
  to   space 430592K, 0% used [0x00000005f1100000,0x00000005f1100000,0x000000060b580000)
 ParOldGen       total 945664K, used 801143K [0x0000000167000000, 0x00000001a0b80000, 0x00000005a2580000)
  object space 945664K, 84% used [0x0000000167000000,0x0000000197e5ddd0,0x00000001a0b80000)
 Metaspace       used 38572K, capacity 38964K, committed 39296K, reserved 1083392K
  class space    used 4584K, capacity 4669K, committed 4736K, reserved 1048576K
}
Event: 7,609 GC heap before
{Heap before GC invocations=17 (full 4):
 PSYoungGen      total 863744K, used 258044K [0x00000005a2580000, 0x000000060b580000, 0x00000007c0000000)
  eden space 605696K, 0% used [0x00000005a2580000,0x00000005a2580000,0x00000005c7500000)
  from space 258048K, 99% used [0x00000005c7500000,0x00000005d70ff138,0x00000005d7100000)
  to   space 430592K, 0% used [0x00000005f1100000,0x00000005f1100000,0x000000060b580000)
 ParOldGen       total 945664K, used 801143K [0x0000000167000000, 0x00000001a0b80000, 0x00000005a2580000)
  object space 945664K, 84% used [0x0000000167000000,0x0000000197e5ddd0,0x00000001a0b80000)
 Metaspace       used 38572K, capacity 38964K, committed 39296K, reserved 1083392K
  class space    used 4584K, capacity 4669K, committed 4736K, reserved 1048576K
Event: 7,776 GC heap after
Heap after GC invocations=17 (full 4):
 PSYoungGen      total 863744K, used 113120K [0x00000005a2580000, 0x000000060b580000, 0x00000007c0000000)
  eden space 605696K, 0% used [0x00000005a2580000,0x00000005a2580000,0x00000005c7500000)
  from space 258048K, 43% used [0x00000005c7500000,0x00000005ce378140,0x00000005d7100000)
  to   space 430592K, 0% used [0x00000005f1100000,0x00000005f1100000,0x000000060b580000)
 ParOldGen       total 1657344K, used 945172K [0x0000000167000000, 0x00000001cc280000, 0x00000005a2580000)
  object space 1657344K, 57% used [0x0000000167000000,0x00000001a0b05248,0x00000001cc280000)
 Metaspace       used 38572K, capacity 38964K, committed 39296K, reserved 1083392K
  class space    used 4584K, capacity 4669K, committed 4736K, reserved 1048576K
}
Event: 7,955 GC heap before
{Heap before GC invocations=18 (full 4):
 PSYoungGen      total 863744K, used 718739K [0x00000005a2580000, 0x000000060b580000, 0x00000007c0000000)
  eden space 605696K, 99% used [0x00000005a2580000,0x00000005c74ecd58,0x00000005c7500000)
  from space 258048K, 43% used [0x00000005c7500000,0x00000005ce378140,0x00000005d7100000)
  to   space 430592K, 0% used [0x00000005f1100000,0x00000005f1100000,0x000000060b580000)
 ParOldGen       total 1657344K, used 945172K [0x0000000167000000, 0x00000001cc280000, 0x00000005a2580000)
  object space 1657344K, 57% used [0x0000000167000000,0x00000001a0b05248,0x00000001cc280000)
 Metaspace       used 38898K, capacity 39348K, committed 39552K, reserved 1083392K
  class space    used 4599K, capacity 4733K, committed 4736K, reserved 1048576K
Event: 8,001 GC heap after
Heap after GC invocations=18 (full 4):
 PSYoungGen      total 1196032K, used 427820K [0x00000005a2580000, 0x000000060f200000, 0x00000007c0000000)
  eden space 765440K, 0% used [0x00000005a2580000,0x00000005a2580000,0x00000005d1100000)
  from space 430592K, 99% used [0x00000005f1100000,0x000000060b2cb0b0,0x000000060b580000)
  to   space 508416K, 0% used [0x00000005d1100000,0x00000005d1100000,0x00000005f0180000)
 ParOldGen       total 1657344K, used 1058440K [0x0000000167000000, 0x00000001cc280000, 0x00000005a2580000)
  object space 1657344K, 63% used [0x0000000167000000,0x00000001a79a22d8,0x00000001cc280000)
 Metaspace       used 38898K, capacity 39348K, committed 39552K, reserved 1083392K
  class space    used 4599K, capacity 4733K, committed 4736K, reserved 1048576K
}

