# JRE version: Java(TM) SE Runtime Environment (8.0_201-b09) (build 1.8.0_201-b09)
# Java VM: Java HotSpot(TM) 64-Bit Server VM (25.201-b09 mixed mode linux-amd64 compressed oops)
Heap:
 PSYoungGen      total 1252864K, used 838791K [0x0000000719b80000, 0x00000007c0000000, 0x00000007c0000000)
  eden space 1244672K, 67% used [0x0000000719b80000,0x000000074cea1cc8,0x0000000765b00000)
  from space 8192K, 0% used [0x00000007bf800000,0x00000007bf800000,0x00000007c0000000)
  to   space 739840K, 0% used [0x0000000765b00000,0x0000000765b00000,0x0000000792d80000)
 ParOldGen       total 2987520K, used 1956104K [0x00000005cd200000, 0x0000000683780000, 0x0000000719b80000)
  object space 2987520K, 65% used [0x00000005cd200000,0x0000000644842330,0x0000000683780000)
 Metaspace       used 15144K, capacity 15355K, committed 15616K, reserved 1062912K
  class space    used 1433K, capacity 1514K, committed 1536K, reserved 1048576K
GC Heap History (10 events):
Event: 30,096 GC heap before
{Heap before GC invocations=121 (full 2):
 PSYoungGen      total 2718720K, used 2718710K [0x0000000719b80000, 0x00000007c0000000, 0x00000007c0000000)
  eden space 2714112K, 100% used [0x0000000719b80000,0x00000007bf600000,0x00000007bf600000)
  from space 4608K, 99% used [0x00000007bfb80000,0x00000007bfffda98,0x00000007c0000000)
  to   space 5120K, 0% used [0x00000007bf600000,0x00000007bf600000,0x00000007bfb00000)
 ParOldGen       total 1827328K, used 1269932K [0x00000005cd200000, 0x000000063ca80000, 0x0000000719b80000)
  object space 1827328K, 69% used [0x00000005cd200000,0x000000061aa2b0f8,0x000000063ca80000)
 Metaspace       used 14396K, capacity 14587K, committed 14848K, reserved 1062912K
  class space    used 1366K, capacity 1450K, committed 1536K, reserved 1048576K
Event: 30,100 GC heap after
Heap after GC invocations=121 (full 2):
 PSYoungGen      total 2719232K, used 5092K [0x0000000719b80000, 0x00000007c0000000, 0x00000007c0000000)
  eden space 2714112K, 0% used [0x0000000719b80000,0x0000000719b80000,0x00000007bf600000)
  from space 5120K, 99% used [0x00000007bf600000,0x00000007bfaf9218,0x00000007bfb00000)
  to   space 5120K, 0% used [0x00000007bfb00000,0x00000007bfb00000,0x00000007c0000000)
 ParOldGen       total 1827328K, used 1273756K [0x00000005cd200000, 0x000000063ca80000, 0x0000000719b80000)
  object space 1827328K, 69% used [0x00000005cd200000,0x000000061ade70f8,0x000000063ca80000)
 Metaspace       used 14396K, capacity 14587K, committed 14848K, reserved 1062912K
  class space    used 1366K, capacity 1450K, committed 1536K, reserved 1048576K
}
Event: 30,314 GC heap before
{Heap before GC invocations=122 (full 2):
 PSYoungGen      total 2719232K, used 2719204K [0x0000000719b80000, 0x00000007c0000000, 0x00000007c0000000)
  eden space 2714112K, 100% used [0x0000000719b80000,0x00000007bf600000,0x00000007bf600000)
  from space 5120K, 99% used [0x00000007bf600000,0x00000007bfaf9218,0x00000007bfb00000)
  to   space 5120K, 0% used [0x00000007bfb00000,0x00000007bfb00000,0x00000007c0000000)
 ParOldGen       total 1827328K, used 1273756K [0x00000005cd200000, 0x000000063ca80000, 0x0000000719b80000)
  object space 1827328K, 69% used [0x00000005cd200000,0x000000061ade70f8,0x000000063ca80000)
 Metaspace       used 14396K, capacity 14587K, committed 14848K, reserved 1062912K
  class space    used 1366K, capacity 1450K, committed 1536K, reserved 1048576K
Event: 30,318 GC heap after
Heap after GC invocations=122 (full 2):
 PSYoungGen      total 2713088K, used 5106K [0x0000000719b80000, 0x00000007c0000000, 0x00000007c0000000)
  eden space 2707968K, 0% used [0x0000000719b80000,0x0000000719b80000,0x00000007bf000000)
  from space 5120K, 99% used [0x00000007bfb00000,0x00000007bfffc8a0,0x00000007c0000000)
  to   space 8192K, 0% used [0x00000007bf000000,0x00000007bf000000,0x00000007bf800000)
 ParOldGen       total 1827328K, used 1278100K [0x00000005cd200000, 0x000000063ca80000, 0x0000000719b80000)
  object space 1827328K, 69% used [0x00000005cd200000,0x000000061b2250f8,0x000000063ca80000)
 Metaspace       used 14396K, capacity 14587K, committed 14848K, reserved 1062912K
  class space    used 1366K, capacity 1450K, committed 1536K, reserved 1048576K
}
Event: 30,878 GC heap before
{Heap before GC invocations=123 (full 2):
 PSYoungGen      total 2713088K, used 2712755K [0x0000000719b80000, 0x00000007c0000000, 0x00000007c0000000)
  eden space 2707968K, 99% used [0x0000000719b80000,0x00000007befb0488,0x00000007bf000000)
  from space 5120K, 99% used [0x00000007bfb00000,0x00000007bfffc8a0,0x00000007c0000000)
  to   space 8192K, 0% used [0x00000007bf000000,0x00000007bf000000,0x00000007bf800000)
 ParOldGen       total 1827328K, used 1278100K [0x00000005cd200000, 0x000000063ca80000, 0x0000000719b80000)
  object space 1827328K, 69% used [0x00000005cd200000,0x000000061b2250f8,0x000000063ca80000)
 Metaspace       used 14522K, capacity 14715K, committed 15104K, reserved 1062912K
  class space    used 1380K, capacity 1450K, committed 1536K, reserved 1048576K
Event: 30,904 GC heap after
Heap after GC invocations=123 (full 2):
 PSYoungGen      total 2716160K, used 8165K [0x0000000719b80000, 0x00000007c0000000, 0x00000007c0000000)
  eden space 2707968K, 0% used [0x0000000719b80000,0x0000000719b80000,0x00000007bf000000)
  from space 8192K, 99% used [0x00000007bf000000,0x00000007bf7f9678,0x00000007bf800000)
  to   space 8192K, 0% used [0x00000007bf800000,0x00000007bf800000,0x00000007c0000000)
 ParOldGen       total 1827328K, used 1412616K [0x00000005cd200000, 0x000000063ca80000, 0x0000000719b80000)
  object space 1827328K, 77% used [0x00000005cd200000,0x0000000623582288,0x000000063ca80000)
 Metaspace       used 14522K, capacity 14715K, committed 15104K, reserved 1062912K
  class space    used 1380K, capacity 1450K, committed 1536K, reserved 1048576K
}
Event: 50,507 GC heap before
{Heap before GC invocations=124 (full 2):
 PSYoungGen      total 2716160K, used 2716133K [0x0000000719b80000, 0x00000007c0000000, 0x00000007c0000000)
  eden space 2707968K, 100% used [0x0000000719b80000,0x00000007bf000000,0x00000007bf000000)
  from space 8192K, 99% used [0x00000007bf000000,0x00000007bf7f9678,0x00000007bf800000)
  to   space 8192K, 0% used [0x00000007bf800000,0x00000007bf800000,0x00000007c0000000)
 ParOldGen       total 1827328K, used 1412616K [0x00000005cd200000, 0x000000063ca80000, 0x0000000719b80000)
  object space 1827328K, 77% used [0x00000005cd200000,0x0000000623582288,0x000000063ca80000)
 Metaspace       used 15130K, capacity 15355K, committed 15616K, reserved 1062912K
  class space    used 1433K, capacity 1514K, committed 1536K, reserved 1048576K
Event: 54,720 GC heap after
Heap after GC invocations=124 (full 2):
 PSYoungGen      total 1252864K, used 8160K [0x0000000719b80000, 0x00000007c0000000, 0x00000007c0000000)
  eden space 1244672K, 0% used [0x0000000719b80000,0x0000000719b80000,0x0000000765b00000)
  from space 8192K, 99% used [0x00000007bf800000,0x00000007bfff8060,0x00000007c0000000)
  to   space 739840K, 0% used [0x0000000765b00000,0x0000000765b00000,0x0000000792d80000)
 ParOldGen       total 3274752K, used 3274246K [0x00000005cd200000, 0x0000000695000000, 0x0000000719b80000)
  object space 3274752K, 99% used [0x00000005cd200000,0x0000000694f81bf0,0x0000000695000000)
 Metaspace       used 15130K, capacity 15355K, committed 15616K, reserved 1062912K
  class space    used 1433K, capacity 1514K, committed 1536K, reserved 1048576K
}
Event: 54,720 GC heap before
{Heap before GC invocations=125 (full 3):
 PSYoungGen      total 1252864K, used 8160K [0x0000000719b80000, 0x00000007c0000000, 0x00000007c0000000)
  eden space 1244672K, 0% used [0x0000000719b80000,0x0000000719b80000,0x0000000765b00000)
  from space 8192K, 99% used [0x00000007bf800000,0x00000007bfff8060,0x00000007c0000000)
  to   space 739840K, 0% used [0x0000000765b00000,0x0000000765b00000,0x0000000792d80000)
 ParOldGen       total 3274752K, used 3274246K [0x00000005cd200000, 0x0000000695000000, 0x0000000719b80000)
  object space 3274752K, 99% used [0x00000005cd200000,0x0000000694f81bf0,0x0000000695000000)
 Metaspace       used 15130K, capacity 15355K, committed 15616K, reserved 1062912K
  class space    used 1433K, capacity 1514K, committed 1536K, reserved 1048576K
Event: 60,557 GC heap after
Heap after GC invocations=125 (full 3):
 PSYoungGen      total 1252864K, used 0K [0x0000000719b80000, 0x00000007c0000000, 0x00000007c0000000)
  eden space 1244672K, 0% used [0x0000000719b80000,0x0000000719b80000,0x0000000765b00000)
  from space 8192K, 0% used [0x00000007bf800000,0x00000007bf800000,0x00000007c0000000)
  to   space 739840K, 0% used [0x0000000765b00000,0x0000000765b00000,0x0000000792d80000)
 ParOldGen       total 2987520K, used 1956104K [0x00000005cd200000, 0x0000000683780000, 0x0000000719b80000)
  object space 2987520K, 65% used [0x00000005cd200000,0x0000000644842330,0x0000000683780000)
 Metaspace       used 15130K, capacity 15355K, committed 15616K, reserved 1062912K
  class space    used 1433K, capacity 1514K, committed 1536K, reserved 1048576K
}

