# JRE version: Java(TM) SE Runtime Environment (8.0_201-b09) (build 1.8.0_201-b09)
# Java VM: Java HotSpot(TM) 64-Bit Server VM (25.201-b09 mixed mode linux-amd64 compressed oops)
Heap:
 PSYoungGen      total 1467392K, used 610010K [0x00000005cc000000, 0x0000000654380000, 0x00000007c0000000)
  eden space 702976K, 0% used [0x00000005cc000000,0x00000005cc000000,0x00000005f6e80000)
  from space 764416K, 79% used [0x00000005f6e80000,0x000000061c236b20,0x0000000625900000)
  to   space 749568K, 0% used [0x0000000625c80000,0x0000000625c80000,0x0000000653880000)
 ParOldGen       total 2861568K, used 2811656K [0x00000001e4000000, 0x0000000292a80000, 0x00000005cc000000)
  object space 2861568K, 98% used [0x00000001e4000000,0x000000028f9c2198,0x0000000292a80000)
 Metaspace       used 15572K, capacity 15779K, committed 16128K, reserved 1064960K
  class space    used 1402K, capacity 1460K, committed 1536K, reserved 1048576K
GC Heap History (10 events):
Event: 14,964 GC heap after
Heap after GC invocations=13 (full 3):
 PSYoungGen      total 1106432K, used 630606K [0x00000005cc000000, 0x000000064a000000, 0x00000007c0000000)
  eden space 475648K, 0% used [0x00000005cc000000,0x00000005cc000000,0x00000005e9080000)
  from space 630784K, 99% used [0x0000000616100000,0x000000063c8d3b80,0x000000063c900000)
  to   space 737792K, 0% used [0x00000005e9080000,0x00000005e9080000,0x0000000616100000)
 ParOldGen       total 1573888K, used 1395644K [0x00000001e4000000, 0x0000000244100000, 0x00000005cc000000)
  object space 1573888K, 88% used [0x00000001e4000000,0x00000002392ef138,0x0000000244100000)
 Metaspace       used 15535K, capacity 15779K, committed 16128K, reserved 1064960K
  class space    used 1402K, capacity 1460K, committed 1536K, reserved 1048576K
}
Event: 14,969 GC heap before
{Heap before GC invocations=14 (full 4):
 PSYoungGen      total 1106432K, used 630606K [0x00000005cc000000, 0x000000064a000000, 0x00000007c0000000)
  eden space 475648K, 0% used [0x00000005cc000000,0x00000005cc000000,0x00000005e9080000)
  from space 630784K, 99% used [0x0000000616100000,0x000000063c8d3b80,0x000000063c900000)
  to   space 737792K, 0% used [0x00000005e9080000,0x00000005e9080000,0x0000000616100000)
 ParOldGen       total 1573888K, used 1395644K [0x00000001e4000000, 0x0000000244100000, 0x00000005cc000000)
  object space 1573888K, 88% used [0x00000001e4000000,0x00000002392ef138,0x0000000244100000)
 Metaspace       used 15535K, capacity 15779K, committed 16128K, reserved 1064960K
  class space    used 1402K, capacity 1460K, committed 1536K, reserved 1048576K
Event: 15,196 GC heap after
Heap after GC invocations=14 (full 4):
 PSYoungGen      total 1106432K, used 452164K [0x00000005cc000000, 0x000000064a000000, 0x00000007c0000000)
  eden space 475648K, 0% used [0x00000005cc000000,0x00000005cc000000,0x00000005e9080000)
  from space 630784K, 71% used [0x0000000616100000,0x0000000631a91230,0x000000063c900000)
  to   space 737792K, 0% used [0x00000005e9080000,0x00000005e9080000,0x0000000616100000)
 ParOldGen       total 2152448K, used 1573532K [0x00000001e4000000, 0x0000000267600000, 0x00000005cc000000)
  object space 2152448K, 73% used [0x00000001e4000000,0x00000002440a73a8,0x0000000267600000)
 Metaspace       used 15535K, capacity 15779K, committed 16128K, reserved 1064960K
  class space    used 1402K, capacity 1460K, committed 1536K, reserved 1048576K
}
Event: 16,461 GC heap before
{Heap before GC invocations=15 (full 4):
 PSYoungGen      total 1106432K, used 927812K [0x00000005cc000000, 0x000000064a000000, 0x00000007c0000000)
  eden space 475648K, 100% used [0x00000005cc000000,0x00000005e9080000,0x00000005e9080000)
  from space 630784K, 71% used [0x0000000616100000,0x0000000631a91230,0x000000063c900000)
  to   space 737792K, 0% used [0x00000005e9080000,0x00000005e9080000,0x0000000616100000)
 ParOldGen       total 2152448K, used 1573532K [0x00000001e4000000, 0x0000000267600000, 0x00000005cc000000)
  object space 2152448K, 73% used [0x00000001e4000000,0x00000002440a73a8,0x0000000267600000)
 Metaspace       used 15552K, capacity 15779K, committed 16128K, reserved 1064960K
  class space    used 1402K, capacity 1460K, committed 1536K, reserved 1048576K
Event: 16,651 GC heap after
Heap after GC invocations=15 (full 4):
 PSYoungGen      total 1213440K, used 430890K [0x00000005cc000000, 0x0000000653880000, 0x00000007c0000000)
  eden space 475648K, 0% used [0x00000005cc000000,0x00000005cc000000,0x00000005e9080000)
  from space 737792K, 58% used [0x00000005e9080000,0x000000060354aa40,0x0000000616100000)
  to   space 749568K, 0% used [0x0000000625c80000,0x0000000625c80000,0x0000000653880000)
 ParOldGen       total 2152448K, used 2026248K [0x00000001e4000000, 0x0000000267600000, 0x00000005cc000000)
  object space 2152448K, 94% used [0x00000001e4000000,0x000000025fac2000,0x0000000267600000)
 Metaspace       used 15552K, capacity 15779K, committed 16128K, reserved 1064960K
  class space    used 1402K, capacity 1460K, committed 1536K, reserved 1048576K
}
Event: 16,675 GC heap before
{Heap before GC invocations=16 (full 5):
 PSYoungGen      total 1213440K, used 430890K [0x00000005cc000000, 0x0000000653880000, 0x00000007c0000000)
  eden space 475648K, 0% used [0x00000005cc000000,0x00000005cc000000,0x00000005e9080000)
  from space 737792K, 58% used [0x00000005e9080000,0x000000060354aa40,0x0000000616100000)
  to   space 749568K, 0% used [0x0000000625c80000,0x0000000625c80000,0x0000000653880000)
 ParOldGen       total 2152448K, used 2026248K [0x00000001e4000000, 0x0000000267600000, 0x00000005cc000000)
  object space 2152448K, 94% used [0x00000001e4000000,0x000000025fac2000,0x0000000267600000)
 Metaspace       used 15552K, capacity 15779K, committed 16128K, reserved 1064960K
  class space    used 1402K, capacity 1460K, committed 1536K, reserved 1048576K
Event: 17,042 GC heap after
Heap after GC invocations=16 (full 5):
 PSYoungGen      total 1213440K, used 262719K [0x00000005cc000000, 0x0000000653880000, 0x00000007c0000000)
  eden space 475648K, 0% used [0x00000005cc000000,0x00000005cc000000,0x00000005e9080000)
  from space 737792K, 35% used [0x00000005e9080000,0x00000005f910ff50,0x0000000616100000)
  to   space 749568K, 0% used [0x0000000625c80000,0x0000000625c80000,0x0000000653880000)
 ParOldGen       total 2861568K, used 2152062K [0x00000001e4000000, 0x0000000292a80000, 0x00000005cc000000)
  object space 2861568K, 75% used [0x00000001e4000000,0x000000026759faa8,0x0000000292a80000)
 Metaspace       used 15552K, capacity 15779K, committed 16128K, reserved 1064960K
  class space    used 1402K, capacity 1460K, committed 1536K, reserved 1048576K
}
Event: 18,616 GC heap before
{Heap before GC invocations=17 (full 5):
 PSYoungGen      total 1213440K, used 737590K [0x00000005cc000000, 0x0000000653880000, 0x00000007c0000000)
  eden space 475648K, 99% used [0x00000005cc000000,0x00000005e8fbda50,0x00000005e9080000)
  from space 737792K, 35% used [0x00000005e9080000,0x00000005f910ff50,0x0000000616100000)
  to   space 749568K, 0% used [0x0000000625c80000,0x0000000625c80000,0x0000000653880000)
 ParOldGen       total 2861568K, used 2152062K [0x00000001e4000000, 0x0000000292a80000, 0x00000005cc000000)
  object space 2861568K, 75% used [0x00000001e4000000,0x000000026759faa8,0x0000000292a80000)
 Metaspace       used 15555K, capacity 15779K, committed 16128K, reserved 1064960K
  class space    used 1402K, capacity 1460K, committed 1536K, reserved 1048576K
Event: 20,201 GC heap after
Heap after GC invocations=17 (full 5):
 PSYoungGen      total 1452544K, used 453453K [0x00000005cc000000, 0x0000000654380000, 0x00000007c0000000)
  eden space 702976K, 0% used [0x00000005cc000000,0x00000005cc000000,0x00000005f6e80000)
  from space 749568K, 60% used [0x0000000625c80000,0x0000000641753570,0x0000000653880000)
  to   space 764416K, 0% used [0x00000005f6e80000,0x00000005f6e80000,0x0000000625900000)
 ParOldGen       total 2861568K, used 2414803K [0x00000001e4000000, 0x0000000292a80000, 0x00000005cc000000)
  object space 2861568K, 84% used [0x00000001e4000000,0x0000000277634f68,0x0000000292a80000)
 Metaspace       used 15555K, capacity 15779K, committed 16128K, reserved 1064960K
  class space    used 1402K, capacity 1460K, committed 1536K, reserved 1048576K
}
Event: 22,604 GC heap before
{Heap before GC invocations=18 (full 5):
 PSYoungGen      total 1452544K, used 1156429K [0x00000005cc000000, 0x0000000654380000, 0x00000007c0000000)
  eden space 702976K, 100% used [0x00000005cc000000,0x00000005f6e80000,0x00000005f6e80000)
  from space 749568K, 60% used [0x0000000625c80000,0x0000000641753570,0x0000000653880000)
  to   space 764416K, 0% used [0x00000005f6e80000,0x00000005f6e80000,0x0000000625900000)
 ParOldGen       total 2861568K, used 2414803K [0x00000001e4000000, 0x0000000292a80000, 0x00000005cc000000)
  object space 2861568K, 84% used [0x00000001e4000000,0x0000000277634f68,0x0000000292a80000)
 Metaspace       used 15572K, capacity 15779K, committed 16128K, reserved 1064960K
  class space    used 1402K, capacity 1460K, committed 1536K, reserved 1048576K

