# JRE version: Java(TM) SE Runtime Environment (8.0_201-b09) (build 1.8.0_201-b09)
# Java VM: Java HotSpot(TM) 64-Bit Server VM (25.201-b09 mixed mode linux-amd64 compressed oops)
Heap:
 PSYoungGen      total 1273856K, used 314034K [0x0000000719b80000, 0x00000007ac600000, 0x00000007c0000000)
  eden space 953856K, 32% used [0x0000000719b80000,0x000000072ce2c9a8,0x0000000753f00000)
  from space 320000K, 0% used [0x0000000777a00000,0x0000000777a00000,0x000000078b280000)
  to   space 584704K, 0% used [0x0000000753f00000,0x0000000753f00000,0x0000000777a00000)
 ParOldGen       total 1662976K, used 982172K [0x00000005cd200000, 0x0000000632a00000, 0x0000000719b80000)
  object space 1662976K, 59% used [0x00000005cd200000,0x00000006091271a8,0x0000000632a00000)
 Metaspace       used 15149K, capacity 15355K, committed 15616K, reserved 1062912K
  class space    used 1435K, capacity 1514K, committed 1536K, reserved 1048576K
GC Heap History (10 events):
Event: 9,567 GC heap before
{Heap before GC invocations=14 (full 2):
 PSYoungGen      total 1018880K, used 134116K [0x0000000719b80000, 0x000000076ca80000, 0x00000007c0000000)
  eden space 884736K, 0% used [0x0000000719b80000,0x0000000719b80000,0x000000074fb80000)
  from space 134144K, 99% used [0x000000075c400000,0x00000007646f91c0,0x0000000764700000)
  to   space 205312K, 0% used [0x000000074fb80000,0x000000074fb80000,0x000000075c400000)
 ParOldGen       total 515584K, used 455383K [0x00000005cd200000, 0x00000005ec980000, 0x0000000719b80000)
  object space 515584K, 88% used [0x00000005cd200000,0x00000005e8eb5d78,0x00000005ec980000)
 Metaspace       used 14535K, capacity 14715K, committed 15104K, reserved 1062912K
  class space    used 1380K, capacity 1450K, committed 1536K, reserved 1048576K
Event: 9,897 GC heap after
Heap after GC invocations=14 (full 2):
 PSYoungGen      total 1018880K, used 4767K [0x0000000719b80000, 0x000000076ca80000, 0x00000007c0000000)
  eden space 884736K, 0% used [0x0000000719b80000,0x0000000719b80000,0x000000074fb80000)
  from space 134144K, 3% used [0x000000075c400000,0x000000075c8a7da0,0x0000000764700000)
  to   space 205312K, 0% used [0x000000074fb80000,0x000000074fb80000,0x000000075c400000)
 ParOldGen       total 843264K, used 515527K [0x00000005cd200000, 0x0000000600980000, 0x0000000719b80000)
  object space 843264K, 61% used [0x00000005cd200000,0x00000005ec971e70,0x0000000600980000)
 Metaspace       used 14535K, capacity 14715K, committed 15104K, reserved 1062912K
  class space    used 1380K, capacity 1450K, committed 1536K, reserved 1048576K
}
Event: 17,952 GC heap before
{Heap before GC invocations=15 (full 2):
 PSYoungGen      total 1018880K, used 889503K [0x0000000719b80000, 0x000000076ca80000, 0x00000007c0000000)
  eden space 884736K, 100% used [0x0000000719b80000,0x000000074fb80000,0x000000074fb80000)
  from space 134144K, 3% used [0x000000075c400000,0x000000075c8a7da0,0x0000000764700000)
  to   space 205312K, 0% used [0x000000074fb80000,0x000000074fb80000,0x000000075c400000)
 ParOldGen       total 843264K, used 515527K [0x00000005cd200000, 0x0000000600980000, 0x0000000719b80000)
  object space 843264K, 61% used [0x00000005cd200000,0x00000005ec971e70,0x0000000600980000)
 Metaspace       used 15126K, capacity 15355K, committed 15616K, reserved 1062912K
  class space    used 1433K, capacity 1514K, committed 1536K, reserved 1048576K
Event: 18,486 GC heap after
Heap after GC invocations=15 (full 2):
 PSYoungGen      total 1090048K, used 205306K [0x0000000719b80000, 0x000000078b280000, 0x00000007c0000000)
  eden space 884736K, 0% used [0x0000000719b80000,0x0000000719b80000,0x000000074fb80000)
  from space 205312K, 99% used [0x000000074fb80000,0x000000075c3fe980,0x000000075c400000)
  to   space 320000K, 0% used [0x0000000777a00000,0x0000000777a00000,0x000000078b280000)
 ParOldGen       total 843264K, used 729497K [0x00000005cd200000, 0x0000000600980000, 0x0000000719b80000)
  object space 843264K, 86% used [0x00000005cd200000,0x00000005f9a666e8,0x0000000600980000)
 Metaspace       used 15126K, capacity 15355K, committed 15616K, reserved 1062912K
  class space    used 1433K, capacity 1514K, committed 1536K, reserved 1048576K
}
Event: 18,486 GC heap before
{Heap before GC invocations=16 (full 3):
 PSYoungGen      total 1090048K, used 205306K [0x0000000719b80000, 0x000000078b280000, 0x00000007c0000000)
  eden space 884736K, 0% used [0x0000000719b80000,0x0000000719b80000,0x000000074fb80000)
  from space 205312K, 99% used [0x000000074fb80000,0x000000075c3fe980,0x000000075c400000)
  to   space 320000K, 0% used [0x0000000777a00000,0x0000000777a00000,0x000000078b280000)
 ParOldGen       total 843264K, used 729497K [0x00000005cd200000, 0x0000000600980000, 0x0000000719b80000)
  object space 843264K, 86% used [0x00000005cd200000,0x00000005f9a666e8,0x0000000600980000)
 Metaspace       used 15126K, capacity 15355K, committed 15616K, reserved 1062912K
  class space    used 1433K, capacity 1514K, committed 1536K, reserved 1048576K
Event: 19,191 GC heap after
Heap after GC invocations=16 (full 3):
 PSYoungGen      total 1090048K, used 0K [0x0000000719b80000, 0x000000078b280000, 0x00000007c0000000)
  eden space 884736K, 0% used [0x0000000719b80000,0x0000000719b80000,0x000000074fb80000)
  from space 205312K, 0% used [0x000000074fb80000,0x000000074fb80000,0x000000075c400000)
  to   space 320000K, 0% used [0x0000000777a00000,0x0000000777a00000,0x000000078b280000)
 ParOldGen       total 907776K, used 473097K [0x00000005cd200000, 0x0000000604880000, 0x0000000719b80000)
  object space 907776K, 52% used [0x00000005cd200000,0x00000005ea0026a8,0x0000000604880000)
 Metaspace       used 15126K, capacity 15355K, committed 15616K, reserved 1062912K
  class space    used 1433K, capacity 1514K, committed 1536K, reserved 1048576K
}
Event: 24,657 GC heap before
{Heap before GC invocations=17 (full 3):
 PSYoungGen      total 1090048K, used 884736K [0x0000000719b80000, 0x000000078b280000, 0x00000007c0000000)
  eden space 884736K, 100% used [0x0000000719b80000,0x000000074fb80000,0x000000074fb80000)
  from space 205312K, 0% used [0x000000074fb80000,0x000000074fb80000,0x000000075c400000)
  to   space 320000K, 0% used [0x0000000777a00000,0x0000000777a00000,0x000000078b280000)
 ParOldGen       total 907776K, used 473097K [0x00000005cd200000, 0x0000000604880000, 0x0000000719b80000)
  object space 907776K, 52% used [0x00000005cd200000,0x00000005ea0026a8,0x0000000604880000)
 Metaspace       used 15149K, capacity 15355K, committed 15616K, reserved 1062912K
  class space    used 1435K, capacity 1514K, committed 1536K, reserved 1048576K
Event: 26,132 GC heap after
Heap after GC invocations=17 (full 3):
 PSYoungGen      total 1273856K, used 319969K [0x0000000719b80000, 0x00000007ac600000, 0x00000007c0000000)
  eden space 953856K, 0% used [0x0000000719b80000,0x0000000719b80000,0x0000000753f00000)
  from space 320000K, 99% used [0x0000000777a00000,0x000000078b278780,0x000000078b280000)
  to   space 584704K, 0% used [0x0000000753f00000,0x0000000753f00000,0x0000000777a00000)
 ParOldGen       total 1034240K, used 1033945K [0x00000005cd200000, 0x000000060c400000, 0x0000000719b80000)
  object space 1034240K, 99% used [0x00000005cd200000,0x000000060c3b66a8,0x000000060c400000)
 Metaspace       used 15149K, capacity 15355K, committed 15616K, reserved 1062912K
  class space    used 1435K, capacity 1514K, committed 1536K, reserved 1048576K
}
Event: 26,132 GC heap before
{Heap before GC invocations=18 (full 4):
 PSYoungGen      total 1273856K, used 319969K [0x0000000719b80000, 0x00000007ac600000, 0x00000007c0000000)
  eden space 953856K, 0% used [0x0000000719b80000,0x0000000719b80000,0x0000000753f00000)
  from space 320000K, 99% used [0x0000000777a00000,0x000000078b278780,0x000000078b280000)
  to   space 584704K, 0% used [0x0000000753f00000,0x0000000753f00000,0x0000000777a00000)
 ParOldGen       total 1034240K, used 1033945K [0x00000005cd200000, 0x000000060c400000, 0x0000000719b80000)
  object space 1034240K, 99% used [0x00000005cd200000,0x000000060c3b66a8,0x000000060c400000)
 Metaspace       used 15149K, capacity 15355K, committed 15616K, reserved 1062912K
  class space    used 1435K, capacity 1514K, committed 1536K, reserved 1048576K
Event: 28,015 GC heap after
Heap after GC invocations=18 (full 4):
 PSYoungGen      total 1273856K, used 0K [0x0000000719b80000, 0x00000007ac600000, 0x00000007c0000000)
  eden space 953856K, 0% used [0x0000000719b80000,0x0000000719b80000,0x0000000753f00000)
  from space 320000K, 0% used [0x0000000777a00000,0x0000000777a00000,0x000000078b280000)
  to   space 584704K, 0% used [0x0000000753f00000,0x0000000753f00000,0x0000000777a00000)
 ParOldGen       total 1662976K, used 982172K [0x00000005cd200000, 0x0000000632a00000, 0x0000000719b80000)
  object space 1662976K, 59% used [0x00000005cd200000,0x00000006091271a8,0x0000000632a00000)
 Metaspace       used 15149K, capacity 15355K, committed 15616K, reserved 1062912K
  class space    used 1435K, capacity 1514K, committed 1536K, reserved 1048576K
}

