# JRE version: Java(TM) SE Runtime Environment (8.0_201-b09) (build 1.8.0_201-b09)
# Java VM: Java HotSpot(TM) 64-Bit Server VM (25.201-b09 mixed mode linux-amd64 compressed oops)
Heap:
 PSYoungGen      total 1117184K, used 319660K [0x0000000719b80000, 0x0000000778b80000, 0x00000007c0000000)
  eden space 796672K, 0% used [0x0000000719b80000,0x0000000719b80000,0x000000074a580000)
  from space 320512K, 99% used [0x000000074a580000,0x000000075ddab390,0x000000075de80000)
  to   space 252416K, 0% used [0x000000075de80000,0x000000075de80000,0x000000076d500000)
 ParOldGen       total 2321920K, used 2129084K [0x00000005cd200000, 0x000000065ad80000, 0x0000000719b80000)
  object space 2321920K, 91% used [0x00000005cd200000,0x000000064f12f228,0x000000065ad80000)
 Metaspace       used 14009K, capacity 14212K, committed 14592K, reserved 1062912K
  class space    used 1409K, capacity 1478K, committed 1536K, reserved 1048576K
GC Heap History (10 events):
Event: 3,000 GC heap after
Heap after GC invocations=6 (full 2):
 PSYoungGen      total 499200K, used 0K [0x0000000719b80000, 0x000000073ba80000, 0x00000007c0000000)
  eden space 478208K, 0% used [0x0000000719b80000,0x0000000719b80000,0x0000000736e80000)
  from space 20992K, 0% used [0x000000073a600000,0x000000073a600000,0x000000073ba80000)
  to   space 20992K, 0% used [0x0000000739180000,0x0000000739180000,0x000000073a600000)
 ParOldGen       total 1181696K, used 690414K [0x00000005cd200000, 0x0000000615400000, 0x0000000719b80000)
  object space 1181696K, 58% used [0x00000005cd200000,0x00000005f743bad0,0x0000000615400000)
 Metaspace       used 13994K, capacity 14148K, committed 14336K, reserved 1062912K
  class space    used 1408K, capacity 1478K, committed 1536K, reserved 1048576K
}
Event: 3,538 GC heap before
{Heap before GC invocations=7 (full 2):
 PSYoungGen      total 499200K, used 478208K [0x0000000719b80000, 0x000000073ba80000, 0x00000007c0000000)
  eden space 478208K, 100% used [0x0000000719b80000,0x0000000736e80000,0x0000000736e80000)
  from space 20992K, 0% used [0x000000073a600000,0x000000073a600000,0x000000073ba80000)
  to   space 20992K, 0% used [0x0000000739180000,0x0000000739180000,0x000000073a600000)
 ParOldGen       total 1181696K, used 690414K [0x00000005cd200000, 0x0000000615400000, 0x0000000719b80000)
  object space 1181696K, 58% used [0x00000005cd200000,0x00000005f743bad0,0x0000000615400000)
 Metaspace       used 14006K, capacity 14212K, committed 14592K, reserved 1062912K
  class space    used 1408K, capacity 1478K, committed 1536K, reserved 1048576K
Event: 3,920 GC heap after
Heap after GC invocations=7 (full 2):
 PSYoungGen      total 535040K, used 20776K [0x0000000719b80000, 0x000000076d500000, 0x00000007c0000000)
  eden space 514048K, 0% used [0x0000000719b80000,0x0000000719b80000,0x0000000739180000)
  from space 20992K, 98% used [0x0000000739180000,0x000000073a5ca150,0x000000073a600000)
  to   space 252416K, 0% used [0x000000075de80000,0x000000075de80000,0x000000076d500000)
 ParOldGen       total 1181696K, used 1135861K [0x00000005cd200000, 0x0000000615400000, 0x0000000719b80000)
  object space 1181696K, 96% used [0x00000005cd200000,0x000000061273d600,0x0000000615400000)
 Metaspace       used 14006K, capacity 14212K, committed 14592K, reserved 1062912K
  class space    used 1408K, capacity 1478K, committed 1536K, reserved 1048576K
}
Event: 3,922 GC heap before
{Heap before GC invocations=8 (full 3):
 PSYoungGen      total 535040K, used 20776K [0x0000000719b80000, 0x000000076d500000, 0x00000007c0000000)
  eden space 514048K, 0% used [0x0000000719b80000,0x0000000719b80000,0x0000000739180000)
  from space 20992K, 98% used [0x0000000739180000,0x000000073a5ca150,0x000000073a600000)
  to   space 252416K, 0% used [0x000000075de80000,0x000000075de80000,0x000000076d500000)
 ParOldGen       total 1181696K, used 1135861K [0x00000005cd200000, 0x0000000615400000, 0x0000000719b80000)
  object space 1181696K, 96% used [0x00000005cd200000,0x000000061273d600,0x0000000615400000)
 Metaspace       used 14006K, capacity 14212K, committed 14592K, reserved 1062912K
  class space    used 1408K, capacity 1478K, committed 1536K, reserved 1048576K
Event: 4,043 GC heap after
Heap after GC invocations=8 (full 3):
 PSYoungGen      total 535040K, used 0K [0x0000000719b80000, 0x000000076d500000, 0x00000007c0000000)
  eden space 514048K, 0% used [0x0000000719b80000,0x0000000719b80000,0x0000000739180000)
  from space 20992K, 0% used [0x0000000739180000,0x0000000739180000,0x000000073a600000)
  to   space 252416K, 0% used [0x000000075de80000,0x000000075de80000,0x000000076d500000)
 ParOldGen       total 1823232K, used 1144950K [0x00000005cd200000, 0x000000063c680000, 0x0000000719b80000)
  object space 1823232K, 62% used [0x00000005cd200000,0x000000061301d8c8,0x000000063c680000)
 Metaspace       used 14006K, capacity 14212K, committed 14592K, reserved 1062912K
  class space    used 1408K, capacity 1478K, committed 1536K, reserved 1048576K
}
Event: 4,690 GC heap before
{Heap before GC invocations=9 (full 3):
 PSYoungGen      total 535040K, used 514048K [0x0000000719b80000, 0x000000076d500000, 0x00000007c0000000)
  eden space 514048K, 100% used [0x0000000719b80000,0x0000000739180000,0x0000000739180000)
  from space 20992K, 0% used [0x0000000739180000,0x0000000739180000,0x000000073a600000)
  to   space 252416K, 0% used [0x000000075de80000,0x000000075de80000,0x000000076d500000)
 ParOldGen       total 1823232K, used 1144950K [0x00000005cd200000, 0x000000063c680000, 0x0000000719b80000)
  object space 1823232K, 62% used [0x00000005cd200000,0x000000061301d8c8,0x000000063c680000)
 Metaspace       used 14006K, capacity 14212K, committed 14592K, reserved 1062912K
  class space    used 1408K, capacity 1478K, committed 1536K, reserved 1048576K
Event: 5,141 GC heap after
Heap after GC invocations=9 (full 3):
 PSYoungGen      total 1049088K, used 252107K [0x0000000719b80000, 0x0000000778b80000, 0x00000007c0000000)
  eden space 796672K, 0% used [0x0000000719b80000,0x0000000719b80000,0x000000074a580000)
  from space 252416K, 99% used [0x000000075de80000,0x000000076d4b2f70,0x000000076d500000)
  to   space 320512K, 0% used [0x000000074a580000,0x000000074a580000,0x000000075de80000)
 ParOldGen       total 1823232K, used 1410170K [0x00000005cd200000, 0x000000063c680000, 0x0000000719b80000)
  object space 1823232K, 77% used [0x00000005cd200000,0x000000062331e8f8,0x000000063c680000)
 Metaspace       used 14006K, capacity 14212K, committed 14592K, reserved 1062912K
  class space    used 1408K, capacity 1478K, committed 1536K, reserved 1048576K
}
Event: 5,141 GC heap before
{Heap before GC invocations=10 (full 4):
 PSYoungGen      total 1049088K, used 252107K [0x0000000719b80000, 0x0000000778b80000, 0x00000007c0000000)
  eden space 796672K, 0% used [0x0000000719b80000,0x0000000719b80000,0x000000074a580000)
  from space 252416K, 99% used [0x000000075de80000,0x000000076d4b2f70,0x000000076d500000)
  to   space 320512K, 0% used [0x000000074a580000,0x000000074a580000,0x000000075de80000)
 ParOldGen       total 1823232K, used 1410170K [0x00000005cd200000, 0x000000063c680000, 0x0000000719b80000)
  object space 1823232K, 77% used [0x00000005cd200000,0x000000062331e8f8,0x000000063c680000)
 Metaspace       used 14006K, capacity 14212K, committed 14592K, reserved 1062912K
  class space    used 1408K, capacity 1478K, committed 1536K, reserved 1048576K
Event: 5,218 GC heap after
Heap after GC invocations=10 (full 4):
 PSYoungGen      total 1049088K, used 0K [0x0000000719b80000, 0x0000000778b80000, 0x00000007c0000000)
  eden space 796672K, 0% used [0x0000000719b80000,0x0000000719b80000,0x000000074a580000)
  from space 252416K, 0% used [0x000000075de80000,0x000000075de80000,0x000000076d500000)
  to   space 320512K, 0% used [0x000000074a580000,0x000000074a580000,0x000000075de80000)
 ParOldGen       total 2321920K, used 1632436K [0x00000005cd200000, 0x000000065ad80000, 0x0000000719b80000)
  object space 2321920K, 70% used [0x00000005cd200000,0x0000000630c2d3d8,0x000000065ad80000)
 Metaspace       used 14006K, capacity 14212K, committed 14592K, reserved 1062912K
  class space    used 1408K, capacity 1478K, committed 1536K, reserved 1048576K
}
Event: 6,471 GC heap before
{Heap before GC invocations=11 (full 4):
 PSYoungGen      total 1049088K, used 796672K [0x0000000719b80000, 0x0000000778b80000, 0x00000007c0000000)
  eden space 796672K, 100% used [0x0000000719b80000,0x000000074a580000,0x000000074a580000)
  from space 252416K, 0% used [0x000000075de80000,0x000000075de80000,0x000000076d500000)
  to   space 320512K, 0% used [0x000000074a580000,0x000000074a580000,0x000000075de80000)
 ParOldGen       total 2321920K, used 1632436K [0x00000005cd200000, 0x000000065ad80000, 0x0000000719b80000)
  object space 2321920K, 70% used [0x00000005cd200000,0x0000000630c2d3d8,0x000000065ad80000)
 Metaspace       used 14009K, capacity 14212K, committed 14592K, reserved 1062912K
  class space    used 1409K, capacity 1478K, committed 1536K, reserved 1048576K

